[0.093s] Invoking command in '/home/u3/college/AI_For_robotics/moveit2_obb/build/robot_description': CMAKE_PREFIX_PATH=${CMAKE_PREFIX_PATH}:/opt/ros/jazzy DEBUGINFOD_URLS=https://debuginfod.ubuntu.com /usr/bin/cmake --build /home/u3/college/AI_For_robotics/moveit2_obb/build/robot_description -- -j16 -l16
[1.308s] Invoked command in '/home/u3/college/AI_For_robotics/moveit2_obb/build/robot_description' returned '0': CMAKE_PREFIX_PATH=${CMAKE_PREFIX_PATH}:/opt/ros/jazzy DEBUGINFOD_URLS=https://debuginfod.ubuntu.com /usr/bin/cmake --build /home/u3/college/AI_For_robotics/moveit2_obb/build/robot_description -- -j16 -l16
[1.311s] Invoking command in '/home/u3/college/AI_For_robotics/moveit2_obb/build/robot_description': CMAKE_PREFIX_PATH=${CMAKE_PREFIX_PATH}:/opt/ros/jazzy DEBUGINFOD_URLS=https://debuginfod.ubuntu.com /usr/bin/cmake --install /home/u3/college/AI_For_robotics/moveit2_obb/build/robot_description
[1.328s] -- Install configuration: ""
[1.329s] -- Up-to-date: /home/u3/college/AI_For_robotics/moveit2_obb/install/robot_description/share/robot_description/meshes
[1.337s] -- Up-to-date: /home/u3/college/AI_For_robotics/moveit2_obb/install/robot_description/share/robot_description/meshes/visual
[1.337s] -- Up-to-date: /home/u3/college/AI_For_robotics/moveit2_obb/install/robot_description/share/robot_description/meshes/visual/link5.dae
[1.337s] -- Up-to-date: /home/u3/college/AI_For_robotics/moveit2_obb/install/robot_description/share/robot_description/meshes/visual/link7.dae
[1.340s] -- Up-to-date: /home/u3/college/AI_For_robotics/moveit2_obb/install/robot_description/share/robot_description/meshes/visual/hand.dae
[1.340s] -- Up-to-date: /home/u3/college/AI_For_robotics/moveit2_obb/install/robot_description/share/robot_description/meshes/visual/link4.dae
[1.340s] -- Up-to-date: /home/u3/college/AI_For_robotics/moveit2_obb/install/robot_description/share/robot_description/meshes/visual/link3.dae
[1.340s] -- Up-to-date: /home/u3/college/AI_For_robotics/moveit2_obb/install/robot_description/share/robot_description/meshes/visual/finger.dae
[1.341s] -- Up-to-date: /home/u3/college/AI_For_robotics/moveit2_obb/install/robot_description/share/robot_description/meshes/visual/link1.dae
[1.341s] -- Up-to-date: /home/u3/college/AI_For_robotics/moveit2_obb/install/robot_description/share/robot_description/meshes/visual/link2.dae
[1.341s] -- Up-to-date: /home/u3/college/AI_For_robotics/moveit2_obb/install/robot_description/share/robot_description/meshes/visual/finger_old.dae
[1.341s] -- Up-to-date: /home/u3/college/AI_For_robotics/moveit2_obb/install/robot_description/share/robot_description/meshes/visual/link0.dae
[1.341s] -- Up-to-date: /home/u3/college/AI_For_robotics/moveit2_obb/install/robot_description/share/robot_description/meshes/visual/camera.dae
[1.341s] -- Up-to-date: /home/u3/college/AI_For_robotics/moveit2_obb/install/robot_description/share/robot_description/meshes/visual/link6.dae
[1.341s] -- Up-to-date: /home/u3/college/AI_For_robotics/moveit2_obb/install/robot_description/share/robot_description/meshes/collision
[1.350s] -- Up-to-date: /home/u3/college/AI_For_robotics/moveit2_obb/install/robot_description/share/robot_description/meshes/collision/link2.stl
[1.350s] -- Up-to-date: /home/u3/college/AI_For_robotics/moveit2_obb/install/robot_description/share/robot_description/meshes/collision/link1.stl
[1.350s] -- Up-to-date: /home/u3/college/AI_For_robotics/moveit2_obb/install/robot_description/share/robot_description/meshes/collision/link5.stl
[1.350s] -- Up-to-date: /home/u3/college/AI_For_robotics/moveit2_obb/install/robot_description/share/robot_description/meshes/collision/hand.stl
[1.350s] -- Up-to-date: /home/u3/college/AI_For_robotics/moveit2_obb/install/robot_description/share/robot_description/meshes/collision/link3.stl
[1.350s] -- Up-to-date: /home/u3/college/AI_For_robotics/moveit2_obb/install/robot_description/share/robot_description/meshes/collision/camera.stl
[1.350s] -- Up-to-date: /home/u3/college/AI_For_robotics/moveit2_obb/install/robot_description/share/robot_description/meshes/collision/link4.stl
[1.351s] -- Up-to-date: /home/u3/college/AI_For_robotics/moveit2_obb/install/robot_description/share/robot_description/meshes/collision/link7.stl
[1.351s] -- Up-to-date: /home/u3/college/AI_For_robotics/moveit2_obb/install/robot_description/share/robot_description/meshes/collision/finger.stl
[1.351s] -- Up-to-date: /home/u3/college/AI_For_robotics/moveit2_obb/install/robot_description/share/robot_description/meshes/collision/link0.stl
[1.351s] -- Up-to-date: /home/u3/college/AI_For_robotics/moveit2_obb/install/robot_description/share/robot_description/meshes/collision/finger_old.stl
[1.351s] -- Up-to-date: /home/u3/college/AI_For_robotics/moveit2_obb/install/robot_description/share/robot_description/meshes/collision/link6.stl
[1.351s] -- Up-to-date: /home/u3/college/AI_For_robotics/moveit2_obb/install/robot_description/share/robot_description/urdf
[1.356s] -- Up-to-date: /home/u3/college/AI_For_robotics/moveit2_obb/install/robot_description/share/robot_description/urdf/panda.urdf
[1.356s] -- Up-to-date: /home/u3/college/AI_For_robotics/moveit2_obb/install/robot_description/share/robot_description/urdf/camera
[1.357s] -- Up-to-date: /home/u3/college/AI_For_robotics/moveit2_obb/install/robot_description/share/robot_description/urdf/camera/camera.gazebo
[1.357s] -- Up-to-date: /home/u3/college/AI_For_robotics/moveit2_obb/install/robot_description/share/robot_description/urdf/camera/camera.xacro
[1.357s] -- Up-to-date: /home/u3/college/AI_For_robotics/moveit2_obb/install/robot_description/share/ament_index/resource_index/package_run_dependencies/robot_description
[1.364s] -- Up-to-date: /home/u3/college/AI_For_robotics/moveit2_obb/install/robot_description/share/ament_index/resource_index/parent_prefix_path/robot_description
[1.365s] -- Up-to-date: /home/u3/college/AI_For_robotics/moveit2_obb/install/robot_description/share/robot_description/environment/ament_prefix_path.sh
[1.365s] -- Up-to-date: /home/u3/college/AI_For_robotics/moveit2_obb/install/robot_description/share/robot_description/environment/ament_prefix_path.dsv
[1.365s] -- Up-to-date: /home/u3/college/AI_For_robotics/moveit2_obb/install/robot_description/share/robot_description/environment/path.sh
[1.365s] -- Up-to-date: /home/u3/college/AI_For_robotics/moveit2_obb/install/robot_description/share/robot_description/environment/path.dsv
[1.366s] -- Up-to-date: /home/u3/college/AI_For_robotics/moveit2_obb/install/robot_description/share/robot_description/local_setup.bash
[1.366s] -- Up-to-date: /home/u3/college/AI_For_robotics/moveit2_obb/install/robot_description/share/robot_description/local_setup.sh
[1.366s] -- Up-to-date: /home/u3/college/AI_For_robotics/moveit2_obb/install/robot_description/share/robot_description/local_setup.zsh
[1.366s] -- Up-to-date: /home/u3/college/AI_For_robotics/moveit2_obb/install/robot_description/share/robot_description/local_setup.dsv
[1.366s] -- Installing: /home/u3/college/AI_For_robotics/moveit2_obb/install/robot_description/share/robot_description/package.dsv
[1.377s] -- Up-to-date: /home/u3/college/AI_For_robotics/moveit2_obb/install/robot_description/share/ament_index/resource_index/packages/robot_description
[1.377s] -- Up-to-date: /home/u3/college/AI_For_robotics/moveit2_obb/install/robot_description/share/robot_description/cmake/robot_descriptionConfig.cmake
[1.378s] -- Up-to-date: /home/u3/college/AI_For_robotics/moveit2_obb/install/robot_description/share/robot_description/cmake/robot_descriptionConfig-version.cmake
[1.378s] -- Up-to-date: /home/u3/college/AI_For_robotics/moveit2_obb/install/robot_description/share/robot_description/package.xml
[1.654s] Invoked command in '/home/u3/college/AI_For_robotics/moveit2_obb/build/robot_description' returned '0': CMAKE_PREFIX_PATH=${CMAKE_PREFIX_PATH}:/opt/ros/jazzy DEBUGINFOD_URLS=https://debuginfod.ubuntu.com /usr/bin/cmake --install /home/u3/college/AI_For_robotics/moveit2_obb/build/robot_description
