[0.016s] Invoking command in '/home/u3/college/AI_For_robotics/moveit2_obb/build/yolov8_msgs': CMAKE_PREFIX_PATH=${CMAKE_PREFIX_PATH}:/opt/ros/jazzy DEBUGINFOD_URLS=https://debuginfod.ubuntu.com /usr/bin/cmake --build /home/u3/college/AI_For_robotics/moveit2_obb/build/yolov8_msgs -- -j16 -l16
[0.086s] [  2%] Built target yolov8_msgs__rosidl_generator_type_description
[0.126s] [  2%] Built target ament_cmake_python_copy_yolov8_msgs
[0.159s] [ 20%] Built target yolov8_msgs__rosidl_generator_c
[0.368s] running egg_info
[0.386s] writing yolov8_msgs.egg-info/PKG-INFO
[0.387s] writing dependency_links to yolov8_msgs.egg-info/dependency_links.txt
[0.387s] writing top-level names to yolov8_msgs.egg-info/top_level.txt
[0.440s] reading manifest file 'yolov8_msgs.egg-info/SOURCES.txt'
[0.440s] writing manifest file 'yolov8_msgs.egg-info/SOURCES.txt'
[0.484s] [ 20%] Built target ament_cmake_python_build_yolov8_msgs_egg
[0.526s] [ 29%] Built target yolov8_msgs__rosidl_typesupport_c
[0.565s] [ 38%] Built target yolov8_msgs__rosidl_typesupport_introspection_c
[0.597s] [ 47%] Built target yolov8_msgs__rosidl_typesupport_fastrtps_c
[0.641s] [ 50%] Built target yolov8_msgs__cpp
[0.672s] [ 59%] Built target yolov8_msgs__rosidl_typesupport_cpp
[0.703s] [ 68%] Built target yolov8_msgs__rosidl_typesupport_introspection_cpp
[0.731s] [ 77%] Built target yolov8_msgs__rosidl_typesupport_fastrtps_cpp
[0.756s] [ 77%] Built target yolov8_msgs
[0.790s] [ 79%] Built target yolov8_msgs__py
[0.819s] [ 86%] Built target yolov8_msgs__rosidl_generator_py
[0.849s] [ 90%] Built target yolov8_msgs_s__rosidl_typesupport_fastrtps_c
[0.875s] [ 95%] Built target yolov8_msgs_s__rosidl_typesupport_c
[0.905s] [100%] Built target yolov8_msgs_s__rosidl_typesupport_introspection_c
[0.924s] Invoked command in '/home/u3/college/AI_For_robotics/moveit2_obb/build/yolov8_msgs' returned '0': CMAKE_PREFIX_PATH=${CMAKE_PREFIX_PATH}:/opt/ros/jazzy DEBUGINFOD_URLS=https://debuginfod.ubuntu.com /usr/bin/cmake --build /home/u3/college/AI_For_robotics/moveit2_obb/build/yolov8_msgs -- -j16 -l16
[0.926s] Invoking command in '/home/u3/college/AI_For_robotics/moveit2_obb/build/yolov8_msgs': CMAKE_PREFIX_PATH=${CMAKE_PREFIX_PATH}:/opt/ros/jazzy DEBUGINFOD_URLS=https://debuginfod.ubuntu.com /usr/bin/cmake --install /home/u3/college/AI_For_robotics/moveit2_obb/build/yolov8_msgs
[0.942s] -- Install configuration: ""
[0.942s] -- Up-to-date: /home/u3/college/AI_For_robotics/moveit2_obb/install/yolov8_msgs/share/ament_index/resource_index/rosidl_interfaces/yolov8_msgs
[0.942s] -- Up-to-date: /home/u3/college/AI_For_robotics/moveit2_obb/install/yolov8_msgs/share/yolov8_msgs/msg/InferenceResult.json
[0.943s] -- Up-to-date: /home/u3/college/AI_For_robotics/moveit2_obb/install/yolov8_msgs/share/yolov8_msgs/msg/Yolov8Inference.json
[0.943s] -- Up-to-date: /home/u3/college/AI_For_robotics/moveit2_obb/install/yolov8_msgs/include/yolov8_msgs/yolov8_msgs
[0.943s] -- Up-to-date: /home/u3/college/AI_For_robotics/moveit2_obb/install/yolov8_msgs/include/yolov8_msgs/yolov8_msgs/msg
[0.943s] -- Up-to-date: /home/u3/college/AI_For_robotics/moveit2_obb/install/yolov8_msgs/include/yolov8_msgs/yolov8_msgs/msg/yolov8_inference.h
[0.943s] -- Up-to-date: /home/u3/college/AI_For_robotics/moveit2_obb/install/yolov8_msgs/include/yolov8_msgs/yolov8_msgs/msg/rosidl_generator_c__visibility_control.h
[0.944s] -- Up-to-date: /home/u3/college/AI_For_robotics/moveit2_obb/install/yolov8_msgs/include/yolov8_msgs/yolov8_msgs/msg/inference_result.h
[0.944s] -- Up-to-date: /home/u3/college/AI_For_robotics/moveit2_obb/install/yolov8_msgs/include/yolov8_msgs/yolov8_msgs/msg/detail
[0.944s] -- Up-to-date: /home/u3/college/AI_For_robotics/moveit2_obb/install/yolov8_msgs/include/yolov8_msgs/yolov8_msgs/msg/detail/inference_result__struct.h
[0.944s] -- Up-to-date: /home/u3/college/AI_For_robotics/moveit2_obb/install/yolov8_msgs/include/yolov8_msgs/yolov8_msgs/msg/detail/inference_result__type_support.h
[0.944s] -- Up-to-date: /home/u3/college/AI_For_robotics/moveit2_obb/install/yolov8_msgs/include/yolov8_msgs/yolov8_msgs/msg/detail/yolov8_inference__description.c
[0.945s] -- Up-to-date: /home/u3/college/AI_For_robotics/moveit2_obb/install/yolov8_msgs/include/yolov8_msgs/yolov8_msgs/msg/detail/yolov8_inference__type_support.h
[0.946s] -- Up-to-date: /home/u3/college/AI_For_robotics/moveit2_obb/install/yolov8_msgs/include/yolov8_msgs/yolov8_msgs/msg/detail/yolov8_inference__struct.h
[0.946s] -- Up-to-date: /home/u3/college/AI_For_robotics/moveit2_obb/install/yolov8_msgs/include/yolov8_msgs/yolov8_msgs/msg/detail/inference_result__functions.c
[0.946s] -- Up-to-date: /home/u3/college/AI_For_robotics/moveit2_obb/install/yolov8_msgs/include/yolov8_msgs/yolov8_msgs/msg/detail/yolov8_inference__type_support.c
[0.946s] -- Up-to-date: /home/u3/college/AI_For_robotics/moveit2_obb/install/yolov8_msgs/include/yolov8_msgs/yolov8_msgs/msg/detail/inference_result__description.c
[0.946s] -- Up-to-date: /home/u3/college/AI_For_robotics/moveit2_obb/install/yolov8_msgs/include/yolov8_msgs/yolov8_msgs/msg/detail/inference_result__type_support.c
[0.946s] -- Up-to-date: /home/u3/college/AI_For_robotics/moveit2_obb/install/yolov8_msgs/include/yolov8_msgs/yolov8_msgs/msg/detail/yolov8_inference__functions.h
[0.947s] -- Up-to-date: /home/u3/college/AI_For_robotics/moveit2_obb/install/yolov8_msgs/include/yolov8_msgs/yolov8_msgs/msg/detail/inference_result__functions.h
[0.947s] -- Up-to-date: /home/u3/college/AI_For_robotics/moveit2_obb/install/yolov8_msgs/include/yolov8_msgs/yolov8_msgs/msg/detail/yolov8_inference__functions.c
[0.947s] -- Up-to-date: /home/u3/college/AI_For_robotics/moveit2_obb/install/yolov8_msgs/share/yolov8_msgs/environment/library_path.sh
[0.947s] -- Up-to-date: /home/u3/college/AI_For_robotics/moveit2_obb/install/yolov8_msgs/share/yolov8_msgs/environment/library_path.dsv
[0.947s] -- Up-to-date: /home/u3/college/AI_For_robotics/moveit2_obb/install/yolov8_msgs/lib/libyolov8_msgs__rosidl_generator_c.so
[0.948s] -- Up-to-date: /home/u3/college/AI_For_robotics/moveit2_obb/install/yolov8_msgs/include/yolov8_msgs/yolov8_msgs
[0.948s] -- Up-to-date: /home/u3/college/AI_For_robotics/moveit2_obb/install/yolov8_msgs/include/yolov8_msgs/yolov8_msgs/msg
[0.948s] -- Up-to-date: /home/u3/college/AI_For_robotics/moveit2_obb/install/yolov8_msgs/include/yolov8_msgs/yolov8_msgs/msg/rosidl_typesupport_fastrtps_c__visibility_control.h
[0.948s] -- Up-to-date: /home/u3/college/AI_For_robotics/moveit2_obb/install/yolov8_msgs/include/yolov8_msgs/yolov8_msgs/msg/detail
[0.948s] -- Up-to-date: /home/u3/college/AI_For_robotics/moveit2_obb/install/yolov8_msgs/include/yolov8_msgs/yolov8_msgs/msg/detail/inference_result__rosidl_typesupport_fastrtps_c.h
[0.948s] -- Up-to-date: /home/u3/college/AI_For_robotics/moveit2_obb/install/yolov8_msgs/include/yolov8_msgs/yolov8_msgs/msg/detail/yolov8_inference__rosidl_typesupport_fastrtps_c.h
[0.948s] -- Up-to-date: /home/u3/college/AI_For_robotics/moveit2_obb/install/yolov8_msgs/lib/libyolov8_msgs__rosidl_typesupport_fastrtps_c.so
[0.949s] -- Up-to-date: /home/u3/college/AI_For_robotics/moveit2_obb/install/yolov8_msgs/include/yolov8_msgs/yolov8_msgs
[0.949s] -- Up-to-date: /home/u3/college/AI_For_robotics/moveit2_obb/install/yolov8_msgs/include/yolov8_msgs/yolov8_msgs/msg
[0.949s] -- Up-to-date: /home/u3/college/AI_For_robotics/moveit2_obb/install/yolov8_msgs/include/yolov8_msgs/yolov8_msgs/msg/inference_result.hpp
[0.949s] -- Up-to-date: /home/u3/college/AI_For_robotics/moveit2_obb/install/yolov8_msgs/include/yolov8_msgs/yolov8_msgs/msg/detail
[0.949s] -- Up-to-date: /home/u3/college/AI_For_robotics/moveit2_obb/install/yolov8_msgs/include/yolov8_msgs/yolov8_msgs/msg/detail/inference_result__builder.hpp
[0.949s] -- Up-to-date: /home/u3/college/AI_For_robotics/moveit2_obb/install/yolov8_msgs/include/yolov8_msgs/yolov8_msgs/msg/detail/yolov8_inference__struct.hpp
[0.949s] -- Up-to-date: /home/u3/college/AI_For_robotics/moveit2_obb/install/yolov8_msgs/include/yolov8_msgs/yolov8_msgs/msg/detail/inference_result__traits.hpp
[0.950s] -- Up-to-date: /home/u3/college/AI_For_robotics/moveit2_obb/install/yolov8_msgs/include/yolov8_msgs/yolov8_msgs/msg/detail/yolov8_inference__type_support.hpp
[0.950s] -- Up-to-date: /home/u3/college/AI_For_robotics/moveit2_obb/install/yolov8_msgs/include/yolov8_msgs/yolov8_msgs/msg/detail/yolov8_inference__traits.hpp
[0.950s] -- Up-to-date: /home/u3/college/AI_For_robotics/moveit2_obb/install/yolov8_msgs/include/yolov8_msgs/yolov8_msgs/msg/detail/yolov8_inference__builder.hpp
[0.950s] -- Up-to-date: /home/u3/college/AI_For_robotics/moveit2_obb/install/yolov8_msgs/include/yolov8_msgs/yolov8_msgs/msg/detail/inference_result__type_support.hpp
[0.950s] -- Up-to-date: /home/u3/college/AI_For_robotics/moveit2_obb/install/yolov8_msgs/include/yolov8_msgs/yolov8_msgs/msg/detail/inference_result__struct.hpp
[0.950s] -- Up-to-date: /home/u3/college/AI_For_robotics/moveit2_obb/install/yolov8_msgs/include/yolov8_msgs/yolov8_msgs/msg/yolov8_inference.hpp
[0.950s] -- Up-to-date: /home/u3/college/AI_For_robotics/moveit2_obb/install/yolov8_msgs/include/yolov8_msgs/yolov8_msgs/msg/rosidl_generator_cpp__visibility_control.hpp
[0.951s] -- Up-to-date: /home/u3/college/AI_For_robotics/moveit2_obb/install/yolov8_msgs/include/yolov8_msgs/yolov8_msgs
[0.951s] -- Up-to-date: /home/u3/college/AI_For_robotics/moveit2_obb/install/yolov8_msgs/include/yolov8_msgs/yolov8_msgs/msg
[0.951s] -- Up-to-date: /home/u3/college/AI_For_robotics/moveit2_obb/install/yolov8_msgs/include/yolov8_msgs/yolov8_msgs/msg/rosidl_typesupport_fastrtps_cpp__visibility_control.h
[0.951s] -- Up-to-date: /home/u3/college/AI_For_robotics/moveit2_obb/install/yolov8_msgs/include/yolov8_msgs/yolov8_msgs/msg/detail
[0.951s] -- Up-to-date: /home/u3/college/AI_For_robotics/moveit2_obb/install/yolov8_msgs/include/yolov8_msgs/yolov8_msgs/msg/detail/yolov8_inference__rosidl_typesupport_fastrtps_cpp.hpp
[0.951s] -- Up-to-date: /home/u3/college/AI_For_robotics/moveit2_obb/install/yolov8_msgs/include/yolov8_msgs/yolov8_msgs/msg/detail/dds_fastrtps
[0.951s] -- Up-to-date: /home/u3/college/AI_For_robotics/moveit2_obb/install/yolov8_msgs/include/yolov8_msgs/yolov8_msgs/msg/detail/inference_result__rosidl_typesupport_fastrtps_cpp.hpp
[0.952s] -- Up-to-date: /home/u3/college/AI_For_robotics/moveit2_obb/install/yolov8_msgs/lib/libyolov8_msgs__rosidl_typesupport_fastrtps_cpp.so
[0.952s] -- Up-to-date: /home/u3/college/AI_For_robotics/moveit2_obb/install/yolov8_msgs/include/yolov8_msgs/yolov8_msgs
[0.952s] -- Up-to-date: /home/u3/college/AI_For_robotics/moveit2_obb/install/yolov8_msgs/include/yolov8_msgs/yolov8_msgs/msg
[0.952s] -- Up-to-date: /home/u3/college/AI_For_robotics/moveit2_obb/install/yolov8_msgs/include/yolov8_msgs/yolov8_msgs/msg/rosidl_typesupport_introspection_c__visibility_control.h
[0.952s] -- Up-to-date: /home/u3/college/AI_For_robotics/moveit2_obb/install/yolov8_msgs/include/yolov8_msgs/yolov8_msgs/msg/detail
[0.952s] -- Up-to-date: /home/u3/college/AI_For_robotics/moveit2_obb/install/yolov8_msgs/include/yolov8_msgs/yolov8_msgs/msg/detail/yolov8_inference__rosidl_typesupport_introspection_c.h
[0.952s] -- Up-to-date: /home/u3/college/AI_For_robotics/moveit2_obb/install/yolov8_msgs/include/yolov8_msgs/yolov8_msgs/msg/detail/yolov8_inference__type_support.c
[0.952s] -- Up-to-date: /home/u3/college/AI_For_robotics/moveit2_obb/install/yolov8_msgs/include/yolov8_msgs/yolov8_msgs/msg/detail/inference_result__type_support.c
[0.953s] -- Up-to-date: /home/u3/college/AI_For_robotics/moveit2_obb/install/yolov8_msgs/include/yolov8_msgs/yolov8_msgs/msg/detail/inference_result__rosidl_typesupport_introspection_c.h
[0.953s] -- Up-to-date: /home/u3/college/AI_For_robotics/moveit2_obb/install/yolov8_msgs/lib/libyolov8_msgs__rosidl_typesupport_introspection_c.so
[0.953s] -- Up-to-date: /home/u3/college/AI_For_robotics/moveit2_obb/install/yolov8_msgs/lib/libyolov8_msgs__rosidl_typesupport_c.so
[0.953s] -- Up-to-date: /home/u3/college/AI_For_robotics/moveit2_obb/install/yolov8_msgs/include/yolov8_msgs/yolov8_msgs
[0.953s] -- Up-to-date: /home/u3/college/AI_For_robotics/moveit2_obb/install/yolov8_msgs/include/yolov8_msgs/yolov8_msgs/msg
[0.953s] -- Up-to-date: /home/u3/college/AI_For_robotics/moveit2_obb/install/yolov8_msgs/include/yolov8_msgs/yolov8_msgs/msg/detail
[0.953s] -- Up-to-date: /home/u3/college/AI_For_robotics/moveit2_obb/install/yolov8_msgs/include/yolov8_msgs/yolov8_msgs/msg/detail/inference_result__rosidl_typesupport_introspection_cpp.hpp
[0.954s] -- Up-to-date: /home/u3/college/AI_For_robotics/moveit2_obb/install/yolov8_msgs/include/yolov8_msgs/yolov8_msgs/msg/detail/yolov8_inference__rosidl_typesupport_introspection_cpp.hpp
[0.954s] -- Up-to-date: /home/u3/college/AI_For_robotics/moveit2_obb/install/yolov8_msgs/include/yolov8_msgs/yolov8_msgs/msg/detail/yolov8_inference__type_support.cpp
[0.954s] -- Up-to-date: /home/u3/college/AI_For_robotics/moveit2_obb/install/yolov8_msgs/include/yolov8_msgs/yolov8_msgs/msg/detail/inference_result__type_support.cpp
[0.954s] -- Up-to-date: /home/u3/college/AI_For_robotics/moveit2_obb/install/yolov8_msgs/lib/libyolov8_msgs__rosidl_typesupport_introspection_cpp.so
[0.954s] -- Up-to-date: /home/u3/college/AI_For_robotics/moveit2_obb/install/yolov8_msgs/lib/libyolov8_msgs__rosidl_typesupport_cpp.so
[0.954s] -- Up-to-date: /home/u3/college/AI_For_robotics/moveit2_obb/install/yolov8_msgs/share/yolov8_msgs/environment/pythonpath.sh
[0.954s] -- Up-to-date: /home/u3/college/AI_For_robotics/moveit2_obb/install/yolov8_msgs/share/yolov8_msgs/environment/pythonpath.dsv
[0.955s] -- Up-to-date: /home/u3/college/AI_For_robotics/moveit2_obb/install/yolov8_msgs/lib/python3.12/site-packages/yolov8_msgs-0.0.0-py3.12.egg-info
[0.955s] -- Installing: /home/u3/college/AI_For_robotics/moveit2_obb/install/yolov8_msgs/lib/python3.12/site-packages/yolov8_msgs-0.0.0-py3.12.egg-info/PKG-INFO
[0.955s] -- Installing: /home/u3/college/AI_For_robotics/moveit2_obb/install/yolov8_msgs/lib/python3.12/site-packages/yolov8_msgs-0.0.0-py3.12.egg-info/SOURCES.txt
[0.955s] -- Installing: /home/u3/college/AI_For_robotics/moveit2_obb/install/yolov8_msgs/lib/python3.12/site-packages/yolov8_msgs-0.0.0-py3.12.egg-info/top_level.txt
[0.955s] -- Installing: /home/u3/college/AI_For_robotics/moveit2_obb/install/yolov8_msgs/lib/python3.12/site-packages/yolov8_msgs-0.0.0-py3.12.egg-info/dependency_links.txt
[0.956s] -- Up-to-date: /home/u3/college/AI_For_robotics/moveit2_obb/install/yolov8_msgs/lib/python3.12/site-packages/yolov8_msgs
[0.956s] -- Up-to-date: /home/u3/college/AI_For_robotics/moveit2_obb/install/yolov8_msgs/lib/python3.12/site-packages/yolov8_msgs/_yolov8_msgs_s.ep.rosidl_typesupport_c.c
[0.956s] -- Up-to-date: /home/u3/college/AI_For_robotics/moveit2_obb/install/yolov8_msgs/lib/python3.12/site-packages/yolov8_msgs/_yolov8_msgs_s.ep.rosidl_typesupport_fastrtps_c.c
[0.956s] -- Up-to-date: /home/u3/college/AI_For_robotics/moveit2_obb/install/yolov8_msgs/lib/python3.12/site-packages/yolov8_msgs/yolov8_msgs_s__rosidl_typesupport_fastrtps_c.so
[0.956s] -- Up-to-date: /home/u3/college/AI_For_robotics/moveit2_obb/install/yolov8_msgs/lib/python3.12/site-packages/yolov8_msgs/yolov8_msgs_s__rosidl_typesupport_c.so
[0.956s] -- Up-to-date: /home/u3/college/AI_For_robotics/moveit2_obb/install/yolov8_msgs/lib/python3.12/site-packages/yolov8_msgs/yolov8_msgs_s__rosidl_typesupport_introspection_c.so
[0.957s] -- Up-to-date: /home/u3/college/AI_For_robotics/moveit2_obb/install/yolov8_msgs/lib/python3.12/site-packages/yolov8_msgs/__init__.py
[0.957s] -- Up-to-date: /home/u3/college/AI_For_robotics/moveit2_obb/install/yolov8_msgs/lib/python3.12/site-packages/yolov8_msgs/msg
[0.957s] -- Up-to-date: /home/u3/college/AI_For_robotics/moveit2_obb/install/yolov8_msgs/lib/python3.12/site-packages/yolov8_msgs/msg/_yolov8_inference.py
[0.957s] -- Up-to-date: /home/u3/college/AI_For_robotics/moveit2_obb/install/yolov8_msgs/lib/python3.12/site-packages/yolov8_msgs/msg/_yolov8_inference_s.c
[0.957s] -- Up-to-date: /home/u3/college/AI_For_robotics/moveit2_obb/install/yolov8_msgs/lib/python3.12/site-packages/yolov8_msgs/msg/_inference_result_s.c
[0.957s] -- Up-to-date: /home/u3/college/AI_For_robotics/moveit2_obb/install/yolov8_msgs/lib/python3.12/site-packages/yolov8_msgs/msg/__init__.py
[0.958s] -- Up-to-date: /home/u3/college/AI_For_robotics/moveit2_obb/install/yolov8_msgs/lib/python3.12/site-packages/yolov8_msgs/msg/_inference_result.py
[0.958s] -- Up-to-date: /home/u3/college/AI_For_robotics/moveit2_obb/install/yolov8_msgs/lib/python3.12/site-packages/yolov8_msgs/_yolov8_msgs_s.ep.rosidl_typesupport_introspection_c.c
[0.980s] Listing '/home/u3/college/AI_For_robotics/moveit2_obb/install/yolov8_msgs/lib/python3.12/site-packages/yolov8_msgs'...
[0.981s] Listing '/home/u3/college/AI_For_robotics/moveit2_obb/install/yolov8_msgs/lib/python3.12/site-packages/yolov8_msgs/msg'...
[0.986s] -- Up-to-date: /home/u3/college/AI_For_robotics/moveit2_obb/install/yolov8_msgs/lib/python3.12/site-packages/yolov8_msgs/yolov8_msgs_s__rosidl_typesupport_fastrtps_c.so
[0.987s] -- Up-to-date: /home/u3/college/AI_For_robotics/moveit2_obb/install/yolov8_msgs/lib/python3.12/site-packages/yolov8_msgs/yolov8_msgs_s__rosidl_typesupport_introspection_c.so
[0.987s] -- Up-to-date: /home/u3/college/AI_For_robotics/moveit2_obb/install/yolov8_msgs/lib/python3.12/site-packages/yolov8_msgs/yolov8_msgs_s__rosidl_typesupport_c.so
[0.987s] -- Up-to-date: /home/u3/college/AI_For_robotics/moveit2_obb/install/yolov8_msgs/lib/libyolov8_msgs__rosidl_generator_py.so
[0.988s] -- Up-to-date: /home/u3/college/AI_For_robotics/moveit2_obb/install/yolov8_msgs/share/yolov8_msgs/msg/InferenceResult.idl
[0.988s] -- Up-to-date: /home/u3/college/AI_For_robotics/moveit2_obb/install/yolov8_msgs/share/yolov8_msgs/msg/Yolov8Inference.idl
[0.988s] -- Up-to-date: /home/u3/college/AI_For_robotics/moveit2_obb/install/yolov8_msgs/share/yolov8_msgs/msg/InferenceResult.msg
[0.988s] -- Up-to-date: /home/u3/college/AI_For_robotics/moveit2_obb/install/yolov8_msgs/share/yolov8_msgs/msg/Yolov8Inference.msg
[0.989s] -- Up-to-date: /home/u3/college/AI_For_robotics/moveit2_obb/install/yolov8_msgs/share/ament_index/resource_index/package_run_dependencies/yolov8_msgs
[0.989s] -- Up-to-date: /home/u3/college/AI_For_robotics/moveit2_obb/install/yolov8_msgs/share/ament_index/resource_index/parent_prefix_path/yolov8_msgs
[0.989s] -- Up-to-date: /home/u3/college/AI_For_robotics/moveit2_obb/install/yolov8_msgs/share/yolov8_msgs/environment/ament_prefix_path.sh
[0.989s] -- Up-to-date: /home/u3/college/AI_For_robotics/moveit2_obb/install/yolov8_msgs/share/yolov8_msgs/environment/ament_prefix_path.dsv
[0.989s] -- Up-to-date: /home/u3/college/AI_For_robotics/moveit2_obb/install/yolov8_msgs/share/yolov8_msgs/environment/path.sh
[0.989s] -- Up-to-date: /home/u3/college/AI_For_robotics/moveit2_obb/install/yolov8_msgs/share/yolov8_msgs/environment/path.dsv
[0.990s] -- Up-to-date: /home/u3/college/AI_For_robotics/moveit2_obb/install/yolov8_msgs/share/yolov8_msgs/local_setup.bash
[0.990s] -- Up-to-date: /home/u3/college/AI_For_robotics/moveit2_obb/install/yolov8_msgs/share/yolov8_msgs/local_setup.sh
[0.990s] -- Up-to-date: /home/u3/college/AI_For_robotics/moveit2_obb/install/yolov8_msgs/share/yolov8_msgs/local_setup.zsh
[0.990s] -- Up-to-date: /home/u3/college/AI_For_robotics/moveit2_obb/install/yolov8_msgs/share/yolov8_msgs/local_setup.dsv
[0.990s] -- Installing: /home/u3/college/AI_For_robotics/moveit2_obb/install/yolov8_msgs/share/yolov8_msgs/package.dsv
[0.990s] -- Up-to-date: /home/u3/college/AI_For_robotics/moveit2_obb/install/yolov8_msgs/share/ament_index/resource_index/packages/yolov8_msgs
[0.991s] -- Up-to-date: /home/u3/college/AI_For_robotics/moveit2_obb/install/yolov8_msgs/share/yolov8_msgs/cmake/export_yolov8_msgs__rosidl_generator_cExport.cmake
[0.991s] -- Up-to-date: /home/u3/college/AI_For_robotics/moveit2_obb/install/yolov8_msgs/share/yolov8_msgs/cmake/export_yolov8_msgs__rosidl_generator_cExport-noconfig.cmake
[0.991s] -- Up-to-date: /home/u3/college/AI_For_robotics/moveit2_obb/install/yolov8_msgs/share/yolov8_msgs/cmake/export_yolov8_msgs__rosidl_typesupport_fastrtps_cExport.cmake
[0.991s] -- Up-to-date: /home/u3/college/AI_For_robotics/moveit2_obb/install/yolov8_msgs/share/yolov8_msgs/cmake/export_yolov8_msgs__rosidl_typesupport_fastrtps_cExport-noconfig.cmake
[0.991s] -- Up-to-date: /home/u3/college/AI_For_robotics/moveit2_obb/install/yolov8_msgs/share/yolov8_msgs/cmake/export_yolov8_msgs__rosidl_generator_cppExport.cmake
[0.991s] -- Up-to-date: /home/u3/college/AI_For_robotics/moveit2_obb/install/yolov8_msgs/share/yolov8_msgs/cmake/export_yolov8_msgs__rosidl_typesupport_fastrtps_cppExport.cmake
[0.991s] -- Up-to-date: /home/u3/college/AI_For_robotics/moveit2_obb/install/yolov8_msgs/share/yolov8_msgs/cmake/export_yolov8_msgs__rosidl_typesupport_fastrtps_cppExport-noconfig.cmake
[0.991s] -- Up-to-date: /home/u3/college/AI_For_robotics/moveit2_obb/install/yolov8_msgs/share/yolov8_msgs/cmake/yolov8_msgs__rosidl_typesupport_introspection_cExport.cmake
[0.992s] -- Up-to-date: /home/u3/college/AI_For_robotics/moveit2_obb/install/yolov8_msgs/share/yolov8_msgs/cmake/yolov8_msgs__rosidl_typesupport_introspection_cExport-noconfig.cmake
[0.992s] -- Up-to-date: /home/u3/college/AI_For_robotics/moveit2_obb/install/yolov8_msgs/share/yolov8_msgs/cmake/yolov8_msgs__rosidl_typesupport_cExport.cmake
[0.992s] -- Up-to-date: /home/u3/college/AI_For_robotics/moveit2_obb/install/yolov8_msgs/share/yolov8_msgs/cmake/yolov8_msgs__rosidl_typesupport_cExport-noconfig.cmake
[0.992s] -- Up-to-date: /home/u3/college/AI_For_robotics/moveit2_obb/install/yolov8_msgs/share/yolov8_msgs/cmake/yolov8_msgs__rosidl_typesupport_introspection_cppExport.cmake
[0.992s] -- Up-to-date: /home/u3/college/AI_For_robotics/moveit2_obb/install/yolov8_msgs/share/yolov8_msgs/cmake/yolov8_msgs__rosidl_typesupport_introspection_cppExport-noconfig.cmake
[0.992s] -- Up-to-date: /home/u3/college/AI_For_robotics/moveit2_obb/install/yolov8_msgs/share/yolov8_msgs/cmake/yolov8_msgs__rosidl_typesupport_cppExport.cmake
[0.992s] -- Up-to-date: /home/u3/college/AI_For_robotics/moveit2_obb/install/yolov8_msgs/share/yolov8_msgs/cmake/yolov8_msgs__rosidl_typesupport_cppExport-noconfig.cmake
[0.993s] -- Up-to-date: /home/u3/college/AI_For_robotics/moveit2_obb/install/yolov8_msgs/share/yolov8_msgs/cmake/export_yolov8_msgs__rosidl_generator_pyExport.cmake
[0.993s] -- Up-to-date: /home/u3/college/AI_For_robotics/moveit2_obb/install/yolov8_msgs/share/yolov8_msgs/cmake/export_yolov8_msgs__rosidl_generator_pyExport-noconfig.cmake
[0.993s] -- Up-to-date: /home/u3/college/AI_For_robotics/moveit2_obb/install/yolov8_msgs/share/yolov8_msgs/cmake/rosidl_cmake-extras.cmake
[0.993s] -- Up-to-date: /home/u3/college/AI_For_robotics/moveit2_obb/install/yolov8_msgs/share/yolov8_msgs/cmake/ament_cmake_export_dependencies-extras.cmake
[0.993s] -- Up-to-date: /home/u3/college/AI_For_robotics/moveit2_obb/install/yolov8_msgs/share/yolov8_msgs/cmake/ament_cmake_export_include_directories-extras.cmake
[0.993s] -- Up-to-date: /home/u3/college/AI_For_robotics/moveit2_obb/install/yolov8_msgs/share/yolov8_msgs/cmake/ament_cmake_export_libraries-extras.cmake
[0.993s] -- Up-to-date: /home/u3/college/AI_For_robotics/moveit2_obb/install/yolov8_msgs/share/yolov8_msgs/cmake/ament_cmake_export_targets-extras.cmake
[0.994s] -- Up-to-date: /home/u3/college/AI_For_robotics/moveit2_obb/install/yolov8_msgs/share/yolov8_msgs/cmake/rosidl_cmake_export_typesupport_targets-extras.cmake
[0.994s] -- Up-to-date: /home/u3/college/AI_For_robotics/moveit2_obb/install/yolov8_msgs/share/yolov8_msgs/cmake/rosidl_cmake_export_typesupport_libraries-extras.cmake
[0.994s] -- Up-to-date: /home/u3/college/AI_For_robotics/moveit2_obb/install/yolov8_msgs/share/yolov8_msgs/cmake/yolov8_msgsConfig.cmake
[0.994s] -- Up-to-date: /home/u3/college/AI_For_robotics/moveit2_obb/install/yolov8_msgs/share/yolov8_msgs/cmake/yolov8_msgsConfig-version.cmake
[0.994s] -- Up-to-date: /home/u3/college/AI_For_robotics/moveit2_obb/install/yolov8_msgs/share/yolov8_msgs/package.xml
[0.996s] Invoked command in '/home/u3/college/AI_For_robotics/moveit2_obb/build/yolov8_msgs' returned '0': CMAKE_PREFIX_PATH=${CMAKE_PREFIX_PATH}:/opt/ros/jazzy DEBUGINFOD_URLS=https://debuginfod.ubuntu.com /usr/bin/cmake --install /home/u3/college/AI_For_robotics/moveit2_obb/build/yolov8_msgs
