[0.090s] DEBUG:colcon:Command line arguments: ['/usr/bin/colcon', 'build']
[0.090s] DEBUG:colcon:Parsed command line arguments: Namespace(log_base=None, log_level=None, verb_name='build', build_base='build', install_base='install', merge_install=False, symlink_install=False, test_result_base=None, continue_on_error=False, executor='parallel', parallel_workers=16, event_handlers=None, ignore_user_meta=False, metas=['./colcon.meta'], base_paths=['.'], packages_ignore=None, packages_ignore_regex=None, paths=None, packages_up_to=None, packages_up_to_regex=None, packages_above=None, packages_above_and_dependencies=None, packages_above_depth=None, packages_select_by_dep=None, packages_skip_by_dep=None, packages_skip_up_to=None, packages_select_build_failed=False, packages_skip_build_finished=False, packages_select_test_failures=False, packages_skip_test_passed=False, packages_select=None, packages_skip=None, packages_select_regex=None, packages_skip_regex=None, packages_start=None, packages_end=None, allow_overriding=[], cmake_args=None, cmake_target=None, cmake_target_skip_unavailable=False, cmake_clean_cache=False, cmake_clean_first=False, cmake_force_configure=False, ament_cmake_args=None, catkin_cmake_args=None, catkin_skip_building_tests=False, verb_parser=<colcon_defaults.argument_parser.defaults.DefaultArgumentsDecorator object at 0x71562e887620>, verb_extension=<colcon_core.verb.build.BuildVerb object at 0x71562e9a7bf0>, main=<bound method BuildVerb.main of <colcon_core.verb.build.BuildVerb object at 0x71562e9a7bf0>>)
[0.125s] Level 1:colcon.colcon_core.package_discovery:discover_packages(colcon_meta) check parameters
[0.125s] Level 1:colcon.colcon_core.package_discovery:discover_packages(recursive) check parameters
[0.125s] Level 1:colcon.colcon_core.package_discovery:discover_packages(ignore) check parameters
[0.126s] Level 1:colcon.colcon_core.package_discovery:discover_packages(path) check parameters
[0.126s] Level 1:colcon.colcon_core.package_discovery:discover_packages(colcon_meta) discover
[0.126s] Level 1:colcon.colcon_core.package_discovery:discover_packages(recursive) discover
[0.126s] INFO:colcon.colcon_core.package_discovery:Crawling recursively for packages in '/home/u3/college/AI_For_robotics/moveit2_obb'
[0.126s] Level 1:colcon.colcon_core.package_identification:_identify(.) by extensions ['ignore', 'ignore_ament_install']
[0.126s] Level 1:colcon.colcon_core.package_identification:_identify(.) by extension 'ignore'
[0.126s] Level 1:colcon.colcon_core.package_identification:_identify(.) by extension 'ignore_ament_install'
[0.126s] Level 1:colcon.colcon_core.package_identification:_identify(.) by extensions ['colcon_pkg']
[0.126s] Level 1:colcon.colcon_core.package_identification:_identify(.) by extension 'colcon_pkg'
[0.126s] Level 1:colcon.colcon_core.package_identification:_identify(.) by extensions ['colcon_meta']
[0.126s] Level 1:colcon.colcon_core.package_identification:_identify(.) by extension 'colcon_meta'
[0.126s] Level 1:colcon.colcon_core.package_identification:_identify(.) by extensions ['ros']
[0.126s] Level 1:colcon.colcon_core.package_identification:_identify(.) by extension 'ros'
[0.148s] Level 1:colcon.colcon_core.package_identification:_identify(.) by extensions ['cmake', 'python']
[0.148s] Level 1:colcon.colcon_core.package_identification:_identify(.) by extension 'cmake'
[0.148s] Level 1:colcon.colcon_core.package_identification:_identify(.) by extension 'python'
[0.148s] Level 1:colcon.colcon_core.package_identification:_identify(.) by extensions ['python_setup_py']
[0.148s] Level 1:colcon.colcon_core.package_identification:_identify(.) by extension 'python_setup_py'
[0.148s] Level 1:colcon.colcon_core.package_identification:_identify(UI) by extensions ['ignore', 'ignore_ament_install']
[0.148s] Level 1:colcon.colcon_core.package_identification:_identify(UI) by extension 'ignore'
[0.148s] Level 1:colcon.colcon_core.package_identification:_identify(UI) by extension 'ignore_ament_install'
[0.148s] Level 1:colcon.colcon_core.package_identification:_identify(UI) by extensions ['colcon_pkg']
[0.148s] Level 1:colcon.colcon_core.package_identification:_identify(UI) by extension 'colcon_pkg'
[0.148s] Level 1:colcon.colcon_core.package_identification:_identify(UI) by extensions ['colcon_meta']
[0.148s] Level 1:colcon.colcon_core.package_identification:_identify(UI) by extension 'colcon_meta'
[0.148s] Level 1:colcon.colcon_core.package_identification:_identify(UI) by extensions ['ros']
[0.148s] Level 1:colcon.colcon_core.package_identification:_identify(UI) by extension 'ros'
[0.148s] Level 1:colcon.colcon_core.package_identification:_identify(UI) by extensions ['cmake', 'python']
[0.148s] Level 1:colcon.colcon_core.package_identification:_identify(UI) by extension 'cmake'
[0.149s] Level 1:colcon.colcon_core.package_identification:_identify(UI) by extension 'python'
[0.149s] Level 1:colcon.colcon_core.package_identification:_identify(UI) by extensions ['python_setup_py']
[0.149s] Level 1:colcon.colcon_core.package_identification:_identify(UI) by extension 'python_setup_py'
[0.149s] Level 1:colcon.colcon_core.package_identification:_identify(build) by extensions ['ignore', 'ignore_ament_install']
[0.149s] Level 1:colcon.colcon_core.package_identification:_identify(build) by extension 'ignore'
[0.149s] Level 1:colcon.colcon_core.package_identification:_identify(build) ignored
[0.149s] Level 1:colcon.colcon_core.package_identification:_identify(install) by extensions ['ignore', 'ignore_ament_install']
[0.149s] Level 1:colcon.colcon_core.package_identification:_identify(install) by extension 'ignore'
[0.149s] Level 1:colcon.colcon_core.package_identification:_identify(install) ignored
[0.149s] Level 1:colcon.colcon_core.package_identification:_identify(log) by extensions ['ignore', 'ignore_ament_install']
[0.149s] Level 1:colcon.colcon_core.package_identification:_identify(log) by extension 'ignore'
[0.149s] Level 1:colcon.colcon_core.package_identification:_identify(log) ignored
[0.149s] Level 1:colcon.colcon_core.package_identification:_identify(src) by extensions ['ignore', 'ignore_ament_install']
[0.149s] Level 1:colcon.colcon_core.package_identification:_identify(src) by extension 'ignore'
[0.149s] Level 1:colcon.colcon_core.package_identification:_identify(src) by extension 'ignore_ament_install'
[0.149s] Level 1:colcon.colcon_core.package_identification:_identify(src) by extensions ['colcon_pkg']
[0.149s] Level 1:colcon.colcon_core.package_identification:_identify(src) by extension 'colcon_pkg'
[0.149s] Level 1:colcon.colcon_core.package_identification:_identify(src) by extensions ['colcon_meta']
[0.149s] Level 1:colcon.colcon_core.package_identification:_identify(src) by extension 'colcon_meta'
[0.149s] Level 1:colcon.colcon_core.package_identification:_identify(src) by extensions ['ros']
[0.149s] Level 1:colcon.colcon_core.package_identification:_identify(src) by extension 'ros'
[0.149s] Level 1:colcon.colcon_core.package_identification:_identify(src) by extensions ['cmake', 'python']
[0.150s] Level 1:colcon.colcon_core.package_identification:_identify(src) by extension 'cmake'
[0.150s] Level 1:colcon.colcon_core.package_identification:_identify(src) by extension 'python'
[0.150s] Level 1:colcon.colcon_core.package_identification:_identify(src) by extensions ['python_setup_py']
[0.150s] Level 1:colcon.colcon_core.package_identification:_identify(src) by extension 'python_setup_py'
[0.150s] Level 1:colcon.colcon_core.package_identification:_identify(src/panda_moveit_config) by extensions ['ignore', 'ignore_ament_install']
[0.150s] Level 1:colcon.colcon_core.package_identification:_identify(src/panda_moveit_config) by extension 'ignore'
[0.150s] Level 1:colcon.colcon_core.package_identification:_identify(src/panda_moveit_config) by extension 'ignore_ament_install'
[0.150s] Level 1:colcon.colcon_core.package_identification:_identify(src/panda_moveit_config) by extensions ['colcon_pkg']
[0.150s] Level 1:colcon.colcon_core.package_identification:_identify(src/panda_moveit_config) by extension 'colcon_pkg'
[0.150s] Level 1:colcon.colcon_core.package_identification:_identify(src/panda_moveit_config) by extensions ['colcon_meta']
[0.150s] Level 1:colcon.colcon_core.package_identification:_identify(src/panda_moveit_config) by extension 'colcon_meta'
[0.150s] Level 1:colcon.colcon_core.package_identification:_identify(src/panda_moveit_config) by extensions ['ros']
[0.150s] Level 1:colcon.colcon_core.package_identification:_identify(src/panda_moveit_config) by extension 'ros'
[0.152s] DEBUG:colcon.colcon_core.package_identification:Package 'src/panda_moveit_config' with type 'ros.ament_cmake' and name 'panda_moveit_config'
[0.152s] Level 1:colcon.colcon_core.package_identification:_identify(src/robot_description) by extensions ['ignore', 'ignore_ament_install']
[0.152s] Level 1:colcon.colcon_core.package_identification:_identify(src/robot_description) by extension 'ignore'
[0.152s] Level 1:colcon.colcon_core.package_identification:_identify(src/robot_description) by extension 'ignore_ament_install'
[0.152s] Level 1:colcon.colcon_core.package_identification:_identify(src/robot_description) by extensions ['colcon_pkg']
[0.152s] Level 1:colcon.colcon_core.package_identification:_identify(src/robot_description) by extension 'colcon_pkg'
[0.152s] Level 1:colcon.colcon_core.package_identification:_identify(src/robot_description) by extensions ['colcon_meta']
[0.152s] Level 1:colcon.colcon_core.package_identification:_identify(src/robot_description) by extension 'colcon_meta'
[0.152s] Level 1:colcon.colcon_core.package_identification:_identify(src/robot_description) by extensions ['ros']
[0.152s] Level 1:colcon.colcon_core.package_identification:_identify(src/robot_description) by extension 'ros'
[0.153s] DEBUG:colcon.colcon_core.package_identification:Package 'src/robot_description' with type 'ros.ament_cmake' and name 'robot_description'
[0.153s] Level 1:colcon.colcon_core.package_identification:_identify(src/yolov8_obb) by extensions ['ignore', 'ignore_ament_install']
[0.153s] Level 1:colcon.colcon_core.package_identification:_identify(src/yolov8_obb) by extension 'ignore'
[0.153s] Level 1:colcon.colcon_core.package_identification:_identify(src/yolov8_obb) by extension 'ignore_ament_install'
[0.153s] Level 1:colcon.colcon_core.package_identification:_identify(src/yolov8_obb) by extensions ['colcon_pkg']
[0.153s] Level 1:colcon.colcon_core.package_identification:_identify(src/yolov8_obb) by extension 'colcon_pkg'
[0.153s] Level 1:colcon.colcon_core.package_identification:_identify(src/yolov8_obb) by extensions ['colcon_meta']
[0.153s] Level 1:colcon.colcon_core.package_identification:_identify(src/yolov8_obb) by extension 'colcon_meta'
[0.153s] Level 1:colcon.colcon_core.package_identification:_identify(src/yolov8_obb) by extensions ['ros']
[0.153s] Level 1:colcon.colcon_core.package_identification:_identify(src/yolov8_obb) by extension 'ros'
[0.153s] DEBUG:colcon.colcon_core.package_identification:Package 'src/yolov8_obb' with type 'ros.ament_cmake' and name 'yolov8_obb'
[0.154s] Level 1:colcon.colcon_core.package_identification:_identify(src/yolov8_obb_msgs) by extensions ['ignore', 'ignore_ament_install']
[0.154s] Level 1:colcon.colcon_core.package_identification:_identify(src/yolov8_obb_msgs) by extension 'ignore'
[0.154s] Level 1:colcon.colcon_core.package_identification:_identify(src/yolov8_obb_msgs) by extension 'ignore_ament_install'
[0.154s] Level 1:colcon.colcon_core.package_identification:_identify(src/yolov8_obb_msgs) by extensions ['colcon_pkg']
[0.154s] Level 1:colcon.colcon_core.package_identification:_identify(src/yolov8_obb_msgs) by extension 'colcon_pkg'
[0.154s] Level 1:colcon.colcon_core.package_identification:_identify(src/yolov8_obb_msgs) by extensions ['colcon_meta']
[0.154s] Level 1:colcon.colcon_core.package_identification:_identify(src/yolov8_obb_msgs) by extension 'colcon_meta'
[0.154s] Level 1:colcon.colcon_core.package_identification:_identify(src/yolov8_obb_msgs) by extensions ['ros']
[0.154s] Level 1:colcon.colcon_core.package_identification:_identify(src/yolov8_obb_msgs) by extension 'ros'
[0.154s] DEBUG:colcon.colcon_core.package_identification:Package 'src/yolov8_obb_msgs' with type 'ros.ament_cmake' and name 'yolov8_msgs'
[0.154s] Level 1:colcon.colcon_core.package_discovery:discover_packages(recursive) using defaults
[0.154s] Level 1:colcon.colcon_core.package_discovery:discover_packages(ignore) discover
[0.154s] Level 1:colcon.colcon_core.package_discovery:discover_packages(ignore) using defaults
[0.154s] Level 1:colcon.colcon_core.package_discovery:discover_packages(path) discover
[0.154s] Level 1:colcon.colcon_core.package_discovery:discover_packages(path) using defaults
[0.169s] Level 1:colcon.colcon_core.package_discovery:discover_packages(prefix_path) check parameters
[0.169s] Level 1:colcon.colcon_core.package_discovery:discover_packages(prefix_path) discover
[0.172s] DEBUG:colcon.colcon_installed_package_information.package_discovery:Found 424 installed packages in /opt/ros/jazzy
[0.174s] Level 1:colcon.colcon_core.package_discovery:discover_packages(prefix_path) using defaults
[0.223s] Level 5:colcon.colcon_core.verb:set package 'panda_moveit_config' build argument 'cmake_args' from command line to 'None'
[0.223s] Level 5:colcon.colcon_core.verb:set package 'panda_moveit_config' build argument 'cmake_target' from command line to 'None'
[0.223s] Level 5:colcon.colcon_core.verb:set package 'panda_moveit_config' build argument 'cmake_target_skip_unavailable' from command line to 'False'
[0.223s] Level 5:colcon.colcon_core.verb:set package 'panda_moveit_config' build argument 'cmake_clean_cache' from command line to 'False'
[0.223s] Level 5:colcon.colcon_core.verb:set package 'panda_moveit_config' build argument 'cmake_clean_first' from command line to 'False'
[0.223s] Level 5:colcon.colcon_core.verb:set package 'panda_moveit_config' build argument 'cmake_force_configure' from command line to 'False'
[0.223s] Level 5:colcon.colcon_core.verb:set package 'panda_moveit_config' build argument 'ament_cmake_args' from command line to 'None'
[0.223s] Level 5:colcon.colcon_core.verb:set package 'panda_moveit_config' build argument 'catkin_cmake_args' from command line to 'None'
[0.223s] Level 5:colcon.colcon_core.verb:set package 'panda_moveit_config' build argument 'catkin_skip_building_tests' from command line to 'False'
[0.223s] DEBUG:colcon.colcon_core.verb:Building package 'panda_moveit_config' with the following arguments: {'ament_cmake_args': None, 'build_base': '/home/u3/college/AI_For_robotics/moveit2_obb/build/panda_moveit_config', 'catkin_cmake_args': None, 'catkin_skip_building_tests': False, 'cmake_args': None, 'cmake_clean_cache': False, 'cmake_clean_first': False, 'cmake_force_configure': False, 'cmake_target': None, 'cmake_target_skip_unavailable': False, 'install_base': '/home/u3/college/AI_For_robotics/moveit2_obb/install/panda_moveit_config', 'merge_install': False, 'path': '/home/u3/college/AI_For_robotics/moveit2_obb/src/panda_moveit_config', 'symlink_install': False, 'test_result_base': None}
[0.224s] Level 5:colcon.colcon_core.verb:set package 'robot_description' build argument 'cmake_args' from command line to 'None'
[0.224s] Level 5:colcon.colcon_core.verb:set package 'robot_description' build argument 'cmake_target' from command line to 'None'
[0.224s] Level 5:colcon.colcon_core.verb:set package 'robot_description' build argument 'cmake_target_skip_unavailable' from command line to 'False'
[0.224s] Level 5:colcon.colcon_core.verb:set package 'robot_description' build argument 'cmake_clean_cache' from command line to 'False'
[0.224s] Level 5:colcon.colcon_core.verb:set package 'robot_description' build argument 'cmake_clean_first' from command line to 'False'
[0.224s] Level 5:colcon.colcon_core.verb:set package 'robot_description' build argument 'cmake_force_configure' from command line to 'False'
[0.224s] Level 5:colcon.colcon_core.verb:set package 'robot_description' build argument 'ament_cmake_args' from command line to 'None'
[0.224s] Level 5:colcon.colcon_core.verb:set package 'robot_description' build argument 'catkin_cmake_args' from command line to 'None'
[0.224s] Level 5:colcon.colcon_core.verb:set package 'robot_description' build argument 'catkin_skip_building_tests' from command line to 'False'
[0.224s] DEBUG:colcon.colcon_core.verb:Building package 'robot_description' with the following arguments: {'ament_cmake_args': None, 'build_base': '/home/u3/college/AI_For_robotics/moveit2_obb/build/robot_description', 'catkin_cmake_args': None, 'catkin_skip_building_tests': False, 'cmake_args': None, 'cmake_clean_cache': False, 'cmake_clean_first': False, 'cmake_force_configure': False, 'cmake_target': None, 'cmake_target_skip_unavailable': False, 'install_base': '/home/u3/college/AI_For_robotics/moveit2_obb/install/robot_description', 'merge_install': False, 'path': '/home/u3/college/AI_For_robotics/moveit2_obb/src/robot_description', 'symlink_install': False, 'test_result_base': None}
[0.224s] Level 5:colcon.colcon_core.verb:set package 'yolov8_msgs' build argument 'cmake_args' from command line to 'None'
[0.224s] Level 5:colcon.colcon_core.verb:set package 'yolov8_msgs' build argument 'cmake_target' from command line to 'None'
[0.224s] Level 5:colcon.colcon_core.verb:set package 'yolov8_msgs' build argument 'cmake_target_skip_unavailable' from command line to 'False'
[0.224s] Level 5:colcon.colcon_core.verb:set package 'yolov8_msgs' build argument 'cmake_clean_cache' from command line to 'False'
[0.224s] Level 5:colcon.colcon_core.verb:set package 'yolov8_msgs' build argument 'cmake_clean_first' from command line to 'False'
[0.224s] Level 5:colcon.colcon_core.verb:set package 'yolov8_msgs' build argument 'cmake_force_configure' from command line to 'False'
[0.224s] Level 5:colcon.colcon_core.verb:set package 'yolov8_msgs' build argument 'ament_cmake_args' from command line to 'None'
[0.224s] Level 5:colcon.colcon_core.verb:set package 'yolov8_msgs' build argument 'catkin_cmake_args' from command line to 'None'
[0.224s] Level 5:colcon.colcon_core.verb:set package 'yolov8_msgs' build argument 'catkin_skip_building_tests' from command line to 'False'
[0.224s] DEBUG:colcon.colcon_core.verb:Building package 'yolov8_msgs' with the following arguments: {'ament_cmake_args': None, 'build_base': '/home/u3/college/AI_For_robotics/moveit2_obb/build/yolov8_msgs', 'catkin_cmake_args': None, 'catkin_skip_building_tests': False, 'cmake_args': None, 'cmake_clean_cache': False, 'cmake_clean_first': False, 'cmake_force_configure': False, 'cmake_target': None, 'cmake_target_skip_unavailable': False, 'install_base': '/home/u3/college/AI_For_robotics/moveit2_obb/install/yolov8_msgs', 'merge_install': False, 'path': '/home/u3/college/AI_For_robotics/moveit2_obb/src/yolov8_obb_msgs', 'symlink_install': False, 'test_result_base': None}
[0.224s] Level 5:colcon.colcon_core.verb:set package 'yolov8_obb' build argument 'cmake_args' from command line to 'None'
[0.225s] Level 5:colcon.colcon_core.verb:set package 'yolov8_obb' build argument 'cmake_target' from command line to 'None'
[0.225s] Level 5:colcon.colcon_core.verb:set package 'yolov8_obb' build argument 'cmake_target_skip_unavailable' from command line to 'False'
[0.225s] Level 5:colcon.colcon_core.verb:set package 'yolov8_obb' build argument 'cmake_clean_cache' from command line to 'False'
[0.225s] Level 5:colcon.colcon_core.verb:set package 'yolov8_obb' build argument 'cmake_clean_first' from command line to 'False'
[0.225s] Level 5:colcon.colcon_core.verb:set package 'yolov8_obb' build argument 'cmake_force_configure' from command line to 'False'
[0.225s] Level 5:colcon.colcon_core.verb:set package 'yolov8_obb' build argument 'ament_cmake_args' from command line to 'None'
[0.225s] Level 5:colcon.colcon_core.verb:set package 'yolov8_obb' build argument 'catkin_cmake_args' from command line to 'None'
[0.225s] Level 5:colcon.colcon_core.verb:set package 'yolov8_obb' build argument 'catkin_skip_building_tests' from command line to 'False'
[0.225s] DEBUG:colcon.colcon_core.verb:Building package 'yolov8_obb' with the following arguments: {'ament_cmake_args': None, 'build_base': '/home/u3/college/AI_For_robotics/moveit2_obb/build/yolov8_obb', 'catkin_cmake_args': None, 'catkin_skip_building_tests': False, 'cmake_args': None, 'cmake_clean_cache': False, 'cmake_clean_first': False, 'cmake_force_configure': False, 'cmake_target': None, 'cmake_target_skip_unavailable': False, 'install_base': '/home/u3/college/AI_For_robotics/moveit2_obb/install/yolov8_obb', 'merge_install': False, 'path': '/home/u3/college/AI_For_robotics/moveit2_obb/src/yolov8_obb', 'symlink_install': False, 'test_result_base': None}
[0.225s] INFO:colcon.colcon_core.executor:Executing jobs using 'parallel' executor
[0.226s] DEBUG:colcon.colcon_parallel_executor.executor.parallel:run_until_complete
[0.226s] INFO:colcon.colcon_ros.task.ament_cmake.build:Building ROS package in '/home/u3/college/AI_For_robotics/moveit2_obb/src/panda_moveit_config' with build type 'ament_cmake'
[0.226s] INFO:colcon.colcon_cmake.task.cmake.build:Building CMake package in '/home/u3/college/AI_For_robotics/moveit2_obb/src/panda_moveit_config'
[0.263s] INFO:colcon.colcon_core.plugin_system:Skipping extension 'colcon_core.shell.bat': Not used on non-Windows systems
[0.263s] INFO:colcon.colcon_core.shell:Skip shell extension 'powershell' for command environment: Not usable outside of PowerShell
[0.263s] DEBUG:colcon.colcon_core.shell:Skip shell extension 'dsv' for command environment
[0.276s] INFO:colcon.colcon_ros.task.ament_cmake.build:Building ROS package in '/home/u3/college/AI_For_robotics/moveit2_obb/src/robot_description' with build type 'ament_cmake'
[0.276s] INFO:colcon.colcon_cmake.task.cmake.build:Building CMake package in '/home/u3/college/AI_For_robotics/moveit2_obb/src/robot_description'
[0.276s] INFO:colcon.colcon_core.shell:Skip shell extension 'powershell' for command environment: Not usable outside of PowerShell
[0.276s] DEBUG:colcon.colcon_core.shell:Skip shell extension 'dsv' for command environment
[0.280s] INFO:colcon.colcon_ros.task.ament_cmake.build:Building ROS package in '/home/u3/college/AI_For_robotics/moveit2_obb/src/yolov8_obb_msgs' with build type 'ament_cmake'
[0.280s] INFO:colcon.colcon_cmake.task.cmake.build:Building CMake package in '/home/u3/college/AI_For_robotics/moveit2_obb/src/yolov8_obb_msgs'
[0.280s] INFO:colcon.colcon_core.shell:Skip shell extension 'powershell' for command environment: Not usable outside of PowerShell
[0.280s] DEBUG:colcon.colcon_core.shell:Skip shell extension 'dsv' for command environment
[0.283s] INFO:colcon.colcon_ros.task.ament_cmake.build:Building ROS package in '/home/u3/college/AI_For_robotics/moveit2_obb/src/yolov8_obb' with build type 'ament_cmake'
[0.283s] INFO:colcon.colcon_cmake.task.cmake.build:Building CMake package in '/home/u3/college/AI_For_robotics/moveit2_obb/src/yolov8_obb'
[0.283s] INFO:colcon.colcon_core.shell:Skip shell extension 'powershell' for command environment: Not usable outside of PowerShell
[0.283s] DEBUG:colcon.colcon_core.shell:Skip shell extension 'dsv' for command environment
[0.289s] DEBUG:colcon.colcon_core.event_handler.log_command:Invoking command in '/home/u3/college/AI_For_robotics/moveit2_obb/build/panda_moveit_config': CMAKE_PREFIX_PATH=${CMAKE_PREFIX_PATH}:/opt/ros/jazzy DEBUGINFOD_URLS=https://debuginfod.ubuntu.com /usr/bin/cmake /home/u3/college/AI_For_robotics/moveit2_obb/src/panda_moveit_config -DCMAKE_INSTALL_PREFIX=/home/u3/college/AI_For_robotics/moveit2_obb/install/panda_moveit_config
[0.315s] DEBUG:colcon.colcon_core.event_handler.log_command:Invoking command in '/home/u3/college/AI_For_robotics/moveit2_obb/build/robot_description': CMAKE_PREFIX_PATH=${CMAKE_PREFIX_PATH}:/opt/ros/jazzy DEBUGINFOD_URLS=https://debuginfod.ubuntu.com /usr/bin/cmake /home/u3/college/AI_For_robotics/moveit2_obb/src/robot_description -DCMAKE_INSTALL_PREFIX=/home/u3/college/AI_For_robotics/moveit2_obb/install/robot_description
[0.316s] DEBUG:colcon.colcon_core.event_handler.log_command:Invoking command in '/home/u3/college/AI_For_robotics/moveit2_obb/build/yolov8_msgs': CMAKE_PREFIX_PATH=${CMAKE_PREFIX_PATH}:/opt/ros/jazzy DEBUGINFOD_URLS=https://debuginfod.ubuntu.com /usr/bin/cmake /home/u3/college/AI_For_robotics/moveit2_obb/src/yolov8_obb_msgs -DCMAKE_INSTALL_PREFIX=/home/u3/college/AI_For_robotics/moveit2_obb/install/yolov8_msgs
[0.338s] DEBUG:colcon.colcon_core.event_handler.log_command:Invoking command in '/home/u3/college/AI_For_robotics/moveit2_obb/build/yolov8_obb': CMAKE_PREFIX_PATH=${CMAKE_PREFIX_PATH}:/opt/ros/jazzy DEBUGINFOD_URLS=https://debuginfod.ubuntu.com /usr/bin/cmake /home/u3/college/AI_For_robotics/moveit2_obb/src/yolov8_obb -DCMAKE_INSTALL_PREFIX=/home/u3/college/AI_For_robotics/moveit2_obb/install/yolov8_obb
[4.855s] DEBUG:colcon.colcon_core.event_handler.log_command:Invoked command in '/home/u3/college/AI_For_robotics/moveit2_obb/build/yolov8_obb' returned '0': CMAKE_PREFIX_PATH=${CMAKE_PREFIX_PATH}:/opt/ros/jazzy DEBUGINFOD_URLS=https://debuginfod.ubuntu.com /usr/bin/cmake /home/u3/college/AI_For_robotics/moveit2_obb/src/yolov8_obb -DCMAKE_INSTALL_PREFIX=/home/u3/college/AI_For_robotics/moveit2_obb/install/yolov8_obb
[4.858s] DEBUG:colcon.colcon_core.event_handler.log_command:Invoking command in '/home/u3/college/AI_For_robotics/moveit2_obb/build/yolov8_obb': CMAKE_PREFIX_PATH=${CMAKE_PREFIX_PATH}:/opt/ros/jazzy DEBUGINFOD_URLS=https://debuginfod.ubuntu.com /usr/bin/cmake --build /home/u3/college/AI_For_robotics/moveit2_obb/build/yolov8_obb -- -j16 -l16
[4.919s] DEBUG:colcon.colcon_core.event_handler.log_command:Invoked command in '/home/u3/college/AI_For_robotics/moveit2_obb/build/yolov8_obb' returned '0': CMAKE_PREFIX_PATH=${CMAKE_PREFIX_PATH}:/opt/ros/jazzy DEBUGINFOD_URLS=https://debuginfod.ubuntu.com /usr/bin/cmake --build /home/u3/college/AI_For_robotics/moveit2_obb/build/yolov8_obb -- -j16 -l16
[4.930s] DEBUG:colcon.colcon_core.event_handler.log_command:Invoking command in '/home/u3/college/AI_For_robotics/moveit2_obb/build/yolov8_obb': CMAKE_PREFIX_PATH=${CMAKE_PREFIX_PATH}:/opt/ros/jazzy DEBUGINFOD_URLS=https://debuginfod.ubuntu.com /usr/bin/cmake --install /home/u3/college/AI_For_robotics/moveit2_obb/build/yolov8_obb
[4.951s] Level 1:colcon.colcon_core.environment:create_environment_scripts_only(yolov8_obb)
[4.951s] DEBUG:colcon.colcon_core.event_handler.log_command:Invoked command in '/home/u3/college/AI_For_robotics/moveit2_obb/build/yolov8_obb' returned '0': CMAKE_PREFIX_PATH=${CMAKE_PREFIX_PATH}:/opt/ros/jazzy DEBUGINFOD_URLS=https://debuginfod.ubuntu.com /usr/bin/cmake --install /home/u3/college/AI_For_robotics/moveit2_obb/build/yolov8_obb
[5.232s] Level 1:colcon.colcon_core.environment:checking '/home/u3/college/AI_For_robotics/moveit2_obb/install/yolov8_obb' for CMake module files
[5.233s] Level 1:colcon.colcon_core.environment:checking '/home/u3/college/AI_For_robotics/moveit2_obb/install/yolov8_obb' for CMake config files
[5.234s] Level 1:colcon.colcon_core.shell:create_environment_hook('yolov8_obb', 'cmake_prefix_path')
[5.234s] INFO:colcon.colcon_core.shell:Creating environment hook '/home/u3/college/AI_For_robotics/moveit2_obb/install/yolov8_obb/share/yolov8_obb/hook/cmake_prefix_path.ps1'
[5.291s] INFO:colcon.colcon_core.shell:Creating environment descriptor '/home/u3/college/AI_For_robotics/moveit2_obb/install/yolov8_obb/share/yolov8_obb/hook/cmake_prefix_path.dsv'
[5.308s] INFO:colcon.colcon_core.shell:Creating environment hook '/home/u3/college/AI_For_robotics/moveit2_obb/install/yolov8_obb/share/yolov8_obb/hook/cmake_prefix_path.sh'
[5.319s] Level 1:colcon.colcon_core.environment:checking '/home/u3/college/AI_For_robotics/moveit2_obb/install/yolov8_obb/lib'
[5.319s] Level 1:colcon.colcon_core.environment:checking '/home/u3/college/AI_For_robotics/moveit2_obb/install/yolov8_obb/bin'
[5.319s] Level 1:colcon.colcon_core.environment:checking '/home/u3/college/AI_For_robotics/moveit2_obb/install/yolov8_obb/lib/pkgconfig/yolov8_obb.pc'
[5.320s] Level 1:colcon.colcon_core.environment:checking '/home/u3/college/AI_For_robotics/moveit2_obb/install/yolov8_obb/lib/python3.12/site-packages'
[5.320s] Level 1:colcon.colcon_core.environment:checking '/home/u3/college/AI_For_robotics/moveit2_obb/install/yolov8_obb/bin'
[5.321s] INFO:colcon.colcon_core.shell:Creating package script '/home/u3/college/AI_For_robotics/moveit2_obb/install/yolov8_obb/share/yolov8_obb/package.ps1'
[5.322s] INFO:colcon.colcon_core.shell:Creating package descriptor '/home/u3/college/AI_For_robotics/moveit2_obb/install/yolov8_obb/share/yolov8_obb/package.dsv'
[5.324s] INFO:colcon.colcon_core.shell:Creating package script '/home/u3/college/AI_For_robotics/moveit2_obb/install/yolov8_obb/share/yolov8_obb/package.sh'
[5.326s] INFO:colcon.colcon_core.shell:Creating package script '/home/u3/college/AI_For_robotics/moveit2_obb/install/yolov8_obb/share/yolov8_obb/package.bash'
[5.497s] INFO:colcon.colcon_core.shell:Creating package script '/home/u3/college/AI_For_robotics/moveit2_obb/install/yolov8_obb/share/yolov8_obb/package.zsh'
[5.515s] Level 1:colcon.colcon_core.environment:create_file_with_runtime_dependencies(/home/u3/college/AI_For_robotics/moveit2_obb/install/yolov8_obb/share/colcon-core/packages/yolov8_obb)
[5.517s] Level 1:colcon.colcon_core.environment:create_environment_scripts_only(yolov8_obb)
[5.517s] Level 1:colcon.colcon_core.environment:checking '/home/u3/college/AI_For_robotics/moveit2_obb/install/yolov8_obb' for CMake module files
[5.520s] Level 1:colcon.colcon_core.environment:checking '/home/u3/college/AI_For_robotics/moveit2_obb/install/yolov8_obb' for CMake config files
[5.522s] Level 1:colcon.colcon_core.shell:create_environment_hook('yolov8_obb', 'cmake_prefix_path')
[5.522s] INFO:colcon.colcon_core.shell:Creating environment hook '/home/u3/college/AI_For_robotics/moveit2_obb/install/yolov8_obb/share/yolov8_obb/hook/cmake_prefix_path.ps1'
[5.524s] INFO:colcon.colcon_core.shell:Creating environment descriptor '/home/u3/college/AI_For_robotics/moveit2_obb/install/yolov8_obb/share/yolov8_obb/hook/cmake_prefix_path.dsv'
[5.525s] INFO:colcon.colcon_core.shell:Creating environment hook '/home/u3/college/AI_For_robotics/moveit2_obb/install/yolov8_obb/share/yolov8_obb/hook/cmake_prefix_path.sh'
[5.527s] Level 1:colcon.colcon_core.environment:checking '/home/u3/college/AI_For_robotics/moveit2_obb/install/yolov8_obb/lib'
[5.528s] Level 1:colcon.colcon_core.environment:checking '/home/u3/college/AI_For_robotics/moveit2_obb/install/yolov8_obb/bin'
[5.528s] Level 1:colcon.colcon_core.environment:checking '/home/u3/college/AI_For_robotics/moveit2_obb/install/yolov8_obb/lib/pkgconfig/yolov8_obb.pc'
[5.529s] Level 1:colcon.colcon_core.environment:checking '/home/u3/college/AI_For_robotics/moveit2_obb/install/yolov8_obb/lib/python3.12/site-packages'
[5.529s] Level 1:colcon.colcon_core.environment:checking '/home/u3/college/AI_For_robotics/moveit2_obb/install/yolov8_obb/bin'
[5.530s] INFO:colcon.colcon_core.shell:Creating package script '/home/u3/college/AI_For_robotics/moveit2_obb/install/yolov8_obb/share/yolov8_obb/package.ps1'
[5.532s] INFO:colcon.colcon_core.shell:Creating package descriptor '/home/u3/college/AI_For_robotics/moveit2_obb/install/yolov8_obb/share/yolov8_obb/package.dsv'
[5.534s] INFO:colcon.colcon_core.shell:Creating package script '/home/u3/college/AI_For_robotics/moveit2_obb/install/yolov8_obb/share/yolov8_obb/package.sh'
[5.536s] INFO:colcon.colcon_core.shell:Creating package script '/home/u3/college/AI_For_robotics/moveit2_obb/install/yolov8_obb/share/yolov8_obb/package.bash'
[5.537s] INFO:colcon.colcon_core.shell:Creating package script '/home/u3/college/AI_For_robotics/moveit2_obb/install/yolov8_obb/share/yolov8_obb/package.zsh'
[5.539s] Level 1:colcon.colcon_core.environment:create_file_with_runtime_dependencies(/home/u3/college/AI_For_robotics/moveit2_obb/install/yolov8_obb/share/colcon-core/packages/yolov8_obb)
[5.543s] DEBUG:colcon.colcon_core.event_handler.log_command:Invoked command in '/home/u3/college/AI_For_robotics/moveit2_obb/build/robot_description' returned '0': CMAKE_PREFIX_PATH=${CMAKE_PREFIX_PATH}:/opt/ros/jazzy DEBUGINFOD_URLS=https://debuginfod.ubuntu.com /usr/bin/cmake /home/u3/college/AI_For_robotics/moveit2_obb/src/robot_description -DCMAKE_INSTALL_PREFIX=/home/u3/college/AI_For_robotics/moveit2_obb/install/robot_description
[5.546s] DEBUG:colcon.colcon_core.event_handler.log_command:Invoking command in '/home/u3/college/AI_For_robotics/moveit2_obb/build/robot_description': CMAKE_PREFIX_PATH=${CMAKE_PREFIX_PATH}:/opt/ros/jazzy DEBUGINFOD_URLS=https://debuginfod.ubuntu.com /usr/bin/cmake --build /home/u3/college/AI_For_robotics/moveit2_obb/build/robot_description -- -j16 -l16
[5.598s] DEBUG:colcon.colcon_core.event_handler.log_command:Invoked command in '/home/u3/college/AI_For_robotics/moveit2_obb/build/robot_description' returned '0': CMAKE_PREFIX_PATH=${CMAKE_PREFIX_PATH}:/opt/ros/jazzy DEBUGINFOD_URLS=https://debuginfod.ubuntu.com /usr/bin/cmake --build /home/u3/college/AI_For_robotics/moveit2_obb/build/robot_description -- -j16 -l16
[5.599s] DEBUG:colcon.colcon_core.event_handler.log_command:Invoking command in '/home/u3/college/AI_For_robotics/moveit2_obb/build/robot_description': CMAKE_PREFIX_PATH=${CMAKE_PREFIX_PATH}:/opt/ros/jazzy DEBUGINFOD_URLS=https://debuginfod.ubuntu.com /usr/bin/cmake --install /home/u3/college/AI_For_robotics/moveit2_obb/build/robot_description
[5.628s] Level 1:colcon.colcon_core.environment:create_environment_scripts_only(robot_description)
[5.629s] Level 1:colcon.colcon_core.environment:checking '/home/u3/college/AI_For_robotics/moveit2_obb/install/robot_description' for CMake module files
[5.629s] DEBUG:colcon.colcon_core.event_handler.log_command:Invoked command in '/home/u3/college/AI_For_robotics/moveit2_obb/build/robot_description' returned '0': CMAKE_PREFIX_PATH=${CMAKE_PREFIX_PATH}:/opt/ros/jazzy DEBUGINFOD_URLS=https://debuginfod.ubuntu.com /usr/bin/cmake --install /home/u3/college/AI_For_robotics/moveit2_obb/build/robot_description
[5.630s] Level 1:colcon.colcon_core.environment:checking '/home/u3/college/AI_For_robotics/moveit2_obb/install/robot_description' for CMake config files
[5.631s] Level 1:colcon.colcon_core.shell:create_environment_hook('robot_description', 'cmake_prefix_path')
[5.631s] INFO:colcon.colcon_core.shell:Creating environment hook '/home/u3/college/AI_For_robotics/moveit2_obb/install/robot_description/share/robot_description/hook/cmake_prefix_path.ps1'
[5.632s] INFO:colcon.colcon_core.shell:Creating environment descriptor '/home/u3/college/AI_For_robotics/moveit2_obb/install/robot_description/share/robot_description/hook/cmake_prefix_path.dsv'
[5.632s] INFO:colcon.colcon_core.shell:Creating environment hook '/home/u3/college/AI_For_robotics/moveit2_obb/install/robot_description/share/robot_description/hook/cmake_prefix_path.sh'
[5.633s] Level 1:colcon.colcon_core.environment:checking '/home/u3/college/AI_For_robotics/moveit2_obb/install/robot_description/bin'
[5.633s] Level 1:colcon.colcon_core.environment:checking '/home/u3/college/AI_For_robotics/moveit2_obb/install/robot_description/lib/pkgconfig/robot_description.pc'
[5.633s] Level 1:colcon.colcon_core.environment:checking '/home/u3/college/AI_For_robotics/moveit2_obb/install/robot_description/lib/python3.12/site-packages'
[5.634s] Level 1:colcon.colcon_core.environment:checking '/home/u3/college/AI_For_robotics/moveit2_obb/install/robot_description/bin'
[5.634s] INFO:colcon.colcon_core.shell:Creating package script '/home/u3/college/AI_For_robotics/moveit2_obb/install/robot_description/share/robot_description/package.ps1'
[5.635s] INFO:colcon.colcon_core.shell:Creating package descriptor '/home/u3/college/AI_For_robotics/moveit2_obb/install/robot_description/share/robot_description/package.dsv'
[5.635s] INFO:colcon.colcon_core.shell:Creating package script '/home/u3/college/AI_For_robotics/moveit2_obb/install/robot_description/share/robot_description/package.sh'
[5.636s] INFO:colcon.colcon_core.shell:Creating package script '/home/u3/college/AI_For_robotics/moveit2_obb/install/robot_description/share/robot_description/package.bash'
[5.637s] INFO:colcon.colcon_core.shell:Creating package script '/home/u3/college/AI_For_robotics/moveit2_obb/install/robot_description/share/robot_description/package.zsh'
[5.637s] Level 1:colcon.colcon_core.environment:create_file_with_runtime_dependencies(/home/u3/college/AI_For_robotics/moveit2_obb/install/robot_description/share/colcon-core/packages/robot_description)
[5.638s] Level 1:colcon.colcon_core.environment:create_environment_scripts_only(robot_description)
[5.639s] Level 1:colcon.colcon_core.environment:checking '/home/u3/college/AI_For_robotics/moveit2_obb/install/robot_description' for CMake module files
[5.639s] Level 1:colcon.colcon_core.environment:checking '/home/u3/college/AI_For_robotics/moveit2_obb/install/robot_description' for CMake config files
[5.640s] Level 1:colcon.colcon_core.shell:create_environment_hook('robot_description', 'cmake_prefix_path')
[5.640s] INFO:colcon.colcon_core.shell:Creating environment hook '/home/u3/college/AI_For_robotics/moveit2_obb/install/robot_description/share/robot_description/hook/cmake_prefix_path.ps1'
[5.641s] INFO:colcon.colcon_core.shell:Creating environment descriptor '/home/u3/college/AI_For_robotics/moveit2_obb/install/robot_description/share/robot_description/hook/cmake_prefix_path.dsv'
[5.641s] INFO:colcon.colcon_core.shell:Creating environment hook '/home/u3/college/AI_For_robotics/moveit2_obb/install/robot_description/share/robot_description/hook/cmake_prefix_path.sh'
[5.642s] Level 1:colcon.colcon_core.environment:checking '/home/u3/college/AI_For_robotics/moveit2_obb/install/robot_description/bin'
[5.642s] Level 1:colcon.colcon_core.environment:checking '/home/u3/college/AI_For_robotics/moveit2_obb/install/robot_description/lib/pkgconfig/robot_description.pc'
[5.643s] Level 1:colcon.colcon_core.environment:checking '/home/u3/college/AI_For_robotics/moveit2_obb/install/robot_description/lib/python3.12/site-packages'
[5.643s] Level 1:colcon.colcon_core.environment:checking '/home/u3/college/AI_For_robotics/moveit2_obb/install/robot_description/bin'
[5.643s] INFO:colcon.colcon_core.shell:Creating package script '/home/u3/college/AI_For_robotics/moveit2_obb/install/robot_description/share/robot_description/package.ps1'
[5.644s] INFO:colcon.colcon_core.shell:Creating package descriptor '/home/u3/college/AI_For_robotics/moveit2_obb/install/robot_description/share/robot_description/package.dsv'
[5.645s] INFO:colcon.colcon_core.shell:Creating package script '/home/u3/college/AI_For_robotics/moveit2_obb/install/robot_description/share/robot_description/package.sh'
[5.646s] INFO:colcon.colcon_core.shell:Creating package script '/home/u3/college/AI_For_robotics/moveit2_obb/install/robot_description/share/robot_description/package.bash'
[5.646s] INFO:colcon.colcon_core.shell:Creating package script '/home/u3/college/AI_For_robotics/moveit2_obb/install/robot_description/share/robot_description/package.zsh'
[5.647s] Level 1:colcon.colcon_core.environment:create_file_with_runtime_dependencies(/home/u3/college/AI_For_robotics/moveit2_obb/install/robot_description/share/colcon-core/packages/robot_description)
[7.123s] DEBUG:colcon.colcon_core.event_handler.log_command:Invoked command in '/home/u3/college/AI_For_robotics/moveit2_obb/build/panda_moveit_config' returned '0': CMAKE_PREFIX_PATH=${CMAKE_PREFIX_PATH}:/opt/ros/jazzy DEBUGINFOD_URLS=https://debuginfod.ubuntu.com /usr/bin/cmake /home/u3/college/AI_For_robotics/moveit2_obb/src/panda_moveit_config -DCMAKE_INSTALL_PREFIX=/home/u3/college/AI_For_robotics/moveit2_obb/install/panda_moveit_config
[7.125s] DEBUG:colcon.colcon_core.event_handler.log_command:Invoking command in '/home/u3/college/AI_For_robotics/moveit2_obb/build/panda_moveit_config': CMAKE_PREFIX_PATH=${CMAKE_PREFIX_PATH}:/opt/ros/jazzy DEBUGINFOD_URLS=https://debuginfod.ubuntu.com /usr/bin/cmake --build /home/u3/college/AI_For_robotics/moveit2_obb/build/panda_moveit_config -- -j16 -l16
[7.186s] DEBUG:colcon.colcon_core.event_handler.log_command:Invoked command in '/home/u3/college/AI_For_robotics/moveit2_obb/build/panda_moveit_config' returned '0': CMAKE_PREFIX_PATH=${CMAKE_PREFIX_PATH}:/opt/ros/jazzy DEBUGINFOD_URLS=https://debuginfod.ubuntu.com /usr/bin/cmake --build /home/u3/college/AI_For_robotics/moveit2_obb/build/panda_moveit_config -- -j16 -l16
[7.188s] DEBUG:colcon.colcon_core.event_handler.log_command:Invoking command in '/home/u3/college/AI_For_robotics/moveit2_obb/build/panda_moveit_config': CMAKE_PREFIX_PATH=${CMAKE_PREFIX_PATH}:/opt/ros/jazzy DEBUGINFOD_URLS=https://debuginfod.ubuntu.com /usr/bin/cmake --install /home/u3/college/AI_For_robotics/moveit2_obb/build/panda_moveit_config
[7.214s] Level 1:colcon.colcon_core.environment:create_environment_scripts_only(panda_moveit_config)
[7.215s] DEBUG:colcon.colcon_core.event_handler.log_command:Invoked command in '/home/u3/college/AI_For_robotics/moveit2_obb/build/panda_moveit_config' returned '0': CMAKE_PREFIX_PATH=${CMAKE_PREFIX_PATH}:/opt/ros/jazzy DEBUGINFOD_URLS=https://debuginfod.ubuntu.com /usr/bin/cmake --install /home/u3/college/AI_For_robotics/moveit2_obb/build/panda_moveit_config
[7.215s] Level 1:colcon.colcon_core.environment:checking '/home/u3/college/AI_For_robotics/moveit2_obb/install/panda_moveit_config' for CMake module files
[7.217s] Level 1:colcon.colcon_core.environment:checking '/home/u3/college/AI_For_robotics/moveit2_obb/install/panda_moveit_config' for CMake config files
[7.217s] Level 1:colcon.colcon_core.shell:create_environment_hook('panda_moveit_config', 'cmake_prefix_path')
[7.217s] INFO:colcon.colcon_core.shell:Creating environment hook '/home/u3/college/AI_For_robotics/moveit2_obb/install/panda_moveit_config/share/panda_moveit_config/hook/cmake_prefix_path.ps1'
[7.218s] INFO:colcon.colcon_core.shell:Creating environment descriptor '/home/u3/college/AI_For_robotics/moveit2_obb/install/panda_moveit_config/share/panda_moveit_config/hook/cmake_prefix_path.dsv'
[7.219s] INFO:colcon.colcon_core.shell:Creating environment hook '/home/u3/college/AI_For_robotics/moveit2_obb/install/panda_moveit_config/share/panda_moveit_config/hook/cmake_prefix_path.sh'
[7.220s] Level 1:colcon.colcon_core.environment:checking '/home/u3/college/AI_For_robotics/moveit2_obb/install/panda_moveit_config/lib'
[7.220s] Level 1:colcon.colcon_core.environment:checking '/home/u3/college/AI_For_robotics/moveit2_obb/install/panda_moveit_config/bin'
[7.220s] Level 1:colcon.colcon_core.environment:checking '/home/u3/college/AI_For_robotics/moveit2_obb/install/panda_moveit_config/lib/pkgconfig/panda_moveit_config.pc'
[7.221s] Level 1:colcon.colcon_core.environment:checking '/home/u3/college/AI_For_robotics/moveit2_obb/install/panda_moveit_config/lib/python3.12/site-packages'
[7.221s] Level 1:colcon.colcon_core.environment:checking '/home/u3/college/AI_For_robotics/moveit2_obb/install/panda_moveit_config/bin'
[7.222s] INFO:colcon.colcon_core.shell:Creating package script '/home/u3/college/AI_For_robotics/moveit2_obb/install/panda_moveit_config/share/panda_moveit_config/package.ps1'
[7.223s] INFO:colcon.colcon_core.shell:Creating package descriptor '/home/u3/college/AI_For_robotics/moveit2_obb/install/panda_moveit_config/share/panda_moveit_config/package.dsv'
[7.223s] INFO:colcon.colcon_core.shell:Creating package script '/home/u3/college/AI_For_robotics/moveit2_obb/install/panda_moveit_config/share/panda_moveit_config/package.sh'
[7.224s] INFO:colcon.colcon_core.shell:Creating package script '/home/u3/college/AI_For_robotics/moveit2_obb/install/panda_moveit_config/share/panda_moveit_config/package.bash'
[7.225s] INFO:colcon.colcon_core.shell:Creating package script '/home/u3/college/AI_For_robotics/moveit2_obb/install/panda_moveit_config/share/panda_moveit_config/package.zsh'
[7.225s] Level 1:colcon.colcon_core.environment:create_file_with_runtime_dependencies(/home/u3/college/AI_For_robotics/moveit2_obb/install/panda_moveit_config/share/colcon-core/packages/panda_moveit_config)
[7.227s] Level 1:colcon.colcon_core.environment:create_environment_scripts_only(panda_moveit_config)
[7.227s] Level 1:colcon.colcon_core.environment:checking '/home/u3/college/AI_For_robotics/moveit2_obb/install/panda_moveit_config' for CMake module files
[7.228s] Level 1:colcon.colcon_core.environment:checking '/home/u3/college/AI_For_robotics/moveit2_obb/install/panda_moveit_config' for CMake config files
[7.229s] Level 1:colcon.colcon_core.shell:create_environment_hook('panda_moveit_config', 'cmake_prefix_path')
[7.229s] INFO:colcon.colcon_core.shell:Creating environment hook '/home/u3/college/AI_For_robotics/moveit2_obb/install/panda_moveit_config/share/panda_moveit_config/hook/cmake_prefix_path.ps1'
[7.230s] INFO:colcon.colcon_core.shell:Creating environment descriptor '/home/u3/college/AI_For_robotics/moveit2_obb/install/panda_moveit_config/share/panda_moveit_config/hook/cmake_prefix_path.dsv'
[7.231s] INFO:colcon.colcon_core.shell:Creating environment hook '/home/u3/college/AI_For_robotics/moveit2_obb/install/panda_moveit_config/share/panda_moveit_config/hook/cmake_prefix_path.sh'
[7.232s] Level 1:colcon.colcon_core.environment:checking '/home/u3/college/AI_For_robotics/moveit2_obb/install/panda_moveit_config/lib'
[7.232s] Level 1:colcon.colcon_core.environment:checking '/home/u3/college/AI_For_robotics/moveit2_obb/install/panda_moveit_config/bin'
[7.232s] Level 1:colcon.colcon_core.environment:checking '/home/u3/college/AI_For_robotics/moveit2_obb/install/panda_moveit_config/lib/pkgconfig/panda_moveit_config.pc'
[7.233s] Level 1:colcon.colcon_core.environment:checking '/home/u3/college/AI_For_robotics/moveit2_obb/install/panda_moveit_config/lib/python3.12/site-packages'
[7.233s] Level 1:colcon.colcon_core.environment:checking '/home/u3/college/AI_For_robotics/moveit2_obb/install/panda_moveit_config/bin'
[7.233s] INFO:colcon.colcon_core.shell:Creating package script '/home/u3/college/AI_For_robotics/moveit2_obb/install/panda_moveit_config/share/panda_moveit_config/package.ps1'
[7.234s] INFO:colcon.colcon_core.shell:Creating package descriptor '/home/u3/college/AI_For_robotics/moveit2_obb/install/panda_moveit_config/share/panda_moveit_config/package.dsv'
[7.235s] INFO:colcon.colcon_core.shell:Creating package script '/home/u3/college/AI_For_robotics/moveit2_obb/install/panda_moveit_config/share/panda_moveit_config/package.sh'
[7.236s] INFO:colcon.colcon_core.shell:Creating package script '/home/u3/college/AI_For_robotics/moveit2_obb/install/panda_moveit_config/share/panda_moveit_config/package.bash'
[7.237s] INFO:colcon.colcon_core.shell:Creating package script '/home/u3/college/AI_For_robotics/moveit2_obb/install/panda_moveit_config/share/panda_moveit_config/package.zsh'
[7.238s] Level 1:colcon.colcon_core.environment:create_file_with_runtime_dependencies(/home/u3/college/AI_For_robotics/moveit2_obb/install/panda_moveit_config/share/colcon-core/packages/panda_moveit_config)
[11.074s] DEBUG:colcon.colcon_core.event_handler.log_command:Invoked command in '/home/u3/college/AI_For_robotics/moveit2_obb/build/yolov8_msgs' returned '0': CMAKE_PREFIX_PATH=${CMAKE_PREFIX_PATH}:/opt/ros/jazzy DEBUGINFOD_URLS=https://debuginfod.ubuntu.com /usr/bin/cmake /home/u3/college/AI_For_robotics/moveit2_obb/src/yolov8_obb_msgs -DCMAKE_INSTALL_PREFIX=/home/u3/college/AI_For_robotics/moveit2_obb/install/yolov8_msgs
[11.076s] DEBUG:colcon.colcon_core.event_handler.log_command:Invoking command in '/home/u3/college/AI_For_robotics/moveit2_obb/build/yolov8_msgs': CMAKE_PREFIX_PATH=${CMAKE_PREFIX_PATH}:/opt/ros/jazzy DEBUGINFOD_URLS=https://debuginfod.ubuntu.com /usr/bin/cmake --build /home/u3/college/AI_For_robotics/moveit2_obb/build/yolov8_msgs -- -j16 -l16
[15.918s] DEBUG:colcon.colcon_core.event_handler.log_command:Invoked command in '/home/u3/college/AI_For_robotics/moveit2_obb/build/yolov8_msgs' returned '0': CMAKE_PREFIX_PATH=${CMAKE_PREFIX_PATH}:/opt/ros/jazzy DEBUGINFOD_URLS=https://debuginfod.ubuntu.com /usr/bin/cmake --build /home/u3/college/AI_For_robotics/moveit2_obb/build/yolov8_msgs -- -j16 -l16
[15.919s] DEBUG:colcon.colcon_core.event_handler.log_command:Invoking command in '/home/u3/college/AI_For_robotics/moveit2_obb/build/yolov8_msgs': CMAKE_PREFIX_PATH=${CMAKE_PREFIX_PATH}:/opt/ros/jazzy DEBUGINFOD_URLS=https://debuginfod.ubuntu.com /usr/bin/cmake --install /home/u3/college/AI_For_robotics/moveit2_obb/build/yolov8_msgs
[16.048s] Level 1:colcon.colcon_core.environment:create_environment_scripts_only(yolov8_msgs)
[16.049s] Level 1:colcon.colcon_core.environment:checking '/home/u3/college/AI_For_robotics/moveit2_obb/install/yolov8_msgs' for CMake module files
[16.049s] DEBUG:colcon.colcon_core.event_handler.log_command:Invoked command in '/home/u3/college/AI_For_robotics/moveit2_obb/build/yolov8_msgs' returned '0': CMAKE_PREFIX_PATH=${CMAKE_PREFIX_PATH}:/opt/ros/jazzy DEBUGINFOD_URLS=https://debuginfod.ubuntu.com /usr/bin/cmake --install /home/u3/college/AI_For_robotics/moveit2_obb/build/yolov8_msgs
[16.050s] Level 1:colcon.colcon_core.environment:checking '/home/u3/college/AI_For_robotics/moveit2_obb/install/yolov8_msgs' for CMake config files
[16.050s] Level 1:colcon.colcon_core.shell:create_environment_hook('yolov8_msgs', 'cmake_prefix_path')
[16.050s] INFO:colcon.colcon_core.shell:Creating environment hook '/home/u3/college/AI_For_robotics/moveit2_obb/install/yolov8_msgs/share/yolov8_msgs/hook/cmake_prefix_path.ps1'
[16.051s] INFO:colcon.colcon_core.shell:Creating environment descriptor '/home/u3/college/AI_For_robotics/moveit2_obb/install/yolov8_msgs/share/yolov8_msgs/hook/cmake_prefix_path.dsv'
[16.051s] INFO:colcon.colcon_core.shell:Creating environment hook '/home/u3/college/AI_For_robotics/moveit2_obb/install/yolov8_msgs/share/yolov8_msgs/hook/cmake_prefix_path.sh'
[16.051s] Level 1:colcon.colcon_core.environment:checking '/home/u3/college/AI_For_robotics/moveit2_obb/install/yolov8_msgs/lib'
[16.051s] Level 1:colcon.colcon_core.shell:create_environment_hook('yolov8_msgs', 'ld_library_path_lib')
[16.052s] INFO:colcon.colcon_core.shell:Creating environment hook '/home/u3/college/AI_For_robotics/moveit2_obb/install/yolov8_msgs/share/yolov8_msgs/hook/ld_library_path_lib.ps1'
[16.052s] INFO:colcon.colcon_core.shell:Creating environment descriptor '/home/u3/college/AI_For_robotics/moveit2_obb/install/yolov8_msgs/share/yolov8_msgs/hook/ld_library_path_lib.dsv'
[16.052s] INFO:colcon.colcon_core.shell:Creating environment hook '/home/u3/college/AI_For_robotics/moveit2_obb/install/yolov8_msgs/share/yolov8_msgs/hook/ld_library_path_lib.sh'
[16.052s] Level 1:colcon.colcon_core.environment:checking '/home/u3/college/AI_For_robotics/moveit2_obb/install/yolov8_msgs/bin'
[16.052s] Level 1:colcon.colcon_core.environment:checking '/home/u3/college/AI_For_robotics/moveit2_obb/install/yolov8_msgs/lib/pkgconfig/yolov8_msgs.pc'
[16.052s] Level 1:colcon.colcon_core.environment:checking '/home/u3/college/AI_For_robotics/moveit2_obb/install/yolov8_msgs/lib/python3.12/site-packages'
[16.053s] Level 1:colcon.colcon_core.shell:create_environment_hook('yolov8_msgs', 'pythonpath')
[16.053s] INFO:colcon.colcon_core.shell:Creating environment hook '/home/u3/college/AI_For_robotics/moveit2_obb/install/yolov8_msgs/share/yolov8_msgs/hook/pythonpath.ps1'
[16.053s] INFO:colcon.colcon_core.shell:Creating environment descriptor '/home/u3/college/AI_For_robotics/moveit2_obb/install/yolov8_msgs/share/yolov8_msgs/hook/pythonpath.dsv'
[16.053s] INFO:colcon.colcon_core.shell:Creating environment hook '/home/u3/college/AI_For_robotics/moveit2_obb/install/yolov8_msgs/share/yolov8_msgs/hook/pythonpath.sh'
[16.054s] Level 1:colcon.colcon_core.environment:checking '/home/u3/college/AI_For_robotics/moveit2_obb/install/yolov8_msgs/bin'
[16.054s] INFO:colcon.colcon_core.shell:Creating package script '/home/u3/college/AI_For_robotics/moveit2_obb/install/yolov8_msgs/share/yolov8_msgs/package.ps1'
[16.054s] INFO:colcon.colcon_core.shell:Creating package descriptor '/home/u3/college/AI_For_robotics/moveit2_obb/install/yolov8_msgs/share/yolov8_msgs/package.dsv'
[16.054s] INFO:colcon.colcon_core.shell:Creating package script '/home/u3/college/AI_For_robotics/moveit2_obb/install/yolov8_msgs/share/yolov8_msgs/package.sh'
[16.055s] INFO:colcon.colcon_core.shell:Creating package script '/home/u3/college/AI_For_robotics/moveit2_obb/install/yolov8_msgs/share/yolov8_msgs/package.bash'
[16.055s] INFO:colcon.colcon_core.shell:Creating package script '/home/u3/college/AI_For_robotics/moveit2_obb/install/yolov8_msgs/share/yolov8_msgs/package.zsh'
[16.055s] Level 1:colcon.colcon_core.environment:create_file_with_runtime_dependencies(/home/u3/college/AI_For_robotics/moveit2_obb/install/yolov8_msgs/share/colcon-core/packages/yolov8_msgs)
[16.056s] Level 1:colcon.colcon_core.environment:create_environment_scripts_only(yolov8_msgs)
[16.056s] Level 1:colcon.colcon_core.environment:checking '/home/u3/college/AI_For_robotics/moveit2_obb/install/yolov8_msgs' for CMake module files
[16.056s] Level 1:colcon.colcon_core.environment:checking '/home/u3/college/AI_For_robotics/moveit2_obb/install/yolov8_msgs' for CMake config files
[16.057s] Level 1:colcon.colcon_core.shell:create_environment_hook('yolov8_msgs', 'cmake_prefix_path')
[16.057s] INFO:colcon.colcon_core.shell:Creating environment hook '/home/u3/college/AI_For_robotics/moveit2_obb/install/yolov8_msgs/share/yolov8_msgs/hook/cmake_prefix_path.ps1'
[16.057s] INFO:colcon.colcon_core.shell:Creating environment descriptor '/home/u3/college/AI_For_robotics/moveit2_obb/install/yolov8_msgs/share/yolov8_msgs/hook/cmake_prefix_path.dsv'
[16.057s] INFO:colcon.colcon_core.shell:Creating environment hook '/home/u3/college/AI_For_robotics/moveit2_obb/install/yolov8_msgs/share/yolov8_msgs/hook/cmake_prefix_path.sh'
[16.058s] Level 1:colcon.colcon_core.environment:checking '/home/u3/college/AI_For_robotics/moveit2_obb/install/yolov8_msgs/lib'
[16.058s] Level 1:colcon.colcon_core.shell:create_environment_hook('yolov8_msgs', 'ld_library_path_lib')
[16.058s] INFO:colcon.colcon_core.shell:Creating environment hook '/home/u3/college/AI_For_robotics/moveit2_obb/install/yolov8_msgs/share/yolov8_msgs/hook/ld_library_path_lib.ps1'
[16.058s] INFO:colcon.colcon_core.shell:Creating environment descriptor '/home/u3/college/AI_For_robotics/moveit2_obb/install/yolov8_msgs/share/yolov8_msgs/hook/ld_library_path_lib.dsv'
[16.058s] INFO:colcon.colcon_core.shell:Creating environment hook '/home/u3/college/AI_For_robotics/moveit2_obb/install/yolov8_msgs/share/yolov8_msgs/hook/ld_library_path_lib.sh'
[16.059s] Level 1:colcon.colcon_core.environment:checking '/home/u3/college/AI_For_robotics/moveit2_obb/install/yolov8_msgs/bin'
[16.059s] Level 1:colcon.colcon_core.environment:checking '/home/u3/college/AI_For_robotics/moveit2_obb/install/yolov8_msgs/lib/pkgconfig/yolov8_msgs.pc'
[16.059s] Level 1:colcon.colcon_core.environment:checking '/home/u3/college/AI_For_robotics/moveit2_obb/install/yolov8_msgs/lib/python3.12/site-packages'
[16.059s] Level 1:colcon.colcon_core.shell:create_environment_hook('yolov8_msgs', 'pythonpath')
[16.059s] INFO:colcon.colcon_core.shell:Creating environment hook '/home/u3/college/AI_For_robotics/moveit2_obb/install/yolov8_msgs/share/yolov8_msgs/hook/pythonpath.ps1'
[16.059s] INFO:colcon.colcon_core.shell:Creating environment descriptor '/home/u3/college/AI_For_robotics/moveit2_obb/install/yolov8_msgs/share/yolov8_msgs/hook/pythonpath.dsv'
[16.060s] INFO:colcon.colcon_core.shell:Creating environment hook '/home/u3/college/AI_For_robotics/moveit2_obb/install/yolov8_msgs/share/yolov8_msgs/hook/pythonpath.sh'
[16.060s] Level 1:colcon.colcon_core.environment:checking '/home/u3/college/AI_For_robotics/moveit2_obb/install/yolov8_msgs/bin'
[16.060s] INFO:colcon.colcon_core.shell:Creating package script '/home/u3/college/AI_For_robotics/moveit2_obb/install/yolov8_msgs/share/yolov8_msgs/package.ps1'
[16.061s] INFO:colcon.colcon_core.shell:Creating package descriptor '/home/u3/college/AI_For_robotics/moveit2_obb/install/yolov8_msgs/share/yolov8_msgs/package.dsv'
[16.061s] INFO:colcon.colcon_core.shell:Creating package script '/home/u3/college/AI_For_robotics/moveit2_obb/install/yolov8_msgs/share/yolov8_msgs/package.sh'
[16.061s] INFO:colcon.colcon_core.shell:Creating package script '/home/u3/college/AI_For_robotics/moveit2_obb/install/yolov8_msgs/share/yolov8_msgs/package.bash'
[16.062s] INFO:colcon.colcon_core.shell:Creating package script '/home/u3/college/AI_For_robotics/moveit2_obb/install/yolov8_msgs/share/yolov8_msgs/package.zsh'
[16.062s] Level 1:colcon.colcon_core.environment:create_file_with_runtime_dependencies(/home/u3/college/AI_For_robotics/moveit2_obb/install/yolov8_msgs/share/colcon-core/packages/yolov8_msgs)
[16.062s] DEBUG:colcon.colcon_parallel_executor.executor.parallel:closing loop
[16.063s] DEBUG:colcon.colcon_parallel_executor.executor.parallel:loop closed
[16.063s] DEBUG:colcon.colcon_parallel_executor.executor.parallel:run_until_complete finished with '0'
[16.063s] DEBUG:colcon.colcon_core.event_reactor:joining thread
[16.108s] INFO:colcon.colcon_core.plugin_system:Skipping extension 'colcon_notification.desktop_notification.terminal_notifier': Not used on non-Darwin systems
[16.108s] INFO:colcon.colcon_core.plugin_system:Skipping extension 'colcon_notification.desktop_notification.win32': Not used on non-Windows systems
[16.108s] INFO:colcon.colcon_notification.desktop_notification:Sending desktop notification using 'notify2'
[16.141s] DEBUG:colcon.colcon_core.event_reactor:joined thread
[16.142s] INFO:colcon.colcon_core.shell:Creating prefix script '/home/u3/college/AI_For_robotics/moveit2_obb/install/local_setup.ps1'
[16.203s] INFO:colcon.colcon_core.shell:Creating prefix util module '/home/u3/college/AI_For_robotics/moveit2_obb/install/_local_setup_util_ps1.py'
[16.232s] INFO:colcon.colcon_core.shell:Creating prefix chain script '/home/u3/college/AI_For_robotics/moveit2_obb/install/setup.ps1'
[16.244s] INFO:colcon.colcon_core.shell:Creating prefix script '/home/u3/college/AI_For_robotics/moveit2_obb/install/local_setup.sh'
[16.245s] INFO:colcon.colcon_core.shell:Creating prefix util module '/home/u3/college/AI_For_robotics/moveit2_obb/install/_local_setup_util_sh.py'
[16.245s] INFO:colcon.colcon_core.shell:Creating prefix chain script '/home/u3/college/AI_For_robotics/moveit2_obb/install/setup.sh'
[16.246s] INFO:colcon.colcon_core.shell:Creating prefix script '/home/u3/college/AI_For_robotics/moveit2_obb/install/local_setup.bash'
[16.263s] INFO:colcon.colcon_core.shell:Creating prefix chain script '/home/u3/college/AI_For_robotics/moveit2_obb/install/setup.bash'
[16.265s] INFO:colcon.colcon_core.shell:Creating prefix script '/home/u3/college/AI_For_robotics/moveit2_obb/install/local_setup.zsh'
[16.281s] INFO:colcon.colcon_core.shell:Creating prefix chain script '/home/u3/college/AI_For_robotics/moveit2_obb/install/setup.zsh'
