[0.166s] Invoking command in '/home/u3/college/AI_For_robotics/moveit2_obb/build/yolov8_obb': CMAKE_PREFIX_PATH=${CMAKE_PREFIX_PATH}:/opt/ros/jazzy DEBUGINFOD_URLS=https://debuginfod.ubuntu.com /usr/bin/cmake --build /home/u3/college/AI_For_robotics/moveit2_obb/build/yolov8_obb -- -j16 -l16
[1.303s] Invoked command in '/home/u3/college/AI_For_robotics/moveit2_obb/build/yolov8_obb' returned '0': CMAKE_PREFIX_PATH=${CMAKE_PREFIX_PATH}:/opt/ros/jazzy DEBUGINFOD_URLS=https://debuginfod.ubuntu.com /usr/bin/cmake --build /home/u3/college/AI_For_robotics/moveit2_obb/build/yolov8_obb -- -j16 -l16
[1.320s] Invoking command in '/home/u3/college/AI_For_robotics/moveit2_obb/build/yolov8_obb': CMAKE_PREFIX_PATH=${CMAKE_PREFIX_PATH}:/opt/ros/jazzy DEBUGINFOD_URLS=https://debuginfod.ubuntu.com /usr/bin/cmake --install /home/u3/college/AI_For_robotics/moveit2_obb/build/yolov8_obb
[1.330s] -- Install configuration: ""
[1.330s] -- Up-to-date: /home/u3/college/AI_For_robotics/moveit2_obb/install/yolov8_obb/share/yolov8_obb//scripts
[1.330s] -- Up-to-date: /home/u3/college/AI_For_robotics/moveit2_obb/install/yolov8_obb/share/yolov8_obb//scripts/yolov8_obb_subscriber.py
[1.330s] -- Up-to-date: /home/u3/college/AI_For_robotics/moveit2_obb/install/yolov8_obb/share/yolov8_obb//scripts/yolov8_obb_publisher.py
[1.331s] -- Up-to-date: /home/u3/college/AI_For_robotics/moveit2_obb/install/yolov8_obb/share/yolov8_obb//scripts/best.pt
[1.331s] -- Up-to-date: /home/u3/college/AI_For_robotics/moveit2_obb/install/yolov8_obb/share/yolov8_obb//launch
[1.341s] -- Up-to-date: /home/u3/college/AI_For_robotics/moveit2_obb/install/yolov8_obb/share/yolov8_obb//launch/yolov8_obb.launch.py
[1.348s] -- Up-to-date: /home/u3/college/AI_For_robotics/moveit2_obb/install/yolov8_obb/lib/yolov8_obb/yolov8_obb_publisher.py
[1.348s] -- Up-to-date: /home/u3/college/AI_For_robotics/moveit2_obb/install/yolov8_obb/lib/yolov8_obb/yolov8_obb_subscriber.py
[1.348s] -- Up-to-date: /home/u3/college/AI_For_robotics/moveit2_obb/install/yolov8_obb/lib/yolov8_obb/yolov8_obb.launch.py
[1.349s] -- Up-to-date: /home/u3/college/AI_For_robotics/moveit2_obb/install/yolov8_obb/share/ament_index/resource_index/package_run_dependencies/yolov8_obb
[1.349s] -- Up-to-date: /home/u3/college/AI_For_robotics/moveit2_obb/install/yolov8_obb/share/ament_index/resource_index/parent_prefix_path/yolov8_obb
[1.349s] -- Up-to-date: /home/u3/college/AI_For_robotics/moveit2_obb/install/yolov8_obb/share/yolov8_obb/environment/ament_prefix_path.sh
[1.349s] -- Up-to-date: /home/u3/college/AI_For_robotics/moveit2_obb/install/yolov8_obb/share/yolov8_obb/environment/ament_prefix_path.dsv
[1.349s] -- Up-to-date: /home/u3/college/AI_For_robotics/moveit2_obb/install/yolov8_obb/share/yolov8_obb/environment/path.sh
[1.349s] -- Up-to-date: /home/u3/college/AI_For_robotics/moveit2_obb/install/yolov8_obb/share/yolov8_obb/environment/path.dsv
[1.349s] -- Up-to-date: /home/u3/college/AI_For_robotics/moveit2_obb/install/yolov8_obb/share/yolov8_obb/local_setup.bash
[1.349s] -- Up-to-date: /home/u3/college/AI_For_robotics/moveit2_obb/install/yolov8_obb/share/yolov8_obb/local_setup.sh
[1.349s] -- Up-to-date: /home/u3/college/AI_For_robotics/moveit2_obb/install/yolov8_obb/share/yolov8_obb/local_setup.zsh
[1.349s] -- Up-to-date: /home/u3/college/AI_For_robotics/moveit2_obb/install/yolov8_obb/share/yolov8_obb/local_setup.dsv
[1.349s] -- Installing: /home/u3/college/AI_For_robotics/moveit2_obb/install/yolov8_obb/share/yolov8_obb/package.dsv
[1.349s] -- Up-to-date: /home/u3/college/AI_For_robotics/moveit2_obb/install/yolov8_obb/share/ament_index/resource_index/packages/yolov8_obb
[1.355s] -- Up-to-date: /home/u3/college/AI_For_robotics/moveit2_obb/install/yolov8_obb/share/yolov8_obb/cmake/yolov8_obbConfig.cmake
[1.356s] -- Up-to-date: /home/u3/college/AI_For_robotics/moveit2_obb/install/yolov8_obb/share/yolov8_obb/cmake/yolov8_obbConfig-version.cmake
[1.356s] -- Up-to-date: /home/u3/college/AI_For_robotics/moveit2_obb/install/yolov8_obb/share/yolov8_obb/package.xml
[1.358s] Invoked command in '/home/u3/college/AI_For_robotics/moveit2_obb/build/yolov8_obb' returned '0': CMAKE_PREFIX_PATH=${CMAKE_PREFIX_PATH}:/opt/ros/jazzy DEBUGINFOD_URLS=https://debuginfod.ubuntu.com /usr/bin/cmake --install /home/u3/college/AI_For_robotics/moveit2_obb/build/yolov8_obb
