[0.098s] DEBUG:colcon:Command line arguments: ['/usr/bin/colcon', 'build']
[0.098s] DEBUG:colcon:Parsed command line arguments: Namespace(log_base=None, log_level=None, verb_name='build', build_base='build', install_base='install', merge_install=False, symlink_install=False, test_result_base=None, continue_on_error=False, executor='parallel', parallel_workers=16, event_handlers=None, ignore_user_meta=False, metas=['./colcon.meta'], base_paths=['.'], packages_ignore=None, packages_ignore_regex=None, paths=None, packages_up_to=None, packages_up_to_regex=None, packages_above=None, packages_above_and_dependencies=None, packages_above_depth=None, packages_select_by_dep=None, packages_skip_by_dep=None, packages_skip_up_to=None, packages_select_build_failed=False, packages_skip_build_finished=False, packages_select_test_failures=False, packages_skip_test_passed=False, packages_select=None, packages_skip=None, packages_select_regex=None, packages_skip_regex=None, packages_start=None, packages_end=None, allow_overriding=[], cmake_args=None, cmake_target=None, cmake_target_skip_unavailable=False, cmake_clean_cache=False, cmake_clean_first=False, cmake_force_configure=False, ament_cmake_args=None, catkin_cmake_args=None, catkin_skip_building_tests=False, verb_parser=<colcon_defaults.argument_parser.defaults.DefaultArgumentsDecorator object at 0x7d78e0e2b1d0>, verb_extension=<colcon_core.verb.build.BuildVerb object at 0x7d78e0f838f0>, main=<bound method BuildVerb.main of <colcon_core.verb.build.BuildVerb object at 0x7d78e0f838f0>>)
[0.134s] Level 1:colcon.colcon_core.package_discovery:discover_packages(colcon_meta) check parameters
[0.134s] Level 1:colcon.colcon_core.package_discovery:discover_packages(recursive) check parameters
[0.134s] Level 1:colcon.colcon_core.package_discovery:discover_packages(ignore) check parameters
[0.134s] Level 1:colcon.colcon_core.package_discovery:discover_packages(path) check parameters
[0.134s] Level 1:colcon.colcon_core.package_discovery:discover_packages(colcon_meta) discover
[0.134s] Level 1:colcon.colcon_core.package_discovery:discover_packages(recursive) discover
[0.134s] INFO:colcon.colcon_core.package_discovery:Crawling recursively for packages in '/home/u3/college/AI_For_robotics/moveit2_obb'
[0.134s] Level 1:colcon.colcon_core.package_identification:_identify(.) by extensions ['ignore', 'ignore_ament_install']
[0.134s] Level 1:colcon.colcon_core.package_identification:_identify(.) by extension 'ignore'
[0.134s] Level 1:colcon.colcon_core.package_identification:_identify(.) by extension 'ignore_ament_install'
[0.134s] Level 1:colcon.colcon_core.package_identification:_identify(.) by extensions ['colcon_pkg']
[0.134s] Level 1:colcon.colcon_core.package_identification:_identify(.) by extension 'colcon_pkg'
[0.134s] Level 1:colcon.colcon_core.package_identification:_identify(.) by extensions ['colcon_meta']
[0.134s] Level 1:colcon.colcon_core.package_identification:_identify(.) by extension 'colcon_meta'
[0.134s] Level 1:colcon.colcon_core.package_identification:_identify(.) by extensions ['ros']
[0.134s] Level 1:colcon.colcon_core.package_identification:_identify(.) by extension 'ros'
[0.157s] Level 1:colcon.colcon_core.package_identification:_identify(.) by extensions ['cmake', 'python']
[0.158s] Level 1:colcon.colcon_core.package_identification:_identify(.) by extension 'cmake'
[0.158s] Level 1:colcon.colcon_core.package_identification:_identify(.) by extension 'python'
[0.158s] Level 1:colcon.colcon_core.package_identification:_identify(.) by extensions ['python_setup_py']
[0.158s] Level 1:colcon.colcon_core.package_identification:_identify(.) by extension 'python_setup_py'
[0.158s] Level 1:colcon.colcon_core.package_identification:_identify(UI) by extensions ['ignore', 'ignore_ament_install']
[0.158s] Level 1:colcon.colcon_core.package_identification:_identify(UI) by extension 'ignore'
[0.158s] Level 1:colcon.colcon_core.package_identification:_identify(UI) by extension 'ignore_ament_install'
[0.158s] Level 1:colcon.colcon_core.package_identification:_identify(UI) by extensions ['colcon_pkg']
[0.158s] Level 1:colcon.colcon_core.package_identification:_identify(UI) by extension 'colcon_pkg'
[0.158s] Level 1:colcon.colcon_core.package_identification:_identify(UI) by extensions ['colcon_meta']
[0.158s] Level 1:colcon.colcon_core.package_identification:_identify(UI) by extension 'colcon_meta'
[0.158s] Level 1:colcon.colcon_core.package_identification:_identify(UI) by extensions ['ros']
[0.158s] Level 1:colcon.colcon_core.package_identification:_identify(UI) by extension 'ros'
[0.158s] Level 1:colcon.colcon_core.package_identification:_identify(UI) by extensions ['cmake', 'python']
[0.158s] Level 1:colcon.colcon_core.package_identification:_identify(UI) by extension 'cmake'
[0.158s] Level 1:colcon.colcon_core.package_identification:_identify(UI) by extension 'python'
[0.158s] Level 1:colcon.colcon_core.package_identification:_identify(UI) by extensions ['python_setup_py']
[0.158s] Level 1:colcon.colcon_core.package_identification:_identify(UI) by extension 'python_setup_py'
[0.158s] Level 1:colcon.colcon_core.package_identification:_identify(UI/__pycache__) by extensions ['ignore', 'ignore_ament_install']
[0.158s] Level 1:colcon.colcon_core.package_identification:_identify(UI/__pycache__) by extension 'ignore'
[0.159s] Level 1:colcon.colcon_core.package_identification:_identify(UI/__pycache__) by extension 'ignore_ament_install'
[0.159s] Level 1:colcon.colcon_core.package_identification:_identify(UI/__pycache__) by extensions ['colcon_pkg']
[0.159s] Level 1:colcon.colcon_core.package_identification:_identify(UI/__pycache__) by extension 'colcon_pkg'
[0.159s] Level 1:colcon.colcon_core.package_identification:_identify(UI/__pycache__) by extensions ['colcon_meta']
[0.159s] Level 1:colcon.colcon_core.package_identification:_identify(UI/__pycache__) by extension 'colcon_meta'
[0.159s] Level 1:colcon.colcon_core.package_identification:_identify(UI/__pycache__) by extensions ['ros']
[0.159s] Level 1:colcon.colcon_core.package_identification:_identify(UI/__pycache__) by extension 'ros'
[0.159s] Level 1:colcon.colcon_core.package_identification:_identify(UI/__pycache__) by extensions ['cmake', 'python']
[0.159s] Level 1:colcon.colcon_core.package_identification:_identify(UI/__pycache__) by extension 'cmake'
[0.159s] Level 1:colcon.colcon_core.package_identification:_identify(UI/__pycache__) by extension 'python'
[0.159s] Level 1:colcon.colcon_core.package_identification:_identify(UI/__pycache__) by extensions ['python_setup_py']
[0.159s] Level 1:colcon.colcon_core.package_identification:_identify(UI/__pycache__) by extension 'python_setup_py'
[0.159s] Level 1:colcon.colcon_core.package_identification:_identify(build) by extensions ['ignore', 'ignore_ament_install']
[0.159s] Level 1:colcon.colcon_core.package_identification:_identify(build) by extension 'ignore'
[0.159s] Level 1:colcon.colcon_core.package_identification:_identify(build) ignored
[0.159s] Level 1:colcon.colcon_core.package_identification:_identify(install) by extensions ['ignore', 'ignore_ament_install']
[0.159s] Level 1:colcon.colcon_core.package_identification:_identify(install) by extension 'ignore'
[0.159s] Level 1:colcon.colcon_core.package_identification:_identify(install) ignored
[0.159s] Level 1:colcon.colcon_core.package_identification:_identify(log) by extensions ['ignore', 'ignore_ament_install']
[0.159s] Level 1:colcon.colcon_core.package_identification:_identify(log) by extension 'ignore'
[0.159s] Level 1:colcon.colcon_core.package_identification:_identify(log) ignored
[0.160s] Level 1:colcon.colcon_core.package_identification:_identify(src) by extensions ['ignore', 'ignore_ament_install']
[0.160s] Level 1:colcon.colcon_core.package_identification:_identify(src) by extension 'ignore'
[0.160s] Level 1:colcon.colcon_core.package_identification:_identify(src) by extension 'ignore_ament_install'
[0.160s] Level 1:colcon.colcon_core.package_identification:_identify(src) by extensions ['colcon_pkg']
[0.160s] Level 1:colcon.colcon_core.package_identification:_identify(src) by extension 'colcon_pkg'
[0.160s] Level 1:colcon.colcon_core.package_identification:_identify(src) by extensions ['colcon_meta']
[0.160s] Level 1:colcon.colcon_core.package_identification:_identify(src) by extension 'colcon_meta'
[0.160s] Level 1:colcon.colcon_core.package_identification:_identify(src) by extensions ['ros']
[0.160s] Level 1:colcon.colcon_core.package_identification:_identify(src) by extension 'ros'
[0.160s] Level 1:colcon.colcon_core.package_identification:_identify(src) by extensions ['cmake', 'python']
[0.160s] Level 1:colcon.colcon_core.package_identification:_identify(src) by extension 'cmake'
[0.160s] Level 1:colcon.colcon_core.package_identification:_identify(src) by extension 'python'
[0.160s] Level 1:colcon.colcon_core.package_identification:_identify(src) by extensions ['python_setup_py']
[0.160s] Level 1:colcon.colcon_core.package_identification:_identify(src) by extension 'python_setup_py'
[0.160s] Level 1:colcon.colcon_core.package_identification:_identify(src/panda_moveit_config) by extensions ['ignore', 'ignore_ament_install']
[0.160s] Level 1:colcon.colcon_core.package_identification:_identify(src/panda_moveit_config) by extension 'ignore'
[0.160s] Level 1:colcon.colcon_core.package_identification:_identify(src/panda_moveit_config) by extension 'ignore_ament_install'
[0.160s] Level 1:colcon.colcon_core.package_identification:_identify(src/panda_moveit_config) by extensions ['colcon_pkg']
[0.160s] Level 1:colcon.colcon_core.package_identification:_identify(src/panda_moveit_config) by extension 'colcon_pkg'
[0.160s] Level 1:colcon.colcon_core.package_identification:_identify(src/panda_moveit_config) by extensions ['colcon_meta']
[0.160s] Level 1:colcon.colcon_core.package_identification:_identify(src/panda_moveit_config) by extension 'colcon_meta'
[0.160s] Level 1:colcon.colcon_core.package_identification:_identify(src/panda_moveit_config) by extensions ['ros']
[0.160s] Level 1:colcon.colcon_core.package_identification:_identify(src/panda_moveit_config) by extension 'ros'
[0.163s] DEBUG:colcon.colcon_core.package_identification:Package 'src/panda_moveit_config' with type 'ros.ament_cmake' and name 'panda_moveit_config'
[0.163s] Level 1:colcon.colcon_core.package_identification:_identify(src/robot_description) by extensions ['ignore', 'ignore_ament_install']
[0.163s] Level 1:colcon.colcon_core.package_identification:_identify(src/robot_description) by extension 'ignore'
[0.163s] Level 1:colcon.colcon_core.package_identification:_identify(src/robot_description) by extension 'ignore_ament_install'
[0.163s] Level 1:colcon.colcon_core.package_identification:_identify(src/robot_description) by extensions ['colcon_pkg']
[0.163s] Level 1:colcon.colcon_core.package_identification:_identify(src/robot_description) by extension 'colcon_pkg'
[0.163s] Level 1:colcon.colcon_core.package_identification:_identify(src/robot_description) by extensions ['colcon_meta']
[0.163s] Level 1:colcon.colcon_core.package_identification:_identify(src/robot_description) by extension 'colcon_meta'
[0.163s] Level 1:colcon.colcon_core.package_identification:_identify(src/robot_description) by extensions ['ros']
[0.163s] Level 1:colcon.colcon_core.package_identification:_identify(src/robot_description) by extension 'ros'
[0.163s] DEBUG:colcon.colcon_core.package_identification:Package 'src/robot_description' with type 'ros.ament_cmake' and name 'robot_description'
[0.163s] Level 1:colcon.colcon_core.package_identification:_identify(src/yolov8_obb) by extensions ['ignore', 'ignore_ament_install']
[0.163s] Level 1:colcon.colcon_core.package_identification:_identify(src/yolov8_obb) by extension 'ignore'
[0.164s] Level 1:colcon.colcon_core.package_identification:_identify(src/yolov8_obb) by extension 'ignore_ament_install'
[0.164s] Level 1:colcon.colcon_core.package_identification:_identify(src/yolov8_obb) by extensions ['colcon_pkg']
[0.164s] Level 1:colcon.colcon_core.package_identification:_identify(src/yolov8_obb) by extension 'colcon_pkg'
[0.164s] Level 1:colcon.colcon_core.package_identification:_identify(src/yolov8_obb) by extensions ['colcon_meta']
[0.164s] Level 1:colcon.colcon_core.package_identification:_identify(src/yolov8_obb) by extension 'colcon_meta'
[0.164s] Level 1:colcon.colcon_core.package_identification:_identify(src/yolov8_obb) by extensions ['ros']
[0.164s] Level 1:colcon.colcon_core.package_identification:_identify(src/yolov8_obb) by extension 'ros'
[0.164s] DEBUG:colcon.colcon_core.package_identification:Package 'src/yolov8_obb' with type 'ros.ament_cmake' and name 'yolov8_obb'
[0.164s] Level 1:colcon.colcon_core.package_identification:_identify(src/yolov8_obb_msgs) by extensions ['ignore', 'ignore_ament_install']
[0.164s] Level 1:colcon.colcon_core.package_identification:_identify(src/yolov8_obb_msgs) by extension 'ignore'
[0.164s] Level 1:colcon.colcon_core.package_identification:_identify(src/yolov8_obb_msgs) by extension 'ignore_ament_install'
[0.164s] Level 1:colcon.colcon_core.package_identification:_identify(src/yolov8_obb_msgs) by extensions ['colcon_pkg']
[0.164s] Level 1:colcon.colcon_core.package_identification:_identify(src/yolov8_obb_msgs) by extension 'colcon_pkg'
[0.164s] Level 1:colcon.colcon_core.package_identification:_identify(src/yolov8_obb_msgs) by extensions ['colcon_meta']
[0.164s] Level 1:colcon.colcon_core.package_identification:_identify(src/yolov8_obb_msgs) by extension 'colcon_meta'
[0.164s] Level 1:colcon.colcon_core.package_identification:_identify(src/yolov8_obb_msgs) by extensions ['ros']
[0.164s] Level 1:colcon.colcon_core.package_identification:_identify(src/yolov8_obb_msgs) by extension 'ros'
[0.165s] DEBUG:colcon.colcon_core.package_identification:Package 'src/yolov8_obb_msgs' with type 'ros.ament_cmake' and name 'yolov8_msgs'
[0.165s] Level 1:colcon.colcon_core.package_discovery:discover_packages(recursive) using defaults
[0.165s] Level 1:colcon.colcon_core.package_discovery:discover_packages(ignore) discover
[0.165s] Level 1:colcon.colcon_core.package_discovery:discover_packages(ignore) using defaults
[0.165s] Level 1:colcon.colcon_core.package_discovery:discover_packages(path) discover
[0.165s] Level 1:colcon.colcon_core.package_discovery:discover_packages(path) using defaults
[0.180s] Level 1:colcon.colcon_core.package_discovery:discover_packages(prefix_path) check parameters
[0.180s] Level 1:colcon.colcon_core.package_discovery:discover_packages(prefix_path) discover
[0.183s] DEBUG:colcon.colcon_installed_package_information.package_discovery:Found 4 installed packages in /home/u3/college/AI_For_robotics/moveit2_obb/install
[0.185s] DEBUG:colcon.colcon_installed_package_information.package_discovery:Found 424 installed packages in /opt/ros/jazzy
[0.186s] Level 1:colcon.colcon_core.package_discovery:discover_packages(prefix_path) using defaults
[0.238s] Level 5:colcon.colcon_core.verb:set package 'panda_moveit_config' build argument 'cmake_args' from command line to 'None'
[0.238s] Level 5:colcon.colcon_core.verb:set package 'panda_moveit_config' build argument 'cmake_target' from command line to 'None'
[0.238s] Level 5:colcon.colcon_core.verb:set package 'panda_moveit_config' build argument 'cmake_target_skip_unavailable' from command line to 'False'
[0.238s] Level 5:colcon.colcon_core.verb:set package 'panda_moveit_config' build argument 'cmake_clean_cache' from command line to 'False'
[0.238s] Level 5:colcon.colcon_core.verb:set package 'panda_moveit_config' build argument 'cmake_clean_first' from command line to 'False'
[0.238s] Level 5:colcon.colcon_core.verb:set package 'panda_moveit_config' build argument 'cmake_force_configure' from command line to 'False'
[0.238s] Level 5:colcon.colcon_core.verb:set package 'panda_moveit_config' build argument 'ament_cmake_args' from command line to 'None'
[0.238s] Level 5:colcon.colcon_core.verb:set package 'panda_moveit_config' build argument 'catkin_cmake_args' from command line to 'None'
[0.238s] Level 5:colcon.colcon_core.verb:set package 'panda_moveit_config' build argument 'catkin_skip_building_tests' from command line to 'False'
[0.238s] DEBUG:colcon.colcon_core.verb:Building package 'panda_moveit_config' with the following arguments: {'ament_cmake_args': None, 'build_base': '/home/u3/college/AI_For_robotics/moveit2_obb/build/panda_moveit_config', 'catkin_cmake_args': None, 'catkin_skip_building_tests': False, 'cmake_args': None, 'cmake_clean_cache': False, 'cmake_clean_first': False, 'cmake_force_configure': False, 'cmake_target': None, 'cmake_target_skip_unavailable': False, 'install_base': '/home/u3/college/AI_For_robotics/moveit2_obb/install/panda_moveit_config', 'merge_install': False, 'path': '/home/u3/college/AI_For_robotics/moveit2_obb/src/panda_moveit_config', 'symlink_install': False, 'test_result_base': None}
[0.238s] Level 5:colcon.colcon_core.verb:set package 'robot_description' build argument 'cmake_args' from command line to 'None'
[0.238s] Level 5:colcon.colcon_core.verb:set package 'robot_description' build argument 'cmake_target' from command line to 'None'
[0.238s] Level 5:colcon.colcon_core.verb:set package 'robot_description' build argument 'cmake_target_skip_unavailable' from command line to 'False'
[0.238s] Level 5:colcon.colcon_core.verb:set package 'robot_description' build argument 'cmake_clean_cache' from command line to 'False'
[0.238s] Level 5:colcon.colcon_core.verb:set package 'robot_description' build argument 'cmake_clean_first' from command line to 'False'
[0.238s] Level 5:colcon.colcon_core.verb:set package 'robot_description' build argument 'cmake_force_configure' from command line to 'False'
[0.238s] Level 5:colcon.colcon_core.verb:set package 'robot_description' build argument 'ament_cmake_args' from command line to 'None'
[0.238s] Level 5:colcon.colcon_core.verb:set package 'robot_description' build argument 'catkin_cmake_args' from command line to 'None'
[0.239s] Level 5:colcon.colcon_core.verb:set package 'robot_description' build argument 'catkin_skip_building_tests' from command line to 'False'
[0.239s] DEBUG:colcon.colcon_core.verb:Building package 'robot_description' with the following arguments: {'ament_cmake_args': None, 'build_base': '/home/u3/college/AI_For_robotics/moveit2_obb/build/robot_description', 'catkin_cmake_args': None, 'catkin_skip_building_tests': False, 'cmake_args': None, 'cmake_clean_cache': False, 'cmake_clean_first': False, 'cmake_force_configure': False, 'cmake_target': None, 'cmake_target_skip_unavailable': False, 'install_base': '/home/u3/college/AI_For_robotics/moveit2_obb/install/robot_description', 'merge_install': False, 'path': '/home/u3/college/AI_For_robotics/moveit2_obb/src/robot_description', 'symlink_install': False, 'test_result_base': None}
[0.239s] Level 5:colcon.colcon_core.verb:set package 'yolov8_msgs' build argument 'cmake_args' from command line to 'None'
[0.239s] Level 5:colcon.colcon_core.verb:set package 'yolov8_msgs' build argument 'cmake_target' from command line to 'None'
[0.239s] Level 5:colcon.colcon_core.verb:set package 'yolov8_msgs' build argument 'cmake_target_skip_unavailable' from command line to 'False'
[0.239s] Level 5:colcon.colcon_core.verb:set package 'yolov8_msgs' build argument 'cmake_clean_cache' from command line to 'False'
[0.239s] Level 5:colcon.colcon_core.verb:set package 'yolov8_msgs' build argument 'cmake_clean_first' from command line to 'False'
[0.239s] Level 5:colcon.colcon_core.verb:set package 'yolov8_msgs' build argument 'cmake_force_configure' from command line to 'False'
[0.239s] Level 5:colcon.colcon_core.verb:set package 'yolov8_msgs' build argument 'ament_cmake_args' from command line to 'None'
[0.239s] Level 5:colcon.colcon_core.verb:set package 'yolov8_msgs' build argument 'catkin_cmake_args' from command line to 'None'
[0.239s] Level 5:colcon.colcon_core.verb:set package 'yolov8_msgs' build argument 'catkin_skip_building_tests' from command line to 'False'
[0.239s] DEBUG:colcon.colcon_core.verb:Building package 'yolov8_msgs' with the following arguments: {'ament_cmake_args': None, 'build_base': '/home/u3/college/AI_For_robotics/moveit2_obb/build/yolov8_msgs', 'catkin_cmake_args': None, 'catkin_skip_building_tests': False, 'cmake_args': None, 'cmake_clean_cache': False, 'cmake_clean_first': False, 'cmake_force_configure': False, 'cmake_target': None, 'cmake_target_skip_unavailable': False, 'install_base': '/home/u3/college/AI_For_robotics/moveit2_obb/install/yolov8_msgs', 'merge_install': False, 'path': '/home/u3/college/AI_For_robotics/moveit2_obb/src/yolov8_obb_msgs', 'symlink_install': False, 'test_result_base': None}
[0.239s] Level 5:colcon.colcon_core.verb:set package 'yolov8_obb' build argument 'cmake_args' from command line to 'None'
[0.239s] Level 5:colcon.colcon_core.verb:set package 'yolov8_obb' build argument 'cmake_target' from command line to 'None'
[0.239s] Level 5:colcon.colcon_core.verb:set package 'yolov8_obb' build argument 'cmake_target_skip_unavailable' from command line to 'False'
[0.239s] Level 5:colcon.colcon_core.verb:set package 'yolov8_obb' build argument 'cmake_clean_cache' from command line to 'False'
[0.239s] Level 5:colcon.colcon_core.verb:set package 'yolov8_obb' build argument 'cmake_clean_first' from command line to 'False'
[0.239s] Level 5:colcon.colcon_core.verb:set package 'yolov8_obb' build argument 'cmake_force_configure' from command line to 'False'
[0.239s] Level 5:colcon.colcon_core.verb:set package 'yolov8_obb' build argument 'ament_cmake_args' from command line to 'None'
[0.239s] Level 5:colcon.colcon_core.verb:set package 'yolov8_obb' build argument 'catkin_cmake_args' from command line to 'None'
[0.239s] Level 5:colcon.colcon_core.verb:set package 'yolov8_obb' build argument 'catkin_skip_building_tests' from command line to 'False'
[0.239s] DEBUG:colcon.colcon_core.verb:Building package 'yolov8_obb' with the following arguments: {'ament_cmake_args': None, 'build_base': '/home/u3/college/AI_For_robotics/moveit2_obb/build/yolov8_obb', 'catkin_cmake_args': None, 'catkin_skip_building_tests': False, 'cmake_args': None, 'cmake_clean_cache': False, 'cmake_clean_first': False, 'cmake_force_configure': False, 'cmake_target': None, 'cmake_target_skip_unavailable': False, 'install_base': '/home/u3/college/AI_For_robotics/moveit2_obb/install/yolov8_obb', 'merge_install': False, 'path': '/home/u3/college/AI_For_robotics/moveit2_obb/src/yolov8_obb', 'symlink_install': False, 'test_result_base': None}
[0.239s] INFO:colcon.colcon_core.executor:Executing jobs using 'parallel' executor
[0.240s] DEBUG:colcon.colcon_parallel_executor.executor.parallel:run_until_complete
[0.241s] INFO:colcon.colcon_ros.task.ament_cmake.build:Building ROS package in '/home/u3/college/AI_For_robotics/moveit2_obb/src/panda_moveit_config' with build type 'ament_cmake'
[0.241s] INFO:colcon.colcon_cmake.task.cmake.build:Building CMake package in '/home/u3/college/AI_For_robotics/moveit2_obb/src/panda_moveit_config'
[0.242s] INFO:colcon.colcon_core.plugin_system:Skipping extension 'colcon_core.shell.bat': Not used on non-Windows systems
[0.243s] INFO:colcon.colcon_core.shell:Skip shell extension 'powershell' for command environment: Not usable outside of PowerShell
[0.243s] DEBUG:colcon.colcon_core.shell:Skip shell extension 'dsv' for command environment
[0.247s] INFO:colcon.colcon_ros.task.ament_cmake.build:Building ROS package in '/home/u3/college/AI_For_robotics/moveit2_obb/src/robot_description' with build type 'ament_cmake'
[0.247s] INFO:colcon.colcon_cmake.task.cmake.build:Building CMake package in '/home/u3/college/AI_For_robotics/moveit2_obb/src/robot_description'
[0.247s] INFO:colcon.colcon_core.shell:Skip shell extension 'powershell' for command environment: Not usable outside of PowerShell
[0.247s] DEBUG:colcon.colcon_core.shell:Skip shell extension 'dsv' for command environment
[0.251s] INFO:colcon.colcon_ros.task.ament_cmake.build:Building ROS package in '/home/u3/college/AI_For_robotics/moveit2_obb/src/yolov8_obb_msgs' with build type 'ament_cmake'
[0.251s] INFO:colcon.colcon_cmake.task.cmake.build:Building CMake package in '/home/u3/college/AI_For_robotics/moveit2_obb/src/yolov8_obb_msgs'
[0.251s] INFO:colcon.colcon_core.shell:Skip shell extension 'powershell' for command environment: Not usable outside of PowerShell
[0.251s] DEBUG:colcon.colcon_core.shell:Skip shell extension 'dsv' for command environment
[0.255s] INFO:colcon.colcon_ros.task.ament_cmake.build:Building ROS package in '/home/u3/college/AI_For_robotics/moveit2_obb/src/yolov8_obb' with build type 'ament_cmake'
[0.255s] INFO:colcon.colcon_cmake.task.cmake.build:Building CMake package in '/home/u3/college/AI_For_robotics/moveit2_obb/src/yolov8_obb'
[0.256s] INFO:colcon.colcon_core.shell:Skip shell extension 'powershell' for command environment: Not usable outside of PowerShell
[0.256s] DEBUG:colcon.colcon_core.shell:Skip shell extension 'dsv' for command environment
[0.264s] DEBUG:colcon.colcon_core.event_handler.log_command:Invoking command in '/home/u3/college/AI_For_robotics/moveit2_obb/build/panda_moveit_config': CMAKE_PREFIX_PATH=${CMAKE_PREFIX_PATH}:/opt/ros/jazzy DEBUGINFOD_URLS=https://debuginfod.ubuntu.com /usr/bin/cmake --build /home/u3/college/AI_For_robotics/moveit2_obb/build/panda_moveit_config -- -j16 -l16
[0.267s] DEBUG:colcon.colcon_core.event_handler.log_command:Invoking command in '/home/u3/college/AI_For_robotics/moveit2_obb/build/robot_description': CMAKE_PREFIX_PATH=${CMAKE_PREFIX_PATH}:/opt/ros/jazzy DEBUGINFOD_URLS=https://debuginfod.ubuntu.com /usr/bin/cmake --build /home/u3/college/AI_For_robotics/moveit2_obb/build/robot_description -- -j16 -l16
[0.269s] DEBUG:colcon.colcon_core.event_handler.log_command:Invoking command in '/home/u3/college/AI_For_robotics/moveit2_obb/build/yolov8_msgs': CMAKE_PREFIX_PATH=${CMAKE_PREFIX_PATH}:/opt/ros/jazzy DEBUGINFOD_URLS=https://debuginfod.ubuntu.com /usr/bin/cmake --build /home/u3/college/AI_For_robotics/moveit2_obb/build/yolov8_msgs -- -j16 -l16
[0.294s] DEBUG:colcon.colcon_core.event_handler.log_command:Invoking command in '/home/u3/college/AI_For_robotics/moveit2_obb/build/yolov8_obb': CMAKE_PREFIX_PATH=${CMAKE_PREFIX_PATH}:/opt/ros/jazzy DEBUGINFOD_URLS=https://debuginfod.ubuntu.com /usr/bin/cmake --build /home/u3/college/AI_For_robotics/moveit2_obb/build/yolov8_obb -- -j16 -l16
[0.316s] DEBUG:colcon.colcon_core.event_handler.log_command:Invoked command in '/home/u3/college/AI_For_robotics/moveit2_obb/build/robot_description' returned '0': CMAKE_PREFIX_PATH=${CMAKE_PREFIX_PATH}:/opt/ros/jazzy DEBUGINFOD_URLS=https://debuginfod.ubuntu.com /usr/bin/cmake --build /home/u3/college/AI_For_robotics/moveit2_obb/build/robot_description -- -j16 -l16
[0.328s] DEBUG:colcon.colcon_core.event_handler.log_command:Invoking command in '/home/u3/college/AI_For_robotics/moveit2_obb/build/robot_description': CMAKE_PREFIX_PATH=${CMAKE_PREFIX_PATH}:/opt/ros/jazzy DEBUGINFOD_URLS=https://debuginfod.ubuntu.com /usr/bin/cmake --install /home/u3/college/AI_For_robotics/moveit2_obb/build/robot_description
[0.330s] DEBUG:colcon.colcon_core.event_handler.log_command:Invoked command in '/home/u3/college/AI_For_robotics/moveit2_obb/build/panda_moveit_config' returned '0': CMAKE_PREFIX_PATH=${CMAKE_PREFIX_PATH}:/opt/ros/jazzy DEBUGINFOD_URLS=https://debuginfod.ubuntu.com /usr/bin/cmake --build /home/u3/college/AI_For_robotics/moveit2_obb/build/panda_moveit_config -- -j16 -l16
[0.331s] DEBUG:colcon.colcon_core.event_handler.log_command:Invoking command in '/home/u3/college/AI_For_robotics/moveit2_obb/build/panda_moveit_config': CMAKE_PREFIX_PATH=${CMAKE_PREFIX_PATH}:/opt/ros/jazzy DEBUGINFOD_URLS=https://debuginfod.ubuntu.com /usr/bin/cmake --install /home/u3/college/AI_For_robotics/moveit2_obb/build/panda_moveit_config
[0.346s] Level 1:colcon.colcon_core.environment:create_environment_scripts_only(robot_description)
[0.352s] DEBUG:colcon.colcon_core.event_handler.log_command:Invoked command in '/home/u3/college/AI_For_robotics/moveit2_obb/build/robot_description' returned '0': CMAKE_PREFIX_PATH=${CMAKE_PREFIX_PATH}:/opt/ros/jazzy DEBUGINFOD_URLS=https://debuginfod.ubuntu.com /usr/bin/cmake --install /home/u3/college/AI_For_robotics/moveit2_obb/build/robot_description
[0.354s] Level 1:colcon.colcon_core.environment:checking '/home/u3/college/AI_For_robotics/moveit2_obb/install/robot_description' for CMake module files
[0.354s] Level 1:colcon.colcon_core.environment:checking '/home/u3/college/AI_For_robotics/moveit2_obb/install/robot_description' for CMake config files
[0.355s] Level 1:colcon.colcon_core.shell:create_environment_hook('robot_description', 'cmake_prefix_path')
[0.355s] INFO:colcon.colcon_core.shell:Creating environment hook '/home/u3/college/AI_For_robotics/moveit2_obb/install/robot_description/share/robot_description/hook/cmake_prefix_path.ps1'
[0.355s] INFO:colcon.colcon_core.shell:Creating environment descriptor '/home/u3/college/AI_For_robotics/moveit2_obb/install/robot_description/share/robot_description/hook/cmake_prefix_path.dsv'
[0.356s] INFO:colcon.colcon_core.shell:Creating environment hook '/home/u3/college/AI_For_robotics/moveit2_obb/install/robot_description/share/robot_description/hook/cmake_prefix_path.sh'
[0.356s] Level 1:colcon.colcon_core.environment:checking '/home/u3/college/AI_For_robotics/moveit2_obb/install/robot_description/bin'
[0.356s] Level 1:colcon.colcon_core.environment:checking '/home/u3/college/AI_For_robotics/moveit2_obb/install/robot_description/lib/pkgconfig/robot_description.pc'
[0.357s] Level 1:colcon.colcon_core.environment:checking '/home/u3/college/AI_For_robotics/moveit2_obb/install/robot_description/lib/python3.12/site-packages'
[0.357s] Level 1:colcon.colcon_core.environment:checking '/home/u3/college/AI_For_robotics/moveit2_obb/install/robot_description/bin'
[0.357s] INFO:colcon.colcon_core.shell:Creating package script '/home/u3/college/AI_For_robotics/moveit2_obb/install/robot_description/share/robot_description/package.ps1'
[0.358s] INFO:colcon.colcon_core.shell:Creating package descriptor '/home/u3/college/AI_For_robotics/moveit2_obb/install/robot_description/share/robot_description/package.dsv'
[0.358s] INFO:colcon.colcon_core.shell:Creating package script '/home/u3/college/AI_For_robotics/moveit2_obb/install/robot_description/share/robot_description/package.sh'
[0.359s] INFO:colcon.colcon_core.shell:Creating package script '/home/u3/college/AI_For_robotics/moveit2_obb/install/robot_description/share/robot_description/package.bash'
[0.359s] INFO:colcon.colcon_core.shell:Creating package script '/home/u3/college/AI_For_robotics/moveit2_obb/install/robot_description/share/robot_description/package.zsh'
[0.360s] Level 1:colcon.colcon_core.environment:create_file_with_runtime_dependencies(/home/u3/college/AI_For_robotics/moveit2_obb/install/robot_description/share/colcon-core/packages/robot_description)
[0.360s] Level 1:colcon.colcon_core.environment:create_environment_scripts_only(robot_description)
[0.360s] Level 1:colcon.colcon_core.environment:checking '/home/u3/college/AI_For_robotics/moveit2_obb/install/robot_description' for CMake module files
[0.361s] Level 1:colcon.colcon_core.environment:checking '/home/u3/college/AI_For_robotics/moveit2_obb/install/robot_description' for CMake config files
[0.361s] Level 1:colcon.colcon_core.shell:create_environment_hook('robot_description', 'cmake_prefix_path')
[0.361s] INFO:colcon.colcon_core.shell:Creating environment hook '/home/u3/college/AI_For_robotics/moveit2_obb/install/robot_description/share/robot_description/hook/cmake_prefix_path.ps1'
[0.362s] INFO:colcon.colcon_core.shell:Creating environment descriptor '/home/u3/college/AI_For_robotics/moveit2_obb/install/robot_description/share/robot_description/hook/cmake_prefix_path.dsv'
[0.362s] INFO:colcon.colcon_core.shell:Creating environment hook '/home/u3/college/AI_For_robotics/moveit2_obb/install/robot_description/share/robot_description/hook/cmake_prefix_path.sh'
[0.363s] Level 1:colcon.colcon_core.environment:checking '/home/u3/college/AI_For_robotics/moveit2_obb/install/robot_description/bin'
[0.363s] Level 1:colcon.colcon_core.environment:checking '/home/u3/college/AI_For_robotics/moveit2_obb/install/robot_description/lib/pkgconfig/robot_description.pc'
[0.363s] Level 1:colcon.colcon_core.environment:checking '/home/u3/college/AI_For_robotics/moveit2_obb/install/robot_description/lib/python3.12/site-packages'
[0.363s] Level 1:colcon.colcon_core.environment:checking '/home/u3/college/AI_For_robotics/moveit2_obb/install/robot_description/bin'
[0.363s] INFO:colcon.colcon_core.shell:Creating package script '/home/u3/college/AI_For_robotics/moveit2_obb/install/robot_description/share/robot_description/package.ps1'
[0.364s] INFO:colcon.colcon_core.shell:Creating package descriptor '/home/u3/college/AI_For_robotics/moveit2_obb/install/robot_description/share/robot_description/package.dsv'
[0.364s] INFO:colcon.colcon_core.shell:Creating package script '/home/u3/college/AI_For_robotics/moveit2_obb/install/robot_description/share/robot_description/package.sh'
[0.364s] INFO:colcon.colcon_core.shell:Creating package script '/home/u3/college/AI_For_robotics/moveit2_obb/install/robot_description/share/robot_description/package.bash'
[0.365s] INFO:colcon.colcon_core.shell:Creating package script '/home/u3/college/AI_For_robotics/moveit2_obb/install/robot_description/share/robot_description/package.zsh'
[0.365s] Level 1:colcon.colcon_core.environment:create_file_with_runtime_dependencies(/home/u3/college/AI_For_robotics/moveit2_obb/install/robot_description/share/colcon-core/packages/robot_description)
[0.368s] DEBUG:colcon.colcon_core.event_handler.log_command:Invoked command in '/home/u3/college/AI_For_robotics/moveit2_obb/build/yolov8_obb' returned '0': CMAKE_PREFIX_PATH=${CMAKE_PREFIX_PATH}:/opt/ros/jazzy DEBUGINFOD_URLS=https://debuginfod.ubuntu.com /usr/bin/cmake --build /home/u3/college/AI_For_robotics/moveit2_obb/build/yolov8_obb -- -j16 -l16
[0.368s] DEBUG:colcon.colcon_core.event_handler.log_command:Invoking command in '/home/u3/college/AI_For_robotics/moveit2_obb/build/yolov8_obb': CMAKE_PREFIX_PATH=${CMAKE_PREFIX_PATH}:/opt/ros/jazzy DEBUGINFOD_URLS=https://debuginfod.ubuntu.com /usr/bin/cmake --install /home/u3/college/AI_For_robotics/moveit2_obb/build/yolov8_obb
[0.369s] Level 1:colcon.colcon_core.environment:create_environment_scripts_only(panda_moveit_config)
[0.369s] DEBUG:colcon.colcon_core.event_handler.log_command:Invoked command in '/home/u3/college/AI_For_robotics/moveit2_obb/build/panda_moveit_config' returned '0': CMAKE_PREFIX_PATH=${CMAKE_PREFIX_PATH}:/opt/ros/jazzy DEBUGINFOD_URLS=https://debuginfod.ubuntu.com /usr/bin/cmake --install /home/u3/college/AI_For_robotics/moveit2_obb/build/panda_moveit_config
[0.369s] Level 1:colcon.colcon_core.environment:checking '/home/u3/college/AI_For_robotics/moveit2_obb/install/panda_moveit_config' for CMake module files
[0.370s] Level 1:colcon.colcon_core.environment:checking '/home/u3/college/AI_For_robotics/moveit2_obb/install/panda_moveit_config' for CMake config files
[0.370s] Level 1:colcon.colcon_core.shell:create_environment_hook('panda_moveit_config', 'cmake_prefix_path')
[0.370s] INFO:colcon.colcon_core.shell:Creating environment hook '/home/u3/college/AI_For_robotics/moveit2_obb/install/panda_moveit_config/share/panda_moveit_config/hook/cmake_prefix_path.ps1'
[0.371s] INFO:colcon.colcon_core.shell:Creating environment descriptor '/home/u3/college/AI_For_robotics/moveit2_obb/install/panda_moveit_config/share/panda_moveit_config/hook/cmake_prefix_path.dsv'
[0.371s] INFO:colcon.colcon_core.shell:Creating environment hook '/home/u3/college/AI_For_robotics/moveit2_obb/install/panda_moveit_config/share/panda_moveit_config/hook/cmake_prefix_path.sh'
[0.372s] Level 1:colcon.colcon_core.environment:checking '/home/u3/college/AI_For_robotics/moveit2_obb/install/panda_moveit_config/lib'
[0.372s] Level 1:colcon.colcon_core.environment:checking '/home/u3/college/AI_For_robotics/moveit2_obb/install/panda_moveit_config/bin'
[0.372s] Level 1:colcon.colcon_core.environment:checking '/home/u3/college/AI_For_robotics/moveit2_obb/install/panda_moveit_config/lib/pkgconfig/panda_moveit_config.pc'
[0.372s] Level 1:colcon.colcon_core.environment:checking '/home/u3/college/AI_For_robotics/moveit2_obb/install/panda_moveit_config/lib/python3.12/site-packages'
[0.372s] Level 1:colcon.colcon_core.environment:checking '/home/u3/college/AI_For_robotics/moveit2_obb/install/panda_moveit_config/bin'
[0.373s] INFO:colcon.colcon_core.shell:Creating package script '/home/u3/college/AI_For_robotics/moveit2_obb/install/panda_moveit_config/share/panda_moveit_config/package.ps1'
[0.373s] INFO:colcon.colcon_core.shell:Creating package descriptor '/home/u3/college/AI_For_robotics/moveit2_obb/install/panda_moveit_config/share/panda_moveit_config/package.dsv'
[0.374s] INFO:colcon.colcon_core.shell:Creating package script '/home/u3/college/AI_For_robotics/moveit2_obb/install/panda_moveit_config/share/panda_moveit_config/package.sh'
[0.375s] INFO:colcon.colcon_core.shell:Creating package script '/home/u3/college/AI_For_robotics/moveit2_obb/install/panda_moveit_config/share/panda_moveit_config/package.bash'
[0.375s] INFO:colcon.colcon_core.shell:Creating package script '/home/u3/college/AI_For_robotics/moveit2_obb/install/panda_moveit_config/share/panda_moveit_config/package.zsh'
[0.376s] Level 1:colcon.colcon_core.environment:create_file_with_runtime_dependencies(/home/u3/college/AI_For_robotics/moveit2_obb/install/panda_moveit_config/share/colcon-core/packages/panda_moveit_config)
[0.376s] Level 1:colcon.colcon_core.environment:create_environment_scripts_only(panda_moveit_config)
[0.376s] Level 1:colcon.colcon_core.environment:checking '/home/u3/college/AI_For_robotics/moveit2_obb/install/panda_moveit_config' for CMake module files
[0.377s] Level 1:colcon.colcon_core.environment:checking '/home/u3/college/AI_For_robotics/moveit2_obb/install/panda_moveit_config' for CMake config files
[0.377s] Level 1:colcon.colcon_core.shell:create_environment_hook('panda_moveit_config', 'cmake_prefix_path')
[0.377s] INFO:colcon.colcon_core.shell:Creating environment hook '/home/u3/college/AI_For_robotics/moveit2_obb/install/panda_moveit_config/share/panda_moveit_config/hook/cmake_prefix_path.ps1'
[0.378s] INFO:colcon.colcon_core.shell:Creating environment descriptor '/home/u3/college/AI_For_robotics/moveit2_obb/install/panda_moveit_config/share/panda_moveit_config/hook/cmake_prefix_path.dsv'
[0.379s] INFO:colcon.colcon_core.shell:Creating environment hook '/home/u3/college/AI_For_robotics/moveit2_obb/install/panda_moveit_config/share/panda_moveit_config/hook/cmake_prefix_path.sh'
[0.380s] Level 1:colcon.colcon_core.environment:checking '/home/u3/college/AI_For_robotics/moveit2_obb/install/panda_moveit_config/lib'
[0.381s] Level 1:colcon.colcon_core.environment:checking '/home/u3/college/AI_For_robotics/moveit2_obb/install/panda_moveit_config/bin'
[0.381s] Level 1:colcon.colcon_core.environment:checking '/home/u3/college/AI_For_robotics/moveit2_obb/install/panda_moveit_config/lib/pkgconfig/panda_moveit_config.pc'
[0.381s] Level 1:colcon.colcon_core.environment:checking '/home/u3/college/AI_For_robotics/moveit2_obb/install/panda_moveit_config/lib/python3.12/site-packages'
[0.382s] Level 1:colcon.colcon_core.environment:checking '/home/u3/college/AI_For_robotics/moveit2_obb/install/panda_moveit_config/bin'
[0.382s] INFO:colcon.colcon_core.shell:Creating package script '/home/u3/college/AI_For_robotics/moveit2_obb/install/panda_moveit_config/share/panda_moveit_config/package.ps1'
[0.385s] INFO:colcon.colcon_core.shell:Creating package descriptor '/home/u3/college/AI_For_robotics/moveit2_obb/install/panda_moveit_config/share/panda_moveit_config/package.dsv'
[0.385s] INFO:colcon.colcon_core.shell:Creating package script '/home/u3/college/AI_For_robotics/moveit2_obb/install/panda_moveit_config/share/panda_moveit_config/package.sh'
[0.386s] INFO:colcon.colcon_core.shell:Creating package script '/home/u3/college/AI_For_robotics/moveit2_obb/install/panda_moveit_config/share/panda_moveit_config/package.bash'
[0.387s] INFO:colcon.colcon_core.shell:Creating package script '/home/u3/college/AI_For_robotics/moveit2_obb/install/panda_moveit_config/share/panda_moveit_config/package.zsh'
[0.387s] Level 1:colcon.colcon_core.environment:create_file_with_runtime_dependencies(/home/u3/college/AI_For_robotics/moveit2_obb/install/panda_moveit_config/share/colcon-core/packages/panda_moveit_config)
[0.389s] Level 1:colcon.colcon_core.environment:create_environment_scripts_only(yolov8_obb)
[0.389s] Level 1:colcon.colcon_core.environment:checking '/home/u3/college/AI_For_robotics/moveit2_obb/install/yolov8_obb' for CMake module files
[0.389s] DEBUG:colcon.colcon_core.event_handler.log_command:Invoked command in '/home/u3/college/AI_For_robotics/moveit2_obb/build/yolov8_obb' returned '0': CMAKE_PREFIX_PATH=${CMAKE_PREFIX_PATH}:/opt/ros/jazzy DEBUGINFOD_URLS=https://debuginfod.ubuntu.com /usr/bin/cmake --install /home/u3/college/AI_For_robotics/moveit2_obb/build/yolov8_obb
[0.390s] Level 1:colcon.colcon_core.environment:checking '/home/u3/college/AI_For_robotics/moveit2_obb/install/yolov8_obb' for CMake config files
[0.390s] Level 1:colcon.colcon_core.shell:create_environment_hook('yolov8_obb', 'cmake_prefix_path')
[0.391s] INFO:colcon.colcon_core.shell:Creating environment hook '/home/u3/college/AI_For_robotics/moveit2_obb/install/yolov8_obb/share/yolov8_obb/hook/cmake_prefix_path.ps1'
[0.391s] INFO:colcon.colcon_core.shell:Creating environment descriptor '/home/u3/college/AI_For_robotics/moveit2_obb/install/yolov8_obb/share/yolov8_obb/hook/cmake_prefix_path.dsv'
[0.392s] INFO:colcon.colcon_core.shell:Creating environment hook '/home/u3/college/AI_For_robotics/moveit2_obb/install/yolov8_obb/share/yolov8_obb/hook/cmake_prefix_path.sh'
[0.393s] Level 1:colcon.colcon_core.environment:checking '/home/u3/college/AI_For_robotics/moveit2_obb/install/yolov8_obb/lib'
[0.393s] Level 1:colcon.colcon_core.environment:checking '/home/u3/college/AI_For_robotics/moveit2_obb/install/yolov8_obb/bin'
[0.393s] Level 1:colcon.colcon_core.environment:checking '/home/u3/college/AI_For_robotics/moveit2_obb/install/yolov8_obb/lib/pkgconfig/yolov8_obb.pc'
[0.393s] Level 1:colcon.colcon_core.environment:checking '/home/u3/college/AI_For_robotics/moveit2_obb/install/yolov8_obb/lib/python3.12/site-packages'
[0.393s] Level 1:colcon.colcon_core.environment:checking '/home/u3/college/AI_For_robotics/moveit2_obb/install/yolov8_obb/bin'
[0.394s] INFO:colcon.colcon_core.shell:Creating package script '/home/u3/college/AI_For_robotics/moveit2_obb/install/yolov8_obb/share/yolov8_obb/package.ps1'
[0.394s] INFO:colcon.colcon_core.shell:Creating package descriptor '/home/u3/college/AI_For_robotics/moveit2_obb/install/yolov8_obb/share/yolov8_obb/package.dsv'
[0.395s] INFO:colcon.colcon_core.shell:Creating package script '/home/u3/college/AI_For_robotics/moveit2_obb/install/yolov8_obb/share/yolov8_obb/package.sh'
[0.396s] INFO:colcon.colcon_core.shell:Creating package script '/home/u3/college/AI_For_robotics/moveit2_obb/install/yolov8_obb/share/yolov8_obb/package.bash'
[0.397s] INFO:colcon.colcon_core.shell:Creating package script '/home/u3/college/AI_For_robotics/moveit2_obb/install/yolov8_obb/share/yolov8_obb/package.zsh'
[0.397s] Level 1:colcon.colcon_core.environment:create_file_with_runtime_dependencies(/home/u3/college/AI_For_robotics/moveit2_obb/install/yolov8_obb/share/colcon-core/packages/yolov8_obb)
[0.397s] Level 1:colcon.colcon_core.environment:create_environment_scripts_only(yolov8_obb)
[0.398s] Level 1:colcon.colcon_core.environment:checking '/home/u3/college/AI_For_robotics/moveit2_obb/install/yolov8_obb' for CMake module files
[0.398s] Level 1:colcon.colcon_core.environment:checking '/home/u3/college/AI_For_robotics/moveit2_obb/install/yolov8_obb' for CMake config files
[0.398s] Level 1:colcon.colcon_core.shell:create_environment_hook('yolov8_obb', 'cmake_prefix_path')
[0.398s] INFO:colcon.colcon_core.shell:Creating environment hook '/home/u3/college/AI_For_robotics/moveit2_obb/install/yolov8_obb/share/yolov8_obb/hook/cmake_prefix_path.ps1'
[0.399s] INFO:colcon.colcon_core.shell:Creating environment descriptor '/home/u3/college/AI_For_robotics/moveit2_obb/install/yolov8_obb/share/yolov8_obb/hook/cmake_prefix_path.dsv'
[0.399s] INFO:colcon.colcon_core.shell:Creating environment hook '/home/u3/college/AI_For_robotics/moveit2_obb/install/yolov8_obb/share/yolov8_obb/hook/cmake_prefix_path.sh'
[0.400s] Level 1:colcon.colcon_core.environment:checking '/home/u3/college/AI_For_robotics/moveit2_obb/install/yolov8_obb/lib'
[0.400s] Level 1:colcon.colcon_core.environment:checking '/home/u3/college/AI_For_robotics/moveit2_obb/install/yolov8_obb/bin'
[0.400s] Level 1:colcon.colcon_core.environment:checking '/home/u3/college/AI_For_robotics/moveit2_obb/install/yolov8_obb/lib/pkgconfig/yolov8_obb.pc'
[0.400s] Level 1:colcon.colcon_core.environment:checking '/home/u3/college/AI_For_robotics/moveit2_obb/install/yolov8_obb/lib/python3.12/site-packages'
[0.400s] Level 1:colcon.colcon_core.environment:checking '/home/u3/college/AI_For_robotics/moveit2_obb/install/yolov8_obb/bin'
[0.400s] INFO:colcon.colcon_core.shell:Creating package script '/home/u3/college/AI_For_robotics/moveit2_obb/install/yolov8_obb/share/yolov8_obb/package.ps1'
[0.401s] INFO:colcon.colcon_core.shell:Creating package descriptor '/home/u3/college/AI_For_robotics/moveit2_obb/install/yolov8_obb/share/yolov8_obb/package.dsv'
[0.401s] INFO:colcon.colcon_core.shell:Creating package script '/home/u3/college/AI_For_robotics/moveit2_obb/install/yolov8_obb/share/yolov8_obb/package.sh'
[0.401s] INFO:colcon.colcon_core.shell:Creating package script '/home/u3/college/AI_For_robotics/moveit2_obb/install/yolov8_obb/share/yolov8_obb/package.bash'
[0.402s] INFO:colcon.colcon_core.shell:Creating package script '/home/u3/college/AI_For_robotics/moveit2_obb/install/yolov8_obb/share/yolov8_obb/package.zsh'
[0.402s] Level 1:colcon.colcon_core.environment:create_file_with_runtime_dependencies(/home/u3/college/AI_For_robotics/moveit2_obb/install/yolov8_obb/share/colcon-core/packages/yolov8_obb)
[0.745s] DEBUG:colcon.colcon_core.event_handler.log_command:Invoked command in '/home/u3/college/AI_For_robotics/moveit2_obb/build/yolov8_msgs' returned '0': CMAKE_PREFIX_PATH=${CMAKE_PREFIX_PATH}:/opt/ros/jazzy DEBUGINFOD_URLS=https://debuginfod.ubuntu.com /usr/bin/cmake --build /home/u3/college/AI_For_robotics/moveit2_obb/build/yolov8_msgs -- -j16 -l16
[0.746s] DEBUG:colcon.colcon_core.event_handler.log_command:Invoking command in '/home/u3/college/AI_For_robotics/moveit2_obb/build/yolov8_msgs': CMAKE_PREFIX_PATH=${CMAKE_PREFIX_PATH}:/opt/ros/jazzy DEBUGINFOD_URLS=https://debuginfod.ubuntu.com /usr/bin/cmake --install /home/u3/college/AI_For_robotics/moveit2_obb/build/yolov8_msgs
[0.816s] Level 1:colcon.colcon_core.environment:create_environment_scripts_only(yolov8_msgs)
[0.817s] DEBUG:colcon.colcon_core.event_handler.log_command:Invoked command in '/home/u3/college/AI_For_robotics/moveit2_obb/build/yolov8_msgs' returned '0': CMAKE_PREFIX_PATH=${CMAKE_PREFIX_PATH}:/opt/ros/jazzy DEBUGINFOD_URLS=https://debuginfod.ubuntu.com /usr/bin/cmake --install /home/u3/college/AI_For_robotics/moveit2_obb/build/yolov8_msgs
[0.817s] Level 1:colcon.colcon_core.environment:checking '/home/u3/college/AI_For_robotics/moveit2_obb/install/yolov8_msgs' for CMake module files
[0.818s] Level 1:colcon.colcon_core.environment:checking '/home/u3/college/AI_For_robotics/moveit2_obb/install/yolov8_msgs' for CMake config files
[0.818s] Level 1:colcon.colcon_core.shell:create_environment_hook('yolov8_msgs', 'cmake_prefix_path')
[0.818s] INFO:colcon.colcon_core.shell:Creating environment hook '/home/u3/college/AI_For_robotics/moveit2_obb/install/yolov8_msgs/share/yolov8_msgs/hook/cmake_prefix_path.ps1'
[0.819s] INFO:colcon.colcon_core.shell:Creating environment descriptor '/home/u3/college/AI_For_robotics/moveit2_obb/install/yolov8_msgs/share/yolov8_msgs/hook/cmake_prefix_path.dsv'
[0.819s] INFO:colcon.colcon_core.shell:Creating environment hook '/home/u3/college/AI_For_robotics/moveit2_obb/install/yolov8_msgs/share/yolov8_msgs/hook/cmake_prefix_path.sh'
[0.819s] Level 1:colcon.colcon_core.environment:checking '/home/u3/college/AI_For_robotics/moveit2_obb/install/yolov8_msgs/lib'
[0.819s] Level 1:colcon.colcon_core.shell:create_environment_hook('yolov8_msgs', 'ld_library_path_lib')
[0.820s] INFO:colcon.colcon_core.shell:Creating environment hook '/home/u3/college/AI_For_robotics/moveit2_obb/install/yolov8_msgs/share/yolov8_msgs/hook/ld_library_path_lib.ps1'
[0.820s] INFO:colcon.colcon_core.shell:Creating environment descriptor '/home/u3/college/AI_For_robotics/moveit2_obb/install/yolov8_msgs/share/yolov8_msgs/hook/ld_library_path_lib.dsv'
[0.821s] INFO:colcon.colcon_core.shell:Creating environment hook '/home/u3/college/AI_For_robotics/moveit2_obb/install/yolov8_msgs/share/yolov8_msgs/hook/ld_library_path_lib.sh'
[0.822s] Level 1:colcon.colcon_core.environment:checking '/home/u3/college/AI_For_robotics/moveit2_obb/install/yolov8_msgs/bin'
[0.822s] Level 1:colcon.colcon_core.environment:checking '/home/u3/college/AI_For_robotics/moveit2_obb/install/yolov8_msgs/lib/pkgconfig/yolov8_msgs.pc'
[0.822s] Level 1:colcon.colcon_core.environment:checking '/home/u3/college/AI_For_robotics/moveit2_obb/install/yolov8_msgs/lib/python3.12/site-packages'
[0.822s] Level 1:colcon.colcon_core.shell:create_environment_hook('yolov8_msgs', 'pythonpath')
[0.823s] INFO:colcon.colcon_core.shell:Creating environment hook '/home/u3/college/AI_For_robotics/moveit2_obb/install/yolov8_msgs/share/yolov8_msgs/hook/pythonpath.ps1'
[0.824s] INFO:colcon.colcon_core.shell:Creating environment descriptor '/home/u3/college/AI_For_robotics/moveit2_obb/install/yolov8_msgs/share/yolov8_msgs/hook/pythonpath.dsv'
[0.824s] INFO:colcon.colcon_core.shell:Creating environment hook '/home/u3/college/AI_For_robotics/moveit2_obb/install/yolov8_msgs/share/yolov8_msgs/hook/pythonpath.sh'
[0.826s] Level 1:colcon.colcon_core.environment:checking '/home/u3/college/AI_For_robotics/moveit2_obb/install/yolov8_msgs/bin'
[0.826s] INFO:colcon.colcon_core.shell:Creating package script '/home/u3/college/AI_For_robotics/moveit2_obb/install/yolov8_msgs/share/yolov8_msgs/package.ps1'
[0.827s] INFO:colcon.colcon_core.shell:Creating package descriptor '/home/u3/college/AI_For_robotics/moveit2_obb/install/yolov8_msgs/share/yolov8_msgs/package.dsv'
[0.828s] INFO:colcon.colcon_core.shell:Creating package script '/home/u3/college/AI_For_robotics/moveit2_obb/install/yolov8_msgs/share/yolov8_msgs/package.sh'
[0.828s] INFO:colcon.colcon_core.shell:Creating package script '/home/u3/college/AI_For_robotics/moveit2_obb/install/yolov8_msgs/share/yolov8_msgs/package.bash'
[0.829s] INFO:colcon.colcon_core.shell:Creating package script '/home/u3/college/AI_For_robotics/moveit2_obb/install/yolov8_msgs/share/yolov8_msgs/package.zsh'
[0.829s] Level 1:colcon.colcon_core.environment:create_file_with_runtime_dependencies(/home/u3/college/AI_For_robotics/moveit2_obb/install/yolov8_msgs/share/colcon-core/packages/yolov8_msgs)
[0.830s] Level 1:colcon.colcon_core.environment:create_environment_scripts_only(yolov8_msgs)
[0.830s] Level 1:colcon.colcon_core.environment:checking '/home/u3/college/AI_For_robotics/moveit2_obb/install/yolov8_msgs' for CMake module files
[0.830s] Level 1:colcon.colcon_core.environment:checking '/home/u3/college/AI_For_robotics/moveit2_obb/install/yolov8_msgs' for CMake config files
[0.830s] Level 1:colcon.colcon_core.shell:create_environment_hook('yolov8_msgs', 'cmake_prefix_path')
[0.831s] INFO:colcon.colcon_core.shell:Creating environment hook '/home/u3/college/AI_For_robotics/moveit2_obb/install/yolov8_msgs/share/yolov8_msgs/hook/cmake_prefix_path.ps1'
[0.831s] INFO:colcon.colcon_core.shell:Creating environment descriptor '/home/u3/college/AI_For_robotics/moveit2_obb/install/yolov8_msgs/share/yolov8_msgs/hook/cmake_prefix_path.dsv'
[0.831s] INFO:colcon.colcon_core.shell:Creating environment hook '/home/u3/college/AI_For_robotics/moveit2_obb/install/yolov8_msgs/share/yolov8_msgs/hook/cmake_prefix_path.sh'
[0.832s] Level 1:colcon.colcon_core.environment:checking '/home/u3/college/AI_For_robotics/moveit2_obb/install/yolov8_msgs/lib'
[0.832s] Level 1:colcon.colcon_core.shell:create_environment_hook('yolov8_msgs', 'ld_library_path_lib')
[0.832s] INFO:colcon.colcon_core.shell:Creating environment hook '/home/u3/college/AI_For_robotics/moveit2_obb/install/yolov8_msgs/share/yolov8_msgs/hook/ld_library_path_lib.ps1'
[0.833s] INFO:colcon.colcon_core.shell:Creating environment descriptor '/home/u3/college/AI_For_robotics/moveit2_obb/install/yolov8_msgs/share/yolov8_msgs/hook/ld_library_path_lib.dsv'
[0.833s] INFO:colcon.colcon_core.shell:Creating environment hook '/home/u3/college/AI_For_robotics/moveit2_obb/install/yolov8_msgs/share/yolov8_msgs/hook/ld_library_path_lib.sh'
[0.834s] Level 1:colcon.colcon_core.environment:checking '/home/u3/college/AI_For_robotics/moveit2_obb/install/yolov8_msgs/bin'
[0.834s] Level 1:colcon.colcon_core.environment:checking '/home/u3/college/AI_For_robotics/moveit2_obb/install/yolov8_msgs/lib/pkgconfig/yolov8_msgs.pc'
[0.835s] Level 1:colcon.colcon_core.environment:checking '/home/u3/college/AI_For_robotics/moveit2_obb/install/yolov8_msgs/lib/python3.12/site-packages'
[0.835s] Level 1:colcon.colcon_core.shell:create_environment_hook('yolov8_msgs', 'pythonpath')
[0.835s] INFO:colcon.colcon_core.shell:Creating environment hook '/home/u3/college/AI_For_robotics/moveit2_obb/install/yolov8_msgs/share/yolov8_msgs/hook/pythonpath.ps1'
[0.835s] INFO:colcon.colcon_core.shell:Creating environment descriptor '/home/u3/college/AI_For_robotics/moveit2_obb/install/yolov8_msgs/share/yolov8_msgs/hook/pythonpath.dsv'
[0.836s] INFO:colcon.colcon_core.shell:Creating environment hook '/home/u3/college/AI_For_robotics/moveit2_obb/install/yolov8_msgs/share/yolov8_msgs/hook/pythonpath.sh'
[0.836s] Level 1:colcon.colcon_core.environment:checking '/home/u3/college/AI_For_robotics/moveit2_obb/install/yolov8_msgs/bin'
[0.836s] INFO:colcon.colcon_core.shell:Creating package script '/home/u3/college/AI_For_robotics/moveit2_obb/install/yolov8_msgs/share/yolov8_msgs/package.ps1'
[0.837s] INFO:colcon.colcon_core.shell:Creating package descriptor '/home/u3/college/AI_For_robotics/moveit2_obb/install/yolov8_msgs/share/yolov8_msgs/package.dsv'
[0.838s] INFO:colcon.colcon_core.shell:Creating package script '/home/u3/college/AI_For_robotics/moveit2_obb/install/yolov8_msgs/share/yolov8_msgs/package.sh'
[0.838s] INFO:colcon.colcon_core.shell:Creating package script '/home/u3/college/AI_For_robotics/moveit2_obb/install/yolov8_msgs/share/yolov8_msgs/package.bash'
[0.839s] INFO:colcon.colcon_core.shell:Creating package script '/home/u3/college/AI_For_robotics/moveit2_obb/install/yolov8_msgs/share/yolov8_msgs/package.zsh'
[0.840s] Level 1:colcon.colcon_core.environment:create_file_with_runtime_dependencies(/home/u3/college/AI_For_robotics/moveit2_obb/install/yolov8_msgs/share/colcon-core/packages/yolov8_msgs)
[0.841s] DEBUG:colcon.colcon_parallel_executor.executor.parallel:closing loop
[0.842s] DEBUG:colcon.colcon_parallel_executor.executor.parallel:loop closed
[0.842s] DEBUG:colcon.colcon_parallel_executor.executor.parallel:run_until_complete finished with '0'
[0.842s] DEBUG:colcon.colcon_core.event_reactor:joining thread
[0.855s] INFO:colcon.colcon_core.plugin_system:Skipping extension 'colcon_notification.desktop_notification.terminal_notifier': Not used on non-Darwin systems
[0.855s] INFO:colcon.colcon_core.plugin_system:Skipping extension 'colcon_notification.desktop_notification.win32': Not used on non-Windows systems
[0.855s] INFO:colcon.colcon_notification.desktop_notification:Sending desktop notification using 'notify2'
[0.882s] DEBUG:colcon.colcon_core.event_reactor:joined thread
[0.883s] INFO:colcon.colcon_core.shell:Creating prefix script '/home/u3/college/AI_For_robotics/moveit2_obb/install/local_setup.ps1'
[0.884s] INFO:colcon.colcon_core.shell:Creating prefix util module '/home/u3/college/AI_For_robotics/moveit2_obb/install/_local_setup_util_ps1.py'
[0.885s] INFO:colcon.colcon_core.shell:Creating prefix chain script '/home/u3/college/AI_For_robotics/moveit2_obb/install/setup.ps1'
[0.887s] INFO:colcon.colcon_core.shell:Creating prefix script '/home/u3/college/AI_For_robotics/moveit2_obb/install/local_setup.sh'
[0.887s] INFO:colcon.colcon_core.shell:Creating prefix util module '/home/u3/college/AI_For_robotics/moveit2_obb/install/_local_setup_util_sh.py'
[0.888s] INFO:colcon.colcon_core.shell:Creating prefix chain script '/home/u3/college/AI_For_robotics/moveit2_obb/install/setup.sh'
[0.889s] INFO:colcon.colcon_core.shell:Creating prefix script '/home/u3/college/AI_For_robotics/moveit2_obb/install/local_setup.bash'
[0.889s] INFO:colcon.colcon_core.shell:Creating prefix chain script '/home/u3/college/AI_For_robotics/moveit2_obb/install/setup.bash'
[0.890s] INFO:colcon.colcon_core.shell:Creating prefix script '/home/u3/college/AI_For_robotics/moveit2_obb/install/local_setup.zsh'
[0.891s] INFO:colcon.colcon_core.shell:Creating prefix chain script '/home/u3/college/AI_For_robotics/moveit2_obb/install/setup.zsh'
