[0.036s] Invoking command in '/home/u3/college/AI_For_robotics/moveit2_obb/build/yolov8_msgs': CMAKE_PREFIX_PATH=${CMAKE_PREFIX_PATH}:/opt/ros/jazzy DEBUGINFOD_URLS=https://debuginfod.ubuntu.com /usr/bin/cmake /home/u3/college/AI_For_robotics/moveit2_obb/src/yolov8_obb_msgs -DCMAKE_INSTALL_PREFIX=/home/u3/college/AI_For_robotics/moveit2_obb/install/yolov8_msgs
[1.653s] -- The C compiler identification is GNU 13.3.0
[2.427s] -- The CXX compiler identification is GNU 13.3.0
[2.525s] -- Detecting C compiler ABI info
[2.941s] -- Detecting C compiler ABI info - done
[2.949s] -- Check for working C compiler: /usr/bin/cc - skipped
[2.949s] -- Detecting C compile features
[2.950s] -- Detecting C compile features - done
[2.959s] -- Detecting CXX compiler ABI info
[3.083s] -- Detecting CXX compiler ABI info - done
[3.092s] -- Check for working CXX compiler: /usr/bin/c++ - skipped
[3.092s] -- Detecting CXX compile features
[3.092s] -- Detecting CXX compile features - done
[3.314s] -- Found ament_cmake: 2.5.4 (/opt/ros/jazzy/share/ament_cmake/cmake)
[3.537s] -- Found Python3: /usr/bin/python3 (found version "3.12.3") found components: Interpreter 
[4.002s] -- Found std_msgs: 5.3.6 (/opt/ros/jazzy/share/std_msgs/cmake)
[4.610s] -- Found rosidl_generator_c: 4.6.5 (/opt/ros/jazzy/share/rosidl_generator_c/cmake)
[4.784s] -- Found rosidl_generator_cpp: 4.6.5 (/opt/ros/jazzy/share/rosidl_generator_cpp/cmake)
[5.241s] -- Using all available rosidl_typesupport_c: rosidl_typesupport_fastrtps_c;rosidl_typesupport_introspection_c
[5.314s] -- Using all available rosidl_typesupport_cpp: rosidl_typesupport_fastrtps_cpp;rosidl_typesupport_introspection_cpp
[5.573s] -- Found rosidl_default_generators: 1.6.0 (/opt/ros/jazzy/share/rosidl_default_generators/cmake)
[5.777s] -- Found rosidl_adapter: 4.6.5 (/opt/ros/jazzy/share/rosidl_adapter/cmake)
[6.707s] -- Found ament_cmake_ros: 0.12.0 (/opt/ros/jazzy/share/ament_cmake_ros/cmake)
[7.866s] -- Using all available rosidl_typesupport_c: rosidl_typesupport_fastrtps_c;rosidl_typesupport_introspection_c
[8.337s] -- Using all available rosidl_typesupport_cpp: rosidl_typesupport_fastrtps_cpp;rosidl_typesupport_introspection_cpp
[8.365s] -- Found python_cmake_module: 0.11.1 (/opt/ros/jazzy/share/python_cmake_module/cmake)
[8.544s] -- Found PythonExtra: /usr/bin/python3  
[10.396s] -- Found Python3: /usr/bin/python3 (found version "3.12.3") found components: Interpreter Development NumPy Development.Module Development.Embed 
[10.497s] -- Found ament_lint_auto: 0.17.2 (/opt/ros/jazzy/share/ament_lint_auto/cmake)
[10.630s] -- Added test 'copyright' to check source files copyright and LICENSE
[10.632s] -- Added test 'lint_cmake' to check CMake code style
[10.633s] -- Added test 'xmllint' to check XML markup files
[10.636s] -- Configuring done (10.0s)
[10.769s] -- Generating done (0.1s)
[10.779s] -- Build files have been written to: /home/u3/college/AI_For_robotics/moveit2_obb/build/yolov8_msgs
[10.794s] Invoked command in '/home/u3/college/AI_For_robotics/moveit2_obb/build/yolov8_msgs' returned '0': CMAKE_PREFIX_PATH=${CMAKE_PREFIX_PATH}:/opt/ros/jazzy DEBUGINFOD_URLS=https://debuginfod.ubuntu.com /usr/bin/cmake /home/u3/college/AI_For_robotics/moveit2_obb/src/yolov8_obb_msgs -DCMAKE_INSTALL_PREFIX=/home/u3/college/AI_For_robotics/moveit2_obb/install/yolov8_msgs
[10.796s] Invoking command in '/home/u3/college/AI_For_robotics/moveit2_obb/build/yolov8_msgs': CMAKE_PREFIX_PATH=${CMAKE_PREFIX_PATH}:/opt/ros/jazzy DEBUGINFOD_URLS=https://debuginfod.ubuntu.com /usr/bin/cmake --build /home/u3/college/AI_For_robotics/moveit2_obb/build/yolov8_msgs -- -j16 -l16
[10.896s] [  0%] Built target ament_cmake_python_copy_yolov8_msgs
[10.897s] [  2%] [34m[1mGenerating type hashes for ROS interfaces[0m
[11.194s] running egg_info
[11.196s] creating yolov8_msgs.egg-info
[11.239s] writing yolov8_msgs.egg-info/PKG-INFO
[11.239s] writing dependency_links to yolov8_msgs.egg-info/dependency_links.txt
[11.239s] writing top-level names to yolov8_msgs.egg-info/top_level.txt
[11.239s] writing manifest file 'yolov8_msgs.egg-info/SOURCES.txt'
[11.293s] reading manifest file 'yolov8_msgs.egg-info/SOURCES.txt'
[11.293s] writing manifest file 'yolov8_msgs.egg-info/SOURCES.txt'
[11.326s] [  2%] Built target ament_cmake_python_build_yolov8_msgs_egg
[11.389s] [  2%] Built target yolov8_msgs__rosidl_generator_type_description
[11.406s] [  4%] [34m[1mGenerating C code for ROS interfaces[0m
[11.436s] [  6%] [34m[1mGenerating C++ code for ROS interfaces[0m
[11.688s] [  6%] Built target yolov8_msgs__cpp
[11.696s] [ 15%] [32mBuilding C object CMakeFiles/yolov8_msgs__rosidl_generator_c.dir/rosidl_generator_c/yolov8_msgs/msg/detail/inference_result__type_support.c.o[0m
[11.696s] [ 15%] [32mBuilding C object CMakeFiles/yolov8_msgs__rosidl_generator_c.dir/rosidl_generator_c/yolov8_msgs/msg/detail/inference_result__description.c.o[0m
[11.696s] [ 15%] [32mBuilding C object CMakeFiles/yolov8_msgs__rosidl_generator_c.dir/rosidl_generator_c/yolov8_msgs/msg/detail/yolov8_inference__description.c.o[0m
[11.696s] [ 15%] [32mBuilding C object CMakeFiles/yolov8_msgs__rosidl_generator_c.dir/rosidl_generator_c/yolov8_msgs/msg/detail/inference_result__functions.c.o[0m
[11.696s] [ 18%] [32mBuilding C object CMakeFiles/yolov8_msgs__rosidl_generator_c.dir/rosidl_generator_c/yolov8_msgs/msg/detail/yolov8_inference__functions.c.o[0m
[11.697s] [ 20%] [32mBuilding C object CMakeFiles/yolov8_msgs__rosidl_generator_c.dir/rosidl_generator_c/yolov8_msgs/msg/detail/yolov8_inference__type_support.c.o[0m
[12.227s] [ 22%] [32m[1mLinking C shared library libyolov8_msgs__rosidl_generator_c.so[0m
[12.363s] [ 22%] Built target yolov8_msgs__rosidl_generator_c
[12.376s] [ 25%] [34m[1mGenerating C++ type support for eProsima Fast-RTPS[0m
[12.377s] [ 31%] [34m[1mGenerating C++ type support dispatch for ROS interfaces[0m
[12.377s] [ 31%] [34m[1mGenerating C type support dispatch for ROS interfaces[0m
[12.378s] [ 31%] [34m[1mGenerating C introspection for ROS interfaces[0m
[12.379s] [ 34%] [34m[1mGenerating C++ introspection for ROS interfaces[0m
[12.385s] [ 36%] [34m[1mGenerating C type support for eProsima Fast-RTPS[0m
[12.632s] [ 38%] [32mBuilding C object CMakeFiles/yolov8_msgs__rosidl_typesupport_introspection_c.dir/rosidl_typesupport_introspection_c/yolov8_msgs/msg/detail/yolov8_inference__type_support.c.o[0m
[12.633s] [ 40%] [32mBuilding C object CMakeFiles/yolov8_msgs__rosidl_typesupport_introspection_c.dir/rosidl_typesupport_introspection_c/yolov8_msgs/msg/detail/inference_result__type_support.c.o[0m
[12.678s] [ 45%] [32mBuilding CXX object CMakeFiles/yolov8_msgs__rosidl_typesupport_introspection_cpp.dir/rosidl_typesupport_introspection_cpp/yolov8_msgs/msg/detail/yolov8_inference__type_support.cpp.o[0m
[12.678s] [ 45%] [32mBuilding CXX object CMakeFiles/yolov8_msgs__rosidl_typesupport_introspection_cpp.dir/rosidl_typesupport_introspection_cpp/yolov8_msgs/msg/detail/inference_result__type_support.cpp.o[0m
[12.686s] [ 47%] [32mBuilding CXX object CMakeFiles/yolov8_msgs__rosidl_typesupport_c.dir/rosidl_typesupport_c/yolov8_msgs/msg/inference_result__type_support.cpp.o[0m
[12.686s] [ 50%] [32mBuilding CXX object CMakeFiles/yolov8_msgs__rosidl_typesupport_c.dir/rosidl_typesupport_c/yolov8_msgs/msg/yolov8_inference__type_support.cpp.o[0m
[12.701s] [ 54%] [32mBuilding CXX object CMakeFiles/yolov8_msgs__rosidl_typesupport_cpp.dir/rosidl_typesupport_cpp/yolov8_msgs/msg/yolov8_inference__type_support.cpp.o[0m
[12.701s] [ 54%] [32mBuilding CXX object CMakeFiles/yolov8_msgs__rosidl_typesupport_cpp.dir/rosidl_typesupport_cpp/yolov8_msgs/msg/inference_result__type_support.cpp.o[0m
[12.708s] [ 56%] [32m[1mLinking C shared library libyolov8_msgs__rosidl_typesupport_introspection_c.so[0m
[12.721s] [ 65%] [32mBuilding CXX object CMakeFiles/yolov8_msgs__rosidl_typesupport_fastrtps_c.dir/rosidl_typesupport_fastrtps_c/yolov8_msgs/msg/detail/yolov8_inference__type_support_c.cpp.o[0m
[12.721s] [ 65%] [32mBuilding CXX object CMakeFiles/yolov8_msgs__rosidl_typesupport_fastrtps_cpp.dir/rosidl_typesupport_fastrtps_cpp/yolov8_msgs/msg/detail/dds_fastrtps/yolov8_inference__type_support.cpp.o[0m
[12.721s] [ 65%] [32mBuilding CXX object CMakeFiles/yolov8_msgs__rosidl_typesupport_fastrtps_c.dir/rosidl_typesupport_fastrtps_c/yolov8_msgs/msg/detail/inference_result__type_support_c.cpp.o[0m
[12.721s] [ 65%] [32mBuilding CXX object CMakeFiles/yolov8_msgs__rosidl_typesupport_fastrtps_cpp.dir/rosidl_typesupport_fastrtps_cpp/yolov8_msgs/msg/detail/dds_fastrtps/inference_result__type_support.cpp.o[0m
[12.813s] [ 65%] Built target yolov8_msgs__rosidl_typesupport_introspection_c
[13.270s] [ 68%] [32m[1mLinking CXX shared library libyolov8_msgs__rosidl_typesupport_c.so[0m
[13.329s] [ 68%] Built target yolov8_msgs__rosidl_typesupport_c
[13.938s] [ 70%] [32m[1mLinking CXX shared library libyolov8_msgs__rosidl_typesupport_cpp.so[0m
[13.994s] [ 70%] Built target yolov8_msgs__rosidl_typesupport_cpp
[14.133s] [ 72%] [32m[1mLinking CXX shared library libyolov8_msgs__rosidl_typesupport_introspection_cpp.so[0m
[14.154s] [ 75%] [32m[1mLinking CXX shared library libyolov8_msgs__rosidl_typesupport_fastrtps_c.so[0m
[14.184s] [ 77%] [32m[1mLinking CXX shared library libyolov8_msgs__rosidl_typesupport_fastrtps_cpp.so[0m
[14.241s] [ 77%] Built target yolov8_msgs__rosidl_typesupport_introspection_cpp
[14.386s] [ 77%] Built target yolov8_msgs__rosidl_typesupport_fastrtps_c
[14.403s] [ 77%] Built target yolov8_msgs__rosidl_typesupport_fastrtps_cpp
[14.432s] [ 77%] Built target yolov8_msgs
[14.457s] [ 79%] [34m[1mGenerating Python code for ROS interfaces[0m
[14.777s] [ 79%] Built target yolov8_msgs__py
[14.803s] [ 81%] [32mBuilding C object CMakeFiles/yolov8_msgs__rosidl_generator_py.dir/rosidl_generator_py/yolov8_msgs/msg/_inference_result_s.c.o[0m
[14.813s] [ 84%] [32mBuilding C object CMakeFiles/yolov8_msgs__rosidl_generator_py.dir/rosidl_generator_py/yolov8_msgs/msg/_yolov8_inference_s.c.o[0m
[15.328s] [ 86%] [32m[1mLinking C shared library libyolov8_msgs__rosidl_generator_py.so[0m
[15.424s] [ 86%] Built target yolov8_msgs__rosidl_generator_py
[15.451s] [ 88%] [32mBuilding C object CMakeFiles/yolov8_msgs_s__rosidl_typesupport_fastrtps_c.dir/rosidl_generator_py/yolov8_msgs/_yolov8_msgs_s.ep.rosidl_typesupport_fastrtps_c.c.o[0m
[15.460s] [ 90%] [32mBuilding C object CMakeFiles/yolov8_msgs_s__rosidl_typesupport_c.dir/rosidl_generator_py/yolov8_msgs/_yolov8_msgs_s.ep.rosidl_typesupport_c.c.o[0m
[15.468s] [ 93%] [32mBuilding C object CMakeFiles/yolov8_msgs_s__rosidl_typesupport_introspection_c.dir/rosidl_generator_py/yolov8_msgs/_yolov8_msgs_s.ep.rosidl_typesupport_introspection_c.c.o[0m
[15.559s] [ 95%] [32m[1mLinking C shared module rosidl_generator_py/yolov8_msgs/yolov8_msgs_s__rosidl_typesupport_fastrtps_c.so[0m
[15.567s] [ 97%] [32m[1mLinking C shared module rosidl_generator_py/yolov8_msgs/yolov8_msgs_s__rosidl_typesupport_c.so[0m
[15.583s] [100%] [32m[1mLinking C shared module rosidl_generator_py/yolov8_msgs/yolov8_msgs_s__rosidl_typesupport_introspection_c.so[0m
[15.598s] [100%] Built target yolov8_msgs_s__rosidl_typesupport_fastrtps_c
[15.618s] [100%] Built target yolov8_msgs_s__rosidl_typesupport_c
[15.621s] [100%] Built target yolov8_msgs_s__rosidl_typesupport_introspection_c
[15.638s] Invoked command in '/home/u3/college/AI_For_robotics/moveit2_obb/build/yolov8_msgs' returned '0': CMAKE_PREFIX_PATH=${CMAKE_PREFIX_PATH}:/opt/ros/jazzy DEBUGINFOD_URLS=https://debuginfod.ubuntu.com /usr/bin/cmake --build /home/u3/college/AI_For_robotics/moveit2_obb/build/yolov8_msgs -- -j16 -l16
[15.639s] Invoking command in '/home/u3/college/AI_For_robotics/moveit2_obb/build/yolov8_msgs': CMAKE_PREFIX_PATH=${CMAKE_PREFIX_PATH}:/opt/ros/jazzy DEBUGINFOD_URLS=https://debuginfod.ubuntu.com /usr/bin/cmake --install /home/u3/college/AI_For_robotics/moveit2_obb/build/yolov8_msgs
[15.648s] -- Install configuration: ""
[15.649s] -- Installing: /home/u3/college/AI_For_robotics/moveit2_obb/install/yolov8_msgs/share/ament_index/resource_index/rosidl_interfaces/yolov8_msgs
[15.649s] -- Installing: /home/u3/college/AI_For_robotics/moveit2_obb/install/yolov8_msgs/share/yolov8_msgs/msg/InferenceResult.json
[15.649s] -- Installing: /home/u3/college/AI_For_robotics/moveit2_obb/install/yolov8_msgs/share/yolov8_msgs/msg/Yolov8Inference.json
[15.649s] -- Installing: /home/u3/college/AI_For_robotics/moveit2_obb/install/yolov8_msgs/include/yolov8_msgs/yolov8_msgs
[15.650s] -- Installing: /home/u3/college/AI_For_robotics/moveit2_obb/install/yolov8_msgs/include/yolov8_msgs/yolov8_msgs/msg
[15.650s] -- Installing: /home/u3/college/AI_For_robotics/moveit2_obb/install/yolov8_msgs/include/yolov8_msgs/yolov8_msgs/msg/yolov8_inference.h
[15.650s] -- Installing: /home/u3/college/AI_For_robotics/moveit2_obb/install/yolov8_msgs/include/yolov8_msgs/yolov8_msgs/msg/rosidl_generator_c__visibility_control.h
[15.650s] -- Installing: /home/u3/college/AI_For_robotics/moveit2_obb/install/yolov8_msgs/include/yolov8_msgs/yolov8_msgs/msg/inference_result.h
[15.650s] -- Installing: /home/u3/college/AI_For_robotics/moveit2_obb/install/yolov8_msgs/include/yolov8_msgs/yolov8_msgs/msg/detail
[15.650s] -- Installing: /home/u3/college/AI_For_robotics/moveit2_obb/install/yolov8_msgs/include/yolov8_msgs/yolov8_msgs/msg/detail/inference_result__struct.h
[15.650s] -- Installing: /home/u3/college/AI_For_robotics/moveit2_obb/install/yolov8_msgs/include/yolov8_msgs/yolov8_msgs/msg/detail/inference_result__type_support.h
[15.650s] -- Installing: /home/u3/college/AI_For_robotics/moveit2_obb/install/yolov8_msgs/include/yolov8_msgs/yolov8_msgs/msg/detail/yolov8_inference__description.c
[15.650s] -- Installing: /home/u3/college/AI_For_robotics/moveit2_obb/install/yolov8_msgs/include/yolov8_msgs/yolov8_msgs/msg/detail/yolov8_inference__type_support.h
[15.650s] -- Installing: /home/u3/college/AI_For_robotics/moveit2_obb/install/yolov8_msgs/include/yolov8_msgs/yolov8_msgs/msg/detail/yolov8_inference__struct.h
[15.651s] -- Installing: /home/u3/college/AI_For_robotics/moveit2_obb/install/yolov8_msgs/include/yolov8_msgs/yolov8_msgs/msg/detail/inference_result__functions.c
[15.651s] -- Installing: /home/u3/college/AI_For_robotics/moveit2_obb/install/yolov8_msgs/include/yolov8_msgs/yolov8_msgs/msg/detail/yolov8_inference__type_support.c
[15.651s] -- Installing: /home/u3/college/AI_For_robotics/moveit2_obb/install/yolov8_msgs/include/yolov8_msgs/yolov8_msgs/msg/detail/inference_result__description.c
[15.651s] -- Installing: /home/u3/college/AI_For_robotics/moveit2_obb/install/yolov8_msgs/include/yolov8_msgs/yolov8_msgs/msg/detail/inference_result__type_support.c
[15.651s] -- Installing: /home/u3/college/AI_For_robotics/moveit2_obb/install/yolov8_msgs/include/yolov8_msgs/yolov8_msgs/msg/detail/yolov8_inference__functions.h
[15.651s] -- Installing: /home/u3/college/AI_For_robotics/moveit2_obb/install/yolov8_msgs/include/yolov8_msgs/yolov8_msgs/msg/detail/inference_result__functions.h
[15.651s] -- Installing: /home/u3/college/AI_For_robotics/moveit2_obb/install/yolov8_msgs/include/yolov8_msgs/yolov8_msgs/msg/detail/yolov8_inference__functions.c
[15.651s] -- Installing: /home/u3/college/AI_For_robotics/moveit2_obb/install/yolov8_msgs/share/yolov8_msgs/environment/library_path.sh
[15.651s] -- Installing: /home/u3/college/AI_For_robotics/moveit2_obb/install/yolov8_msgs/share/yolov8_msgs/environment/library_path.dsv
[15.651s] -- Installing: /home/u3/college/AI_For_robotics/moveit2_obb/install/yolov8_msgs/lib/libyolov8_msgs__rosidl_generator_c.so
[15.652s] -- Set non-toolchain portion of runtime path of "/home/u3/college/AI_For_robotics/moveit2_obb/install/yolov8_msgs/lib/libyolov8_msgs__rosidl_generator_c.so" to ""
[15.652s] -- Up-to-date: /home/u3/college/AI_For_robotics/moveit2_obb/install/yolov8_msgs/include/yolov8_msgs/yolov8_msgs
[15.652s] -- Up-to-date: /home/u3/college/AI_For_robotics/moveit2_obb/install/yolov8_msgs/include/yolov8_msgs/yolov8_msgs/msg
[15.652s] -- Installing: /home/u3/college/AI_For_robotics/moveit2_obb/install/yolov8_msgs/include/yolov8_msgs/yolov8_msgs/msg/rosidl_typesupport_fastrtps_c__visibility_control.h
[15.652s] -- Up-to-date: /home/u3/college/AI_For_robotics/moveit2_obb/install/yolov8_msgs/include/yolov8_msgs/yolov8_msgs/msg/detail
[15.652s] -- Installing: /home/u3/college/AI_For_robotics/moveit2_obb/install/yolov8_msgs/include/yolov8_msgs/yolov8_msgs/msg/detail/inference_result__rosidl_typesupport_fastrtps_c.h
[15.652s] -- Installing: /home/u3/college/AI_For_robotics/moveit2_obb/install/yolov8_msgs/include/yolov8_msgs/yolov8_msgs/msg/detail/yolov8_inference__rosidl_typesupport_fastrtps_c.h
[15.653s] -- Installing: /home/u3/college/AI_For_robotics/moveit2_obb/install/yolov8_msgs/lib/libyolov8_msgs__rosidl_typesupport_fastrtps_c.so
[15.653s] -- Set non-toolchain portion of runtime path of "/home/u3/college/AI_For_robotics/moveit2_obb/install/yolov8_msgs/lib/libyolov8_msgs__rosidl_typesupport_fastrtps_c.so" to ""
[15.653s] -- Up-to-date: /home/u3/college/AI_For_robotics/moveit2_obb/install/yolov8_msgs/include/yolov8_msgs/yolov8_msgs
[15.653s] -- Up-to-date: /home/u3/college/AI_For_robotics/moveit2_obb/install/yolov8_msgs/include/yolov8_msgs/yolov8_msgs/msg
[15.653s] -- Installing: /home/u3/college/AI_For_robotics/moveit2_obb/install/yolov8_msgs/include/yolov8_msgs/yolov8_msgs/msg/inference_result.hpp
[15.653s] -- Up-to-date: /home/u3/college/AI_For_robotics/moveit2_obb/install/yolov8_msgs/include/yolov8_msgs/yolov8_msgs/msg/detail
[15.653s] -- Installing: /home/u3/college/AI_For_robotics/moveit2_obb/install/yolov8_msgs/include/yolov8_msgs/yolov8_msgs/msg/detail/inference_result__builder.hpp
[15.653s] -- Installing: /home/u3/college/AI_For_robotics/moveit2_obb/install/yolov8_msgs/include/yolov8_msgs/yolov8_msgs/msg/detail/yolov8_inference__struct.hpp
[15.653s] -- Installing: /home/u3/college/AI_For_robotics/moveit2_obb/install/yolov8_msgs/include/yolov8_msgs/yolov8_msgs/msg/detail/inference_result__traits.hpp
[15.654s] -- Installing: /home/u3/college/AI_For_robotics/moveit2_obb/install/yolov8_msgs/include/yolov8_msgs/yolov8_msgs/msg/detail/yolov8_inference__type_support.hpp
[15.654s] -- Installing: /home/u3/college/AI_For_robotics/moveit2_obb/install/yolov8_msgs/include/yolov8_msgs/yolov8_msgs/msg/detail/yolov8_inference__traits.hpp
[15.654s] -- Installing: /home/u3/college/AI_For_robotics/moveit2_obb/install/yolov8_msgs/include/yolov8_msgs/yolov8_msgs/msg/detail/yolov8_inference__builder.hpp
[15.654s] -- Installing: /home/u3/college/AI_For_robotics/moveit2_obb/install/yolov8_msgs/include/yolov8_msgs/yolov8_msgs/msg/detail/inference_result__type_support.hpp
[15.654s] -- Installing: /home/u3/college/AI_For_robotics/moveit2_obb/install/yolov8_msgs/include/yolov8_msgs/yolov8_msgs/msg/detail/inference_result__struct.hpp
[15.654s] -- Installing: /home/u3/college/AI_For_robotics/moveit2_obb/install/yolov8_msgs/include/yolov8_msgs/yolov8_msgs/msg/yolov8_inference.hpp
[15.654s] -- Installing: /home/u3/college/AI_For_robotics/moveit2_obb/install/yolov8_msgs/include/yolov8_msgs/yolov8_msgs/msg/rosidl_generator_cpp__visibility_control.hpp
[15.654s] -- Up-to-date: /home/u3/college/AI_For_robotics/moveit2_obb/install/yolov8_msgs/include/yolov8_msgs/yolov8_msgs
[15.654s] -- Up-to-date: /home/u3/college/AI_For_robotics/moveit2_obb/install/yolov8_msgs/include/yolov8_msgs/yolov8_msgs/msg
[15.654s] -- Installing: /home/u3/college/AI_For_robotics/moveit2_obb/install/yolov8_msgs/include/yolov8_msgs/yolov8_msgs/msg/rosidl_typesupport_fastrtps_cpp__visibility_control.h
[15.655s] -- Up-to-date: /home/u3/college/AI_For_robotics/moveit2_obb/install/yolov8_msgs/include/yolov8_msgs/yolov8_msgs/msg/detail
[15.655s] -- Installing: /home/u3/college/AI_For_robotics/moveit2_obb/install/yolov8_msgs/include/yolov8_msgs/yolov8_msgs/msg/detail/yolov8_inference__rosidl_typesupport_fastrtps_cpp.hpp
[15.655s] -- Installing: /home/u3/college/AI_For_robotics/moveit2_obb/install/yolov8_msgs/include/yolov8_msgs/yolov8_msgs/msg/detail/dds_fastrtps
[15.655s] -- Installing: /home/u3/college/AI_For_robotics/moveit2_obb/install/yolov8_msgs/include/yolov8_msgs/yolov8_msgs/msg/detail/inference_result__rosidl_typesupport_fastrtps_cpp.hpp
[15.655s] -- Installing: /home/u3/college/AI_For_robotics/moveit2_obb/install/yolov8_msgs/lib/libyolov8_msgs__rosidl_typesupport_fastrtps_cpp.so
[15.655s] -- Set non-toolchain portion of runtime path of "/home/u3/college/AI_For_robotics/moveit2_obb/install/yolov8_msgs/lib/libyolov8_msgs__rosidl_typesupport_fastrtps_cpp.so" to ""
[15.655s] -- Up-to-date: /home/u3/college/AI_For_robotics/moveit2_obb/install/yolov8_msgs/include/yolov8_msgs/yolov8_msgs
[15.655s] -- Up-to-date: /home/u3/college/AI_For_robotics/moveit2_obb/install/yolov8_msgs/include/yolov8_msgs/yolov8_msgs/msg
[15.656s] -- Installing: /home/u3/college/AI_For_robotics/moveit2_obb/install/yolov8_msgs/include/yolov8_msgs/yolov8_msgs/msg/rosidl_typesupport_introspection_c__visibility_control.h
[15.656s] -- Up-to-date: /home/u3/college/AI_For_robotics/moveit2_obb/install/yolov8_msgs/include/yolov8_msgs/yolov8_msgs/msg/detail
[15.656s] -- Installing: /home/u3/college/AI_For_robotics/moveit2_obb/install/yolov8_msgs/include/yolov8_msgs/yolov8_msgs/msg/detail/yolov8_inference__rosidl_typesupport_introspection_c.h
[15.656s] -- Installing: /home/u3/college/AI_For_robotics/moveit2_obb/install/yolov8_msgs/include/yolov8_msgs/yolov8_msgs/msg/detail/yolov8_inference__type_support.c
[15.656s] -- Installing: /home/u3/college/AI_For_robotics/moveit2_obb/install/yolov8_msgs/include/yolov8_msgs/yolov8_msgs/msg/detail/inference_result__type_support.c
[15.656s] -- Installing: /home/u3/college/AI_For_robotics/moveit2_obb/install/yolov8_msgs/include/yolov8_msgs/yolov8_msgs/msg/detail/inference_result__rosidl_typesupport_introspection_c.h
[15.656s] -- Installing: /home/u3/college/AI_For_robotics/moveit2_obb/install/yolov8_msgs/lib/libyolov8_msgs__rosidl_typesupport_introspection_c.so
[15.656s] -- Set non-toolchain portion of runtime path of "/home/u3/college/AI_For_robotics/moveit2_obb/install/yolov8_msgs/lib/libyolov8_msgs__rosidl_typesupport_introspection_c.so" to ""
[15.657s] -- Installing: /home/u3/college/AI_For_robotics/moveit2_obb/install/yolov8_msgs/lib/libyolov8_msgs__rosidl_typesupport_c.so
[15.657s] -- Set non-toolchain portion of runtime path of "/home/u3/college/AI_For_robotics/moveit2_obb/install/yolov8_msgs/lib/libyolov8_msgs__rosidl_typesupport_c.so" to ""
[15.657s] -- Up-to-date: /home/u3/college/AI_For_robotics/moveit2_obb/install/yolov8_msgs/include/yolov8_msgs/yolov8_msgs
[15.657s] -- Up-to-date: /home/u3/college/AI_For_robotics/moveit2_obb/install/yolov8_msgs/include/yolov8_msgs/yolov8_msgs/msg
[15.657s] -- Up-to-date: /home/u3/college/AI_For_robotics/moveit2_obb/install/yolov8_msgs/include/yolov8_msgs/yolov8_msgs/msg/detail
[15.657s] -- Installing: /home/u3/college/AI_For_robotics/moveit2_obb/install/yolov8_msgs/include/yolov8_msgs/yolov8_msgs/msg/detail/inference_result__rosidl_typesupport_introspection_cpp.hpp
[15.657s] -- Installing: /home/u3/college/AI_For_robotics/moveit2_obb/install/yolov8_msgs/include/yolov8_msgs/yolov8_msgs/msg/detail/yolov8_inference__rosidl_typesupport_introspection_cpp.hpp
[15.657s] -- Installing: /home/u3/college/AI_For_robotics/moveit2_obb/install/yolov8_msgs/include/yolov8_msgs/yolov8_msgs/msg/detail/yolov8_inference__type_support.cpp
[15.657s] -- Installing: /home/u3/college/AI_For_robotics/moveit2_obb/install/yolov8_msgs/include/yolov8_msgs/yolov8_msgs/msg/detail/inference_result__type_support.cpp
[15.658s] -- Installing: /home/u3/college/AI_For_robotics/moveit2_obb/install/yolov8_msgs/lib/libyolov8_msgs__rosidl_typesupport_introspection_cpp.so
[15.658s] -- Set non-toolchain portion of runtime path of "/home/u3/college/AI_For_robotics/moveit2_obb/install/yolov8_msgs/lib/libyolov8_msgs__rosidl_typesupport_introspection_cpp.so" to ""
[15.658s] -- Installing: /home/u3/college/AI_For_robotics/moveit2_obb/install/yolov8_msgs/lib/libyolov8_msgs__rosidl_typesupport_cpp.so
[15.658s] -- Set non-toolchain portion of runtime path of "/home/u3/college/AI_For_robotics/moveit2_obb/install/yolov8_msgs/lib/libyolov8_msgs__rosidl_typesupport_cpp.so" to ""
[15.658s] -- Installing: /home/u3/college/AI_For_robotics/moveit2_obb/install/yolov8_msgs/share/yolov8_msgs/environment/pythonpath.sh
[15.658s] -- Installing: /home/u3/college/AI_For_robotics/moveit2_obb/install/yolov8_msgs/share/yolov8_msgs/environment/pythonpath.dsv
[15.659s] -- Installing: /home/u3/college/AI_For_robotics/moveit2_obb/install/yolov8_msgs/lib/python3.12/site-packages/yolov8_msgs-0.0.0-py3.12.egg-info
[15.659s] -- Installing: /home/u3/college/AI_For_robotics/moveit2_obb/install/yolov8_msgs/lib/python3.12/site-packages/yolov8_msgs-0.0.0-py3.12.egg-info/PKG-INFO
[15.659s] -- Installing: /home/u3/college/AI_For_robotics/moveit2_obb/install/yolov8_msgs/lib/python3.12/site-packages/yolov8_msgs-0.0.0-py3.12.egg-info/SOURCES.txt
[15.659s] -- Installing: /home/u3/college/AI_For_robotics/moveit2_obb/install/yolov8_msgs/lib/python3.12/site-packages/yolov8_msgs-0.0.0-py3.12.egg-info/top_level.txt
[15.659s] -- Installing: /home/u3/college/AI_For_robotics/moveit2_obb/install/yolov8_msgs/lib/python3.12/site-packages/yolov8_msgs-0.0.0-py3.12.egg-info/dependency_links.txt
[15.659s] -- Installing: /home/u3/college/AI_For_robotics/moveit2_obb/install/yolov8_msgs/lib/python3.12/site-packages/yolov8_msgs
[15.659s] -- Installing: /home/u3/college/AI_For_robotics/moveit2_obb/install/yolov8_msgs/lib/python3.12/site-packages/yolov8_msgs/_yolov8_msgs_s.ep.rosidl_typesupport_c.c
[15.660s] -- Installing: /home/u3/college/AI_For_robotics/moveit2_obb/install/yolov8_msgs/lib/python3.12/site-packages/yolov8_msgs/_yolov8_msgs_s.ep.rosidl_typesupport_fastrtps_c.c
[15.660s] -- Installing: /home/u3/college/AI_For_robotics/moveit2_obb/install/yolov8_msgs/lib/python3.12/site-packages/yolov8_msgs/yolov8_msgs_s__rosidl_typesupport_fastrtps_c.so
[15.660s] -- Installing: /home/u3/college/AI_For_robotics/moveit2_obb/install/yolov8_msgs/lib/python3.12/site-packages/yolov8_msgs/yolov8_msgs_s__rosidl_typesupport_c.so
[15.660s] -- Installing: /home/u3/college/AI_For_robotics/moveit2_obb/install/yolov8_msgs/lib/python3.12/site-packages/yolov8_msgs/yolov8_msgs_s__rosidl_typesupport_introspection_c.so
[15.660s] -- Installing: /home/u3/college/AI_For_robotics/moveit2_obb/install/yolov8_msgs/lib/python3.12/site-packages/yolov8_msgs/__init__.py
[15.660s] -- Installing: /home/u3/college/AI_For_robotics/moveit2_obb/install/yolov8_msgs/lib/python3.12/site-packages/yolov8_msgs/msg
[15.660s] -- Installing: /home/u3/college/AI_For_robotics/moveit2_obb/install/yolov8_msgs/lib/python3.12/site-packages/yolov8_msgs/msg/_yolov8_inference.py
[15.660s] -- Installing: /home/u3/college/AI_For_robotics/moveit2_obb/install/yolov8_msgs/lib/python3.12/site-packages/yolov8_msgs/msg/_yolov8_inference_s.c
[15.660s] -- Installing: /home/u3/college/AI_For_robotics/moveit2_obb/install/yolov8_msgs/lib/python3.12/site-packages/yolov8_msgs/msg/_inference_result_s.c
[15.661s] -- Installing: /home/u3/college/AI_For_robotics/moveit2_obb/install/yolov8_msgs/lib/python3.12/site-packages/yolov8_msgs/msg/__init__.py
[15.661s] -- Installing: /home/u3/college/AI_For_robotics/moveit2_obb/install/yolov8_msgs/lib/python3.12/site-packages/yolov8_msgs/msg/_inference_result.py
[15.661s] -- Installing: /home/u3/college/AI_For_robotics/moveit2_obb/install/yolov8_msgs/lib/python3.12/site-packages/yolov8_msgs/_yolov8_msgs_s.ep.rosidl_typesupport_introspection_c.c
[15.737s] Listing '/home/u3/college/AI_For_robotics/moveit2_obb/install/yolov8_msgs/lib/python3.12/site-packages/yolov8_msgs'...
[15.737s] Compiling '/home/u3/college/AI_For_robotics/moveit2_obb/install/yolov8_msgs/lib/python3.12/site-packages/yolov8_msgs/__init__.py'...
[15.737s] Listing '/home/u3/college/AI_For_robotics/moveit2_obb/install/yolov8_msgs/lib/python3.12/site-packages/yolov8_msgs/msg'...
[15.737s] Compiling '/home/u3/college/AI_For_robotics/moveit2_obb/install/yolov8_msgs/lib/python3.12/site-packages/yolov8_msgs/msg/__init__.py'...
[15.737s] Compiling '/home/u3/college/AI_For_robotics/moveit2_obb/install/yolov8_msgs/lib/python3.12/site-packages/yolov8_msgs/msg/_inference_result.py'...
[15.737s] Compiling '/home/u3/college/AI_For_robotics/moveit2_obb/install/yolov8_msgs/lib/python3.12/site-packages/yolov8_msgs/msg/_yolov8_inference.py'...
[15.743s] -- Installing: /home/u3/college/AI_For_robotics/moveit2_obb/install/yolov8_msgs/lib/python3.12/site-packages/yolov8_msgs/yolov8_msgs_s__rosidl_typesupport_fastrtps_c.so
[15.743s] -- Set non-toolchain portion of runtime path of "/home/u3/college/AI_For_robotics/moveit2_obb/install/yolov8_msgs/lib/python3.12/site-packages/yolov8_msgs/yolov8_msgs_s__rosidl_typesupport_fastrtps_c.so" to ""
[15.744s] -- Installing: /home/u3/college/AI_For_robotics/moveit2_obb/install/yolov8_msgs/lib/python3.12/site-packages/yolov8_msgs/yolov8_msgs_s__rosidl_typesupport_introspection_c.so
[15.744s] -- Set non-toolchain portion of runtime path of "/home/u3/college/AI_For_robotics/moveit2_obb/install/yolov8_msgs/lib/python3.12/site-packages/yolov8_msgs/yolov8_msgs_s__rosidl_typesupport_introspection_c.so" to ""
[15.745s] -- Installing: /home/u3/college/AI_For_robotics/moveit2_obb/install/yolov8_msgs/lib/python3.12/site-packages/yolov8_msgs/yolov8_msgs_s__rosidl_typesupport_c.so
[15.746s] -- Set non-toolchain portion of runtime path of "/home/u3/college/AI_For_robotics/moveit2_obb/install/yolov8_msgs/lib/python3.12/site-packages/yolov8_msgs/yolov8_msgs_s__rosidl_typesupport_c.so" to ""
[15.746s] -- Installing: /home/u3/college/AI_For_robotics/moveit2_obb/install/yolov8_msgs/lib/libyolov8_msgs__rosidl_generator_py.so
[15.747s] -- Set non-toolchain portion of runtime path of "/home/u3/college/AI_For_robotics/moveit2_obb/install/yolov8_msgs/lib/libyolov8_msgs__rosidl_generator_py.so" to ""
[15.747s] -- Installing: /home/u3/college/AI_For_robotics/moveit2_obb/install/yolov8_msgs/share/yolov8_msgs/msg/InferenceResult.idl
[15.747s] -- Installing: /home/u3/college/AI_For_robotics/moveit2_obb/install/yolov8_msgs/share/yolov8_msgs/msg/Yolov8Inference.idl
[15.748s] -- Installing: /home/u3/college/AI_For_robotics/moveit2_obb/install/yolov8_msgs/share/yolov8_msgs/msg/InferenceResult.msg
[15.748s] -- Installing: /home/u3/college/AI_For_robotics/moveit2_obb/install/yolov8_msgs/share/yolov8_msgs/msg/Yolov8Inference.msg
[15.748s] -- Installing: /home/u3/college/AI_For_robotics/moveit2_obb/install/yolov8_msgs/share/ament_index/resource_index/package_run_dependencies/yolov8_msgs
[15.749s] -- Installing: /home/u3/college/AI_For_robotics/moveit2_obb/install/yolov8_msgs/share/ament_index/resource_index/parent_prefix_path/yolov8_msgs
[15.749s] -- Installing: /home/u3/college/AI_For_robotics/moveit2_obb/install/yolov8_msgs/share/yolov8_msgs/environment/ament_prefix_path.sh
[15.750s] -- Installing: /home/u3/college/AI_For_robotics/moveit2_obb/install/yolov8_msgs/share/yolov8_msgs/environment/ament_prefix_path.dsv
[15.750s] -- Installing: /home/u3/college/AI_For_robotics/moveit2_obb/install/yolov8_msgs/share/yolov8_msgs/environment/path.sh
[15.750s] -- Installing: /home/u3/college/AI_For_robotics/moveit2_obb/install/yolov8_msgs/share/yolov8_msgs/environment/path.dsv
[15.751s] -- Installing: /home/u3/college/AI_For_robotics/moveit2_obb/install/yolov8_msgs/share/yolov8_msgs/local_setup.bash
[15.751s] -- Installing: /home/u3/college/AI_For_robotics/moveit2_obb/install/yolov8_msgs/share/yolov8_msgs/local_setup.sh
[15.751s] -- Installing: /home/u3/college/AI_For_robotics/moveit2_obb/install/yolov8_msgs/share/yolov8_msgs/local_setup.zsh
[15.752s] -- Installing: /home/u3/college/AI_For_robotics/moveit2_obb/install/yolov8_msgs/share/yolov8_msgs/local_setup.dsv
[15.752s] -- Installing: /home/u3/college/AI_For_robotics/moveit2_obb/install/yolov8_msgs/share/yolov8_msgs/package.dsv
[15.753s] -- Installing: /home/u3/college/AI_For_robotics/moveit2_obb/install/yolov8_msgs/share/ament_index/resource_index/packages/yolov8_msgs
[15.753s] -- Installing: /home/u3/college/AI_For_robotics/moveit2_obb/install/yolov8_msgs/share/yolov8_msgs/cmake/export_yolov8_msgs__rosidl_generator_cExport.cmake
[15.754s] -- Installing: /home/u3/college/AI_For_robotics/moveit2_obb/install/yolov8_msgs/share/yolov8_msgs/cmake/export_yolov8_msgs__rosidl_generator_cExport-noconfig.cmake
[15.754s] -- Installing: /home/u3/college/AI_For_robotics/moveit2_obb/install/yolov8_msgs/share/yolov8_msgs/cmake/export_yolov8_msgs__rosidl_typesupport_fastrtps_cExport.cmake
[15.754s] -- Installing: /home/u3/college/AI_For_robotics/moveit2_obb/install/yolov8_msgs/share/yolov8_msgs/cmake/export_yolov8_msgs__rosidl_typesupport_fastrtps_cExport-noconfig.cmake
[15.755s] -- Installing: /home/u3/college/AI_For_robotics/moveit2_obb/install/yolov8_msgs/share/yolov8_msgs/cmake/export_yolov8_msgs__rosidl_generator_cppExport.cmake
[15.755s] -- Installing: /home/u3/college/AI_For_robotics/moveit2_obb/install/yolov8_msgs/share/yolov8_msgs/cmake/export_yolov8_msgs__rosidl_typesupport_fastrtps_cppExport.cmake
[15.756s] -- Installing: /home/u3/college/AI_For_robotics/moveit2_obb/install/yolov8_msgs/share/yolov8_msgs/cmake/export_yolov8_msgs__rosidl_typesupport_fastrtps_cppExport-noconfig.cmake
[15.756s] -- Installing: /home/u3/college/AI_For_robotics/moveit2_obb/install/yolov8_msgs/share/yolov8_msgs/cmake/yolov8_msgs__rosidl_typesupport_introspection_cExport.cmake
[15.757s] -- Installing: /home/u3/college/AI_For_robotics/moveit2_obb/install/yolov8_msgs/share/yolov8_msgs/cmake/yolov8_msgs__rosidl_typesupport_introspection_cExport-noconfig.cmake
[15.757s] -- Installing: /home/u3/college/AI_For_robotics/moveit2_obb/install/yolov8_msgs/share/yolov8_msgs/cmake/yolov8_msgs__rosidl_typesupport_cExport.cmake
[15.757s] -- Installing: /home/u3/college/AI_For_robotics/moveit2_obb/install/yolov8_msgs/share/yolov8_msgs/cmake/yolov8_msgs__rosidl_typesupport_cExport-noconfig.cmake
[15.758s] -- Installing: /home/u3/college/AI_For_robotics/moveit2_obb/install/yolov8_msgs/share/yolov8_msgs/cmake/yolov8_msgs__rosidl_typesupport_introspection_cppExport.cmake
[15.758s] -- Installing: /home/u3/college/AI_For_robotics/moveit2_obb/install/yolov8_msgs/share/yolov8_msgs/cmake/yolov8_msgs__rosidl_typesupport_introspection_cppExport-noconfig.cmake
[15.759s] -- Installing: /home/u3/college/AI_For_robotics/moveit2_obb/install/yolov8_msgs/share/yolov8_msgs/cmake/yolov8_msgs__rosidl_typesupport_cppExport.cmake
[15.759s] -- Installing: /home/u3/college/AI_For_robotics/moveit2_obb/install/yolov8_msgs/share/yolov8_msgs/cmake/yolov8_msgs__rosidl_typesupport_cppExport-noconfig.cmake
[15.759s] -- Installing: /home/u3/college/AI_For_robotics/moveit2_obb/install/yolov8_msgs/share/yolov8_msgs/cmake/export_yolov8_msgs__rosidl_generator_pyExport.cmake
[15.760s] -- Installing: /home/u3/college/AI_For_robotics/moveit2_obb/install/yolov8_msgs/share/yolov8_msgs/cmake/export_yolov8_msgs__rosidl_generator_pyExport-noconfig.cmake
[15.760s] -- Installing: /home/u3/college/AI_For_robotics/moveit2_obb/install/yolov8_msgs/share/yolov8_msgs/cmake/rosidl_cmake-extras.cmake
[15.760s] -- Installing: /home/u3/college/AI_For_robotics/moveit2_obb/install/yolov8_msgs/share/yolov8_msgs/cmake/ament_cmake_export_dependencies-extras.cmake
[15.761s] -- Installing: /home/u3/college/AI_For_robotics/moveit2_obb/install/yolov8_msgs/share/yolov8_msgs/cmake/ament_cmake_export_include_directories-extras.cmake
[15.761s] -- Installing: /home/u3/college/AI_For_robotics/moveit2_obb/install/yolov8_msgs/share/yolov8_msgs/cmake/ament_cmake_export_libraries-extras.cmake
[15.761s] -- Installing: /home/u3/college/AI_For_robotics/moveit2_obb/install/yolov8_msgs/share/yolov8_msgs/cmake/ament_cmake_export_targets-extras.cmake
[15.762s] -- Installing: /home/u3/college/AI_For_robotics/moveit2_obb/install/yolov8_msgs/share/yolov8_msgs/cmake/rosidl_cmake_export_typesupport_targets-extras.cmake
[15.762s] -- Installing: /home/u3/college/AI_For_robotics/moveit2_obb/install/yolov8_msgs/share/yolov8_msgs/cmake/rosidl_cmake_export_typesupport_libraries-extras.cmake
[15.762s] -- Installing: /home/u3/college/AI_For_robotics/moveit2_obb/install/yolov8_msgs/share/yolov8_msgs/cmake/yolov8_msgsConfig.cmake
[15.763s] -- Installing: /home/u3/college/AI_For_robotics/moveit2_obb/install/yolov8_msgs/share/yolov8_msgs/cmake/yolov8_msgsConfig-version.cmake
[15.763s] -- Installing: /home/u3/college/AI_For_robotics/moveit2_obb/install/yolov8_msgs/share/yolov8_msgs/package.xml
[15.769s] Invoked command in '/home/u3/college/AI_For_robotics/moveit2_obb/build/yolov8_msgs' returned '0': CMAKE_PREFIX_PATH=${CMAKE_PREFIX_PATH}:/opt/ros/jazzy DEBUGINFOD_URLS=https://debuginfod.ubuntu.com /usr/bin/cmake --install /home/u3/college/AI_For_robotics/moveit2_obb/build/yolov8_msgs
