[0.101s] Invoking command in '/home/u3/college/AI_For_robotics/moveit2_obb/build/yolov8_msgs': CMAKE_PREFIX_PATH=${CMAKE_PREFIX_PATH}:/opt/ros/jazzy DEBUGINFOD_URLS=https://debuginfod.ubuntu.com PS1=(yolov8_env) \[\e]0;\u@\h: \w\a\]${debian_chroot:+($debian_chroot)}\[\033[01;32m\]\u@\h\[\033[00m\]:\[\033[01;34m\]\w\[\033[00m\]\$ VIRTUAL_ENV_PROMPT=(yolov8_env) /usr/bin/cmake --build /home/u3/college/AI_For_robotics/moveit2_obb/build/yolov8_msgs -- -j16 -l16
[0.678s] [  2%] Built target yolov8_msgs__rosidl_generator_type_description
[0.816s] [  2%] Built target ament_cmake_python_copy_yolov8_msgs
[0.903s] [ 20%] Built target yolov8_msgs__rosidl_generator_c
[1.269s] running egg_info
[1.292s] writing yolov8_msgs.egg-info/PKG-INFO
[1.293s] writing dependency_links to yolov8_msgs.egg-info/dependency_links.txt
[1.293s] writing top-level names to yolov8_msgs.egg-info/top_level.txt
[1.367s] reading manifest file 'yolov8_msgs.egg-info/SOURCES.txt'
[1.378s] writing manifest file 'yolov8_msgs.egg-info/SOURCES.txt'
[1.447s] [ 20%] Built target ament_cmake_python_build_yolov8_msgs_egg
[1.494s] [ 29%] Built target yolov8_msgs__rosidl_typesupport_c
[1.531s] [ 38%] Built target yolov8_msgs__rosidl_typesupport_introspection_c
[1.571s] [ 47%] Built target yolov8_msgs__rosidl_typesupport_fastrtps_c
[1.614s] [ 50%] Built target yolov8_msgs__cpp
[1.651s] [ 59%] Built target yolov8_msgs__rosidl_typesupport_cpp
[1.701s] [ 68%] Built target yolov8_msgs__rosidl_typesupport_introspection_cpp
[1.750s] [ 77%] Built target yolov8_msgs__rosidl_typesupport_fastrtps_cpp
[1.789s] [ 77%] Built target yolov8_msgs
[1.830s] [ 79%] Built target yolov8_msgs__py
[1.874s] [ 86%] Built target yolov8_msgs__rosidl_generator_py
[1.927s] [ 90%] Built target yolov8_msgs_s__rosidl_typesupport_fastrtps_c
[1.971s] [ 95%] Built target yolov8_msgs_s__rosidl_typesupport_c
[2.021s] [100%] Built target yolov8_msgs_s__rosidl_typesupport_introspection_c
[2.045s] Invoked command in '/home/u3/college/AI_For_robotics/moveit2_obb/build/yolov8_msgs' returned '0': CMAKE_PREFIX_PATH=${CMAKE_PREFIX_PATH}:/opt/ros/jazzy DEBUGINFOD_URLS=https://debuginfod.ubuntu.com PS1=(yolov8_env) \[\e]0;\u@\h: \w\a\]${debian_chroot:+($debian_chroot)}\[\033[01;32m\]\u@\h\[\033[00m\]:\[\033[01;34m\]\w\[\033[00m\]\$ VIRTUAL_ENV_PROMPT=(yolov8_env) /usr/bin/cmake --build /home/u3/college/AI_For_robotics/moveit2_obb/build/yolov8_msgs -- -j16 -l16
[2.047s] Invoking command in '/home/u3/college/AI_For_robotics/moveit2_obb/build/yolov8_msgs': CMAKE_PREFIX_PATH=${CMAKE_PREFIX_PATH}:/opt/ros/jazzy DEBUGINFOD_URLS=https://debuginfod.ubuntu.com PS1=(yolov8_env) \[\e]0;\u@\h: \w\a\]${debian_chroot:+($debian_chroot)}\[\033[01;32m\]\u@\h\[\033[00m\]:\[\033[01;34m\]\w\[\033[00m\]\$ VIRTUAL_ENV_PROMPT=(yolov8_env) /usr/bin/cmake --install /home/u3/college/AI_For_robotics/moveit2_obb/build/yolov8_msgs
[2.062s] -- Install configuration: ""
[2.062s] -- Up-to-date: /home/u3/college/AI_For_robotics/moveit2_obb/install/yolov8_msgs/share/ament_index/resource_index/rosidl_interfaces/yolov8_msgs
[2.062s] -- Up-to-date: /home/u3/college/AI_For_robotics/moveit2_obb/install/yolov8_msgs/share/yolov8_msgs/msg/InferenceResult.json
[2.062s] -- Up-to-date: /home/u3/college/AI_For_robotics/moveit2_obb/install/yolov8_msgs/share/yolov8_msgs/msg/Yolov8Inference.json
[2.062s] -- Up-to-date: /home/u3/college/AI_For_robotics/moveit2_obb/install/yolov8_msgs/include/yolov8_msgs/yolov8_msgs
[2.062s] -- Up-to-date: /home/u3/college/AI_For_robotics/moveit2_obb/install/yolov8_msgs/include/yolov8_msgs/yolov8_msgs/msg
[2.063s] -- Up-to-date: /home/u3/college/AI_For_robotics/moveit2_obb/install/yolov8_msgs/include/yolov8_msgs/yolov8_msgs/msg/yolov8_inference.h
[2.063s] -- Up-to-date: /home/u3/college/AI_For_robotics/moveit2_obb/install/yolov8_msgs/include/yolov8_msgs/yolov8_msgs/msg/rosidl_generator_c__visibility_control.h
[2.063s] -- Up-to-date: /home/u3/college/AI_For_robotics/moveit2_obb/install/yolov8_msgs/include/yolov8_msgs/yolov8_msgs/msg/inference_result.h
[2.063s] -- Up-to-date: /home/u3/college/AI_For_robotics/moveit2_obb/install/yolov8_msgs/include/yolov8_msgs/yolov8_msgs/msg/detail
[2.063s] -- Up-to-date: /home/u3/college/AI_For_robotics/moveit2_obb/install/yolov8_msgs/include/yolov8_msgs/yolov8_msgs/msg/detail/inference_result__struct.h
[2.063s] -- Up-to-date: /home/u3/college/AI_For_robotics/moveit2_obb/install/yolov8_msgs/include/yolov8_msgs/yolov8_msgs/msg/detail/inference_result__type_support.h
[2.063s] -- Up-to-date: /home/u3/college/AI_For_robotics/moveit2_obb/install/yolov8_msgs/include/yolov8_msgs/yolov8_msgs/msg/detail/yolov8_inference__description.c
[2.063s] -- Up-to-date: /home/u3/college/AI_For_robotics/moveit2_obb/install/yolov8_msgs/include/yolov8_msgs/yolov8_msgs/msg/detail/yolov8_inference__type_support.h
[2.064s] -- Up-to-date: /home/u3/college/AI_For_robotics/moveit2_obb/install/yolov8_msgs/include/yolov8_msgs/yolov8_msgs/msg/detail/yolov8_inference__struct.h
[2.064s] -- Up-to-date: /home/u3/college/AI_For_robotics/moveit2_obb/install/yolov8_msgs/include/yolov8_msgs/yolov8_msgs/msg/detail/inference_result__functions.c
[2.064s] -- Up-to-date: /home/u3/college/AI_For_robotics/moveit2_obb/install/yolov8_msgs/include/yolov8_msgs/yolov8_msgs/msg/detail/yolov8_inference__type_support.c
[2.064s] -- Up-to-date: /home/u3/college/AI_For_robotics/moveit2_obb/install/yolov8_msgs/include/yolov8_msgs/yolov8_msgs/msg/detail/inference_result__description.c
[2.064s] -- Up-to-date: /home/u3/college/AI_For_robotics/moveit2_obb/install/yolov8_msgs/include/yolov8_msgs/yolov8_msgs/msg/detail/inference_result__type_support.c
[2.064s] -- Up-to-date: /home/u3/college/AI_For_robotics/moveit2_obb/install/yolov8_msgs/include/yolov8_msgs/yolov8_msgs/msg/detail/yolov8_inference__functions.h
[2.064s] -- Up-to-date: /home/u3/college/AI_For_robotics/moveit2_obb/install/yolov8_msgs/include/yolov8_msgs/yolov8_msgs/msg/detail/inference_result__functions.h
[2.064s] -- Up-to-date: /home/u3/college/AI_For_robotics/moveit2_obb/install/yolov8_msgs/include/yolov8_msgs/yolov8_msgs/msg/detail/yolov8_inference__functions.c
[2.064s] -- Up-to-date: /home/u3/college/AI_For_robotics/moveit2_obb/install/yolov8_msgs/share/yolov8_msgs/environment/library_path.sh
[2.065s] -- Up-to-date: /home/u3/college/AI_For_robotics/moveit2_obb/install/yolov8_msgs/share/yolov8_msgs/environment/library_path.dsv
[2.075s] -- Up-to-date: /home/u3/college/AI_For_robotics/moveit2_obb/install/yolov8_msgs/lib/libyolov8_msgs__rosidl_generator_c.so
[2.076s] -- Up-to-date: /home/u3/college/AI_For_robotics/moveit2_obb/install/yolov8_msgs/include/yolov8_msgs/yolov8_msgs
[2.076s] -- Up-to-date: /home/u3/college/AI_For_robotics/moveit2_obb/install/yolov8_msgs/include/yolov8_msgs/yolov8_msgs/msg
[2.076s] -- Up-to-date: /home/u3/college/AI_For_robotics/moveit2_obb/install/yolov8_msgs/include/yolov8_msgs/yolov8_msgs/msg/rosidl_typesupport_fastrtps_c__visibility_control.h
[2.076s] -- Up-to-date: /home/u3/college/AI_For_robotics/moveit2_obb/install/yolov8_msgs/include/yolov8_msgs/yolov8_msgs/msg/detail
[2.076s] -- Up-to-date: /home/u3/college/AI_For_robotics/moveit2_obb/install/yolov8_msgs/include/yolov8_msgs/yolov8_msgs/msg/detail/inference_result__rosidl_typesupport_fastrtps_c.h
[2.076s] -- Up-to-date: /home/u3/college/AI_For_robotics/moveit2_obb/install/yolov8_msgs/include/yolov8_msgs/yolov8_msgs/msg/detail/yolov8_inference__rosidl_typesupport_fastrtps_c.h
[2.078s] -- Up-to-date: /home/u3/college/AI_For_robotics/moveit2_obb/install/yolov8_msgs/lib/libyolov8_msgs__rosidl_typesupport_fastrtps_c.so
[2.078s] -- Up-to-date: /home/u3/college/AI_For_robotics/moveit2_obb/install/yolov8_msgs/include/yolov8_msgs/yolov8_msgs
[2.078s] -- Up-to-date: /home/u3/college/AI_For_robotics/moveit2_obb/install/yolov8_msgs/include/yolov8_msgs/yolov8_msgs/msg
[2.078s] -- Up-to-date: /home/u3/college/AI_For_robotics/moveit2_obb/install/yolov8_msgs/include/yolov8_msgs/yolov8_msgs/msg/inference_result.hpp
[2.079s] -- Up-to-date: /home/u3/college/AI_For_robotics/moveit2_obb/install/yolov8_msgs/include/yolov8_msgs/yolov8_msgs/msg/detail
[2.079s] -- Up-to-date: /home/u3/college/AI_For_robotics/moveit2_obb/install/yolov8_msgs/include/yolov8_msgs/yolov8_msgs/msg/detail/inference_result__builder.hpp
[2.079s] -- Up-to-date: /home/u3/college/AI_For_robotics/moveit2_obb/install/yolov8_msgs/include/yolov8_msgs/yolov8_msgs/msg/detail/yolov8_inference__struct.hpp
[2.079s] -- Up-to-date: /home/u3/college/AI_For_robotics/moveit2_obb/install/yolov8_msgs/include/yolov8_msgs/yolov8_msgs/msg/detail/inference_result__traits.hpp
[2.079s] -- Up-to-date: /home/u3/college/AI_For_robotics/moveit2_obb/install/yolov8_msgs/include/yolov8_msgs/yolov8_msgs/msg/detail/yolov8_inference__type_support.hpp
[2.079s] -- Up-to-date: /home/u3/college/AI_For_robotics/moveit2_obb/install/yolov8_msgs/include/yolov8_msgs/yolov8_msgs/msg/detail/yolov8_inference__traits.hpp
[2.079s] -- Up-to-date: /home/u3/college/AI_For_robotics/moveit2_obb/install/yolov8_msgs/include/yolov8_msgs/yolov8_msgs/msg/detail/yolov8_inference__builder.hpp
[2.079s] -- Up-to-date: /home/u3/college/AI_For_robotics/moveit2_obb/install/yolov8_msgs/include/yolov8_msgs/yolov8_msgs/msg/detail/inference_result__type_support.hpp
[2.079s] -- Up-to-date: /home/u3/college/AI_For_robotics/moveit2_obb/install/yolov8_msgs/include/yolov8_msgs/yolov8_msgs/msg/detail/inference_result__struct.hpp
[2.079s] -- Up-to-date: /home/u3/college/AI_For_robotics/moveit2_obb/install/yolov8_msgs/include/yolov8_msgs/yolov8_msgs/msg/yolov8_inference.hpp
[2.080s] -- Up-to-date: /home/u3/college/AI_For_robotics/moveit2_obb/install/yolov8_msgs/include/yolov8_msgs/yolov8_msgs/msg/rosidl_generator_cpp__visibility_control.hpp
[2.080s] -- Up-to-date: /home/u3/college/AI_For_robotics/moveit2_obb/install/yolov8_msgs/include/yolov8_msgs/yolov8_msgs
[2.080s] -- Up-to-date: /home/u3/college/AI_For_robotics/moveit2_obb/install/yolov8_msgs/include/yolov8_msgs/yolov8_msgs/msg
[2.080s] -- Up-to-date: /home/u3/college/AI_For_robotics/moveit2_obb/install/yolov8_msgs/include/yolov8_msgs/yolov8_msgs/msg/rosidl_typesupport_fastrtps_cpp__visibility_control.h
[2.080s] -- Up-to-date: /home/u3/college/AI_For_robotics/moveit2_obb/install/yolov8_msgs/include/yolov8_msgs/yolov8_msgs/msg/detail
[2.080s] -- Up-to-date: /home/u3/college/AI_For_robotics/moveit2_obb/install/yolov8_msgs/include/yolov8_msgs/yolov8_msgs/msg/detail/yolov8_inference__rosidl_typesupport_fastrtps_cpp.hpp
[2.080s] -- Up-to-date: /home/u3/college/AI_For_robotics/moveit2_obb/install/yolov8_msgs/include/yolov8_msgs/yolov8_msgs/msg/detail/dds_fastrtps
[2.080s] -- Up-to-date: /home/u3/college/AI_For_robotics/moveit2_obb/install/yolov8_msgs/include/yolov8_msgs/yolov8_msgs/msg/detail/inference_result__rosidl_typesupport_fastrtps_cpp.hpp
[2.095s] -- Up-to-date: /home/u3/college/AI_For_robotics/moveit2_obb/install/yolov8_msgs/lib/libyolov8_msgs__rosidl_typesupport_fastrtps_cpp.so
[2.096s] -- Up-to-date: /home/u3/college/AI_For_robotics/moveit2_obb/install/yolov8_msgs/include/yolov8_msgs/yolov8_msgs
[2.096s] -- Up-to-date: /home/u3/college/AI_For_robotics/moveit2_obb/install/yolov8_msgs/include/yolov8_msgs/yolov8_msgs/msg
[2.096s] -- Up-to-date: /home/u3/college/AI_For_robotics/moveit2_obb/install/yolov8_msgs/include/yolov8_msgs/yolov8_msgs/msg/rosidl_typesupport_introspection_c__visibility_control.h
[2.096s] -- Up-to-date: /home/u3/college/AI_For_robotics/moveit2_obb/install/yolov8_msgs/include/yolov8_msgs/yolov8_msgs/msg/detail
[2.096s] -- Up-to-date: /home/u3/college/AI_For_robotics/moveit2_obb/install/yolov8_msgs/include/yolov8_msgs/yolov8_msgs/msg/detail/yolov8_inference__rosidl_typesupport_introspection_c.h
[2.096s] -- Up-to-date: /home/u3/college/AI_For_robotics/moveit2_obb/install/yolov8_msgs/include/yolov8_msgs/yolov8_msgs/msg/detail/yolov8_inference__type_support.c
[2.096s] -- Up-to-date: /home/u3/college/AI_For_robotics/moveit2_obb/install/yolov8_msgs/include/yolov8_msgs/yolov8_msgs/msg/detail/inference_result__type_support.c
[2.096s] -- Up-to-date: /home/u3/college/AI_For_robotics/moveit2_obb/install/yolov8_msgs/include/yolov8_msgs/yolov8_msgs/msg/detail/inference_result__rosidl_typesupport_introspection_c.h
[2.097s] -- Up-to-date: /home/u3/college/AI_For_robotics/moveit2_obb/install/yolov8_msgs/lib/libyolov8_msgs__rosidl_typesupport_introspection_c.so
[2.099s] -- Up-to-date: /home/u3/college/AI_For_robotics/moveit2_obb/install/yolov8_msgs/lib/libyolov8_msgs__rosidl_typesupport_c.so
[2.099s] -- Up-to-date: /home/u3/college/AI_For_robotics/moveit2_obb/install/yolov8_msgs/include/yolov8_msgs/yolov8_msgs
[2.099s] -- Up-to-date: /home/u3/college/AI_For_robotics/moveit2_obb/install/yolov8_msgs/include/yolov8_msgs/yolov8_msgs/msg
[2.099s] -- Up-to-date: /home/u3/college/AI_For_robotics/moveit2_obb/install/yolov8_msgs/include/yolov8_msgs/yolov8_msgs/msg/detail
[2.099s] -- Up-to-date: /home/u3/college/AI_For_robotics/moveit2_obb/install/yolov8_msgs/include/yolov8_msgs/yolov8_msgs/msg/detail/inference_result__rosidl_typesupport_introspection_cpp.hpp
[2.099s] -- Up-to-date: /home/u3/college/AI_For_robotics/moveit2_obb/install/yolov8_msgs/include/yolov8_msgs/yolov8_msgs/msg/detail/yolov8_inference__rosidl_typesupport_introspection_cpp.hpp
[2.099s] -- Up-to-date: /home/u3/college/AI_For_robotics/moveit2_obb/install/yolov8_msgs/include/yolov8_msgs/yolov8_msgs/msg/detail/yolov8_inference__type_support.cpp
[2.100s] -- Up-to-date: /home/u3/college/AI_For_robotics/moveit2_obb/install/yolov8_msgs/include/yolov8_msgs/yolov8_msgs/msg/detail/inference_result__type_support.cpp
[2.100s] -- Up-to-date: /home/u3/college/AI_For_robotics/moveit2_obb/install/yolov8_msgs/lib/libyolov8_msgs__rosidl_typesupport_introspection_cpp.so
[2.102s] -- Up-to-date: /home/u3/college/AI_For_robotics/moveit2_obb/install/yolov8_msgs/lib/libyolov8_msgs__rosidl_typesupport_cpp.so
[2.106s] -- Up-to-date: /home/u3/college/AI_For_robotics/moveit2_obb/install/yolov8_msgs/share/yolov8_msgs/environment/pythonpath.sh
[2.106s] -- Up-to-date: /home/u3/college/AI_For_robotics/moveit2_obb/install/yolov8_msgs/share/yolov8_msgs/environment/pythonpath.dsv
[2.106s] -- Up-to-date: /home/u3/college/AI_For_robotics/moveit2_obb/install/yolov8_msgs/lib/python3.12/site-packages/yolov8_msgs-0.0.0-py3.12.egg-info
[2.106s] -- Installing: /home/u3/college/AI_For_robotics/moveit2_obb/install/yolov8_msgs/lib/python3.12/site-packages/yolov8_msgs-0.0.0-py3.12.egg-info/PKG-INFO
[2.106s] -- Installing: /home/u3/college/AI_For_robotics/moveit2_obb/install/yolov8_msgs/lib/python3.12/site-packages/yolov8_msgs-0.0.0-py3.12.egg-info/SOURCES.txt
[2.106s] -- Installing: /home/u3/college/AI_For_robotics/moveit2_obb/install/yolov8_msgs/lib/python3.12/site-packages/yolov8_msgs-0.0.0-py3.12.egg-info/top_level.txt
[2.106s] -- Installing: /home/u3/college/AI_For_robotics/moveit2_obb/install/yolov8_msgs/lib/python3.12/site-packages/yolov8_msgs-0.0.0-py3.12.egg-info/dependency_links.txt
[2.106s] -- Up-to-date: /home/u3/college/AI_For_robotics/moveit2_obb/install/yolov8_msgs/lib/python3.12/site-packages/yolov8_msgs
[2.107s] -- Up-to-date: /home/u3/college/AI_For_robotics/moveit2_obb/install/yolov8_msgs/lib/python3.12/site-packages/yolov8_msgs/_yolov8_msgs_s.ep.rosidl_typesupport_c.c
[2.107s] -- Up-to-date: /home/u3/college/AI_For_robotics/moveit2_obb/install/yolov8_msgs/lib/python3.12/site-packages/yolov8_msgs/_yolov8_msgs_s.ep.rosidl_typesupport_fastrtps_c.c
[2.107s] -- Up-to-date: /home/u3/college/AI_For_robotics/moveit2_obb/install/yolov8_msgs/lib/python3.12/site-packages/yolov8_msgs/yolov8_msgs_s__rosidl_typesupport_fastrtps_c.so
[2.107s] -- Up-to-date: /home/u3/college/AI_For_robotics/moveit2_obb/install/yolov8_msgs/lib/python3.12/site-packages/yolov8_msgs/yolov8_msgs_s__rosidl_typesupport_c.so
[2.107s] -- Up-to-date: /home/u3/college/AI_For_robotics/moveit2_obb/install/yolov8_msgs/lib/python3.12/site-packages/yolov8_msgs/yolov8_msgs_s__rosidl_typesupport_introspection_c.so
[2.107s] -- Up-to-date: /home/u3/college/AI_For_robotics/moveit2_obb/install/yolov8_msgs/lib/python3.12/site-packages/yolov8_msgs/__init__.py
[2.107s] -- Up-to-date: /home/u3/college/AI_For_robotics/moveit2_obb/install/yolov8_msgs/lib/python3.12/site-packages/yolov8_msgs/msg
[2.107s] -- Up-to-date: /home/u3/college/AI_For_robotics/moveit2_obb/install/yolov8_msgs/lib/python3.12/site-packages/yolov8_msgs/msg/_yolov8_inference.py
[2.107s] -- Up-to-date: /home/u3/college/AI_For_robotics/moveit2_obb/install/yolov8_msgs/lib/python3.12/site-packages/yolov8_msgs/msg/_yolov8_inference_s.c
[2.107s] -- Up-to-date: /home/u3/college/AI_For_robotics/moveit2_obb/install/yolov8_msgs/lib/python3.12/site-packages/yolov8_msgs/msg/_inference_result_s.c
[2.108s] -- Up-to-date: /home/u3/college/AI_For_robotics/moveit2_obb/install/yolov8_msgs/lib/python3.12/site-packages/yolov8_msgs/msg/__init__.py
[2.108s] -- Up-to-date: /home/u3/college/AI_For_robotics/moveit2_obb/install/yolov8_msgs/lib/python3.12/site-packages/yolov8_msgs/msg/_inference_result.py
[2.108s] -- Up-to-date: /home/u3/college/AI_For_robotics/moveit2_obb/install/yolov8_msgs/lib/python3.12/site-packages/yolov8_msgs/_yolov8_msgs_s.ep.rosidl_typesupport_introspection_c.c
[2.159s] Listing '/home/u3/college/AI_For_robotics/moveit2_obb/install/yolov8_msgs/lib/python3.12/site-packages/yolov8_msgs'...
[2.159s] Listing '/home/u3/college/AI_For_robotics/moveit2_obb/install/yolov8_msgs/lib/python3.12/site-packages/yolov8_msgs/msg'...
[2.167s] -- Up-to-date: /home/u3/college/AI_For_robotics/moveit2_obb/install/yolov8_msgs/lib/python3.12/site-packages/yolov8_msgs/yolov8_msgs_s__rosidl_typesupport_fastrtps_c.so
[2.167s] -- Up-to-date: /home/u3/college/AI_For_robotics/moveit2_obb/install/yolov8_msgs/lib/python3.12/site-packages/yolov8_msgs/yolov8_msgs_s__rosidl_typesupport_introspection_c.so
[2.168s] -- Up-to-date: /home/u3/college/AI_For_robotics/moveit2_obb/install/yolov8_msgs/lib/python3.12/site-packages/yolov8_msgs/yolov8_msgs_s__rosidl_typesupport_c.so
[2.169s] -- Up-to-date: /home/u3/college/AI_For_robotics/moveit2_obb/install/yolov8_msgs/lib/libyolov8_msgs__rosidl_generator_py.so
[2.169s] -- Up-to-date: /home/u3/college/AI_For_robotics/moveit2_obb/install/yolov8_msgs/share/yolov8_msgs/msg/InferenceResult.idl
[2.169s] -- Up-to-date: /home/u3/college/AI_For_robotics/moveit2_obb/install/yolov8_msgs/share/yolov8_msgs/msg/Yolov8Inference.idl
[2.169s] -- Up-to-date: /home/u3/college/AI_For_robotics/moveit2_obb/install/yolov8_msgs/share/yolov8_msgs/msg/InferenceResult.msg
[2.169s] -- Up-to-date: /home/u3/college/AI_For_robotics/moveit2_obb/install/yolov8_msgs/share/yolov8_msgs/msg/Yolov8Inference.msg
[2.170s] -- Up-to-date: /home/u3/college/AI_For_robotics/moveit2_obb/install/yolov8_msgs/share/ament_index/resource_index/package_run_dependencies/yolov8_msgs
[2.170s] -- Up-to-date: /home/u3/college/AI_For_robotics/moveit2_obb/install/yolov8_msgs/share/ament_index/resource_index/parent_prefix_path/yolov8_msgs
[2.170s] -- Up-to-date: /home/u3/college/AI_For_robotics/moveit2_obb/install/yolov8_msgs/share/yolov8_msgs/environment/ament_prefix_path.sh
[2.170s] -- Up-to-date: /home/u3/college/AI_For_robotics/moveit2_obb/install/yolov8_msgs/share/yolov8_msgs/environment/ament_prefix_path.dsv
[2.170s] -- Up-to-date: /home/u3/college/AI_For_robotics/moveit2_obb/install/yolov8_msgs/share/yolov8_msgs/environment/path.sh
[2.170s] -- Up-to-date: /home/u3/college/AI_For_robotics/moveit2_obb/install/yolov8_msgs/share/yolov8_msgs/environment/path.dsv
[2.170s] -- Up-to-date: /home/u3/college/AI_For_robotics/moveit2_obb/install/yolov8_msgs/share/yolov8_msgs/local_setup.bash
[2.170s] -- Up-to-date: /home/u3/college/AI_For_robotics/moveit2_obb/install/yolov8_msgs/share/yolov8_msgs/local_setup.sh
[2.170s] -- Up-to-date: /home/u3/college/AI_For_robotics/moveit2_obb/install/yolov8_msgs/share/yolov8_msgs/local_setup.zsh
[2.170s] -- Up-to-date: /home/u3/college/AI_For_robotics/moveit2_obb/install/yolov8_msgs/share/yolov8_msgs/local_setup.dsv
[2.170s] -- Installing: /home/u3/college/AI_For_robotics/moveit2_obb/install/yolov8_msgs/share/yolov8_msgs/package.dsv
[2.170s] -- Up-to-date: /home/u3/college/AI_For_robotics/moveit2_obb/install/yolov8_msgs/share/ament_index/resource_index/packages/yolov8_msgs
[2.171s] -- Up-to-date: /home/u3/college/AI_For_robotics/moveit2_obb/install/yolov8_msgs/share/yolov8_msgs/cmake/export_yolov8_msgs__rosidl_generator_cExport.cmake
[2.171s] -- Up-to-date: /home/u3/college/AI_For_robotics/moveit2_obb/install/yolov8_msgs/share/yolov8_msgs/cmake/export_yolov8_msgs__rosidl_generator_cExport-noconfig.cmake
[2.171s] -- Up-to-date: /home/u3/college/AI_For_robotics/moveit2_obb/install/yolov8_msgs/share/yolov8_msgs/cmake/export_yolov8_msgs__rosidl_typesupport_fastrtps_cExport.cmake
[2.171s] -- Up-to-date: /home/u3/college/AI_For_robotics/moveit2_obb/install/yolov8_msgs/share/yolov8_msgs/cmake/export_yolov8_msgs__rosidl_typesupport_fastrtps_cExport-noconfig.cmake
[2.171s] -- Up-to-date: /home/u3/college/AI_For_robotics/moveit2_obb/install/yolov8_msgs/share/yolov8_msgs/cmake/export_yolov8_msgs__rosidl_generator_cppExport.cmake
[2.172s] -- Up-to-date: /home/u3/college/AI_For_robotics/moveit2_obb/install/yolov8_msgs/share/yolov8_msgs/cmake/export_yolov8_msgs__rosidl_typesupport_fastrtps_cppExport.cmake
[2.172s] -- Up-to-date: /home/u3/college/AI_For_robotics/moveit2_obb/install/yolov8_msgs/share/yolov8_msgs/cmake/export_yolov8_msgs__rosidl_typesupport_fastrtps_cppExport-noconfig.cmake
[2.172s] -- Up-to-date: /home/u3/college/AI_For_robotics/moveit2_obb/install/yolov8_msgs/share/yolov8_msgs/cmake/yolov8_msgs__rosidl_typesupport_introspection_cExport.cmake
[2.172s] -- Up-to-date: /home/u3/college/AI_For_robotics/moveit2_obb/install/yolov8_msgs/share/yolov8_msgs/cmake/yolov8_msgs__rosidl_typesupport_introspection_cExport-noconfig.cmake
[2.172s] -- Up-to-date: /home/u3/college/AI_For_robotics/moveit2_obb/install/yolov8_msgs/share/yolov8_msgs/cmake/yolov8_msgs__rosidl_typesupport_cExport.cmake
[2.173s] -- Up-to-date: /home/u3/college/AI_For_robotics/moveit2_obb/install/yolov8_msgs/share/yolov8_msgs/cmake/yolov8_msgs__rosidl_typesupport_cExport-noconfig.cmake
[2.179s] -- Up-to-date: /home/u3/college/AI_For_robotics/moveit2_obb/install/yolov8_msgs/share/yolov8_msgs/cmake/yolov8_msgs__rosidl_typesupport_introspection_cppExport.cmake
[2.179s] -- Up-to-date: /home/u3/college/AI_For_robotics/moveit2_obb/install/yolov8_msgs/share/yolov8_msgs/cmake/yolov8_msgs__rosidl_typesupport_introspection_cppExport-noconfig.cmake
[2.179s] -- Up-to-date: /home/u3/college/AI_For_robotics/moveit2_obb/install/yolov8_msgs/share/yolov8_msgs/cmake/yolov8_msgs__rosidl_typesupport_cppExport.cmake
[2.179s] -- Up-to-date: /home/u3/college/AI_For_robotics/moveit2_obb/install/yolov8_msgs/share/yolov8_msgs/cmake/yolov8_msgs__rosidl_typesupport_cppExport-noconfig.cmake
[2.179s] -- Up-to-date: /home/u3/college/AI_For_robotics/moveit2_obb/install/yolov8_msgs/share/yolov8_msgs/cmake/export_yolov8_msgs__rosidl_generator_pyExport.cmake
[2.180s] -- Up-to-date: /home/u3/college/AI_For_robotics/moveit2_obb/install/yolov8_msgs/share/yolov8_msgs/cmake/export_yolov8_msgs__rosidl_generator_pyExport-noconfig.cmake
[2.180s] -- Up-to-date: /home/u3/college/AI_For_robotics/moveit2_obb/install/yolov8_msgs/share/yolov8_msgs/cmake/rosidl_cmake-extras.cmake
[2.180s] -- Up-to-date: /home/u3/college/AI_For_robotics/moveit2_obb/install/yolov8_msgs/share/yolov8_msgs/cmake/ament_cmake_export_dependencies-extras.cmake
[2.180s] -- Up-to-date: /home/u3/college/AI_For_robotics/moveit2_obb/install/yolov8_msgs/share/yolov8_msgs/cmake/ament_cmake_export_include_directories-extras.cmake
[2.180s] -- Up-to-date: /home/u3/college/AI_For_robotics/moveit2_obb/install/yolov8_msgs/share/yolov8_msgs/cmake/ament_cmake_export_libraries-extras.cmake
[2.180s] -- Up-to-date: /home/u3/college/AI_For_robotics/moveit2_obb/install/yolov8_msgs/share/yolov8_msgs/cmake/ament_cmake_export_targets-extras.cmake
[2.180s] -- Up-to-date: /home/u3/college/AI_For_robotics/moveit2_obb/install/yolov8_msgs/share/yolov8_msgs/cmake/rosidl_cmake_export_typesupport_targets-extras.cmake
[2.181s] -- Up-to-date: /home/u3/college/AI_For_robotics/moveit2_obb/install/yolov8_msgs/share/yolov8_msgs/cmake/rosidl_cmake_export_typesupport_libraries-extras.cmake
[2.181s] -- Up-to-date: /home/u3/college/AI_For_robotics/moveit2_obb/install/yolov8_msgs/share/yolov8_msgs/cmake/yolov8_msgsConfig.cmake
[2.181s] -- Up-to-date: /home/u3/college/AI_For_robotics/moveit2_obb/install/yolov8_msgs/share/yolov8_msgs/cmake/yolov8_msgsConfig-version.cmake
[2.181s] -- Up-to-date: /home/u3/college/AI_For_robotics/moveit2_obb/install/yolov8_msgs/share/yolov8_msgs/package.xml
[2.194s] Invoked command in '/home/u3/college/AI_For_robotics/moveit2_obb/build/yolov8_msgs' returned '0': CMAKE_PREFIX_PATH=${CMAKE_PREFIX_PATH}:/opt/ros/jazzy DEBUGINFOD_URLS=https://debuginfod.ubuntu.com PS1=(yolov8_env) \[\e]0;\u@\h: \w\a\]${debian_chroot:+($debian_chroot)}\[\033[01;32m\]\u@\h\[\033[00m\]:\[\033[01;34m\]\w\[\033[00m\]\$ VIRTUAL_ENV_PROMPT=(yolov8_env) /usr/bin/cmake --install /home/u3/college/AI_For_robotics/moveit2_obb/build/yolov8_msgs
