[0.038s] Invoking command in '/home/u3/college/AI_For_robotics/moveit2_obb/build/robot_description': CMAKE_PREFIX_PATH=${CMAKE_PREFIX_PATH}:/opt/ros/jazzy DEBUGINFOD_URLS=https://debuginfod.ubuntu.com /usr/bin/cmake /home/u3/college/AI_For_robotics/moveit2_obb/src/robot_description -DCMAKE_INSTALL_PREFIX=/home/u3/college/AI_For_robotics/moveit2_obb/install/robot_description
[1.648s] -- The C compiler identification is GNU 13.3.0
[2.430s] -- The CXX compiler identification is GNU 13.3.0
[2.531s] -- Detecting C compiler ABI info
[2.932s] -- Detecting C compiler ABI info - done
[2.940s] -- Check for working C compiler: /usr/bin/cc - skipped
[2.940s] -- Detecting C compile features
[2.941s] -- Detecting C compile features - done
[2.950s] -- Detecting CXX compiler ABI info
[3.097s] -- Detecting CXX compiler ABI info - done
[3.106s] -- Check for working CXX compiler: /usr/bin/c++ - skipped
[3.107s] -- Detecting CXX compile features
[3.107s] -- Detecting CXX compile features - done
[3.317s] -- Found ament_cmake: 2.5.4 (/opt/ros/jazzy/share/ament_cmake/cmake)
[3.567s] -- Found Python3: /usr/bin/python3 (found version "3.12.3") found components: Interpreter 
[4.055s] -- Found urdf: 2.10.0 (/opt/ros/jazzy/share/urdf/cmake)
[4.687s] -- Found TinyXML2 via Config file: /usr/lib/x86_64-linux-gnu/cmake/tinyxml2
[5.116s] -- Configuring done (4.5s)
[5.125s] -- Generating done (0.0s)
[5.130s] -- Build files have been written to: /home/u3/college/AI_For_robotics/moveit2_obb/build/robot_description
[5.266s] Invoked command in '/home/u3/college/AI_For_robotics/moveit2_obb/build/robot_description' returned '0': CMAKE_PREFIX_PATH=${CMAKE_PREFIX_PATH}:/opt/ros/jazzy DEBUGINFOD_URLS=https://debuginfod.ubuntu.com /usr/bin/cmake /home/u3/college/AI_For_robotics/moveit2_obb/src/robot_description -DCMAKE_INSTALL_PREFIX=/home/u3/college/AI_For_robotics/moveit2_obb/install/robot_description
[5.269s] Invoking command in '/home/u3/college/AI_For_robotics/moveit2_obb/build/robot_description': CMAKE_PREFIX_PATH=${CMAKE_PREFIX_PATH}:/opt/ros/jazzy DEBUGINFOD_URLS=https://debuginfod.ubuntu.com /usr/bin/cmake --build /home/u3/college/AI_For_robotics/moveit2_obb/build/robot_description -- -j16 -l16
[5.322s] Invoked command in '/home/u3/college/AI_For_robotics/moveit2_obb/build/robot_description' returned '0': CMAKE_PREFIX_PATH=${CMAKE_PREFIX_PATH}:/opt/ros/jazzy DEBUGINFOD_URLS=https://debuginfod.ubuntu.com /usr/bin/cmake --build /home/u3/college/AI_For_robotics/moveit2_obb/build/robot_description -- -j16 -l16
[5.323s] Invoking command in '/home/u3/college/AI_For_robotics/moveit2_obb/build/robot_description': CMAKE_PREFIX_PATH=${CMAKE_PREFIX_PATH}:/opt/ros/jazzy DEBUGINFOD_URLS=https://debuginfod.ubuntu.com /usr/bin/cmake --install /home/u3/college/AI_For_robotics/moveit2_obb/build/robot_description
[5.332s] -- Install configuration: ""
[5.333s] -- Installing: /home/u3/college/AI_For_robotics/moveit2_obb/install/robot_description/share/robot_description/meshes
[5.333s] -- Installing: /home/u3/college/AI_For_robotics/moveit2_obb/install/robot_description/share/robot_description/meshes/visual
[5.333s] -- Installing: /home/u3/college/AI_For_robotics/moveit2_obb/install/robot_description/share/robot_description/meshes/visual/link5.dae
[5.334s] -- Installing: /home/u3/college/AI_For_robotics/moveit2_obb/install/robot_description/share/robot_description/meshes/visual/link7.dae
[5.335s] -- Installing: /home/u3/college/AI_For_robotics/moveit2_obb/install/robot_description/share/robot_description/meshes/visual/hand.dae
[5.336s] -- Installing: /home/u3/college/AI_For_robotics/moveit2_obb/install/robot_description/share/robot_description/meshes/visual/link4.dae
[5.337s] -- Installing: /home/u3/college/AI_For_robotics/moveit2_obb/install/robot_description/share/robot_description/meshes/visual/link3.dae
[5.339s] -- Installing: /home/u3/college/AI_For_robotics/moveit2_obb/install/robot_description/share/robot_description/meshes/visual/finger.dae
[5.339s] -- Installing: /home/u3/college/AI_For_robotics/moveit2_obb/install/robot_description/share/robot_description/meshes/visual/link1.dae
[5.340s] -- Installing: /home/u3/college/AI_For_robotics/moveit2_obb/install/robot_description/share/robot_description/meshes/visual/link2.dae
[5.341s] -- Installing: /home/u3/college/AI_For_robotics/moveit2_obb/install/robot_description/share/robot_description/meshes/visual/finger_old.dae
[5.341s] -- Installing: /home/u3/college/AI_For_robotics/moveit2_obb/install/robot_description/share/robot_description/meshes/visual/link0.dae
[5.342s] -- Installing: /home/u3/college/AI_For_robotics/moveit2_obb/install/robot_description/share/robot_description/meshes/visual/camera.dae
[5.343s] -- Installing: /home/u3/college/AI_For_robotics/moveit2_obb/install/robot_description/share/robot_description/meshes/visual/link6.dae
[5.345s] -- Installing: /home/u3/college/AI_For_robotics/moveit2_obb/install/robot_description/share/robot_description/meshes/collision
[5.345s] -- Installing: /home/u3/college/AI_For_robotics/moveit2_obb/install/robot_description/share/robot_description/meshes/collision/link2.stl
[5.345s] -- Installing: /home/u3/college/AI_For_robotics/moveit2_obb/install/robot_description/share/robot_description/meshes/collision/link1.stl
[5.345s] -- Installing: /home/u3/college/AI_For_robotics/moveit2_obb/install/robot_description/share/robot_description/meshes/collision/link5.stl
[5.345s] -- Installing: /home/u3/college/AI_For_robotics/moveit2_obb/install/robot_description/share/robot_description/meshes/collision/hand.stl
[5.346s] -- Installing: /home/u3/college/AI_For_robotics/moveit2_obb/install/robot_description/share/robot_description/meshes/collision/link3.stl
[5.346s] -- Installing: /home/u3/college/AI_For_robotics/moveit2_obb/install/robot_description/share/robot_description/meshes/collision/camera.stl
[5.346s] -- Installing: /home/u3/college/AI_For_robotics/moveit2_obb/install/robot_description/share/robot_description/meshes/collision/link4.stl
[5.346s] -- Installing: /home/u3/college/AI_For_robotics/moveit2_obb/install/robot_description/share/robot_description/meshes/collision/link7.stl
[5.346s] -- Installing: /home/u3/college/AI_For_robotics/moveit2_obb/install/robot_description/share/robot_description/meshes/collision/finger.stl
[5.346s] -- Installing: /home/u3/college/AI_For_robotics/moveit2_obb/install/robot_description/share/robot_description/meshes/collision/link0.stl
[5.347s] -- Installing: /home/u3/college/AI_For_robotics/moveit2_obb/install/robot_description/share/robot_description/meshes/collision/finger_old.stl
[5.347s] -- Installing: /home/u3/college/AI_For_robotics/moveit2_obb/install/robot_description/share/robot_description/meshes/collision/link6.stl
[5.347s] -- Installing: /home/u3/college/AI_For_robotics/moveit2_obb/install/robot_description/share/robot_description/urdf
[5.347s] -- Installing: /home/u3/college/AI_For_robotics/moveit2_obb/install/robot_description/share/robot_description/urdf/panda.urdf
[5.347s] -- Installing: /home/u3/college/AI_For_robotics/moveit2_obb/install/robot_description/share/robot_description/urdf/camera
[5.347s] -- Installing: /home/u3/college/AI_For_robotics/moveit2_obb/install/robot_description/share/robot_description/urdf/camera/camera.gazebo
[5.348s] -- Installing: /home/u3/college/AI_For_robotics/moveit2_obb/install/robot_description/share/robot_description/urdf/camera/camera.xacro
[5.348s] -- Installing: /home/u3/college/AI_For_robotics/moveit2_obb/install/robot_description/share/ament_index/resource_index/package_run_dependencies/robot_description
[5.348s] -- Installing: /home/u3/college/AI_For_robotics/moveit2_obb/install/robot_description/share/ament_index/resource_index/parent_prefix_path/robot_description
[5.348s] -- Installing: /home/u3/college/AI_For_robotics/moveit2_obb/install/robot_description/share/robot_description/environment/ament_prefix_path.sh
[5.348s] -- Installing: /home/u3/college/AI_For_robotics/moveit2_obb/install/robot_description/share/robot_description/environment/ament_prefix_path.dsv
[5.348s] -- Installing: /home/u3/college/AI_For_robotics/moveit2_obb/install/robot_description/share/robot_description/environment/path.sh
[5.349s] -- Installing: /home/u3/college/AI_For_robotics/moveit2_obb/install/robot_description/share/robot_description/environment/path.dsv
[5.349s] -- Installing: /home/u3/college/AI_For_robotics/moveit2_obb/install/robot_description/share/robot_description/local_setup.bash
[5.349s] -- Installing: /home/u3/college/AI_For_robotics/moveit2_obb/install/robot_description/share/robot_description/local_setup.sh
[5.349s] -- Installing: /home/u3/college/AI_For_robotics/moveit2_obb/install/robot_description/share/robot_description/local_setup.zsh
[5.349s] -- Installing: /home/u3/college/AI_For_robotics/moveit2_obb/install/robot_description/share/robot_description/local_setup.dsv
[5.349s] -- Installing: /home/u3/college/AI_For_robotics/moveit2_obb/install/robot_description/share/robot_description/package.dsv
[5.350s] -- Installing: /home/u3/college/AI_For_robotics/moveit2_obb/install/robot_description/share/ament_index/resource_index/packages/robot_description
[5.350s] -- Installing: /home/u3/college/AI_For_robotics/moveit2_obb/install/robot_description/share/robot_description/cmake/robot_descriptionConfig.cmake
[5.350s] -- Installing: /home/u3/college/AI_For_robotics/moveit2_obb/install/robot_description/share/robot_description/cmake/robot_descriptionConfig-version.cmake
[5.350s] -- Installing: /home/u3/college/AI_For_robotics/moveit2_obb/install/robot_description/share/robot_description/package.xml
[5.353s] Invoked command in '/home/u3/college/AI_For_robotics/moveit2_obb/build/robot_description' returned '0': CMAKE_PREFIX_PATH=${CMAKE_PREFIX_PATH}:/opt/ros/jazzy DEBUGINFOD_URLS=https://debuginfod.ubuntu.com /usr/bin/cmake --install /home/u3/college/AI_For_robotics/moveit2_obb/build/robot_description
