[0.139s] Invoking command in '/home/u3/college/AI_For_robotics/moveit2_obb/build/yolov8_msgs': CMAKE_PREFIX_PATH=${CMAKE_PREFIX_PATH}:/opt/ros/jazzy DEBUGINFOD_URLS=https://debuginfod.ubuntu.com /usr/bin/cmake --build /home/u3/college/AI_For_robotics/moveit2_obb/build/yolov8_msgs -- -j16 -l16
[1.281s] [  2%] Built target yolov8_msgs__rosidl_generator_type_description
[1.362s] [  4%] Built target yolov8_msgs__cpp
[1.404s] [  4%] Built target ament_cmake_python_copy_yolov8_msgs
[1.660s] [ 22%] Built target yolov8_msgs__rosidl_generator_c
[1.817s] [ 31%] Built target yolov8_msgs__rosidl_typesupport_introspection_c
[1.828s] running egg_info
[1.863s] [ 40%] Built target yolov8_msgs__rosidl_typesupport_c
[1.871s] writing yolov8_msgs.egg-info/PKG-INFO
[1.872s] writing dependency_links to yolov8_msgs.egg-info/dependency_links.txt
[1.872s] writing top-level names to yolov8_msgs.egg-info/top_level.txt
[1.880s] [ 75%] Built target yolov8_msgs__rosidl_typesupport_cpp
[1.880s] [ 75%] Built target yolov8_msgs__rosidl_typesupport_fastrtps_c
[1.880s] [ 75%] Built target yolov8_msgs__rosidl_typesupport_fastrtps_cpp
[1.880s] [ 77%] Built target yolov8_msgs__rosidl_typesupport_introspection_cpp
[1.911s] [ 77%] Built target yolov8_msgs
[1.928s] reading manifest file 'yolov8_msgs.egg-info/SOURCES.txt'
[1.946s] writing manifest file 'yolov8_msgs.egg-info/SOURCES.txt'
[1.959s] [ 79%] Built target yolov8_msgs__py
[1.988s] [ 79%] Built target ament_cmake_python_build_yolov8_msgs_egg
[2.132s] [ 86%] Built target yolov8_msgs__rosidl_generator_py
[2.175s] [ 90%] Built target yolov8_msgs_s__rosidl_typesupport_introspection_c
[2.178s] [ 95%] Built target yolov8_msgs_s__rosidl_typesupport_fastrtps_c
[2.209s] [100%] Built target yolov8_msgs_s__rosidl_typesupport_c
[2.229s] Invoked command in '/home/u3/college/AI_For_robotics/moveit2_obb/build/yolov8_msgs' returned '0': CMAKE_PREFIX_PATH=${CMAKE_PREFIX_PATH}:/opt/ros/jazzy DEBUGINFOD_URLS=https://debuginfod.ubuntu.com /usr/bin/cmake --build /home/u3/college/AI_For_robotics/moveit2_obb/build/yolov8_msgs -- -j16 -l16
[2.313s] Invoking command in '/home/u3/college/AI_For_robotics/moveit2_obb/build/yolov8_msgs': CMAKE_PREFIX_PATH=${CMAKE_PREFIX_PATH}:/opt/ros/jazzy DEBUGINFOD_URLS=https://debuginfod.ubuntu.com /usr/bin/cmake --install /home/u3/college/AI_For_robotics/moveit2_obb/build/yolov8_msgs
[2.325s] -- Install configuration: ""
[2.326s] -- Up-to-date: /home/u3/college/AI_For_robotics/moveit2_obb/install/yolov8_msgs/share/ament_index/resource_index/rosidl_interfaces/yolov8_msgs
[2.326s] -- Up-to-date: /home/u3/college/AI_For_robotics/moveit2_obb/install/yolov8_msgs/share/yolov8_msgs/msg/InferenceResult.json
[2.326s] -- Up-to-date: /home/u3/college/AI_For_robotics/moveit2_obb/install/yolov8_msgs/share/yolov8_msgs/msg/Yolov8Inference.json
[2.326s] -- Up-to-date: /home/u3/college/AI_For_robotics/moveit2_obb/install/yolov8_msgs/include/yolov8_msgs/yolov8_msgs
[2.326s] -- Up-to-date: /home/u3/college/AI_For_robotics/moveit2_obb/install/yolov8_msgs/include/yolov8_msgs/yolov8_msgs/msg
[2.327s] -- Up-to-date: /home/u3/college/AI_For_robotics/moveit2_obb/install/yolov8_msgs/include/yolov8_msgs/yolov8_msgs/msg/yolov8_inference.h
[2.327s] -- Up-to-date: /home/u3/college/AI_For_robotics/moveit2_obb/install/yolov8_msgs/include/yolov8_msgs/yolov8_msgs/msg/rosidl_generator_c__visibility_control.h
[2.327s] -- Up-to-date: /home/u3/college/AI_For_robotics/moveit2_obb/install/yolov8_msgs/include/yolov8_msgs/yolov8_msgs/msg/inference_result.h
[2.327s] -- Up-to-date: /home/u3/college/AI_For_robotics/moveit2_obb/install/yolov8_msgs/include/yolov8_msgs/yolov8_msgs/msg/detail
[2.327s] -- Up-to-date: /home/u3/college/AI_For_robotics/moveit2_obb/install/yolov8_msgs/include/yolov8_msgs/yolov8_msgs/msg/detail/inference_result__struct.h
[2.327s] -- Up-to-date: /home/u3/college/AI_For_robotics/moveit2_obb/install/yolov8_msgs/include/yolov8_msgs/yolov8_msgs/msg/detail/inference_result__type_support.h
[2.328s] -- Up-to-date: /home/u3/college/AI_For_robotics/moveit2_obb/install/yolov8_msgs/include/yolov8_msgs/yolov8_msgs/msg/detail/yolov8_inference__description.c
[2.328s] -- Up-to-date: /home/u3/college/AI_For_robotics/moveit2_obb/install/yolov8_msgs/include/yolov8_msgs/yolov8_msgs/msg/detail/yolov8_inference__type_support.h
[2.328s] -- Up-to-date: /home/u3/college/AI_For_robotics/moveit2_obb/install/yolov8_msgs/include/yolov8_msgs/yolov8_msgs/msg/detail/yolov8_inference__struct.h
[2.328s] -- Up-to-date: /home/u3/college/AI_For_robotics/moveit2_obb/install/yolov8_msgs/include/yolov8_msgs/yolov8_msgs/msg/detail/inference_result__functions.c
[2.328s] -- Up-to-date: /home/u3/college/AI_For_robotics/moveit2_obb/install/yolov8_msgs/include/yolov8_msgs/yolov8_msgs/msg/detail/yolov8_inference__type_support.c
[2.329s] -- Up-to-date: /home/u3/college/AI_For_robotics/moveit2_obb/install/yolov8_msgs/include/yolov8_msgs/yolov8_msgs/msg/detail/inference_result__description.c
[2.329s] -- Up-to-date: /home/u3/college/AI_For_robotics/moveit2_obb/install/yolov8_msgs/include/yolov8_msgs/yolov8_msgs/msg/detail/inference_result__type_support.c
[2.329s] -- Up-to-date: /home/u3/college/AI_For_robotics/moveit2_obb/install/yolov8_msgs/include/yolov8_msgs/yolov8_msgs/msg/detail/yolov8_inference__functions.h
[2.329s] -- Up-to-date: /home/u3/college/AI_For_robotics/moveit2_obb/install/yolov8_msgs/include/yolov8_msgs/yolov8_msgs/msg/detail/inference_result__functions.h
[2.329s] -- Up-to-date: /home/u3/college/AI_For_robotics/moveit2_obb/install/yolov8_msgs/include/yolov8_msgs/yolov8_msgs/msg/detail/yolov8_inference__functions.c
[2.329s] -- Up-to-date: /home/u3/college/AI_For_robotics/moveit2_obb/install/yolov8_msgs/share/yolov8_msgs/environment/library_path.sh
[2.330s] -- Up-to-date: /home/u3/college/AI_For_robotics/moveit2_obb/install/yolov8_msgs/share/yolov8_msgs/environment/library_path.dsv
[2.331s] -- Up-to-date: /home/u3/college/AI_For_robotics/moveit2_obb/install/yolov8_msgs/lib/libyolov8_msgs__rosidl_generator_c.so
[2.332s] -- Up-to-date: /home/u3/college/AI_For_robotics/moveit2_obb/install/yolov8_msgs/include/yolov8_msgs/yolov8_msgs
[2.332s] -- Up-to-date: /home/u3/college/AI_For_robotics/moveit2_obb/install/yolov8_msgs/include/yolov8_msgs/yolov8_msgs/msg
[2.332s] -- Up-to-date: /home/u3/college/AI_For_robotics/moveit2_obb/install/yolov8_msgs/include/yolov8_msgs/yolov8_msgs/msg/rosidl_typesupport_fastrtps_c__visibility_control.h
[2.332s] -- Up-to-date: /home/u3/college/AI_For_robotics/moveit2_obb/install/yolov8_msgs/include/yolov8_msgs/yolov8_msgs/msg/detail
[2.333s] -- Up-to-date: /home/u3/college/AI_For_robotics/moveit2_obb/install/yolov8_msgs/include/yolov8_msgs/yolov8_msgs/msg/detail/inference_result__rosidl_typesupport_fastrtps_c.h
[2.333s] -- Up-to-date: /home/u3/college/AI_For_robotics/moveit2_obb/install/yolov8_msgs/include/yolov8_msgs/yolov8_msgs/msg/detail/yolov8_inference__rosidl_typesupport_fastrtps_c.h
[2.333s] -- Up-to-date: /home/u3/college/AI_For_robotics/moveit2_obb/install/yolov8_msgs/lib/libyolov8_msgs__rosidl_typesupport_fastrtps_c.so
[2.333s] -- Up-to-date: /home/u3/college/AI_For_robotics/moveit2_obb/install/yolov8_msgs/include/yolov8_msgs/yolov8_msgs
[2.334s] -- Up-to-date: /home/u3/college/AI_For_robotics/moveit2_obb/install/yolov8_msgs/include/yolov8_msgs/yolov8_msgs/msg
[2.334s] -- Up-to-date: /home/u3/college/AI_For_robotics/moveit2_obb/install/yolov8_msgs/include/yolov8_msgs/yolov8_msgs/msg/inference_result.hpp
[2.334s] -- Up-to-date: /home/u3/college/AI_For_robotics/moveit2_obb/install/yolov8_msgs/include/yolov8_msgs/yolov8_msgs/msg/detail
[2.334s] -- Up-to-date: /home/u3/college/AI_For_robotics/moveit2_obb/install/yolov8_msgs/include/yolov8_msgs/yolov8_msgs/msg/detail/inference_result__builder.hpp
[2.334s] -- Up-to-date: /home/u3/college/AI_For_robotics/moveit2_obb/install/yolov8_msgs/include/yolov8_msgs/yolov8_msgs/msg/detail/yolov8_inference__struct.hpp
[2.334s] -- Up-to-date: /home/u3/college/AI_For_robotics/moveit2_obb/install/yolov8_msgs/include/yolov8_msgs/yolov8_msgs/msg/detail/inference_result__traits.hpp
[2.335s] -- Up-to-date: /home/u3/college/AI_For_robotics/moveit2_obb/install/yolov8_msgs/include/yolov8_msgs/yolov8_msgs/msg/detail/yolov8_inference__type_support.hpp
[2.335s] -- Up-to-date: /home/u3/college/AI_For_robotics/moveit2_obb/install/yolov8_msgs/include/yolov8_msgs/yolov8_msgs/msg/detail/yolov8_inference__traits.hpp
[2.335s] -- Up-to-date: /home/u3/college/AI_For_robotics/moveit2_obb/install/yolov8_msgs/include/yolov8_msgs/yolov8_msgs/msg/detail/yolov8_inference__builder.hpp
[2.335s] -- Up-to-date: /home/u3/college/AI_For_robotics/moveit2_obb/install/yolov8_msgs/include/yolov8_msgs/yolov8_msgs/msg/detail/inference_result__type_support.hpp
[2.335s] -- Up-to-date: /home/u3/college/AI_For_robotics/moveit2_obb/install/yolov8_msgs/include/yolov8_msgs/yolov8_msgs/msg/detail/inference_result__struct.hpp
[2.336s] -- Up-to-date: /home/u3/college/AI_For_robotics/moveit2_obb/install/yolov8_msgs/include/yolov8_msgs/yolov8_msgs/msg/yolov8_inference.hpp
[2.336s] -- Up-to-date: /home/u3/college/AI_For_robotics/moveit2_obb/install/yolov8_msgs/include/yolov8_msgs/yolov8_msgs/msg/rosidl_generator_cpp__visibility_control.hpp
[2.336s] -- Up-to-date: /home/u3/college/AI_For_robotics/moveit2_obb/install/yolov8_msgs/include/yolov8_msgs/yolov8_msgs
[2.336s] -- Up-to-date: /home/u3/college/AI_For_robotics/moveit2_obb/install/yolov8_msgs/include/yolov8_msgs/yolov8_msgs/msg
[2.336s] -- Up-to-date: /home/u3/college/AI_For_robotics/moveit2_obb/install/yolov8_msgs/include/yolov8_msgs/yolov8_msgs/msg/rosidl_typesupport_fastrtps_cpp__visibility_control.h
[2.337s] -- Up-to-date: /home/u3/college/AI_For_robotics/moveit2_obb/install/yolov8_msgs/include/yolov8_msgs/yolov8_msgs/msg/detail
[2.337s] -- Up-to-date: /home/u3/college/AI_For_robotics/moveit2_obb/install/yolov8_msgs/include/yolov8_msgs/yolov8_msgs/msg/detail/yolov8_inference__rosidl_typesupport_fastrtps_cpp.hpp
[2.337s] -- Up-to-date: /home/u3/college/AI_For_robotics/moveit2_obb/install/yolov8_msgs/include/yolov8_msgs/yolov8_msgs/msg/detail/dds_fastrtps
[2.338s] -- Up-to-date: /home/u3/college/AI_For_robotics/moveit2_obb/install/yolov8_msgs/include/yolov8_msgs/yolov8_msgs/msg/detail/inference_result__rosidl_typesupport_fastrtps_cpp.hpp
[2.340s] -- Up-to-date: /home/u3/college/AI_For_robotics/moveit2_obb/install/yolov8_msgs/lib/libyolov8_msgs__rosidl_typesupport_fastrtps_cpp.so
[2.341s] -- Up-to-date: /home/u3/college/AI_For_robotics/moveit2_obb/install/yolov8_msgs/include/yolov8_msgs/yolov8_msgs
[2.341s] -- Up-to-date: /home/u3/college/AI_For_robotics/moveit2_obb/install/yolov8_msgs/include/yolov8_msgs/yolov8_msgs/msg
[2.341s] -- Up-to-date: /home/u3/college/AI_For_robotics/moveit2_obb/install/yolov8_msgs/include/yolov8_msgs/yolov8_msgs/msg/rosidl_typesupport_introspection_c__visibility_control.h
[2.341s] -- Up-to-date: /home/u3/college/AI_For_robotics/moveit2_obb/install/yolov8_msgs/include/yolov8_msgs/yolov8_msgs/msg/detail
[2.342s] -- Up-to-date: /home/u3/college/AI_For_robotics/moveit2_obb/install/yolov8_msgs/include/yolov8_msgs/yolov8_msgs/msg/detail/yolov8_inference__rosidl_typesupport_introspection_c.h
[2.342s] -- Up-to-date: /home/u3/college/AI_For_robotics/moveit2_obb/install/yolov8_msgs/include/yolov8_msgs/yolov8_msgs/msg/detail/yolov8_inference__type_support.c
[2.342s] -- Up-to-date: /home/u3/college/AI_For_robotics/moveit2_obb/install/yolov8_msgs/include/yolov8_msgs/yolov8_msgs/msg/detail/inference_result__type_support.c
[2.342s] -- Up-to-date: /home/u3/college/AI_For_robotics/moveit2_obb/install/yolov8_msgs/include/yolov8_msgs/yolov8_msgs/msg/detail/inference_result__rosidl_typesupport_introspection_c.h
[2.342s] -- Up-to-date: /home/u3/college/AI_For_robotics/moveit2_obb/install/yolov8_msgs/lib/libyolov8_msgs__rosidl_typesupport_introspection_c.so
[2.342s] -- Up-to-date: /home/u3/college/AI_For_robotics/moveit2_obb/install/yolov8_msgs/lib/libyolov8_msgs__rosidl_typesupport_c.so
[2.343s] -- Up-to-date: /home/u3/college/AI_For_robotics/moveit2_obb/install/yolov8_msgs/include/yolov8_msgs/yolov8_msgs
[2.343s] -- Up-to-date: /home/u3/college/AI_For_robotics/moveit2_obb/install/yolov8_msgs/include/yolov8_msgs/yolov8_msgs/msg
[2.343s] -- Up-to-date: /home/u3/college/AI_For_robotics/moveit2_obb/install/yolov8_msgs/include/yolov8_msgs/yolov8_msgs/msg/detail
[2.343s] -- Up-to-date: /home/u3/college/AI_For_robotics/moveit2_obb/install/yolov8_msgs/include/yolov8_msgs/yolov8_msgs/msg/detail/inference_result__rosidl_typesupport_introspection_cpp.hpp
[2.343s] -- Up-to-date: /home/u3/college/AI_For_robotics/moveit2_obb/install/yolov8_msgs/include/yolov8_msgs/yolov8_msgs/msg/detail/yolov8_inference__rosidl_typesupport_introspection_cpp.hpp
[2.343s] -- Up-to-date: /home/u3/college/AI_For_robotics/moveit2_obb/install/yolov8_msgs/include/yolov8_msgs/yolov8_msgs/msg/detail/yolov8_inference__type_support.cpp
[2.344s] -- Up-to-date: /home/u3/college/AI_For_robotics/moveit2_obb/install/yolov8_msgs/include/yolov8_msgs/yolov8_msgs/msg/detail/inference_result__type_support.cpp
[2.344s] -- Up-to-date: /home/u3/college/AI_For_robotics/moveit2_obb/install/yolov8_msgs/lib/libyolov8_msgs__rosidl_typesupport_introspection_cpp.so
[2.344s] -- Up-to-date: /home/u3/college/AI_For_robotics/moveit2_obb/install/yolov8_msgs/lib/libyolov8_msgs__rosidl_typesupport_cpp.so
[2.344s] -- Up-to-date: /home/u3/college/AI_For_robotics/moveit2_obb/install/yolov8_msgs/share/yolov8_msgs/environment/pythonpath.sh
[2.344s] -- Up-to-date: /home/u3/college/AI_For_robotics/moveit2_obb/install/yolov8_msgs/share/yolov8_msgs/environment/pythonpath.dsv
[2.345s] -- Up-to-date: /home/u3/college/AI_For_robotics/moveit2_obb/install/yolov8_msgs/lib/python3.12/site-packages/yolov8_msgs-0.0.0-py3.12.egg-info
[2.345s] -- Installing: /home/u3/college/AI_For_robotics/moveit2_obb/install/yolov8_msgs/lib/python3.12/site-packages/yolov8_msgs-0.0.0-py3.12.egg-info/PKG-INFO
[2.345s] -- Installing: /home/u3/college/AI_For_robotics/moveit2_obb/install/yolov8_msgs/lib/python3.12/site-packages/yolov8_msgs-0.0.0-py3.12.egg-info/SOURCES.txt
[2.345s] -- Installing: /home/u3/college/AI_For_robotics/moveit2_obb/install/yolov8_msgs/lib/python3.12/site-packages/yolov8_msgs-0.0.0-py3.12.egg-info/top_level.txt
[2.346s] -- Installing: /home/u3/college/AI_For_robotics/moveit2_obb/install/yolov8_msgs/lib/python3.12/site-packages/yolov8_msgs-0.0.0-py3.12.egg-info/dependency_links.txt
[2.346s] -- Up-to-date: /home/u3/college/AI_For_robotics/moveit2_obb/install/yolov8_msgs/lib/python3.12/site-packages/yolov8_msgs
[2.346s] -- Up-to-date: /home/u3/college/AI_For_robotics/moveit2_obb/install/yolov8_msgs/lib/python3.12/site-packages/yolov8_msgs/_yolov8_msgs_s.ep.rosidl_typesupport_c.c
[2.346s] -- Up-to-date: /home/u3/college/AI_For_robotics/moveit2_obb/install/yolov8_msgs/lib/python3.12/site-packages/yolov8_msgs/_yolov8_msgs_s.ep.rosidl_typesupport_fastrtps_c.c
[2.346s] -- Up-to-date: /home/u3/college/AI_For_robotics/moveit2_obb/install/yolov8_msgs/lib/python3.12/site-packages/yolov8_msgs/yolov8_msgs_s__rosidl_typesupport_fastrtps_c.so
[2.346s] -- Up-to-date: /home/u3/college/AI_For_robotics/moveit2_obb/install/yolov8_msgs/lib/python3.12/site-packages/yolov8_msgs/yolov8_msgs_s__rosidl_typesupport_c.so
[2.346s] -- Up-to-date: /home/u3/college/AI_For_robotics/moveit2_obb/install/yolov8_msgs/lib/python3.12/site-packages/yolov8_msgs/yolov8_msgs_s__rosidl_typesupport_introspection_c.so
[2.347s] -- Up-to-date: /home/u3/college/AI_For_robotics/moveit2_obb/install/yolov8_msgs/lib/python3.12/site-packages/yolov8_msgs/__init__.py
[2.347s] -- Up-to-date: /home/u3/college/AI_For_robotics/moveit2_obb/install/yolov8_msgs/lib/python3.12/site-packages/yolov8_msgs/msg
[2.347s] -- Up-to-date: /home/u3/college/AI_For_robotics/moveit2_obb/install/yolov8_msgs/lib/python3.12/site-packages/yolov8_msgs/msg/_yolov8_inference.py
[2.347s] -- Up-to-date: /home/u3/college/AI_For_robotics/moveit2_obb/install/yolov8_msgs/lib/python3.12/site-packages/yolov8_msgs/msg/_yolov8_inference_s.c
[2.347s] -- Up-to-date: /home/u3/college/AI_For_robotics/moveit2_obb/install/yolov8_msgs/lib/python3.12/site-packages/yolov8_msgs/msg/_inference_result_s.c
[2.347s] -- Up-to-date: /home/u3/college/AI_For_robotics/moveit2_obb/install/yolov8_msgs/lib/python3.12/site-packages/yolov8_msgs/msg/__init__.py
[2.347s] -- Up-to-date: /home/u3/college/AI_For_robotics/moveit2_obb/install/yolov8_msgs/lib/python3.12/site-packages/yolov8_msgs/msg/_inference_result.py
[2.348s] -- Up-to-date: /home/u3/college/AI_For_robotics/moveit2_obb/install/yolov8_msgs/lib/python3.12/site-packages/yolov8_msgs/_yolov8_msgs_s.ep.rosidl_typesupport_introspection_c.c
[2.437s] Listing '/home/u3/college/AI_For_robotics/moveit2_obb/install/yolov8_msgs/lib/python3.12/site-packages/yolov8_msgs'...
[2.437s] Listing '/home/u3/college/AI_For_robotics/moveit2_obb/install/yolov8_msgs/lib/python3.12/site-packages/yolov8_msgs/msg'...
[2.444s] -- Up-to-date: /home/u3/college/AI_For_robotics/moveit2_obb/install/yolov8_msgs/lib/python3.12/site-packages/yolov8_msgs/yolov8_msgs_s__rosidl_typesupport_fastrtps_c.so
[2.444s] -- Up-to-date: /home/u3/college/AI_For_robotics/moveit2_obb/install/yolov8_msgs/lib/python3.12/site-packages/yolov8_msgs/yolov8_msgs_s__rosidl_typesupport_introspection_c.so
[2.444s] -- Up-to-date: /home/u3/college/AI_For_robotics/moveit2_obb/install/yolov8_msgs/lib/python3.12/site-packages/yolov8_msgs/yolov8_msgs_s__rosidl_typesupport_c.so
[2.445s] -- Up-to-date: /home/u3/college/AI_For_robotics/moveit2_obb/install/yolov8_msgs/lib/libyolov8_msgs__rosidl_generator_py.so
[2.445s] -- Up-to-date: /home/u3/college/AI_For_robotics/moveit2_obb/install/yolov8_msgs/share/yolov8_msgs/msg/InferenceResult.idl
[2.446s] -- Up-to-date: /home/u3/college/AI_For_robotics/moveit2_obb/install/yolov8_msgs/share/yolov8_msgs/msg/Yolov8Inference.idl
[2.446s] -- Up-to-date: /home/u3/college/AI_For_robotics/moveit2_obb/install/yolov8_msgs/share/yolov8_msgs/msg/InferenceResult.msg
[2.446s] -- Up-to-date: /home/u3/college/AI_For_robotics/moveit2_obb/install/yolov8_msgs/share/yolov8_msgs/msg/Yolov8Inference.msg
[2.446s] -- Up-to-date: /home/u3/college/AI_For_robotics/moveit2_obb/install/yolov8_msgs/share/ament_index/resource_index/package_run_dependencies/yolov8_msgs
[2.446s] -- Up-to-date: /home/u3/college/AI_For_robotics/moveit2_obb/install/yolov8_msgs/share/ament_index/resource_index/parent_prefix_path/yolov8_msgs
[2.446s] -- Up-to-date: /home/u3/college/AI_For_robotics/moveit2_obb/install/yolov8_msgs/share/yolov8_msgs/environment/ament_prefix_path.sh
[2.447s] -- Up-to-date: /home/u3/college/AI_For_robotics/moveit2_obb/install/yolov8_msgs/share/yolov8_msgs/environment/ament_prefix_path.dsv
[2.447s] -- Up-to-date: /home/u3/college/AI_For_robotics/moveit2_obb/install/yolov8_msgs/share/yolov8_msgs/environment/path.sh
[2.447s] -- Up-to-date: /home/u3/college/AI_For_robotics/moveit2_obb/install/yolov8_msgs/share/yolov8_msgs/environment/path.dsv
[2.447s] -- Up-to-date: /home/u3/college/AI_For_robotics/moveit2_obb/install/yolov8_msgs/share/yolov8_msgs/local_setup.bash
[2.447s] -- Up-to-date: /home/u3/college/AI_For_robotics/moveit2_obb/install/yolov8_msgs/share/yolov8_msgs/local_setup.sh
[2.447s] -- Up-to-date: /home/u3/college/AI_For_robotics/moveit2_obb/install/yolov8_msgs/share/yolov8_msgs/local_setup.zsh
[2.448s] -- Up-to-date: /home/u3/college/AI_For_robotics/moveit2_obb/install/yolov8_msgs/share/yolov8_msgs/local_setup.dsv
[2.448s] -- Installing: /home/u3/college/AI_For_robotics/moveit2_obb/install/yolov8_msgs/share/yolov8_msgs/package.dsv
[2.448s] -- Up-to-date: /home/u3/college/AI_For_robotics/moveit2_obb/install/yolov8_msgs/share/ament_index/resource_index/packages/yolov8_msgs
[2.448s] -- Up-to-date: /home/u3/college/AI_For_robotics/moveit2_obb/install/yolov8_msgs/share/yolov8_msgs/cmake/export_yolov8_msgs__rosidl_generator_cExport.cmake
[2.448s] -- Up-to-date: /home/u3/college/AI_For_robotics/moveit2_obb/install/yolov8_msgs/share/yolov8_msgs/cmake/export_yolov8_msgs__rosidl_generator_cExport-noconfig.cmake
[2.448s] -- Up-to-date: /home/u3/college/AI_For_robotics/moveit2_obb/install/yolov8_msgs/share/yolov8_msgs/cmake/export_yolov8_msgs__rosidl_typesupport_fastrtps_cExport.cmake
[2.448s] -- Up-to-date: /home/u3/college/AI_For_robotics/moveit2_obb/install/yolov8_msgs/share/yolov8_msgs/cmake/export_yolov8_msgs__rosidl_typesupport_fastrtps_cExport-noconfig.cmake
[2.449s] -- Up-to-date: /home/u3/college/AI_For_robotics/moveit2_obb/install/yolov8_msgs/share/yolov8_msgs/cmake/export_yolov8_msgs__rosidl_generator_cppExport.cmake
[2.449s] -- Up-to-date: /home/u3/college/AI_For_robotics/moveit2_obb/install/yolov8_msgs/share/yolov8_msgs/cmake/export_yolov8_msgs__rosidl_typesupport_fastrtps_cppExport.cmake
[2.449s] -- Up-to-date: /home/u3/college/AI_For_robotics/moveit2_obb/install/yolov8_msgs/share/yolov8_msgs/cmake/export_yolov8_msgs__rosidl_typesupport_fastrtps_cppExport-noconfig.cmake
[2.450s] -- Up-to-date: /home/u3/college/AI_For_robotics/moveit2_obb/install/yolov8_msgs/share/yolov8_msgs/cmake/yolov8_msgs__rosidl_typesupport_introspection_cExport.cmake
[2.450s] -- Up-to-date: /home/u3/college/AI_For_robotics/moveit2_obb/install/yolov8_msgs/share/yolov8_msgs/cmake/yolov8_msgs__rosidl_typesupport_introspection_cExport-noconfig.cmake
[2.450s] -- Up-to-date: /home/u3/college/AI_For_robotics/moveit2_obb/install/yolov8_msgs/share/yolov8_msgs/cmake/yolov8_msgs__rosidl_typesupport_cExport.cmake
[2.451s] -- Up-to-date: /home/u3/college/AI_For_robotics/moveit2_obb/install/yolov8_msgs/share/yolov8_msgs/cmake/yolov8_msgs__rosidl_typesupport_cExport-noconfig.cmake
[2.457s] -- Up-to-date: /home/u3/college/AI_For_robotics/moveit2_obb/install/yolov8_msgs/share/yolov8_msgs/cmake/yolov8_msgs__rosidl_typesupport_introspection_cppExport.cmake
[2.457s] -- Up-to-date: /home/u3/college/AI_For_robotics/moveit2_obb/install/yolov8_msgs/share/yolov8_msgs/cmake/yolov8_msgs__rosidl_typesupport_introspection_cppExport-noconfig.cmake
[2.458s] -- Up-to-date: /home/u3/college/AI_For_robotics/moveit2_obb/install/yolov8_msgs/share/yolov8_msgs/cmake/yolov8_msgs__rosidl_typesupport_cppExport.cmake
[2.458s] -- Up-to-date: /home/u3/college/AI_For_robotics/moveit2_obb/install/yolov8_msgs/share/yolov8_msgs/cmake/yolov8_msgs__rosidl_typesupport_cppExport-noconfig.cmake
[2.458s] -- Up-to-date: /home/u3/college/AI_For_robotics/moveit2_obb/install/yolov8_msgs/share/yolov8_msgs/cmake/export_yolov8_msgs__rosidl_generator_pyExport.cmake
[2.458s] -- Up-to-date: /home/u3/college/AI_For_robotics/moveit2_obb/install/yolov8_msgs/share/yolov8_msgs/cmake/export_yolov8_msgs__rosidl_generator_pyExport-noconfig.cmake
[2.459s] -- Up-to-date: /home/u3/college/AI_For_robotics/moveit2_obb/install/yolov8_msgs/share/yolov8_msgs/cmake/rosidl_cmake-extras.cmake
[2.459s] -- Up-to-date: /home/u3/college/AI_For_robotics/moveit2_obb/install/yolov8_msgs/share/yolov8_msgs/cmake/ament_cmake_export_dependencies-extras.cmake
[2.459s] -- Up-to-date: /home/u3/college/AI_For_robotics/moveit2_obb/install/yolov8_msgs/share/yolov8_msgs/cmake/ament_cmake_export_include_directories-extras.cmake
[2.459s] -- Up-to-date: /home/u3/college/AI_For_robotics/moveit2_obb/install/yolov8_msgs/share/yolov8_msgs/cmake/ament_cmake_export_libraries-extras.cmake
[2.459s] -- Up-to-date: /home/u3/college/AI_For_robotics/moveit2_obb/install/yolov8_msgs/share/yolov8_msgs/cmake/ament_cmake_export_targets-extras.cmake
[2.459s] -- Up-to-date: /home/u3/college/AI_For_robotics/moveit2_obb/install/yolov8_msgs/share/yolov8_msgs/cmake/rosidl_cmake_export_typesupport_targets-extras.cmake
[2.460s] -- Up-to-date: /home/u3/college/AI_For_robotics/moveit2_obb/install/yolov8_msgs/share/yolov8_msgs/cmake/rosidl_cmake_export_typesupport_libraries-extras.cmake
[2.460s] -- Up-to-date: /home/u3/college/AI_For_robotics/moveit2_obb/install/yolov8_msgs/share/yolov8_msgs/cmake/yolov8_msgsConfig.cmake
[2.460s] -- Up-to-date: /home/u3/college/AI_For_robotics/moveit2_obb/install/yolov8_msgs/share/yolov8_msgs/cmake/yolov8_msgsConfig-version.cmake
[2.460s] -- Up-to-date: /home/u3/college/AI_For_robotics/moveit2_obb/install/yolov8_msgs/share/yolov8_msgs/package.xml
[2.462s] Invoked command in '/home/u3/college/AI_For_robotics/moveit2_obb/build/yolov8_msgs' returned '0': CMAKE_PREFIX_PATH=${CMAKE_PREFIX_PATH}:/opt/ros/jazzy DEBUGINFOD_URLS=https://debuginfod.ubuntu.com /usr/bin/cmake --install /home/u3/college/AI_For_robotics/moveit2_obb/build/yolov8_msgs
