[0.247s] DEBUG:colcon:Command line arguments: ['/usr/bin/colcon', 'build']
[0.247s] DEBUG:colcon:Parsed command line arguments: Namespace(log_base=None, log_level=None, verb_name='build', build_base='build', install_base='install', merge_install=False, symlink_install=False, test_result_base=None, continue_on_error=False, executor='parallel', parallel_workers=16, event_handlers=None, ignore_user_meta=False, metas=['./colcon.meta'], base_paths=['.'], packages_ignore=None, packages_ignore_regex=None, paths=None, packages_up_to=None, packages_up_to_regex=None, packages_above=None, packages_above_and_dependencies=None, packages_above_depth=None, packages_select_by_dep=None, packages_skip_by_dep=None, packages_skip_up_to=None, packages_select_build_failed=False, packages_skip_build_finished=False, packages_select_test_failures=False, packages_skip_test_passed=False, packages_select=None, packages_skip=None, packages_select_regex=None, packages_skip_regex=None, packages_start=None, packages_end=None, allow_overriding=[], cmake_args=None, cmake_target=None, cmake_target_skip_unavailable=False, cmake_clean_cache=False, cmake_clean_first=False, cmake_force_configure=False, ament_cmake_args=None, catkin_cmake_args=None, catkin_skip_building_tests=False, verb_parser=<colcon_defaults.argument_parser.defaults.DefaultArgumentsDecorator object at 0x728147757530>, verb_extension=<colcon_core.verb.build.BuildVerb object at 0x7281487063c0>, main=<bound method BuildVerb.main of <colcon_core.verb.build.BuildVerb object at 0x7281487063c0>>)
[0.506s] Level 1:colcon.colcon_core.package_discovery:discover_packages(colcon_meta) check parameters
[0.506s] Level 1:colcon.colcon_core.package_discovery:discover_packages(recursive) check parameters
[0.506s] Level 1:colcon.colcon_core.package_discovery:discover_packages(ignore) check parameters
[0.506s] Level 1:colcon.colcon_core.package_discovery:discover_packages(path) check parameters
[0.506s] Level 1:colcon.colcon_core.package_discovery:discover_packages(colcon_meta) discover
[0.506s] Level 1:colcon.colcon_core.package_discovery:discover_packages(recursive) discover
[0.506s] INFO:colcon.colcon_core.package_discovery:Crawling recursively for packages in '/home/u3/college/AI_For_robotics/moveit2_obb'
[0.507s] Level 1:colcon.colcon_core.package_identification:_identify(.) by extensions ['ignore', 'ignore_ament_install']
[0.507s] Level 1:colcon.colcon_core.package_identification:_identify(.) by extension 'ignore'
[0.507s] Level 1:colcon.colcon_core.package_identification:_identify(.) by extension 'ignore_ament_install'
[0.507s] Level 1:colcon.colcon_core.package_identification:_identify(.) by extensions ['colcon_pkg']
[0.507s] Level 1:colcon.colcon_core.package_identification:_identify(.) by extension 'colcon_pkg'
[0.507s] Level 1:colcon.colcon_core.package_identification:_identify(.) by extensions ['colcon_meta']
[0.507s] Level 1:colcon.colcon_core.package_identification:_identify(.) by extension 'colcon_meta'
[0.507s] Level 1:colcon.colcon_core.package_identification:_identify(.) by extensions ['ros']
[0.507s] Level 1:colcon.colcon_core.package_identification:_identify(.) by extension 'ros'
[0.661s] Level 1:colcon.colcon_core.package_identification:_identify(.) by extensions ['cmake', 'python']
[0.661s] Level 1:colcon.colcon_core.package_identification:_identify(.) by extension 'cmake'
[0.661s] Level 1:colcon.colcon_core.package_identification:_identify(.) by extension 'python'
[0.661s] Level 1:colcon.colcon_core.package_identification:_identify(.) by extensions ['python_setup_py']
[0.661s] Level 1:colcon.colcon_core.package_identification:_identify(.) by extension 'python_setup_py'
[0.662s] Level 1:colcon.colcon_core.package_identification:_identify(UI) by extensions ['ignore', 'ignore_ament_install']
[0.662s] Level 1:colcon.colcon_core.package_identification:_identify(UI) by extension 'ignore'
[0.662s] Level 1:colcon.colcon_core.package_identification:_identify(UI) by extension 'ignore_ament_install'
[0.662s] Level 1:colcon.colcon_core.package_identification:_identify(UI) by extensions ['colcon_pkg']
[0.663s] Level 1:colcon.colcon_core.package_identification:_identify(UI) by extension 'colcon_pkg'
[0.663s] Level 1:colcon.colcon_core.package_identification:_identify(UI) by extensions ['colcon_meta']
[0.663s] Level 1:colcon.colcon_core.package_identification:_identify(UI) by extension 'colcon_meta'
[0.663s] Level 1:colcon.colcon_core.package_identification:_identify(UI) by extensions ['ros']
[0.663s] Level 1:colcon.colcon_core.package_identification:_identify(UI) by extension 'ros'
[0.663s] Level 1:colcon.colcon_core.package_identification:_identify(UI) by extensions ['cmake', 'python']
[0.663s] Level 1:colcon.colcon_core.package_identification:_identify(UI) by extension 'cmake'
[0.663s] Level 1:colcon.colcon_core.package_identification:_identify(UI) by extension 'python'
[0.663s] Level 1:colcon.colcon_core.package_identification:_identify(UI) by extensions ['python_setup_py']
[0.663s] Level 1:colcon.colcon_core.package_identification:_identify(UI) by extension 'python_setup_py'
[0.664s] Level 1:colcon.colcon_core.package_identification:_identify(UI/__pycache__) by extensions ['ignore', 'ignore_ament_install']
[0.664s] Level 1:colcon.colcon_core.package_identification:_identify(UI/__pycache__) by extension 'ignore'
[0.664s] Level 1:colcon.colcon_core.package_identification:_identify(UI/__pycache__) by extension 'ignore_ament_install'
[0.665s] Level 1:colcon.colcon_core.package_identification:_identify(UI/__pycache__) by extensions ['colcon_pkg']
[0.665s] Level 1:colcon.colcon_core.package_identification:_identify(UI/__pycache__) by extension 'colcon_pkg'
[0.665s] Level 1:colcon.colcon_core.package_identification:_identify(UI/__pycache__) by extensions ['colcon_meta']
[0.665s] Level 1:colcon.colcon_core.package_identification:_identify(UI/__pycache__) by extension 'colcon_meta'
[0.665s] Level 1:colcon.colcon_core.package_identification:_identify(UI/__pycache__) by extensions ['ros']
[0.665s] Level 1:colcon.colcon_core.package_identification:_identify(UI/__pycache__) by extension 'ros'
[0.665s] Level 1:colcon.colcon_core.package_identification:_identify(UI/__pycache__) by extensions ['cmake', 'python']
[0.665s] Level 1:colcon.colcon_core.package_identification:_identify(UI/__pycache__) by extension 'cmake'
[0.665s] Level 1:colcon.colcon_core.package_identification:_identify(UI/__pycache__) by extension 'python'
[0.666s] Level 1:colcon.colcon_core.package_identification:_identify(UI/__pycache__) by extensions ['python_setup_py']
[0.666s] Level 1:colcon.colcon_core.package_identification:_identify(UI/__pycache__) by extension 'python_setup_py'
[0.666s] Level 1:colcon.colcon_core.package_identification:_identify(build) by extensions ['ignore', 'ignore_ament_install']
[0.666s] Level 1:colcon.colcon_core.package_identification:_identify(build) by extension 'ignore'
[0.666s] Level 1:colcon.colcon_core.package_identification:_identify(build) ignored
[0.666s] Level 1:colcon.colcon_core.package_identification:_identify(install) by extensions ['ignore', 'ignore_ament_install']
[0.666s] Level 1:colcon.colcon_core.package_identification:_identify(install) by extension 'ignore'
[0.666s] Level 1:colcon.colcon_core.package_identification:_identify(install) ignored
[0.667s] Level 1:colcon.colcon_core.package_identification:_identify(log) by extensions ['ignore', 'ignore_ament_install']
[0.667s] Level 1:colcon.colcon_core.package_identification:_identify(log) by extension 'ignore'
[0.667s] Level 1:colcon.colcon_core.package_identification:_identify(log) ignored
[0.667s] Level 1:colcon.colcon_core.package_identification:_identify(src) by extensions ['ignore', 'ignore_ament_install']
[0.667s] Level 1:colcon.colcon_core.package_identification:_identify(src) by extension 'ignore'
[0.667s] Level 1:colcon.colcon_core.package_identification:_identify(src) by extension 'ignore_ament_install'
[0.667s] Level 1:colcon.colcon_core.package_identification:_identify(src) by extensions ['colcon_pkg']
[0.667s] Level 1:colcon.colcon_core.package_identification:_identify(src) by extension 'colcon_pkg'
[0.668s] Level 1:colcon.colcon_core.package_identification:_identify(src) by extensions ['colcon_meta']
[0.668s] Level 1:colcon.colcon_core.package_identification:_identify(src) by extension 'colcon_meta'
[0.668s] Level 1:colcon.colcon_core.package_identification:_identify(src) by extensions ['ros']
[0.668s] Level 1:colcon.colcon_core.package_identification:_identify(src) by extension 'ros'
[0.668s] Level 1:colcon.colcon_core.package_identification:_identify(src) by extensions ['cmake', 'python']
[0.668s] Level 1:colcon.colcon_core.package_identification:_identify(src) by extension 'cmake'
[0.668s] Level 1:colcon.colcon_core.package_identification:_identify(src) by extension 'python'
[0.668s] Level 1:colcon.colcon_core.package_identification:_identify(src) by extensions ['python_setup_py']
[0.668s] Level 1:colcon.colcon_core.package_identification:_identify(src) by extension 'python_setup_py'
[0.682s] Level 1:colcon.colcon_core.package_identification:_identify(src/panda_moveit_config) by extensions ['ignore', 'ignore_ament_install']
[0.682s] Level 1:colcon.colcon_core.package_identification:_identify(src/panda_moveit_config) by extension 'ignore'
[0.683s] Level 1:colcon.colcon_core.package_identification:_identify(src/panda_moveit_config) by extension 'ignore_ament_install'
[0.683s] Level 1:colcon.colcon_core.package_identification:_identify(src/panda_moveit_config) by extensions ['colcon_pkg']
[0.683s] Level 1:colcon.colcon_core.package_identification:_identify(src/panda_moveit_config) by extension 'colcon_pkg'
[0.683s] Level 1:colcon.colcon_core.package_identification:_identify(src/panda_moveit_config) by extensions ['colcon_meta']
[0.683s] Level 1:colcon.colcon_core.package_identification:_identify(src/panda_moveit_config) by extension 'colcon_meta'
[0.683s] Level 1:colcon.colcon_core.package_identification:_identify(src/panda_moveit_config) by extensions ['ros']
[0.683s] Level 1:colcon.colcon_core.package_identification:_identify(src/panda_moveit_config) by extension 'ros'
[0.708s] DEBUG:colcon.colcon_core.package_identification:Package 'src/panda_moveit_config' with type 'ros.ament_cmake' and name 'panda_moveit_config'
[0.709s] Level 1:colcon.colcon_core.package_identification:_identify(src/robot_description) by extensions ['ignore', 'ignore_ament_install']
[0.709s] Level 1:colcon.colcon_core.package_identification:_identify(src/robot_description) by extension 'ignore'
[0.709s] Level 1:colcon.colcon_core.package_identification:_identify(src/robot_description) by extension 'ignore_ament_install'
[0.709s] Level 1:colcon.colcon_core.package_identification:_identify(src/robot_description) by extensions ['colcon_pkg']
[0.709s] Level 1:colcon.colcon_core.package_identification:_identify(src/robot_description) by extension 'colcon_pkg'
[0.709s] Level 1:colcon.colcon_core.package_identification:_identify(src/robot_description) by extensions ['colcon_meta']
[0.709s] Level 1:colcon.colcon_core.package_identification:_identify(src/robot_description) by extension 'colcon_meta'
[0.709s] Level 1:colcon.colcon_core.package_identification:_identify(src/robot_description) by extensions ['ros']
[0.709s] Level 1:colcon.colcon_core.package_identification:_identify(src/robot_description) by extension 'ros'
[0.711s] DEBUG:colcon.colcon_core.package_identification:Package 'src/robot_description' with type 'ros.ament_cmake' and name 'robot_description'
[0.711s] Level 1:colcon.colcon_core.package_identification:_identify(src/yolov8_obb) by extensions ['ignore', 'ignore_ament_install']
[0.711s] Level 1:colcon.colcon_core.package_identification:_identify(src/yolov8_obb) by extension 'ignore'
[0.711s] Level 1:colcon.colcon_core.package_identification:_identify(src/yolov8_obb) by extension 'ignore_ament_install'
[0.712s] Level 1:colcon.colcon_core.package_identification:_identify(src/yolov8_obb) by extensions ['colcon_pkg']
[0.712s] Level 1:colcon.colcon_core.package_identification:_identify(src/yolov8_obb) by extension 'colcon_pkg'
[0.712s] Level 1:colcon.colcon_core.package_identification:_identify(src/yolov8_obb) by extensions ['colcon_meta']
[0.712s] Level 1:colcon.colcon_core.package_identification:_identify(src/yolov8_obb) by extension 'colcon_meta'
[0.712s] Level 1:colcon.colcon_core.package_identification:_identify(src/yolov8_obb) by extensions ['ros']
[0.712s] Level 1:colcon.colcon_core.package_identification:_identify(src/yolov8_obb) by extension 'ros'
[0.713s] DEBUG:colcon.colcon_core.package_identification:Package 'src/yolov8_obb' with type 'ros.ament_cmake' and name 'yolov8_obb'
[0.714s] Level 1:colcon.colcon_core.package_identification:_identify(src/yolov8_obb_msgs) by extensions ['ignore', 'ignore_ament_install']
[0.714s] Level 1:colcon.colcon_core.package_identification:_identify(src/yolov8_obb_msgs) by extension 'ignore'
[0.714s] Level 1:colcon.colcon_core.package_identification:_identify(src/yolov8_obb_msgs) by extension 'ignore_ament_install'
[0.714s] Level 1:colcon.colcon_core.package_identification:_identify(src/yolov8_obb_msgs) by extensions ['colcon_pkg']
[0.714s] Level 1:colcon.colcon_core.package_identification:_identify(src/yolov8_obb_msgs) by extension 'colcon_pkg'
[0.714s] Level 1:colcon.colcon_core.package_identification:_identify(src/yolov8_obb_msgs) by extensions ['colcon_meta']
[0.715s] Level 1:colcon.colcon_core.package_identification:_identify(src/yolov8_obb_msgs) by extension 'colcon_meta'
[0.715s] Level 1:colcon.colcon_core.package_identification:_identify(src/yolov8_obb_msgs) by extensions ['ros']
[0.715s] Level 1:colcon.colcon_core.package_identification:_identify(src/yolov8_obb_msgs) by extension 'ros'
[0.716s] DEBUG:colcon.colcon_core.package_identification:Package 'src/yolov8_obb_msgs' with type 'ros.ament_cmake' and name 'yolov8_msgs'
[0.717s] Level 1:colcon.colcon_core.package_discovery:discover_packages(recursive) using defaults
[0.717s] Level 1:colcon.colcon_core.package_discovery:discover_packages(ignore) discover
[0.717s] Level 1:colcon.colcon_core.package_discovery:discover_packages(ignore) using defaults
[0.717s] Level 1:colcon.colcon_core.package_discovery:discover_packages(path) discover
[0.717s] Level 1:colcon.colcon_core.package_discovery:discover_packages(path) using defaults
[0.892s] Level 1:colcon.colcon_core.package_discovery:discover_packages(prefix_path) check parameters
[0.892s] Level 1:colcon.colcon_core.package_discovery:discover_packages(prefix_path) discover
[0.895s] DEBUG:colcon.colcon_installed_package_information.package_discovery:Found 4 installed packages in /home/u3/college/AI_For_robotics/moveit2_obb/install
[0.897s] DEBUG:colcon.colcon_installed_package_information.package_discovery:Found 424 installed packages in /opt/ros/jazzy
[0.898s] Level 1:colcon.colcon_core.package_discovery:discover_packages(prefix_path) using defaults
[0.984s] Level 5:colcon.colcon_core.verb:set package 'panda_moveit_config' build argument 'cmake_args' from command line to 'None'
[0.985s] Level 5:colcon.colcon_core.verb:set package 'panda_moveit_config' build argument 'cmake_target' from command line to 'None'
[0.985s] Level 5:colcon.colcon_core.verb:set package 'panda_moveit_config' build argument 'cmake_target_skip_unavailable' from command line to 'False'
[0.985s] Level 5:colcon.colcon_core.verb:set package 'panda_moveit_config' build argument 'cmake_clean_cache' from command line to 'False'
[0.985s] Level 5:colcon.colcon_core.verb:set package 'panda_moveit_config' build argument 'cmake_clean_first' from command line to 'False'
[0.985s] Level 5:colcon.colcon_core.verb:set package 'panda_moveit_config' build argument 'cmake_force_configure' from command line to 'False'
[0.985s] Level 5:colcon.colcon_core.verb:set package 'panda_moveit_config' build argument 'ament_cmake_args' from command line to 'None'
[0.985s] Level 5:colcon.colcon_core.verb:set package 'panda_moveit_config' build argument 'catkin_cmake_args' from command line to 'None'
[0.985s] Level 5:colcon.colcon_core.verb:set package 'panda_moveit_config' build argument 'catkin_skip_building_tests' from command line to 'False'
[0.985s] DEBUG:colcon.colcon_core.verb:Building package 'panda_moveit_config' with the following arguments: {'ament_cmake_args': None, 'build_base': '/home/u3/college/AI_For_robotics/moveit2_obb/build/panda_moveit_config', 'catkin_cmake_args': None, 'catkin_skip_building_tests': False, 'cmake_args': None, 'cmake_clean_cache': False, 'cmake_clean_first': False, 'cmake_force_configure': False, 'cmake_target': None, 'cmake_target_skip_unavailable': False, 'install_base': '/home/u3/college/AI_For_robotics/moveit2_obb/install/panda_moveit_config', 'merge_install': False, 'path': '/home/u3/college/AI_For_robotics/moveit2_obb/src/panda_moveit_config', 'symlink_install': False, 'test_result_base': None}
[0.985s] Level 5:colcon.colcon_core.verb:set package 'robot_description' build argument 'cmake_args' from command line to 'None'
[0.985s] Level 5:colcon.colcon_core.verb:set package 'robot_description' build argument 'cmake_target' from command line to 'None'
[0.985s] Level 5:colcon.colcon_core.verb:set package 'robot_description' build argument 'cmake_target_skip_unavailable' from command line to 'False'
[0.985s] Level 5:colcon.colcon_core.verb:set package 'robot_description' build argument 'cmake_clean_cache' from command line to 'False'
[0.985s] Level 5:colcon.colcon_core.verb:set package 'robot_description' build argument 'cmake_clean_first' from command line to 'False'
[0.985s] Level 5:colcon.colcon_core.verb:set package 'robot_description' build argument 'cmake_force_configure' from command line to 'False'
[0.985s] Level 5:colcon.colcon_core.verb:set package 'robot_description' build argument 'ament_cmake_args' from command line to 'None'
[0.985s] Level 5:colcon.colcon_core.verb:set package 'robot_description' build argument 'catkin_cmake_args' from command line to 'None'
[0.985s] Level 5:colcon.colcon_core.verb:set package 'robot_description' build argument 'catkin_skip_building_tests' from command line to 'False'
[0.985s] DEBUG:colcon.colcon_core.verb:Building package 'robot_description' with the following arguments: {'ament_cmake_args': None, 'build_base': '/home/u3/college/AI_For_robotics/moveit2_obb/build/robot_description', 'catkin_cmake_args': None, 'catkin_skip_building_tests': False, 'cmake_args': None, 'cmake_clean_cache': False, 'cmake_clean_first': False, 'cmake_force_configure': False, 'cmake_target': None, 'cmake_target_skip_unavailable': False, 'install_base': '/home/u3/college/AI_For_robotics/moveit2_obb/install/robot_description', 'merge_install': False, 'path': '/home/u3/college/AI_For_robotics/moveit2_obb/src/robot_description', 'symlink_install': False, 'test_result_base': None}
[0.985s] Level 5:colcon.colcon_core.verb:set package 'yolov8_msgs' build argument 'cmake_args' from command line to 'None'
[0.985s] Level 5:colcon.colcon_core.verb:set package 'yolov8_msgs' build argument 'cmake_target' from command line to 'None'
[0.985s] Level 5:colcon.colcon_core.verb:set package 'yolov8_msgs' build argument 'cmake_target_skip_unavailable' from command line to 'False'
[0.985s] Level 5:colcon.colcon_core.verb:set package 'yolov8_msgs' build argument 'cmake_clean_cache' from command line to 'False'
[0.985s] Level 5:colcon.colcon_core.verb:set package 'yolov8_msgs' build argument 'cmake_clean_first' from command line to 'False'
[0.985s] Level 5:colcon.colcon_core.verb:set package 'yolov8_msgs' build argument 'cmake_force_configure' from command line to 'False'
[0.986s] Level 5:colcon.colcon_core.verb:set package 'yolov8_msgs' build argument 'ament_cmake_args' from command line to 'None'
[0.986s] Level 5:colcon.colcon_core.verb:set package 'yolov8_msgs' build argument 'catkin_cmake_args' from command line to 'None'
[0.986s] Level 5:colcon.colcon_core.verb:set package 'yolov8_msgs' build argument 'catkin_skip_building_tests' from command line to 'False'
[0.986s] DEBUG:colcon.colcon_core.verb:Building package 'yolov8_msgs' with the following arguments: {'ament_cmake_args': None, 'build_base': '/home/u3/college/AI_For_robotics/moveit2_obb/build/yolov8_msgs', 'catkin_cmake_args': None, 'catkin_skip_building_tests': False, 'cmake_args': None, 'cmake_clean_cache': False, 'cmake_clean_first': False, 'cmake_force_configure': False, 'cmake_target': None, 'cmake_target_skip_unavailable': False, 'install_base': '/home/u3/college/AI_For_robotics/moveit2_obb/install/yolov8_msgs', 'merge_install': False, 'path': '/home/u3/college/AI_For_robotics/moveit2_obb/src/yolov8_obb_msgs', 'symlink_install': False, 'test_result_base': None}
[0.986s] Level 5:colcon.colcon_core.verb:set package 'yolov8_obb' build argument 'cmake_args' from command line to 'None'
[0.986s] Level 5:colcon.colcon_core.verb:set package 'yolov8_obb' build argument 'cmake_target' from command line to 'None'
[0.986s] Level 5:colcon.colcon_core.verb:set package 'yolov8_obb' build argument 'cmake_target_skip_unavailable' from command line to 'False'
[0.986s] Level 5:colcon.colcon_core.verb:set package 'yolov8_obb' build argument 'cmake_clean_cache' from command line to 'False'
[0.986s] Level 5:colcon.colcon_core.verb:set package 'yolov8_obb' build argument 'cmake_clean_first' from command line to 'False'
[0.986s] Level 5:colcon.colcon_core.verb:set package 'yolov8_obb' build argument 'cmake_force_configure' from command line to 'False'
[0.986s] Level 5:colcon.colcon_core.verb:set package 'yolov8_obb' build argument 'ament_cmake_args' from command line to 'None'
[0.986s] Level 5:colcon.colcon_core.verb:set package 'yolov8_obb' build argument 'catkin_cmake_args' from command line to 'None'
[0.986s] Level 5:colcon.colcon_core.verb:set package 'yolov8_obb' build argument 'catkin_skip_building_tests' from command line to 'False'
[0.986s] DEBUG:colcon.colcon_core.verb:Building package 'yolov8_obb' with the following arguments: {'ament_cmake_args': None, 'build_base': '/home/u3/college/AI_For_robotics/moveit2_obb/build/yolov8_obb', 'catkin_cmake_args': None, 'catkin_skip_building_tests': False, 'cmake_args': None, 'cmake_clean_cache': False, 'cmake_clean_first': False, 'cmake_force_configure': False, 'cmake_target': None, 'cmake_target_skip_unavailable': False, 'install_base': '/home/u3/college/AI_For_robotics/moveit2_obb/install/yolov8_obb', 'merge_install': False, 'path': '/home/u3/college/AI_For_robotics/moveit2_obb/src/yolov8_obb', 'symlink_install': False, 'test_result_base': None}
[0.986s] INFO:colcon.colcon_core.executor:Executing jobs using 'parallel' executor
[0.987s] DEBUG:colcon.colcon_parallel_executor.executor.parallel:run_until_complete
[0.988s] INFO:colcon.colcon_ros.task.ament_cmake.build:Building ROS package in '/home/u3/college/AI_For_robotics/moveit2_obb/src/panda_moveit_config' with build type 'ament_cmake'
[0.988s] INFO:colcon.colcon_cmake.task.cmake.build:Building CMake package in '/home/u3/college/AI_For_robotics/moveit2_obb/src/panda_moveit_config'
[0.992s] INFO:colcon.colcon_core.plugin_system:Skipping extension 'colcon_core.shell.bat': Not used on non-Windows systems
[0.992s] INFO:colcon.colcon_core.shell:Skip shell extension 'powershell' for command environment: Not usable outside of PowerShell
[0.992s] DEBUG:colcon.colcon_core.shell:Skip shell extension 'dsv' for command environment
[0.996s] INFO:colcon.colcon_ros.task.ament_cmake.build:Building ROS package in '/home/u3/college/AI_For_robotics/moveit2_obb/src/robot_description' with build type 'ament_cmake'
[0.996s] INFO:colcon.colcon_cmake.task.cmake.build:Building CMake package in '/home/u3/college/AI_For_robotics/moveit2_obb/src/robot_description'
[0.996s] INFO:colcon.colcon_core.shell:Skip shell extension 'powershell' for command environment: Not usable outside of PowerShell
[0.996s] DEBUG:colcon.colcon_core.shell:Skip shell extension 'dsv' for command environment
[1.001s] INFO:colcon.colcon_ros.task.ament_cmake.build:Building ROS package in '/home/u3/college/AI_For_robotics/moveit2_obb/src/yolov8_obb_msgs' with build type 'ament_cmake'
[1.001s] INFO:colcon.colcon_cmake.task.cmake.build:Building CMake package in '/home/u3/college/AI_For_robotics/moveit2_obb/src/yolov8_obb_msgs'
[1.001s] INFO:colcon.colcon_core.shell:Skip shell extension 'powershell' for command environment: Not usable outside of PowerShell
[1.001s] DEBUG:colcon.colcon_core.shell:Skip shell extension 'dsv' for command environment
[1.006s] INFO:colcon.colcon_ros.task.ament_cmake.build:Building ROS package in '/home/u3/college/AI_For_robotics/moveit2_obb/src/yolov8_obb' with build type 'ament_cmake'
[1.006s] INFO:colcon.colcon_cmake.task.cmake.build:Building CMake package in '/home/u3/college/AI_For_robotics/moveit2_obb/src/yolov8_obb'
[1.006s] INFO:colcon.colcon_core.shell:Skip shell extension 'powershell' for command environment: Not usable outside of PowerShell
[1.006s] DEBUG:colcon.colcon_core.shell:Skip shell extension 'dsv' for command environment
[1.029s] DEBUG:colcon.colcon_core.event_handler.log_command:Invoking command in '/home/u3/college/AI_For_robotics/moveit2_obb/build/panda_moveit_config': CMAKE_PREFIX_PATH=${CMAKE_PREFIX_PATH}:/opt/ros/jazzy DEBUGINFOD_URLS=https://debuginfod.ubuntu.com /usr/bin/cmake --build /home/u3/college/AI_For_robotics/moveit2_obb/build/panda_moveit_config -- -j16 -l16
[1.089s] DEBUG:colcon.colcon_core.event_handler.log_command:Invoking command in '/home/u3/college/AI_For_robotics/moveit2_obb/build/robot_description': CMAKE_PREFIX_PATH=${CMAKE_PREFIX_PATH}:/opt/ros/jazzy DEBUGINFOD_URLS=https://debuginfod.ubuntu.com /usr/bin/cmake --build /home/u3/college/AI_For_robotics/moveit2_obb/build/robot_description -- -j16 -l16
[1.140s] DEBUG:colcon.colcon_core.event_handler.log_command:Invoking command in '/home/u3/college/AI_For_robotics/moveit2_obb/build/yolov8_msgs': CMAKE_PREFIX_PATH=${CMAKE_PREFIX_PATH}:/opt/ros/jazzy DEBUGINFOD_URLS=https://debuginfod.ubuntu.com /usr/bin/cmake --build /home/u3/college/AI_For_robotics/moveit2_obb/build/yolov8_msgs -- -j16 -l16
[1.172s] DEBUG:colcon.colcon_core.event_handler.log_command:Invoking command in '/home/u3/college/AI_For_robotics/moveit2_obb/build/yolov8_obb': CMAKE_PREFIX_PATH=${CMAKE_PREFIX_PATH}:/opt/ros/jazzy DEBUGINFOD_URLS=https://debuginfod.ubuntu.com /usr/bin/cmake --build /home/u3/college/AI_For_robotics/moveit2_obb/build/yolov8_obb -- -j16 -l16
[2.258s] DEBUG:colcon.colcon_core.event_handler.log_command:Invoked command in '/home/u3/college/AI_For_robotics/moveit2_obb/build/panda_moveit_config' returned '0': CMAKE_PREFIX_PATH=${CMAKE_PREFIX_PATH}:/opt/ros/jazzy DEBUGINFOD_URLS=https://debuginfod.ubuntu.com /usr/bin/cmake --build /home/u3/college/AI_For_robotics/moveit2_obb/build/panda_moveit_config -- -j16 -l16
[2.304s] DEBUG:colcon.colcon_core.event_handler.log_command:Invoking command in '/home/u3/college/AI_For_robotics/moveit2_obb/build/panda_moveit_config': CMAKE_PREFIX_PATH=${CMAKE_PREFIX_PATH}:/opt/ros/jazzy DEBUGINFOD_URLS=https://debuginfod.ubuntu.com /usr/bin/cmake --install /home/u3/college/AI_For_robotics/moveit2_obb/build/panda_moveit_config
[2.305s] DEBUG:colcon.colcon_core.event_handler.log_command:Invoked command in '/home/u3/college/AI_For_robotics/moveit2_obb/build/robot_description' returned '0': CMAKE_PREFIX_PATH=${CMAKE_PREFIX_PATH}:/opt/ros/jazzy DEBUGINFOD_URLS=https://debuginfod.ubuntu.com /usr/bin/cmake --build /home/u3/college/AI_For_robotics/moveit2_obb/build/robot_description -- -j16 -l16
[2.308s] DEBUG:colcon.colcon_core.event_handler.log_command:Invoking command in '/home/u3/college/AI_For_robotics/moveit2_obb/build/robot_description': CMAKE_PREFIX_PATH=${CMAKE_PREFIX_PATH}:/opt/ros/jazzy DEBUGINFOD_URLS=https://debuginfod.ubuntu.com /usr/bin/cmake --install /home/u3/college/AI_For_robotics/moveit2_obb/build/robot_description
[2.309s] DEBUG:colcon.colcon_core.event_handler.log_command:Invoked command in '/home/u3/college/AI_For_robotics/moveit2_obb/build/yolov8_obb' returned '0': CMAKE_PREFIX_PATH=${CMAKE_PREFIX_PATH}:/opt/ros/jazzy DEBUGINFOD_URLS=https://debuginfod.ubuntu.com /usr/bin/cmake --build /home/u3/college/AI_For_robotics/moveit2_obb/build/yolov8_obb -- -j16 -l16
[2.326s] DEBUG:colcon.colcon_core.event_handler.log_command:Invoking command in '/home/u3/college/AI_For_robotics/moveit2_obb/build/yolov8_obb': CMAKE_PREFIX_PATH=${CMAKE_PREFIX_PATH}:/opt/ros/jazzy DEBUGINFOD_URLS=https://debuginfod.ubuntu.com /usr/bin/cmake --install /home/u3/college/AI_For_robotics/moveit2_obb/build/yolov8_obb
[2.364s] Level 1:colcon.colcon_core.environment:create_environment_scripts_only(yolov8_obb)
[2.364s] DEBUG:colcon.colcon_core.event_handler.log_command:Invoked command in '/home/u3/college/AI_For_robotics/moveit2_obb/build/yolov8_obb' returned '0': CMAKE_PREFIX_PATH=${CMAKE_PREFIX_PATH}:/opt/ros/jazzy DEBUGINFOD_URLS=https://debuginfod.ubuntu.com /usr/bin/cmake --install /home/u3/college/AI_For_robotics/moveit2_obb/build/yolov8_obb
[2.423s] Level 1:colcon.colcon_core.environment:checking '/home/u3/college/AI_For_robotics/moveit2_obb/install/yolov8_obb' for CMake module files
[2.424s] Level 1:colcon.colcon_core.environment:checking '/home/u3/college/AI_For_robotics/moveit2_obb/install/yolov8_obb' for CMake config files
[2.424s] Level 1:colcon.colcon_core.shell:create_environment_hook('yolov8_obb', 'cmake_prefix_path')
[2.424s] INFO:colcon.colcon_core.shell:Creating environment hook '/home/u3/college/AI_For_robotics/moveit2_obb/install/yolov8_obb/share/yolov8_obb/hook/cmake_prefix_path.ps1'
[2.459s] INFO:colcon.colcon_core.shell:Creating environment descriptor '/home/u3/college/AI_For_robotics/moveit2_obb/install/yolov8_obb/share/yolov8_obb/hook/cmake_prefix_path.dsv'
[2.474s] INFO:colcon.colcon_core.shell:Creating environment hook '/home/u3/college/AI_For_robotics/moveit2_obb/install/yolov8_obb/share/yolov8_obb/hook/cmake_prefix_path.sh'
[2.495s] Level 1:colcon.colcon_core.environment:checking '/home/u3/college/AI_For_robotics/moveit2_obb/install/yolov8_obb/lib'
[2.495s] Level 1:colcon.colcon_core.environment:checking '/home/u3/college/AI_For_robotics/moveit2_obb/install/yolov8_obb/bin'
[2.495s] Level 1:colcon.colcon_core.environment:checking '/home/u3/college/AI_For_robotics/moveit2_obb/install/yolov8_obb/lib/pkgconfig/yolov8_obb.pc'
[2.496s] Level 1:colcon.colcon_core.environment:checking '/home/u3/college/AI_For_robotics/moveit2_obb/install/yolov8_obb/lib/python3.12/site-packages'
[2.496s] Level 1:colcon.colcon_core.environment:checking '/home/u3/college/AI_For_robotics/moveit2_obb/install/yolov8_obb/bin'
[2.496s] INFO:colcon.colcon_core.shell:Creating package script '/home/u3/college/AI_For_robotics/moveit2_obb/install/yolov8_obb/share/yolov8_obb/package.ps1'
[2.514s] INFO:colcon.colcon_core.shell:Creating package descriptor '/home/u3/college/AI_For_robotics/moveit2_obb/install/yolov8_obb/share/yolov8_obb/package.dsv'
[2.516s] INFO:colcon.colcon_core.shell:Creating package script '/home/u3/college/AI_For_robotics/moveit2_obb/install/yolov8_obb/share/yolov8_obb/package.sh'
[2.530s] INFO:colcon.colcon_core.shell:Creating package script '/home/u3/college/AI_For_robotics/moveit2_obb/install/yolov8_obb/share/yolov8_obb/package.bash'
[2.552s] INFO:colcon.colcon_core.shell:Creating package script '/home/u3/college/AI_For_robotics/moveit2_obb/install/yolov8_obb/share/yolov8_obb/package.zsh'
[2.586s] Level 1:colcon.colcon_core.environment:create_file_with_runtime_dependencies(/home/u3/college/AI_For_robotics/moveit2_obb/install/yolov8_obb/share/colcon-core/packages/yolov8_obb)
[2.588s] Level 1:colcon.colcon_core.environment:create_environment_scripts_only(yolov8_obb)
[2.588s] Level 1:colcon.colcon_core.environment:checking '/home/u3/college/AI_For_robotics/moveit2_obb/install/yolov8_obb' for CMake module files
[2.590s] Level 1:colcon.colcon_core.environment:checking '/home/u3/college/AI_For_robotics/moveit2_obb/install/yolov8_obb' for CMake config files
[2.591s] Level 1:colcon.colcon_core.shell:create_environment_hook('yolov8_obb', 'cmake_prefix_path')
[2.591s] INFO:colcon.colcon_core.shell:Creating environment hook '/home/u3/college/AI_For_robotics/moveit2_obb/install/yolov8_obb/share/yolov8_obb/hook/cmake_prefix_path.ps1'
[2.592s] INFO:colcon.colcon_core.shell:Creating environment descriptor '/home/u3/college/AI_For_robotics/moveit2_obb/install/yolov8_obb/share/yolov8_obb/hook/cmake_prefix_path.dsv'
[2.593s] INFO:colcon.colcon_core.shell:Creating environment hook '/home/u3/college/AI_For_robotics/moveit2_obb/install/yolov8_obb/share/yolov8_obb/hook/cmake_prefix_path.sh'
[2.596s] Level 1:colcon.colcon_core.environment:checking '/home/u3/college/AI_For_robotics/moveit2_obb/install/yolov8_obb/lib'
[2.596s] Level 1:colcon.colcon_core.environment:checking '/home/u3/college/AI_For_robotics/moveit2_obb/install/yolov8_obb/bin'
[2.596s] Level 1:colcon.colcon_core.environment:checking '/home/u3/college/AI_For_robotics/moveit2_obb/install/yolov8_obb/lib/pkgconfig/yolov8_obb.pc'
[2.597s] Level 1:colcon.colcon_core.environment:checking '/home/u3/college/AI_For_robotics/moveit2_obb/install/yolov8_obb/lib/python3.12/site-packages'
[2.597s] Level 1:colcon.colcon_core.environment:checking '/home/u3/college/AI_For_robotics/moveit2_obb/install/yolov8_obb/bin'
[2.597s] INFO:colcon.colcon_core.shell:Creating package script '/home/u3/college/AI_For_robotics/moveit2_obb/install/yolov8_obb/share/yolov8_obb/package.ps1'
[2.598s] INFO:colcon.colcon_core.shell:Creating package descriptor '/home/u3/college/AI_For_robotics/moveit2_obb/install/yolov8_obb/share/yolov8_obb/package.dsv'
[2.599s] INFO:colcon.colcon_core.shell:Creating package script '/home/u3/college/AI_For_robotics/moveit2_obb/install/yolov8_obb/share/yolov8_obb/package.sh'
[2.600s] INFO:colcon.colcon_core.shell:Creating package script '/home/u3/college/AI_For_robotics/moveit2_obb/install/yolov8_obb/share/yolov8_obb/package.bash'
[2.600s] INFO:colcon.colcon_core.shell:Creating package script '/home/u3/college/AI_For_robotics/moveit2_obb/install/yolov8_obb/share/yolov8_obb/package.zsh'
[2.600s] Level 1:colcon.colcon_core.environment:create_file_with_runtime_dependencies(/home/u3/college/AI_For_robotics/moveit2_obb/install/yolov8_obb/share/colcon-core/packages/yolov8_obb)
[2.603s] Level 1:colcon.colcon_core.environment:create_environment_scripts_only(panda_moveit_config)
[2.603s] DEBUG:colcon.colcon_core.event_handler.log_command:Invoked command in '/home/u3/college/AI_For_robotics/moveit2_obb/build/panda_moveit_config' returned '0': CMAKE_PREFIX_PATH=${CMAKE_PREFIX_PATH}:/opt/ros/jazzy DEBUGINFOD_URLS=https://debuginfod.ubuntu.com /usr/bin/cmake --install /home/u3/college/AI_For_robotics/moveit2_obb/build/panda_moveit_config
[2.603s] Level 1:colcon.colcon_core.environment:checking '/home/u3/college/AI_For_robotics/moveit2_obb/install/panda_moveit_config' for CMake module files
[2.605s] Level 1:colcon.colcon_core.environment:checking '/home/u3/college/AI_For_robotics/moveit2_obb/install/panda_moveit_config' for CMake config files
[2.605s] Level 1:colcon.colcon_core.shell:create_environment_hook('panda_moveit_config', 'cmake_prefix_path')
[2.606s] INFO:colcon.colcon_core.shell:Creating environment hook '/home/u3/college/AI_For_robotics/moveit2_obb/install/panda_moveit_config/share/panda_moveit_config/hook/cmake_prefix_path.ps1'
[2.620s] INFO:colcon.colcon_core.shell:Creating environment descriptor '/home/u3/college/AI_For_robotics/moveit2_obb/install/panda_moveit_config/share/panda_moveit_config/hook/cmake_prefix_path.dsv'
[2.622s] INFO:colcon.colcon_core.shell:Creating environment hook '/home/u3/college/AI_For_robotics/moveit2_obb/install/panda_moveit_config/share/panda_moveit_config/hook/cmake_prefix_path.sh'
[2.624s] Level 1:colcon.colcon_core.environment:checking '/home/u3/college/AI_For_robotics/moveit2_obb/install/panda_moveit_config/lib'
[2.624s] Level 1:colcon.colcon_core.environment:checking '/home/u3/college/AI_For_robotics/moveit2_obb/install/panda_moveit_config/bin'
[2.624s] Level 1:colcon.colcon_core.environment:checking '/home/u3/college/AI_For_robotics/moveit2_obb/install/panda_moveit_config/lib/pkgconfig/panda_moveit_config.pc'
[2.624s] Level 1:colcon.colcon_core.environment:checking '/home/u3/college/AI_For_robotics/moveit2_obb/install/panda_moveit_config/lib/python3.12/site-packages'
[2.625s] Level 1:colcon.colcon_core.environment:checking '/home/u3/college/AI_For_robotics/moveit2_obb/install/panda_moveit_config/bin'
[2.625s] INFO:colcon.colcon_core.shell:Creating package script '/home/u3/college/AI_For_robotics/moveit2_obb/install/panda_moveit_config/share/panda_moveit_config/package.ps1'
[2.626s] INFO:colcon.colcon_core.shell:Creating package descriptor '/home/u3/college/AI_For_robotics/moveit2_obb/install/panda_moveit_config/share/panda_moveit_config/package.dsv'
[2.627s] INFO:colcon.colcon_core.shell:Creating package script '/home/u3/college/AI_For_robotics/moveit2_obb/install/panda_moveit_config/share/panda_moveit_config/package.sh'
[2.627s] INFO:colcon.colcon_core.shell:Creating package script '/home/u3/college/AI_For_robotics/moveit2_obb/install/panda_moveit_config/share/panda_moveit_config/package.bash'
[2.628s] INFO:colcon.colcon_core.shell:Creating package script '/home/u3/college/AI_For_robotics/moveit2_obb/install/panda_moveit_config/share/panda_moveit_config/package.zsh'
[2.637s] Level 1:colcon.colcon_core.environment:create_file_with_runtime_dependencies(/home/u3/college/AI_For_robotics/moveit2_obb/install/panda_moveit_config/share/colcon-core/packages/panda_moveit_config)
[2.639s] Level 1:colcon.colcon_core.environment:create_environment_scripts_only(panda_moveit_config)
[2.639s] Level 1:colcon.colcon_core.environment:checking '/home/u3/college/AI_For_robotics/moveit2_obb/install/panda_moveit_config' for CMake module files
[2.640s] Level 1:colcon.colcon_core.environment:checking '/home/u3/college/AI_For_robotics/moveit2_obb/install/panda_moveit_config' for CMake config files
[2.641s] Level 1:colcon.colcon_core.shell:create_environment_hook('panda_moveit_config', 'cmake_prefix_path')
[2.641s] INFO:colcon.colcon_core.shell:Creating environment hook '/home/u3/college/AI_For_robotics/moveit2_obb/install/panda_moveit_config/share/panda_moveit_config/hook/cmake_prefix_path.ps1'
[2.642s] INFO:colcon.colcon_core.shell:Creating environment descriptor '/home/u3/college/AI_For_robotics/moveit2_obb/install/panda_moveit_config/share/panda_moveit_config/hook/cmake_prefix_path.dsv'
[2.642s] INFO:colcon.colcon_core.shell:Creating environment hook '/home/u3/college/AI_For_robotics/moveit2_obb/install/panda_moveit_config/share/panda_moveit_config/hook/cmake_prefix_path.sh'
[2.643s] Level 1:colcon.colcon_core.environment:checking '/home/u3/college/AI_For_robotics/moveit2_obb/install/panda_moveit_config/lib'
[2.643s] Level 1:colcon.colcon_core.environment:checking '/home/u3/college/AI_For_robotics/moveit2_obb/install/panda_moveit_config/bin'
[2.644s] Level 1:colcon.colcon_core.environment:checking '/home/u3/college/AI_For_robotics/moveit2_obb/install/panda_moveit_config/lib/pkgconfig/panda_moveit_config.pc'
[2.644s] Level 1:colcon.colcon_core.environment:checking '/home/u3/college/AI_For_robotics/moveit2_obb/install/panda_moveit_config/lib/python3.12/site-packages'
[2.644s] Level 1:colcon.colcon_core.environment:checking '/home/u3/college/AI_For_robotics/moveit2_obb/install/panda_moveit_config/bin'
[2.645s] INFO:colcon.colcon_core.shell:Creating package script '/home/u3/college/AI_For_robotics/moveit2_obb/install/panda_moveit_config/share/panda_moveit_config/package.ps1'
[2.645s] INFO:colcon.colcon_core.shell:Creating package descriptor '/home/u3/college/AI_For_robotics/moveit2_obb/install/panda_moveit_config/share/panda_moveit_config/package.dsv'
[2.646s] INFO:colcon.colcon_core.shell:Creating package script '/home/u3/college/AI_For_robotics/moveit2_obb/install/panda_moveit_config/share/panda_moveit_config/package.sh'
[2.647s] INFO:colcon.colcon_core.shell:Creating package script '/home/u3/college/AI_For_robotics/moveit2_obb/install/panda_moveit_config/share/panda_moveit_config/package.bash'
[2.647s] INFO:colcon.colcon_core.shell:Creating package script '/home/u3/college/AI_For_robotics/moveit2_obb/install/panda_moveit_config/share/panda_moveit_config/package.zsh'
[2.648s] Level 1:colcon.colcon_core.environment:create_file_with_runtime_dependencies(/home/u3/college/AI_For_robotics/moveit2_obb/install/panda_moveit_config/share/colcon-core/packages/panda_moveit_config)
[2.649s] Level 1:colcon.colcon_core.environment:create_environment_scripts_only(robot_description)
[2.649s] Level 1:colcon.colcon_core.environment:checking '/home/u3/college/AI_For_robotics/moveit2_obb/install/robot_description' for CMake module files
[2.651s] DEBUG:colcon.colcon_core.event_handler.log_command:Invoked command in '/home/u3/college/AI_For_robotics/moveit2_obb/build/robot_description' returned '0': CMAKE_PREFIX_PATH=${CMAKE_PREFIX_PATH}:/opt/ros/jazzy DEBUGINFOD_URLS=https://debuginfod.ubuntu.com /usr/bin/cmake --install /home/u3/college/AI_For_robotics/moveit2_obb/build/robot_description
[2.652s] Level 1:colcon.colcon_core.environment:checking '/home/u3/college/AI_For_robotics/moveit2_obb/install/robot_description' for CMake config files
[2.653s] Level 1:colcon.colcon_core.shell:create_environment_hook('robot_description', 'cmake_prefix_path')
[2.653s] INFO:colcon.colcon_core.shell:Creating environment hook '/home/u3/college/AI_For_robotics/moveit2_obb/install/robot_description/share/robot_description/hook/cmake_prefix_path.ps1'
[2.654s] INFO:colcon.colcon_core.shell:Creating environment descriptor '/home/u3/college/AI_For_robotics/moveit2_obb/install/robot_description/share/robot_description/hook/cmake_prefix_path.dsv'
[2.655s] INFO:colcon.colcon_core.shell:Creating environment hook '/home/u3/college/AI_For_robotics/moveit2_obb/install/robot_description/share/robot_description/hook/cmake_prefix_path.sh'
[2.657s] Level 1:colcon.colcon_core.environment:checking '/home/u3/college/AI_For_robotics/moveit2_obb/install/robot_description/bin'
[2.657s] Level 1:colcon.colcon_core.environment:checking '/home/u3/college/AI_For_robotics/moveit2_obb/install/robot_description/lib/pkgconfig/robot_description.pc'
[2.657s] Level 1:colcon.colcon_core.environment:checking '/home/u3/college/AI_For_robotics/moveit2_obb/install/robot_description/lib/python3.12/site-packages'
[2.658s] Level 1:colcon.colcon_core.environment:checking '/home/u3/college/AI_For_robotics/moveit2_obb/install/robot_description/bin'
[2.658s] INFO:colcon.colcon_core.shell:Creating package script '/home/u3/college/AI_For_robotics/moveit2_obb/install/robot_description/share/robot_description/package.ps1'
[2.659s] INFO:colcon.colcon_core.shell:Creating package descriptor '/home/u3/college/AI_For_robotics/moveit2_obb/install/robot_description/share/robot_description/package.dsv'
[2.660s] INFO:colcon.colcon_core.shell:Creating package script '/home/u3/college/AI_For_robotics/moveit2_obb/install/robot_description/share/robot_description/package.sh'
[2.661s] INFO:colcon.colcon_core.shell:Creating package script '/home/u3/college/AI_For_robotics/moveit2_obb/install/robot_description/share/robot_description/package.bash'
[2.662s] INFO:colcon.colcon_core.shell:Creating package script '/home/u3/college/AI_For_robotics/moveit2_obb/install/robot_description/share/robot_description/package.zsh'
[2.663s] Level 1:colcon.colcon_core.environment:create_file_with_runtime_dependencies(/home/u3/college/AI_For_robotics/moveit2_obb/install/robot_description/share/colcon-core/packages/robot_description)
[2.664s] Level 1:colcon.colcon_core.environment:create_environment_scripts_only(robot_description)
[2.664s] Level 1:colcon.colcon_core.environment:checking '/home/u3/college/AI_For_robotics/moveit2_obb/install/robot_description' for CMake module files
[2.665s] Level 1:colcon.colcon_core.environment:checking '/home/u3/college/AI_For_robotics/moveit2_obb/install/robot_description' for CMake config files
[2.666s] Level 1:colcon.colcon_core.shell:create_environment_hook('robot_description', 'cmake_prefix_path')
[2.666s] INFO:colcon.colcon_core.shell:Creating environment hook '/home/u3/college/AI_For_robotics/moveit2_obb/install/robot_description/share/robot_description/hook/cmake_prefix_path.ps1'
[2.667s] INFO:colcon.colcon_core.shell:Creating environment descriptor '/home/u3/college/AI_For_robotics/moveit2_obb/install/robot_description/share/robot_description/hook/cmake_prefix_path.dsv'
[2.667s] INFO:colcon.colcon_core.shell:Creating environment hook '/home/u3/college/AI_For_robotics/moveit2_obb/install/robot_description/share/robot_description/hook/cmake_prefix_path.sh'
[2.668s] Level 1:colcon.colcon_core.environment:checking '/home/u3/college/AI_For_robotics/moveit2_obb/install/robot_description/bin'
[2.668s] Level 1:colcon.colcon_core.environment:checking '/home/u3/college/AI_For_robotics/moveit2_obb/install/robot_description/lib/pkgconfig/robot_description.pc'
[2.669s] Level 1:colcon.colcon_core.environment:checking '/home/u3/college/AI_For_robotics/moveit2_obb/install/robot_description/lib/python3.12/site-packages'
[2.669s] Level 1:colcon.colcon_core.environment:checking '/home/u3/college/AI_For_robotics/moveit2_obb/install/robot_description/bin'
[2.669s] INFO:colcon.colcon_core.shell:Creating package script '/home/u3/college/AI_For_robotics/moveit2_obb/install/robot_description/share/robot_description/package.ps1'
[2.670s] INFO:colcon.colcon_core.shell:Creating package descriptor '/home/u3/college/AI_For_robotics/moveit2_obb/install/robot_description/share/robot_description/package.dsv'
[2.670s] INFO:colcon.colcon_core.shell:Creating package script '/home/u3/college/AI_For_robotics/moveit2_obb/install/robot_description/share/robot_description/package.sh'
[2.671s] INFO:colcon.colcon_core.shell:Creating package script '/home/u3/college/AI_For_robotics/moveit2_obb/install/robot_description/share/robot_description/package.bash'
[2.671s] INFO:colcon.colcon_core.shell:Creating package script '/home/u3/college/AI_For_robotics/moveit2_obb/install/robot_description/share/robot_description/package.zsh'
[2.671s] Level 1:colcon.colcon_core.environment:create_file_with_runtime_dependencies(/home/u3/college/AI_For_robotics/moveit2_obb/install/robot_description/share/colcon-core/packages/robot_description)
[3.230s] DEBUG:colcon.colcon_core.event_handler.log_command:Invoked command in '/home/u3/college/AI_For_robotics/moveit2_obb/build/yolov8_msgs' returned '0': CMAKE_PREFIX_PATH=${CMAKE_PREFIX_PATH}:/opt/ros/jazzy DEBUGINFOD_URLS=https://debuginfod.ubuntu.com /usr/bin/cmake --build /home/u3/college/AI_For_robotics/moveit2_obb/build/yolov8_msgs -- -j16 -l16
[3.314s] DEBUG:colcon.colcon_core.event_handler.log_command:Invoking command in '/home/u3/college/AI_For_robotics/moveit2_obb/build/yolov8_msgs': CMAKE_PREFIX_PATH=${CMAKE_PREFIX_PATH}:/opt/ros/jazzy DEBUGINFOD_URLS=https://debuginfod.ubuntu.com /usr/bin/cmake --install /home/u3/college/AI_For_robotics/moveit2_obb/build/yolov8_msgs
[3.462s] Level 1:colcon.colcon_core.environment:create_environment_scripts_only(yolov8_msgs)
[3.463s] Level 1:colcon.colcon_core.environment:checking '/home/u3/college/AI_For_robotics/moveit2_obb/install/yolov8_msgs' for CMake module files
[3.463s] DEBUG:colcon.colcon_core.event_handler.log_command:Invoked command in '/home/u3/college/AI_For_robotics/moveit2_obb/build/yolov8_msgs' returned '0': CMAKE_PREFIX_PATH=${CMAKE_PREFIX_PATH}:/opt/ros/jazzy DEBUGINFOD_URLS=https://debuginfod.ubuntu.com /usr/bin/cmake --install /home/u3/college/AI_For_robotics/moveit2_obb/build/yolov8_msgs
[3.464s] Level 1:colcon.colcon_core.environment:checking '/home/u3/college/AI_For_robotics/moveit2_obb/install/yolov8_msgs' for CMake config files
[3.464s] Level 1:colcon.colcon_core.shell:create_environment_hook('yolov8_msgs', 'cmake_prefix_path')
[3.465s] INFO:colcon.colcon_core.shell:Creating environment hook '/home/u3/college/AI_For_robotics/moveit2_obb/install/yolov8_msgs/share/yolov8_msgs/hook/cmake_prefix_path.ps1'
[3.465s] INFO:colcon.colcon_core.shell:Creating environment descriptor '/home/u3/college/AI_For_robotics/moveit2_obb/install/yolov8_msgs/share/yolov8_msgs/hook/cmake_prefix_path.dsv'
[3.465s] INFO:colcon.colcon_core.shell:Creating environment hook '/home/u3/college/AI_For_robotics/moveit2_obb/install/yolov8_msgs/share/yolov8_msgs/hook/cmake_prefix_path.sh'
[3.466s] Level 1:colcon.colcon_core.environment:checking '/home/u3/college/AI_For_robotics/moveit2_obb/install/yolov8_msgs/lib'
[3.466s] Level 1:colcon.colcon_core.shell:create_environment_hook('yolov8_msgs', 'ld_library_path_lib')
[3.466s] INFO:colcon.colcon_core.shell:Creating environment hook '/home/u3/college/AI_For_robotics/moveit2_obb/install/yolov8_msgs/share/yolov8_msgs/hook/ld_library_path_lib.ps1'
[3.467s] INFO:colcon.colcon_core.shell:Creating environment descriptor '/home/u3/college/AI_For_robotics/moveit2_obb/install/yolov8_msgs/share/yolov8_msgs/hook/ld_library_path_lib.dsv'
[3.467s] INFO:colcon.colcon_core.shell:Creating environment hook '/home/u3/college/AI_For_robotics/moveit2_obb/install/yolov8_msgs/share/yolov8_msgs/hook/ld_library_path_lib.sh'
[3.468s] Level 1:colcon.colcon_core.environment:checking '/home/u3/college/AI_For_robotics/moveit2_obb/install/yolov8_msgs/bin'
[3.468s] Level 1:colcon.colcon_core.environment:checking '/home/u3/college/AI_For_robotics/moveit2_obb/install/yolov8_msgs/lib/pkgconfig/yolov8_msgs.pc'
[3.468s] Level 1:colcon.colcon_core.environment:checking '/home/u3/college/AI_For_robotics/moveit2_obb/install/yolov8_msgs/lib/python3.12/site-packages'
[3.468s] Level 1:colcon.colcon_core.shell:create_environment_hook('yolov8_msgs', 'pythonpath')
[3.468s] INFO:colcon.colcon_core.shell:Creating environment hook '/home/u3/college/AI_For_robotics/moveit2_obb/install/yolov8_msgs/share/yolov8_msgs/hook/pythonpath.ps1'
[3.469s] INFO:colcon.colcon_core.shell:Creating environment descriptor '/home/u3/college/AI_For_robotics/moveit2_obb/install/yolov8_msgs/share/yolov8_msgs/hook/pythonpath.dsv'
[3.469s] INFO:colcon.colcon_core.shell:Creating environment hook '/home/u3/college/AI_For_robotics/moveit2_obb/install/yolov8_msgs/share/yolov8_msgs/hook/pythonpath.sh'
[3.469s] Level 1:colcon.colcon_core.environment:checking '/home/u3/college/AI_For_robotics/moveit2_obb/install/yolov8_msgs/bin'
[3.470s] INFO:colcon.colcon_core.shell:Creating package script '/home/u3/college/AI_For_robotics/moveit2_obb/install/yolov8_msgs/share/yolov8_msgs/package.ps1'
[3.470s] INFO:colcon.colcon_core.shell:Creating package descriptor '/home/u3/college/AI_For_robotics/moveit2_obb/install/yolov8_msgs/share/yolov8_msgs/package.dsv'
[3.471s] INFO:colcon.colcon_core.shell:Creating package script '/home/u3/college/AI_For_robotics/moveit2_obb/install/yolov8_msgs/share/yolov8_msgs/package.sh'
[3.471s] INFO:colcon.colcon_core.shell:Creating package script '/home/u3/college/AI_For_robotics/moveit2_obb/install/yolov8_msgs/share/yolov8_msgs/package.bash'
[3.472s] INFO:colcon.colcon_core.shell:Creating package script '/home/u3/college/AI_For_robotics/moveit2_obb/install/yolov8_msgs/share/yolov8_msgs/package.zsh'
[3.472s] Level 1:colcon.colcon_core.environment:create_file_with_runtime_dependencies(/home/u3/college/AI_For_robotics/moveit2_obb/install/yolov8_msgs/share/colcon-core/packages/yolov8_msgs)
[3.473s] Level 1:colcon.colcon_core.environment:create_environment_scripts_only(yolov8_msgs)
[3.473s] Level 1:colcon.colcon_core.environment:checking '/home/u3/college/AI_For_robotics/moveit2_obb/install/yolov8_msgs' for CMake module files
[3.474s] Level 1:colcon.colcon_core.environment:checking '/home/u3/college/AI_For_robotics/moveit2_obb/install/yolov8_msgs' for CMake config files
[3.474s] Level 1:colcon.colcon_core.shell:create_environment_hook('yolov8_msgs', 'cmake_prefix_path')
[3.474s] INFO:colcon.colcon_core.shell:Creating environment hook '/home/u3/college/AI_For_robotics/moveit2_obb/install/yolov8_msgs/share/yolov8_msgs/hook/cmake_prefix_path.ps1'
[3.474s] INFO:colcon.colcon_core.shell:Creating environment descriptor '/home/u3/college/AI_For_robotics/moveit2_obb/install/yolov8_msgs/share/yolov8_msgs/hook/cmake_prefix_path.dsv'
[3.475s] INFO:colcon.colcon_core.shell:Creating environment hook '/home/u3/college/AI_For_robotics/moveit2_obb/install/yolov8_msgs/share/yolov8_msgs/hook/cmake_prefix_path.sh'
[3.475s] Level 1:colcon.colcon_core.environment:checking '/home/u3/college/AI_For_robotics/moveit2_obb/install/yolov8_msgs/lib'
[3.476s] Level 1:colcon.colcon_core.shell:create_environment_hook('yolov8_msgs', 'ld_library_path_lib')
[3.476s] INFO:colcon.colcon_core.shell:Creating environment hook '/home/u3/college/AI_For_robotics/moveit2_obb/install/yolov8_msgs/share/yolov8_msgs/hook/ld_library_path_lib.ps1'
[3.476s] INFO:colcon.colcon_core.shell:Creating environment descriptor '/home/u3/college/AI_For_robotics/moveit2_obb/install/yolov8_msgs/share/yolov8_msgs/hook/ld_library_path_lib.dsv'
[3.477s] INFO:colcon.colcon_core.shell:Creating environment hook '/home/u3/college/AI_For_robotics/moveit2_obb/install/yolov8_msgs/share/yolov8_msgs/hook/ld_library_path_lib.sh'
[3.477s] Level 1:colcon.colcon_core.environment:checking '/home/u3/college/AI_For_robotics/moveit2_obb/install/yolov8_msgs/bin'
[3.477s] Level 1:colcon.colcon_core.environment:checking '/home/u3/college/AI_For_robotics/moveit2_obb/install/yolov8_msgs/lib/pkgconfig/yolov8_msgs.pc'
[3.478s] Level 1:colcon.colcon_core.environment:checking '/home/u3/college/AI_For_robotics/moveit2_obb/install/yolov8_msgs/lib/python3.12/site-packages'
[3.478s] Level 1:colcon.colcon_core.shell:create_environment_hook('yolov8_msgs', 'pythonpath')
[3.478s] INFO:colcon.colcon_core.shell:Creating environment hook '/home/u3/college/AI_For_robotics/moveit2_obb/install/yolov8_msgs/share/yolov8_msgs/hook/pythonpath.ps1'
[3.478s] INFO:colcon.colcon_core.shell:Creating environment descriptor '/home/u3/college/AI_For_robotics/moveit2_obb/install/yolov8_msgs/share/yolov8_msgs/hook/pythonpath.dsv'
[3.478s] INFO:colcon.colcon_core.shell:Creating environment hook '/home/u3/college/AI_For_robotics/moveit2_obb/install/yolov8_msgs/share/yolov8_msgs/hook/pythonpath.sh'
[3.479s] Level 1:colcon.colcon_core.environment:checking '/home/u3/college/AI_For_robotics/moveit2_obb/install/yolov8_msgs/bin'
[3.479s] INFO:colcon.colcon_core.shell:Creating package script '/home/u3/college/AI_For_robotics/moveit2_obb/install/yolov8_msgs/share/yolov8_msgs/package.ps1'
[3.480s] INFO:colcon.colcon_core.shell:Creating package descriptor '/home/u3/college/AI_For_robotics/moveit2_obb/install/yolov8_msgs/share/yolov8_msgs/package.dsv'
[3.480s] INFO:colcon.colcon_core.shell:Creating package script '/home/u3/college/AI_For_robotics/moveit2_obb/install/yolov8_msgs/share/yolov8_msgs/package.sh'
[3.480s] INFO:colcon.colcon_core.shell:Creating package script '/home/u3/college/AI_For_robotics/moveit2_obb/install/yolov8_msgs/share/yolov8_msgs/package.bash'
[3.481s] INFO:colcon.colcon_core.shell:Creating package script '/home/u3/college/AI_For_robotics/moveit2_obb/install/yolov8_msgs/share/yolov8_msgs/package.zsh'
[3.481s] Level 1:colcon.colcon_core.environment:create_file_with_runtime_dependencies(/home/u3/college/AI_For_robotics/moveit2_obb/install/yolov8_msgs/share/colcon-core/packages/yolov8_msgs)
[3.481s] DEBUG:colcon.colcon_parallel_executor.executor.parallel:closing loop
[3.481s] DEBUG:colcon.colcon_parallel_executor.executor.parallel:loop closed
[3.481s] DEBUG:colcon.colcon_parallel_executor.executor.parallel:run_until_complete finished with '0'
[3.481s] DEBUG:colcon.colcon_core.event_reactor:joining thread
[3.496s] INFO:colcon.colcon_core.plugin_system:Skipping extension 'colcon_notification.desktop_notification.terminal_notifier': Not used on non-Darwin systems
[3.496s] INFO:colcon.colcon_core.plugin_system:Skipping extension 'colcon_notification.desktop_notification.win32': Not used on non-Windows systems
[3.496s] INFO:colcon.colcon_notification.desktop_notification:Sending desktop notification using 'notify2'
[3.514s] DEBUG:colcon.colcon_core.event_reactor:joined thread
[3.514s] INFO:colcon.colcon_core.shell:Creating prefix script '/home/u3/college/AI_For_robotics/moveit2_obb/install/local_setup.ps1'
[3.516s] INFO:colcon.colcon_core.shell:Creating prefix util module '/home/u3/college/AI_For_robotics/moveit2_obb/install/_local_setup_util_ps1.py'
[3.517s] INFO:colcon.colcon_core.shell:Creating prefix chain script '/home/u3/college/AI_For_robotics/moveit2_obb/install/setup.ps1'
[3.520s] INFO:colcon.colcon_core.shell:Creating prefix script '/home/u3/college/AI_For_robotics/moveit2_obb/install/local_setup.sh'
[3.521s] INFO:colcon.colcon_core.shell:Creating prefix util module '/home/u3/college/AI_For_robotics/moveit2_obb/install/_local_setup_util_sh.py'
[3.522s] INFO:colcon.colcon_core.shell:Creating prefix chain script '/home/u3/college/AI_For_robotics/moveit2_obb/install/setup.sh'
[3.523s] INFO:colcon.colcon_core.shell:Creating prefix script '/home/u3/college/AI_For_robotics/moveit2_obb/install/local_setup.bash'
[3.551s] INFO:colcon.colcon_core.shell:Creating prefix chain script '/home/u3/college/AI_For_robotics/moveit2_obb/install/setup.bash'
[3.566s] INFO:colcon.colcon_core.shell:Creating prefix script '/home/u3/college/AI_For_robotics/moveit2_obb/install/local_setup.zsh'
[3.567s] INFO:colcon.colcon_core.shell:Creating prefix chain script '/home/u3/college/AI_For_robotics/moveit2_obb/install/setup.zsh'
