[0.225s] DEBUG:colcon:Command line arguments: ['/usr/bin/colcon', 'build']
[0.225s] DEBUG:colcon:Parsed command line arguments: Namespace(log_base=None, log_level=None, verb_name='build', build_base='build', install_base='install', merge_install=False, symlink_install=False, test_result_base=None, continue_on_error=False, executor='parallel', parallel_workers=16, event_handlers=None, ignore_user_meta=False, metas=['./colcon.meta'], base_paths=['.'], packages_ignore=None, packages_ignore_regex=None, paths=None, packages_up_to=None, packages_up_to_regex=None, packages_above=None, packages_above_and_dependencies=None, packages_above_depth=None, packages_select_by_dep=None, packages_skip_by_dep=None, packages_skip_up_to=None, packages_select_build_failed=False, packages_skip_build_finished=False, packages_select_test_failures=False, packages_skip_test_passed=False, packages_select=None, packages_skip=None, packages_select_regex=None, packages_skip_regex=None, packages_start=None, packages_end=None, allow_overriding=[], cmake_args=None, cmake_target=None, cmake_target_skip_unavailable=False, cmake_clean_cache=False, cmake_clean_first=False, cmake_force_configure=False, ament_cmake_args=None, catkin_cmake_args=None, catkin_skip_building_tests=False, verb_parser=<colcon_defaults.argument_parser.defaults.DefaultArgumentsDecorator object at 0x7b4b7ea0b530>, verb_extension=<colcon_core.verb.build.BuildVerb object at 0x7b4b7ebac350>, main=<bound method BuildVerb.main of <colcon_core.verb.build.BuildVerb object at 0x7b4b7ebac350>>)
[0.477s] Level 1:colcon.colcon_core.package_discovery:discover_packages(colcon_meta) check parameters
[0.477s] Level 1:colcon.colcon_core.package_discovery:discover_packages(recursive) check parameters
[0.477s] Level 1:colcon.colcon_core.package_discovery:discover_packages(ignore) check parameters
[0.477s] Level 1:colcon.colcon_core.package_discovery:discover_packages(path) check parameters
[0.477s] Level 1:colcon.colcon_core.package_discovery:discover_packages(colcon_meta) discover
[0.478s] Level 1:colcon.colcon_core.package_discovery:discover_packages(recursive) discover
[0.478s] INFO:colcon.colcon_core.package_discovery:Crawling recursively for packages in '/home/u3/college/AI_For_robotics/moveit2_obb'
[0.478s] Level 1:colcon.colcon_core.package_identification:_identify(.) by extensions ['ignore', 'ignore_ament_install']
[0.478s] Level 1:colcon.colcon_core.package_identification:_identify(.) by extension 'ignore'
[0.478s] Level 1:colcon.colcon_core.package_identification:_identify(.) by extension 'ignore_ament_install'
[0.478s] Level 1:colcon.colcon_core.package_identification:_identify(.) by extensions ['colcon_pkg']
[0.478s] Level 1:colcon.colcon_core.package_identification:_identify(.) by extension 'colcon_pkg'
[0.478s] Level 1:colcon.colcon_core.package_identification:_identify(.) by extensions ['colcon_meta']
[0.478s] Level 1:colcon.colcon_core.package_identification:_identify(.) by extension 'colcon_meta'
[0.478s] Level 1:colcon.colcon_core.package_identification:_identify(.) by extensions ['ros']
[0.478s] Level 1:colcon.colcon_core.package_identification:_identify(.) by extension 'ros'
[0.518s] Level 1:colcon.colcon_core.package_identification:_identify(.) by extensions ['cmake', 'python']
[0.518s] Level 1:colcon.colcon_core.package_identification:_identify(.) by extension 'cmake'
[0.519s] Level 1:colcon.colcon_core.package_identification:_identify(.) by extension 'python'
[0.519s] Level 1:colcon.colcon_core.package_identification:_identify(.) by extensions ['python_setup_py']
[0.519s] Level 1:colcon.colcon_core.package_identification:_identify(.) by extension 'python_setup_py'
[0.519s] Level 1:colcon.colcon_core.package_identification:_identify(UI) by extensions ['ignore', 'ignore_ament_install']
[0.519s] Level 1:colcon.colcon_core.package_identification:_identify(UI) by extension 'ignore'
[0.519s] Level 1:colcon.colcon_core.package_identification:_identify(UI) by extension 'ignore_ament_install'
[0.519s] Level 1:colcon.colcon_core.package_identification:_identify(UI) by extensions ['colcon_pkg']
[0.519s] Level 1:colcon.colcon_core.package_identification:_identify(UI) by extension 'colcon_pkg'
[0.519s] Level 1:colcon.colcon_core.package_identification:_identify(UI) by extensions ['colcon_meta']
[0.519s] Level 1:colcon.colcon_core.package_identification:_identify(UI) by extension 'colcon_meta'
[0.519s] Level 1:colcon.colcon_core.package_identification:_identify(UI) by extensions ['ros']
[0.519s] Level 1:colcon.colcon_core.package_identification:_identify(UI) by extension 'ros'
[0.519s] Level 1:colcon.colcon_core.package_identification:_identify(UI) by extensions ['cmake', 'python']
[0.519s] Level 1:colcon.colcon_core.package_identification:_identify(UI) by extension 'cmake'
[0.520s] Level 1:colcon.colcon_core.package_identification:_identify(UI) by extension 'python'
[0.520s] Level 1:colcon.colcon_core.package_identification:_identify(UI) by extensions ['python_setup_py']
[0.520s] Level 1:colcon.colcon_core.package_identification:_identify(UI) by extension 'python_setup_py'
[0.520s] Level 1:colcon.colcon_core.package_identification:_identify(UI/__pycache__) by extensions ['ignore', 'ignore_ament_install']
[0.520s] Level 1:colcon.colcon_core.package_identification:_identify(UI/__pycache__) by extension 'ignore'
[0.520s] Level 1:colcon.colcon_core.package_identification:_identify(UI/__pycache__) by extension 'ignore_ament_install'
[0.520s] Level 1:colcon.colcon_core.package_identification:_identify(UI/__pycache__) by extensions ['colcon_pkg']
[0.520s] Level 1:colcon.colcon_core.package_identification:_identify(UI/__pycache__) by extension 'colcon_pkg'
[0.520s] Level 1:colcon.colcon_core.package_identification:_identify(UI/__pycache__) by extensions ['colcon_meta']
[0.520s] Level 1:colcon.colcon_core.package_identification:_identify(UI/__pycache__) by extension 'colcon_meta'
[0.520s] Level 1:colcon.colcon_core.package_identification:_identify(UI/__pycache__) by extensions ['ros']
[0.520s] Level 1:colcon.colcon_core.package_identification:_identify(UI/__pycache__) by extension 'ros'
[0.520s] Level 1:colcon.colcon_core.package_identification:_identify(UI/__pycache__) by extensions ['cmake', 'python']
[0.520s] Level 1:colcon.colcon_core.package_identification:_identify(UI/__pycache__) by extension 'cmake'
[0.520s] Level 1:colcon.colcon_core.package_identification:_identify(UI/__pycache__) by extension 'python'
[0.520s] Level 1:colcon.colcon_core.package_identification:_identify(UI/__pycache__) by extensions ['python_setup_py']
[0.521s] Level 1:colcon.colcon_core.package_identification:_identify(UI/__pycache__) by extension 'python_setup_py'
[0.521s] Level 1:colcon.colcon_core.package_identification:_identify(build) by extensions ['ignore', 'ignore_ament_install']
[0.521s] Level 1:colcon.colcon_core.package_identification:_identify(build) by extension 'ignore'
[0.521s] Level 1:colcon.colcon_core.package_identification:_identify(build) ignored
[0.521s] Level 1:colcon.colcon_core.package_identification:_identify(install) by extensions ['ignore', 'ignore_ament_install']
[0.521s] Level 1:colcon.colcon_core.package_identification:_identify(install) by extension 'ignore'
[0.521s] Level 1:colcon.colcon_core.package_identification:_identify(install) ignored
[0.521s] Level 1:colcon.colcon_core.package_identification:_identify(log) by extensions ['ignore', 'ignore_ament_install']
[0.521s] Level 1:colcon.colcon_core.package_identification:_identify(log) by extension 'ignore'
[0.521s] Level 1:colcon.colcon_core.package_identification:_identify(log) ignored
[0.521s] Level 1:colcon.colcon_core.package_identification:_identify(src) by extensions ['ignore', 'ignore_ament_install']
[0.522s] Level 1:colcon.colcon_core.package_identification:_identify(src) by extension 'ignore'
[0.522s] Level 1:colcon.colcon_core.package_identification:_identify(src) by extension 'ignore_ament_install'
[0.522s] Level 1:colcon.colcon_core.package_identification:_identify(src) by extensions ['colcon_pkg']
[0.522s] Level 1:colcon.colcon_core.package_identification:_identify(src) by extension 'colcon_pkg'
[0.522s] Level 1:colcon.colcon_core.package_identification:_identify(src) by extensions ['colcon_meta']
[0.522s] Level 1:colcon.colcon_core.package_identification:_identify(src) by extension 'colcon_meta'
[0.522s] Level 1:colcon.colcon_core.package_identification:_identify(src) by extensions ['ros']
[0.522s] Level 1:colcon.colcon_core.package_identification:_identify(src) by extension 'ros'
[0.522s] Level 1:colcon.colcon_core.package_identification:_identify(src) by extensions ['cmake', 'python']
[0.522s] Level 1:colcon.colcon_core.package_identification:_identify(src) by extension 'cmake'
[0.522s] Level 1:colcon.colcon_core.package_identification:_identify(src) by extension 'python'
[0.522s] Level 1:colcon.colcon_core.package_identification:_identify(src) by extensions ['python_setup_py']
[0.522s] Level 1:colcon.colcon_core.package_identification:_identify(src) by extension 'python_setup_py'
[0.522s] Level 1:colcon.colcon_core.package_identification:_identify(src/panda_moveit_config) by extensions ['ignore', 'ignore_ament_install']
[0.522s] Level 1:colcon.colcon_core.package_identification:_identify(src/panda_moveit_config) by extension 'ignore'
[0.522s] Level 1:colcon.colcon_core.package_identification:_identify(src/panda_moveit_config) by extension 'ignore_ament_install'
[0.523s] Level 1:colcon.colcon_core.package_identification:_identify(src/panda_moveit_config) by extensions ['colcon_pkg']
[0.523s] Level 1:colcon.colcon_core.package_identification:_identify(src/panda_moveit_config) by extension 'colcon_pkg'
[0.523s] Level 1:colcon.colcon_core.package_identification:_identify(src/panda_moveit_config) by extensions ['colcon_meta']
[0.523s] Level 1:colcon.colcon_core.package_identification:_identify(src/panda_moveit_config) by extension 'colcon_meta'
[0.523s] Level 1:colcon.colcon_core.package_identification:_identify(src/panda_moveit_config) by extensions ['ros']
[0.523s] Level 1:colcon.colcon_core.package_identification:_identify(src/panda_moveit_config) by extension 'ros'
[0.541s] DEBUG:colcon.colcon_core.package_identification:Package 'src/panda_moveit_config' with type 'ros.ament_cmake' and name 'panda_moveit_config'
[0.541s] Level 1:colcon.colcon_core.package_identification:_identify(src/robot_description) by extensions ['ignore', 'ignore_ament_install']
[0.541s] Level 1:colcon.colcon_core.package_identification:_identify(src/robot_description) by extension 'ignore'
[0.541s] Level 1:colcon.colcon_core.package_identification:_identify(src/robot_description) by extension 'ignore_ament_install'
[0.541s] Level 1:colcon.colcon_core.package_identification:_identify(src/robot_description) by extensions ['colcon_pkg']
[0.541s] Level 1:colcon.colcon_core.package_identification:_identify(src/robot_description) by extension 'colcon_pkg'
[0.541s] Level 1:colcon.colcon_core.package_identification:_identify(src/robot_description) by extensions ['colcon_meta']
[0.541s] Level 1:colcon.colcon_core.package_identification:_identify(src/robot_description) by extension 'colcon_meta'
[0.541s] Level 1:colcon.colcon_core.package_identification:_identify(src/robot_description) by extensions ['ros']
[0.542s] Level 1:colcon.colcon_core.package_identification:_identify(src/robot_description) by extension 'ros'
[0.544s] DEBUG:colcon.colcon_core.package_identification:Package 'src/robot_description' with type 'ros.ament_cmake' and name 'robot_description'
[0.544s] Level 1:colcon.colcon_core.package_identification:_identify(src/yolov8_obb) by extensions ['ignore', 'ignore_ament_install']
[0.544s] Level 1:colcon.colcon_core.package_identification:_identify(src/yolov8_obb) by extension 'ignore'
[0.544s] Level 1:colcon.colcon_core.package_identification:_identify(src/yolov8_obb) by extension 'ignore_ament_install'
[0.544s] Level 1:colcon.colcon_core.package_identification:_identify(src/yolov8_obb) by extensions ['colcon_pkg']
[0.544s] Level 1:colcon.colcon_core.package_identification:_identify(src/yolov8_obb) by extension 'colcon_pkg'
[0.544s] Level 1:colcon.colcon_core.package_identification:_identify(src/yolov8_obb) by extensions ['colcon_meta']
[0.544s] Level 1:colcon.colcon_core.package_identification:_identify(src/yolov8_obb) by extension 'colcon_meta'
[0.544s] Level 1:colcon.colcon_core.package_identification:_identify(src/yolov8_obb) by extensions ['ros']
[0.544s] Level 1:colcon.colcon_core.package_identification:_identify(src/yolov8_obb) by extension 'ros'
[0.545s] DEBUG:colcon.colcon_core.package_identification:Package 'src/yolov8_obb' with type 'ros.ament_cmake' and name 'yolov8_obb'
[0.545s] Level 1:colcon.colcon_core.package_identification:_identify(src/yolov8_obb_msgs) by extensions ['ignore', 'ignore_ament_install']
[0.545s] Level 1:colcon.colcon_core.package_identification:_identify(src/yolov8_obb_msgs) by extension 'ignore'
[0.545s] Level 1:colcon.colcon_core.package_identification:_identify(src/yolov8_obb_msgs) by extension 'ignore_ament_install'
[0.545s] Level 1:colcon.colcon_core.package_identification:_identify(src/yolov8_obb_msgs) by extensions ['colcon_pkg']
[0.545s] Level 1:colcon.colcon_core.package_identification:_identify(src/yolov8_obb_msgs) by extension 'colcon_pkg'
[0.545s] Level 1:colcon.colcon_core.package_identification:_identify(src/yolov8_obb_msgs) by extensions ['colcon_meta']
[0.545s] Level 1:colcon.colcon_core.package_identification:_identify(src/yolov8_obb_msgs) by extension 'colcon_meta'
[0.545s] Level 1:colcon.colcon_core.package_identification:_identify(src/yolov8_obb_msgs) by extensions ['ros']
[0.545s] Level 1:colcon.colcon_core.package_identification:_identify(src/yolov8_obb_msgs) by extension 'ros'
[0.546s] DEBUG:colcon.colcon_core.package_identification:Package 'src/yolov8_obb_msgs' with type 'ros.ament_cmake' and name 'yolov8_msgs'
[0.546s] Level 1:colcon.colcon_core.package_discovery:discover_packages(recursive) using defaults
[0.546s] Level 1:colcon.colcon_core.package_discovery:discover_packages(ignore) discover
[0.546s] Level 1:colcon.colcon_core.package_discovery:discover_packages(ignore) using defaults
[0.546s] Level 1:colcon.colcon_core.package_discovery:discover_packages(path) discover
[0.546s] Level 1:colcon.colcon_core.package_discovery:discover_packages(path) using defaults
[0.623s] Level 1:colcon.colcon_core.package_discovery:discover_packages(prefix_path) check parameters
[0.623s] Level 1:colcon.colcon_core.package_discovery:discover_packages(prefix_path) discover
[0.629s] DEBUG:colcon.colcon_installed_package_information.package_discovery:Found 4 installed packages in /home/u3/college/AI_For_robotics/moveit2_obb/install
[0.633s] DEBUG:colcon.colcon_installed_package_information.package_discovery:Found 424 installed packages in /opt/ros/jazzy
[0.635s] Level 1:colcon.colcon_core.package_discovery:discover_packages(prefix_path) using defaults
[0.752s] Level 5:colcon.colcon_core.verb:set package 'panda_moveit_config' build argument 'cmake_args' from command line to 'None'
[0.752s] Level 5:colcon.colcon_core.verb:set package 'panda_moveit_config' build argument 'cmake_target' from command line to 'None'
[0.752s] Level 5:colcon.colcon_core.verb:set package 'panda_moveit_config' build argument 'cmake_target_skip_unavailable' from command line to 'False'
[0.752s] Level 5:colcon.colcon_core.verb:set package 'panda_moveit_config' build argument 'cmake_clean_cache' from command line to 'False'
[0.752s] Level 5:colcon.colcon_core.verb:set package 'panda_moveit_config' build argument 'cmake_clean_first' from command line to 'False'
[0.752s] Level 5:colcon.colcon_core.verb:set package 'panda_moveit_config' build argument 'cmake_force_configure' from command line to 'False'
[0.752s] Level 5:colcon.colcon_core.verb:set package 'panda_moveit_config' build argument 'ament_cmake_args' from command line to 'None'
[0.752s] Level 5:colcon.colcon_core.verb:set package 'panda_moveit_config' build argument 'catkin_cmake_args' from command line to 'None'
[0.752s] Level 5:colcon.colcon_core.verb:set package 'panda_moveit_config' build argument 'catkin_skip_building_tests' from command line to 'False'
[0.752s] DEBUG:colcon.colcon_core.verb:Building package 'panda_moveit_config' with the following arguments: {'ament_cmake_args': None, 'build_base': '/home/u3/college/AI_For_robotics/moveit2_obb/build/panda_moveit_config', 'catkin_cmake_args': None, 'catkin_skip_building_tests': False, 'cmake_args': None, 'cmake_clean_cache': False, 'cmake_clean_first': False, 'cmake_force_configure': False, 'cmake_target': None, 'cmake_target_skip_unavailable': False, 'install_base': '/home/u3/college/AI_For_robotics/moveit2_obb/install/panda_moveit_config', 'merge_install': False, 'path': '/home/u3/college/AI_For_robotics/moveit2_obb/src/panda_moveit_config', 'symlink_install': False, 'test_result_base': None}
[0.753s] Level 5:colcon.colcon_core.verb:set package 'robot_description' build argument 'cmake_args' from command line to 'None'
[0.753s] Level 5:colcon.colcon_core.verb:set package 'robot_description' build argument 'cmake_target' from command line to 'None'
[0.753s] Level 5:colcon.colcon_core.verb:set package 'robot_description' build argument 'cmake_target_skip_unavailable' from command line to 'False'
[0.753s] Level 5:colcon.colcon_core.verb:set package 'robot_description' build argument 'cmake_clean_cache' from command line to 'False'
[0.753s] Level 5:colcon.colcon_core.verb:set package 'robot_description' build argument 'cmake_clean_first' from command line to 'False'
[0.753s] Level 5:colcon.colcon_core.verb:set package 'robot_description' build argument 'cmake_force_configure' from command line to 'False'
[0.753s] Level 5:colcon.colcon_core.verb:set package 'robot_description' build argument 'ament_cmake_args' from command line to 'None'
[0.753s] Level 5:colcon.colcon_core.verb:set package 'robot_description' build argument 'catkin_cmake_args' from command line to 'None'
[0.753s] Level 5:colcon.colcon_core.verb:set package 'robot_description' build argument 'catkin_skip_building_tests' from command line to 'False'
[0.753s] DEBUG:colcon.colcon_core.verb:Building package 'robot_description' with the following arguments: {'ament_cmake_args': None, 'build_base': '/home/u3/college/AI_For_robotics/moveit2_obb/build/robot_description', 'catkin_cmake_args': None, 'catkin_skip_building_tests': False, 'cmake_args': None, 'cmake_clean_cache': False, 'cmake_clean_first': False, 'cmake_force_configure': False, 'cmake_target': None, 'cmake_target_skip_unavailable': False, 'install_base': '/home/u3/college/AI_For_robotics/moveit2_obb/install/robot_description', 'merge_install': False, 'path': '/home/u3/college/AI_For_robotics/moveit2_obb/src/robot_description', 'symlink_install': False, 'test_result_base': None}
[0.753s] Level 5:colcon.colcon_core.verb:set package 'yolov8_msgs' build argument 'cmake_args' from command line to 'None'
[0.753s] Level 5:colcon.colcon_core.verb:set package 'yolov8_msgs' build argument 'cmake_target' from command line to 'None'
[0.753s] Level 5:colcon.colcon_core.verb:set package 'yolov8_msgs' build argument 'cmake_target_skip_unavailable' from command line to 'False'
[0.753s] Level 5:colcon.colcon_core.verb:set package 'yolov8_msgs' build argument 'cmake_clean_cache' from command line to 'False'
[0.753s] Level 5:colcon.colcon_core.verb:set package 'yolov8_msgs' build argument 'cmake_clean_first' from command line to 'False'
[0.753s] Level 5:colcon.colcon_core.verb:set package 'yolov8_msgs' build argument 'cmake_force_configure' from command line to 'False'
[0.753s] Level 5:colcon.colcon_core.verb:set package 'yolov8_msgs' build argument 'ament_cmake_args' from command line to 'None'
[0.753s] Level 5:colcon.colcon_core.verb:set package 'yolov8_msgs' build argument 'catkin_cmake_args' from command line to 'None'
[0.753s] Level 5:colcon.colcon_core.verb:set package 'yolov8_msgs' build argument 'catkin_skip_building_tests' from command line to 'False'
[0.753s] DEBUG:colcon.colcon_core.verb:Building package 'yolov8_msgs' with the following arguments: {'ament_cmake_args': None, 'build_base': '/home/u3/college/AI_For_robotics/moveit2_obb/build/yolov8_msgs', 'catkin_cmake_args': None, 'catkin_skip_building_tests': False, 'cmake_args': None, 'cmake_clean_cache': False, 'cmake_clean_first': False, 'cmake_force_configure': False, 'cmake_target': None, 'cmake_target_skip_unavailable': False, 'install_base': '/home/u3/college/AI_For_robotics/moveit2_obb/install/yolov8_msgs', 'merge_install': False, 'path': '/home/u3/college/AI_For_robotics/moveit2_obb/src/yolov8_obb_msgs', 'symlink_install': False, 'test_result_base': None}
[0.754s] Level 5:colcon.colcon_core.verb:set package 'yolov8_obb' build argument 'cmake_args' from command line to 'None'
[0.754s] Level 5:colcon.colcon_core.verb:set package 'yolov8_obb' build argument 'cmake_target' from command line to 'None'
[0.754s] Level 5:colcon.colcon_core.verb:set package 'yolov8_obb' build argument 'cmake_target_skip_unavailable' from command line to 'False'
[0.754s] Level 5:colcon.colcon_core.verb:set package 'yolov8_obb' build argument 'cmake_clean_cache' from command line to 'False'
[0.754s] Level 5:colcon.colcon_core.verb:set package 'yolov8_obb' build argument 'cmake_clean_first' from command line to 'False'
[0.754s] Level 5:colcon.colcon_core.verb:set package 'yolov8_obb' build argument 'cmake_force_configure' from command line to 'False'
[0.754s] Level 5:colcon.colcon_core.verb:set package 'yolov8_obb' build argument 'ament_cmake_args' from command line to 'None'
[0.754s] Level 5:colcon.colcon_core.verb:set package 'yolov8_obb' build argument 'catkin_cmake_args' from command line to 'None'
[0.754s] Level 5:colcon.colcon_core.verb:set package 'yolov8_obb' build argument 'catkin_skip_building_tests' from command line to 'False'
[0.754s] DEBUG:colcon.colcon_core.verb:Building package 'yolov8_obb' with the following arguments: {'ament_cmake_args': None, 'build_base': '/home/u3/college/AI_For_robotics/moveit2_obb/build/yolov8_obb', 'catkin_cmake_args': None, 'catkin_skip_building_tests': False, 'cmake_args': None, 'cmake_clean_cache': False, 'cmake_clean_first': False, 'cmake_force_configure': False, 'cmake_target': None, 'cmake_target_skip_unavailable': False, 'install_base': '/home/u3/college/AI_For_robotics/moveit2_obb/install/yolov8_obb', 'merge_install': False, 'path': '/home/u3/college/AI_For_robotics/moveit2_obb/src/yolov8_obb', 'symlink_install': False, 'test_result_base': None}
[0.754s] INFO:colcon.colcon_core.executor:Executing jobs using 'parallel' executor
[0.755s] DEBUG:colcon.colcon_parallel_executor.executor.parallel:run_until_complete
[0.755s] INFO:colcon.colcon_ros.task.ament_cmake.build:Building ROS package in '/home/u3/college/AI_For_robotics/moveit2_obb/src/panda_moveit_config' with build type 'ament_cmake'
[0.756s] INFO:colcon.colcon_cmake.task.cmake.build:Building CMake package in '/home/u3/college/AI_For_robotics/moveit2_obb/src/panda_moveit_config'
[0.761s] INFO:colcon.colcon_core.plugin_system:Skipping extension 'colcon_core.shell.bat': Not used on non-Windows systems
[0.761s] INFO:colcon.colcon_core.shell:Skip shell extension 'powershell' for command environment: Not usable outside of PowerShell
[0.761s] DEBUG:colcon.colcon_core.shell:Skip shell extension 'dsv' for command environment
[0.771s] INFO:colcon.colcon_ros.task.ament_cmake.build:Building ROS package in '/home/u3/college/AI_For_robotics/moveit2_obb/src/robot_description' with build type 'ament_cmake'
[0.771s] INFO:colcon.colcon_cmake.task.cmake.build:Building CMake package in '/home/u3/college/AI_For_robotics/moveit2_obb/src/robot_description'
[0.772s] INFO:colcon.colcon_core.shell:Skip shell extension 'powershell' for command environment: Not usable outside of PowerShell
[0.772s] DEBUG:colcon.colcon_core.shell:Skip shell extension 'dsv' for command environment
[0.780s] INFO:colcon.colcon_ros.task.ament_cmake.build:Building ROS package in '/home/u3/college/AI_For_robotics/moveit2_obb/src/yolov8_obb_msgs' with build type 'ament_cmake'
[0.780s] INFO:colcon.colcon_cmake.task.cmake.build:Building CMake package in '/home/u3/college/AI_For_robotics/moveit2_obb/src/yolov8_obb_msgs'
[0.780s] INFO:colcon.colcon_core.shell:Skip shell extension 'powershell' for command environment: Not usable outside of PowerShell
[0.780s] DEBUG:colcon.colcon_core.shell:Skip shell extension 'dsv' for command environment
[0.786s] INFO:colcon.colcon_ros.task.ament_cmake.build:Building ROS package in '/home/u3/college/AI_For_robotics/moveit2_obb/src/yolov8_obb' with build type 'ament_cmake'
[0.786s] INFO:colcon.colcon_cmake.task.cmake.build:Building CMake package in '/home/u3/college/AI_For_robotics/moveit2_obb/src/yolov8_obb'
[0.787s] INFO:colcon.colcon_core.shell:Skip shell extension 'powershell' for command environment: Not usable outside of PowerShell
[0.787s] DEBUG:colcon.colcon_core.shell:Skip shell extension 'dsv' for command environment
[0.813s] DEBUG:colcon.colcon_core.event_handler.log_command:Invoking command in '/home/u3/college/AI_For_robotics/moveit2_obb/build/panda_moveit_config': CMAKE_PREFIX_PATH=${CMAKE_PREFIX_PATH}:/opt/ros/jazzy DEBUGINFOD_URLS=https://debuginfod.ubuntu.com PS1=(yolov8_env) \[\e]0;\u@\h: \w\a\]${debian_chroot:+($debian_chroot)}\[\033[01;32m\]\u@\h\[\033[00m\]:\[\033[01;34m\]\w\[\033[00m\]\$ VIRTUAL_ENV_PROMPT=(yolov8_env) /usr/bin/cmake --build /home/u3/college/AI_For_robotics/moveit2_obb/build/panda_moveit_config -- -j16 -l16
[0.853s] DEBUG:colcon.colcon_core.event_handler.log_command:Invoking command in '/home/u3/college/AI_For_robotics/moveit2_obb/build/robot_description': CMAKE_PREFIX_PATH=${CMAKE_PREFIX_PATH}:/opt/ros/jazzy DEBUGINFOD_URLS=https://debuginfod.ubuntu.com PS1=(yolov8_env) \[\e]0;\u@\h: \w\a\]${debian_chroot:+($debian_chroot)}\[\033[01;32m\]\u@\h\[\033[00m\]:\[\033[01;34m\]\w\[\033[00m\]\$ VIRTUAL_ENV_PROMPT=(yolov8_env) /usr/bin/cmake --build /home/u3/college/AI_For_robotics/moveit2_obb/build/robot_description -- -j16 -l16
[0.882s] DEBUG:colcon.colcon_core.event_handler.log_command:Invoking command in '/home/u3/college/AI_For_robotics/moveit2_obb/build/yolov8_msgs': CMAKE_PREFIX_PATH=${CMAKE_PREFIX_PATH}:/opt/ros/jazzy DEBUGINFOD_URLS=https://debuginfod.ubuntu.com PS1=(yolov8_env) \[\e]0;\u@\h: \w\a\]${debian_chroot:+($debian_chroot)}\[\033[01;32m\]\u@\h\[\033[00m\]:\[\033[01;34m\]\w\[\033[00m\]\$ VIRTUAL_ENV_PROMPT=(yolov8_env) /usr/bin/cmake --build /home/u3/college/AI_For_robotics/moveit2_obb/build/yolov8_msgs -- -j16 -l16
[0.930s] DEBUG:colcon.colcon_core.event_handler.log_command:Invoking command in '/home/u3/college/AI_For_robotics/moveit2_obb/build/yolov8_obb': CMAKE_PREFIX_PATH=${CMAKE_PREFIX_PATH}:/opt/ros/jazzy DEBUGINFOD_URLS=https://debuginfod.ubuntu.com PS1=(yolov8_env) \[\e]0;\u@\h: \w\a\]${debian_chroot:+($debian_chroot)}\[\033[01;32m\]\u@\h\[\033[00m\]:\[\033[01;34m\]\w\[\033[00m\]\$ VIRTUAL_ENV_PROMPT=(yolov8_env) /usr/bin/cmake --build /home/u3/college/AI_For_robotics/moveit2_obb/build/yolov8_obb -- -j16 -l16
[1.428s] DEBUG:colcon.colcon_core.event_handler.log_command:Invoked command in '/home/u3/college/AI_For_robotics/moveit2_obb/build/panda_moveit_config' returned '0': CMAKE_PREFIX_PATH=${CMAKE_PREFIX_PATH}:/opt/ros/jazzy DEBUGINFOD_URLS=https://debuginfod.ubuntu.com PS1=(yolov8_env) \[\e]0;\u@\h: \w\a\]${debian_chroot:+($debian_chroot)}\[\033[01;32m\]\u@\h\[\033[00m\]:\[\033[01;34m\]\w\[\033[00m\]\$ VIRTUAL_ENV_PROMPT=(yolov8_env) /usr/bin/cmake --build /home/u3/college/AI_For_robotics/moveit2_obb/build/panda_moveit_config -- -j16 -l16
[1.479s] DEBUG:colcon.colcon_core.event_handler.log_command:Invoking command in '/home/u3/college/AI_For_robotics/moveit2_obb/build/panda_moveit_config': CMAKE_PREFIX_PATH=${CMAKE_PREFIX_PATH}:/opt/ros/jazzy DEBUGINFOD_URLS=https://debuginfod.ubuntu.com PS1=(yolov8_env) \[\e]0;\u@\h: \w\a\]${debian_chroot:+($debian_chroot)}\[\033[01;32m\]\u@\h\[\033[00m\]:\[\033[01;34m\]\w\[\033[00m\]\$ VIRTUAL_ENV_PROMPT=(yolov8_env) /usr/bin/cmake --install /home/u3/college/AI_For_robotics/moveit2_obb/build/panda_moveit_config
[1.484s] DEBUG:colcon.colcon_core.event_handler.log_command:Invoked command in '/home/u3/college/AI_For_robotics/moveit2_obb/build/yolov8_obb' returned '0': CMAKE_PREFIX_PATH=${CMAKE_PREFIX_PATH}:/opt/ros/jazzy DEBUGINFOD_URLS=https://debuginfod.ubuntu.com PS1=(yolov8_env) \[\e]0;\u@\h: \w\a\]${debian_chroot:+($debian_chroot)}\[\033[01;32m\]\u@\h\[\033[00m\]:\[\033[01;34m\]\w\[\033[00m\]\$ VIRTUAL_ENV_PROMPT=(yolov8_env) /usr/bin/cmake --build /home/u3/college/AI_For_robotics/moveit2_obb/build/yolov8_obb -- -j16 -l16
[1.485s] DEBUG:colcon.colcon_core.event_handler.log_command:Invoking command in '/home/u3/college/AI_For_robotics/moveit2_obb/build/yolov8_obb': CMAKE_PREFIX_PATH=${CMAKE_PREFIX_PATH}:/opt/ros/jazzy DEBUGINFOD_URLS=https://debuginfod.ubuntu.com PS1=(yolov8_env) \[\e]0;\u@\h: \w\a\]${debian_chroot:+($debian_chroot)}\[\033[01;32m\]\u@\h\[\033[00m\]:\[\033[01;34m\]\w\[\033[00m\]\$ VIRTUAL_ENV_PROMPT=(yolov8_env) /usr/bin/cmake --install /home/u3/college/AI_For_robotics/moveit2_obb/build/yolov8_obb
[1.489s] DEBUG:colcon.colcon_core.event_handler.log_command:Invoked command in '/home/u3/college/AI_For_robotics/moveit2_obb/build/robot_description' returned '0': CMAKE_PREFIX_PATH=${CMAKE_PREFIX_PATH}:/opt/ros/jazzy DEBUGINFOD_URLS=https://debuginfod.ubuntu.com PS1=(yolov8_env) \[\e]0;\u@\h: \w\a\]${debian_chroot:+($debian_chroot)}\[\033[01;32m\]\u@\h\[\033[00m\]:\[\033[01;34m\]\w\[\033[00m\]\$ VIRTUAL_ENV_PROMPT=(yolov8_env) /usr/bin/cmake --build /home/u3/college/AI_For_robotics/moveit2_obb/build/robot_description -- -j16 -l16
[1.495s] DEBUG:colcon.colcon_core.event_handler.log_command:Invoking command in '/home/u3/college/AI_For_robotics/moveit2_obb/build/robot_description': CMAKE_PREFIX_PATH=${CMAKE_PREFIX_PATH}:/opt/ros/jazzy DEBUGINFOD_URLS=https://debuginfod.ubuntu.com PS1=(yolov8_env) \[\e]0;\u@\h: \w\a\]${debian_chroot:+($debian_chroot)}\[\033[01;32m\]\u@\h\[\033[00m\]:\[\033[01;34m\]\w\[\033[00m\]\$ VIRTUAL_ENV_PROMPT=(yolov8_env) /usr/bin/cmake --install /home/u3/college/AI_For_robotics/moveit2_obb/build/robot_description
[1.508s] Level 1:colcon.colcon_core.environment:create_environment_scripts_only(panda_moveit_config)
[1.517s] DEBUG:colcon.colcon_core.event_handler.log_command:Invoked command in '/home/u3/college/AI_For_robotics/moveit2_obb/build/panda_moveit_config' returned '0': CMAKE_PREFIX_PATH=${CMAKE_PREFIX_PATH}:/opt/ros/jazzy DEBUGINFOD_URLS=https://debuginfod.ubuntu.com PS1=(yolov8_env) \[\e]0;\u@\h: \w\a\]${debian_chroot:+($debian_chroot)}\[\033[01;32m\]\u@\h\[\033[00m\]:\[\033[01;34m\]\w\[\033[00m\]\$ VIRTUAL_ENV_PROMPT=(yolov8_env) /usr/bin/cmake --install /home/u3/college/AI_For_robotics/moveit2_obb/build/panda_moveit_config
[1.520s] Level 1:colcon.colcon_core.environment:checking '/home/u3/college/AI_For_robotics/moveit2_obb/install/panda_moveit_config' for CMake module files
[1.520s] Level 1:colcon.colcon_core.environment:checking '/home/u3/college/AI_For_robotics/moveit2_obb/install/panda_moveit_config' for CMake config files
[1.521s] Level 1:colcon.colcon_core.shell:create_environment_hook('panda_moveit_config', 'cmake_prefix_path')
[1.521s] INFO:colcon.colcon_core.shell:Creating environment hook '/home/u3/college/AI_For_robotics/moveit2_obb/install/panda_moveit_config/share/panda_moveit_config/hook/cmake_prefix_path.ps1'
[1.556s] INFO:colcon.colcon_core.shell:Creating environment descriptor '/home/u3/college/AI_For_robotics/moveit2_obb/install/panda_moveit_config/share/panda_moveit_config/hook/cmake_prefix_path.dsv'
[1.565s] INFO:colcon.colcon_core.shell:Creating environment hook '/home/u3/college/AI_For_robotics/moveit2_obb/install/panda_moveit_config/share/panda_moveit_config/hook/cmake_prefix_path.sh'
[1.571s] Level 1:colcon.colcon_core.environment:checking '/home/u3/college/AI_For_robotics/moveit2_obb/install/panda_moveit_config/lib'
[1.571s] Level 1:colcon.colcon_core.environment:checking '/home/u3/college/AI_For_robotics/moveit2_obb/install/panda_moveit_config/bin'
[1.571s] Level 1:colcon.colcon_core.environment:checking '/home/u3/college/AI_For_robotics/moveit2_obb/install/panda_moveit_config/lib/pkgconfig/panda_moveit_config.pc'
[1.571s] Level 1:colcon.colcon_core.environment:checking '/home/u3/college/AI_For_robotics/moveit2_obb/install/panda_moveit_config/lib/python3.12/site-packages'
[1.572s] Level 1:colcon.colcon_core.environment:checking '/home/u3/college/AI_For_robotics/moveit2_obb/install/panda_moveit_config/bin'
[1.572s] INFO:colcon.colcon_core.shell:Creating package script '/home/u3/college/AI_For_robotics/moveit2_obb/install/panda_moveit_config/share/panda_moveit_config/package.ps1'
[1.575s] INFO:colcon.colcon_core.shell:Creating package descriptor '/home/u3/college/AI_For_robotics/moveit2_obb/install/panda_moveit_config/share/panda_moveit_config/package.dsv'
[1.579s] INFO:colcon.colcon_core.shell:Creating package script '/home/u3/college/AI_For_robotics/moveit2_obb/install/panda_moveit_config/share/panda_moveit_config/package.sh'
[1.583s] INFO:colcon.colcon_core.shell:Creating package script '/home/u3/college/AI_For_robotics/moveit2_obb/install/panda_moveit_config/share/panda_moveit_config/package.bash'
[1.607s] INFO:colcon.colcon_core.shell:Creating package script '/home/u3/college/AI_For_robotics/moveit2_obb/install/panda_moveit_config/share/panda_moveit_config/package.zsh'
[1.642s] Level 1:colcon.colcon_core.environment:create_file_with_runtime_dependencies(/home/u3/college/AI_For_robotics/moveit2_obb/install/panda_moveit_config/share/colcon-core/packages/panda_moveit_config)
[1.643s] Level 1:colcon.colcon_core.environment:create_environment_scripts_only(panda_moveit_config)
[1.643s] Level 1:colcon.colcon_core.environment:checking '/home/u3/college/AI_For_robotics/moveit2_obb/install/panda_moveit_config' for CMake module files
[1.643s] Level 1:colcon.colcon_core.environment:checking '/home/u3/college/AI_For_robotics/moveit2_obb/install/panda_moveit_config' for CMake config files
[1.643s] Level 1:colcon.colcon_core.shell:create_environment_hook('panda_moveit_config', 'cmake_prefix_path')
[1.644s] INFO:colcon.colcon_core.shell:Creating environment hook '/home/u3/college/AI_For_robotics/moveit2_obb/install/panda_moveit_config/share/panda_moveit_config/hook/cmake_prefix_path.ps1'
[1.644s] INFO:colcon.colcon_core.shell:Creating environment descriptor '/home/u3/college/AI_For_robotics/moveit2_obb/install/panda_moveit_config/share/panda_moveit_config/hook/cmake_prefix_path.dsv'
[1.645s] INFO:colcon.colcon_core.shell:Creating environment hook '/home/u3/college/AI_For_robotics/moveit2_obb/install/panda_moveit_config/share/panda_moveit_config/hook/cmake_prefix_path.sh'
[1.646s] Level 1:colcon.colcon_core.environment:checking '/home/u3/college/AI_For_robotics/moveit2_obb/install/panda_moveit_config/lib'
[1.646s] Level 1:colcon.colcon_core.environment:checking '/home/u3/college/AI_For_robotics/moveit2_obb/install/panda_moveit_config/bin'
[1.646s] Level 1:colcon.colcon_core.environment:checking '/home/u3/college/AI_For_robotics/moveit2_obb/install/panda_moveit_config/lib/pkgconfig/panda_moveit_config.pc'
[1.646s] Level 1:colcon.colcon_core.environment:checking '/home/u3/college/AI_For_robotics/moveit2_obb/install/panda_moveit_config/lib/python3.12/site-packages'
[1.646s] Level 1:colcon.colcon_core.environment:checking '/home/u3/college/AI_For_robotics/moveit2_obb/install/panda_moveit_config/bin'
[1.647s] INFO:colcon.colcon_core.shell:Creating package script '/home/u3/college/AI_For_robotics/moveit2_obb/install/panda_moveit_config/share/panda_moveit_config/package.ps1'
[1.649s] INFO:colcon.colcon_core.shell:Creating package descriptor '/home/u3/college/AI_For_robotics/moveit2_obb/install/panda_moveit_config/share/panda_moveit_config/package.dsv'
[1.650s] INFO:colcon.colcon_core.shell:Creating package script '/home/u3/college/AI_For_robotics/moveit2_obb/install/panda_moveit_config/share/panda_moveit_config/package.sh'
[1.651s] INFO:colcon.colcon_core.shell:Creating package script '/home/u3/college/AI_For_robotics/moveit2_obb/install/panda_moveit_config/share/panda_moveit_config/package.bash'
[1.652s] INFO:colcon.colcon_core.shell:Creating package script '/home/u3/college/AI_For_robotics/moveit2_obb/install/panda_moveit_config/share/panda_moveit_config/package.zsh'
[1.652s] Level 1:colcon.colcon_core.environment:create_file_with_runtime_dependencies(/home/u3/college/AI_For_robotics/moveit2_obb/install/panda_moveit_config/share/colcon-core/packages/panda_moveit_config)
[1.656s] Level 1:colcon.colcon_core.environment:create_environment_scripts_only(yolov8_obb)
[1.656s] Level 1:colcon.colcon_core.environment:checking '/home/u3/college/AI_For_robotics/moveit2_obb/install/yolov8_obb' for CMake module files
[1.657s] Level 1:colcon.colcon_core.environment:checking '/home/u3/college/AI_For_robotics/moveit2_obb/install/yolov8_obb' for CMake config files
[1.657s] Level 1:colcon.colcon_core.shell:create_environment_hook('yolov8_obb', 'cmake_prefix_path')
[1.658s] INFO:colcon.colcon_core.shell:Creating environment hook '/home/u3/college/AI_For_robotics/moveit2_obb/install/yolov8_obb/share/yolov8_obb/hook/cmake_prefix_path.ps1'
[1.660s] DEBUG:colcon.colcon_core.event_handler.log_command:Invoked command in '/home/u3/college/AI_For_robotics/moveit2_obb/build/yolov8_obb' returned '0': CMAKE_PREFIX_PATH=${CMAKE_PREFIX_PATH}:/opt/ros/jazzy DEBUGINFOD_URLS=https://debuginfod.ubuntu.com PS1=(yolov8_env) \[\e]0;\u@\h: \w\a\]${debian_chroot:+($debian_chroot)}\[\033[01;32m\]\u@\h\[\033[00m\]:\[\033[01;34m\]\w\[\033[00m\]\$ VIRTUAL_ENV_PROMPT=(yolov8_env) /usr/bin/cmake --install /home/u3/college/AI_For_robotics/moveit2_obb/build/yolov8_obb
[1.660s] INFO:colcon.colcon_core.shell:Creating environment descriptor '/home/u3/college/AI_For_robotics/moveit2_obb/install/yolov8_obb/share/yolov8_obb/hook/cmake_prefix_path.dsv'
[1.660s] INFO:colcon.colcon_core.shell:Creating environment hook '/home/u3/college/AI_For_robotics/moveit2_obb/install/yolov8_obb/share/yolov8_obb/hook/cmake_prefix_path.sh'
[1.661s] Level 1:colcon.colcon_core.environment:checking '/home/u3/college/AI_For_robotics/moveit2_obb/install/yolov8_obb/lib'
[1.661s] Level 1:colcon.colcon_core.environment:checking '/home/u3/college/AI_For_robotics/moveit2_obb/install/yolov8_obb/bin'
[1.661s] Level 1:colcon.colcon_core.environment:checking '/home/u3/college/AI_For_robotics/moveit2_obb/install/yolov8_obb/lib/pkgconfig/yolov8_obb.pc'
[1.662s] Level 1:colcon.colcon_core.environment:checking '/home/u3/college/AI_For_robotics/moveit2_obb/install/yolov8_obb/lib/python3.12/site-packages'
[1.662s] Level 1:colcon.colcon_core.environment:checking '/home/u3/college/AI_For_robotics/moveit2_obb/install/yolov8_obb/bin'
[1.662s] INFO:colcon.colcon_core.shell:Creating package script '/home/u3/college/AI_For_robotics/moveit2_obb/install/yolov8_obb/share/yolov8_obb/package.ps1'
[1.663s] INFO:colcon.colcon_core.shell:Creating package descriptor '/home/u3/college/AI_For_robotics/moveit2_obb/install/yolov8_obb/share/yolov8_obb/package.dsv'
[1.664s] INFO:colcon.colcon_core.shell:Creating package script '/home/u3/college/AI_For_robotics/moveit2_obb/install/yolov8_obb/share/yolov8_obb/package.sh'
[1.664s] INFO:colcon.colcon_core.shell:Creating package script '/home/u3/college/AI_For_robotics/moveit2_obb/install/yolov8_obb/share/yolov8_obb/package.bash'
[1.665s] INFO:colcon.colcon_core.shell:Creating package script '/home/u3/college/AI_For_robotics/moveit2_obb/install/yolov8_obb/share/yolov8_obb/package.zsh'
[1.665s] Level 1:colcon.colcon_core.environment:create_file_with_runtime_dependencies(/home/u3/college/AI_For_robotics/moveit2_obb/install/yolov8_obb/share/colcon-core/packages/yolov8_obb)
[1.666s] Level 1:colcon.colcon_core.environment:create_environment_scripts_only(yolov8_obb)
[1.666s] Level 1:colcon.colcon_core.environment:checking '/home/u3/college/AI_For_robotics/moveit2_obb/install/yolov8_obb' for CMake module files
[1.666s] Level 1:colcon.colcon_core.environment:checking '/home/u3/college/AI_For_robotics/moveit2_obb/install/yolov8_obb' for CMake config files
[1.667s] Level 1:colcon.colcon_core.shell:create_environment_hook('yolov8_obb', 'cmake_prefix_path')
[1.667s] INFO:colcon.colcon_core.shell:Creating environment hook '/home/u3/college/AI_For_robotics/moveit2_obb/install/yolov8_obb/share/yolov8_obb/hook/cmake_prefix_path.ps1'
[1.667s] INFO:colcon.colcon_core.shell:Creating environment descriptor '/home/u3/college/AI_For_robotics/moveit2_obb/install/yolov8_obb/share/yolov8_obb/hook/cmake_prefix_path.dsv'
[1.668s] INFO:colcon.colcon_core.shell:Creating environment hook '/home/u3/college/AI_For_robotics/moveit2_obb/install/yolov8_obb/share/yolov8_obb/hook/cmake_prefix_path.sh'
[1.669s] Level 1:colcon.colcon_core.environment:checking '/home/u3/college/AI_For_robotics/moveit2_obb/install/yolov8_obb/lib'
[1.669s] Level 1:colcon.colcon_core.environment:checking '/home/u3/college/AI_For_robotics/moveit2_obb/install/yolov8_obb/bin'
[1.669s] Level 1:colcon.colcon_core.environment:checking '/home/u3/college/AI_For_robotics/moveit2_obb/install/yolov8_obb/lib/pkgconfig/yolov8_obb.pc'
[1.670s] Level 1:colcon.colcon_core.environment:checking '/home/u3/college/AI_For_robotics/moveit2_obb/install/yolov8_obb/lib/python3.12/site-packages'
[1.670s] Level 1:colcon.colcon_core.environment:checking '/home/u3/college/AI_For_robotics/moveit2_obb/install/yolov8_obb/bin'
[1.670s] INFO:colcon.colcon_core.shell:Creating package script '/home/u3/college/AI_For_robotics/moveit2_obb/install/yolov8_obb/share/yolov8_obb/package.ps1'
[1.671s] INFO:colcon.colcon_core.shell:Creating package descriptor '/home/u3/college/AI_For_robotics/moveit2_obb/install/yolov8_obb/share/yolov8_obb/package.dsv'
[1.671s] INFO:colcon.colcon_core.shell:Creating package script '/home/u3/college/AI_For_robotics/moveit2_obb/install/yolov8_obb/share/yolov8_obb/package.sh'
[1.672s] INFO:colcon.colcon_core.shell:Creating package script '/home/u3/college/AI_For_robotics/moveit2_obb/install/yolov8_obb/share/yolov8_obb/package.bash'
[1.672s] INFO:colcon.colcon_core.shell:Creating package script '/home/u3/college/AI_For_robotics/moveit2_obb/install/yolov8_obb/share/yolov8_obb/package.zsh'
[1.673s] Level 1:colcon.colcon_core.environment:create_file_with_runtime_dependencies(/home/u3/college/AI_For_robotics/moveit2_obb/install/yolov8_obb/share/colcon-core/packages/yolov8_obb)
[1.674s] Level 1:colcon.colcon_core.environment:create_environment_scripts_only(robot_description)
[1.674s] Level 1:colcon.colcon_core.environment:checking '/home/u3/college/AI_For_robotics/moveit2_obb/install/robot_description' for CMake module files
[1.675s] Level 1:colcon.colcon_core.environment:checking '/home/u3/college/AI_For_robotics/moveit2_obb/install/robot_description' for CMake config files
[1.675s] Level 1:colcon.colcon_core.shell:create_environment_hook('robot_description', 'cmake_prefix_path')
[1.676s] INFO:colcon.colcon_core.shell:Creating environment hook '/home/u3/college/AI_For_robotics/moveit2_obb/install/robot_description/share/robot_description/hook/cmake_prefix_path.ps1'
[1.676s] INFO:colcon.colcon_core.shell:Creating environment descriptor '/home/u3/college/AI_For_robotics/moveit2_obb/install/robot_description/share/robot_description/hook/cmake_prefix_path.dsv'
[1.677s] INFO:colcon.colcon_core.shell:Creating environment hook '/home/u3/college/AI_For_robotics/moveit2_obb/install/robot_description/share/robot_description/hook/cmake_prefix_path.sh'
[1.678s] DEBUG:colcon.colcon_core.event_handler.log_command:Invoked command in '/home/u3/college/AI_For_robotics/moveit2_obb/build/robot_description' returned '0': CMAKE_PREFIX_PATH=${CMAKE_PREFIX_PATH}:/opt/ros/jazzy DEBUGINFOD_URLS=https://debuginfod.ubuntu.com PS1=(yolov8_env) \[\e]0;\u@\h: \w\a\]${debian_chroot:+($debian_chroot)}\[\033[01;32m\]\u@\h\[\033[00m\]:\[\033[01;34m\]\w\[\033[00m\]\$ VIRTUAL_ENV_PROMPT=(yolov8_env) /usr/bin/cmake --install /home/u3/college/AI_For_robotics/moveit2_obb/build/robot_description
[1.679s] Level 1:colcon.colcon_core.environment:checking '/home/u3/college/AI_For_robotics/moveit2_obb/install/robot_description/bin'
[1.679s] Level 1:colcon.colcon_core.environment:checking '/home/u3/college/AI_For_robotics/moveit2_obb/install/robot_description/lib/pkgconfig/robot_description.pc'
[1.679s] Level 1:colcon.colcon_core.environment:checking '/home/u3/college/AI_For_robotics/moveit2_obb/install/robot_description/lib/python3.12/site-packages'
[1.679s] Level 1:colcon.colcon_core.environment:checking '/home/u3/college/AI_For_robotics/moveit2_obb/install/robot_description/bin'
[1.679s] INFO:colcon.colcon_core.shell:Creating package script '/home/u3/college/AI_For_robotics/moveit2_obb/install/robot_description/share/robot_description/package.ps1'
[1.680s] INFO:colcon.colcon_core.shell:Creating package descriptor '/home/u3/college/AI_For_robotics/moveit2_obb/install/robot_description/share/robot_description/package.dsv'
[1.681s] INFO:colcon.colcon_core.shell:Creating package script '/home/u3/college/AI_For_robotics/moveit2_obb/install/robot_description/share/robot_description/package.sh'
[1.681s] INFO:colcon.colcon_core.shell:Creating package script '/home/u3/college/AI_For_robotics/moveit2_obb/install/robot_description/share/robot_description/package.bash'
[1.682s] INFO:colcon.colcon_core.shell:Creating package script '/home/u3/college/AI_For_robotics/moveit2_obb/install/robot_description/share/robot_description/package.zsh'
[1.682s] Level 1:colcon.colcon_core.environment:create_file_with_runtime_dependencies(/home/u3/college/AI_For_robotics/moveit2_obb/install/robot_description/share/colcon-core/packages/robot_description)
[1.683s] Level 1:colcon.colcon_core.environment:create_environment_scripts_only(robot_description)
[1.683s] Level 1:colcon.colcon_core.environment:checking '/home/u3/college/AI_For_robotics/moveit2_obb/install/robot_description' for CMake module files
[1.684s] Level 1:colcon.colcon_core.environment:checking '/home/u3/college/AI_For_robotics/moveit2_obb/install/robot_description' for CMake config files
[1.684s] Level 1:colcon.colcon_core.shell:create_environment_hook('robot_description', 'cmake_prefix_path')
[1.684s] INFO:colcon.colcon_core.shell:Creating environment hook '/home/u3/college/AI_For_robotics/moveit2_obb/install/robot_description/share/robot_description/hook/cmake_prefix_path.ps1'
[1.685s] INFO:colcon.colcon_core.shell:Creating environment descriptor '/home/u3/college/AI_For_robotics/moveit2_obb/install/robot_description/share/robot_description/hook/cmake_prefix_path.dsv'
[1.686s] INFO:colcon.colcon_core.shell:Creating environment hook '/home/u3/college/AI_For_robotics/moveit2_obb/install/robot_description/share/robot_description/hook/cmake_prefix_path.sh'
[1.686s] Level 1:colcon.colcon_core.environment:checking '/home/u3/college/AI_For_robotics/moveit2_obb/install/robot_description/bin'
[1.687s] Level 1:colcon.colcon_core.environment:checking '/home/u3/college/AI_For_robotics/moveit2_obb/install/robot_description/lib/pkgconfig/robot_description.pc'
[1.687s] Level 1:colcon.colcon_core.environment:checking '/home/u3/college/AI_For_robotics/moveit2_obb/install/robot_description/lib/python3.12/site-packages'
[1.687s] Level 1:colcon.colcon_core.environment:checking '/home/u3/college/AI_For_robotics/moveit2_obb/install/robot_description/bin'
[1.687s] INFO:colcon.colcon_core.shell:Creating package script '/home/u3/college/AI_For_robotics/moveit2_obb/install/robot_description/share/robot_description/package.ps1'
[1.688s] INFO:colcon.colcon_core.shell:Creating package descriptor '/home/u3/college/AI_For_robotics/moveit2_obb/install/robot_description/share/robot_description/package.dsv'
[1.689s] INFO:colcon.colcon_core.shell:Creating package script '/home/u3/college/AI_For_robotics/moveit2_obb/install/robot_description/share/robot_description/package.sh'
[1.689s] INFO:colcon.colcon_core.shell:Creating package script '/home/u3/college/AI_For_robotics/moveit2_obb/install/robot_description/share/robot_description/package.bash'
[1.689s] INFO:colcon.colcon_core.shell:Creating package script '/home/u3/college/AI_For_robotics/moveit2_obb/install/robot_description/share/robot_description/package.zsh'
[1.690s] Level 1:colcon.colcon_core.environment:create_file_with_runtime_dependencies(/home/u3/college/AI_For_robotics/moveit2_obb/install/robot_description/share/colcon-core/packages/robot_description)
[2.826s] DEBUG:colcon.colcon_core.event_handler.log_command:Invoked command in '/home/u3/college/AI_For_robotics/moveit2_obb/build/yolov8_msgs' returned '0': CMAKE_PREFIX_PATH=${CMAKE_PREFIX_PATH}:/opt/ros/jazzy DEBUGINFOD_URLS=https://debuginfod.ubuntu.com PS1=(yolov8_env) \[\e]0;\u@\h: \w\a\]${debian_chroot:+($debian_chroot)}\[\033[01;32m\]\u@\h\[\033[00m\]:\[\033[01;34m\]\w\[\033[00m\]\$ VIRTUAL_ENV_PROMPT=(yolov8_env) /usr/bin/cmake --build /home/u3/college/AI_For_robotics/moveit2_obb/build/yolov8_msgs -- -j16 -l16
[2.828s] DEBUG:colcon.colcon_core.event_handler.log_command:Invoking command in '/home/u3/college/AI_For_robotics/moveit2_obb/build/yolov8_msgs': CMAKE_PREFIX_PATH=${CMAKE_PREFIX_PATH}:/opt/ros/jazzy DEBUGINFOD_URLS=https://debuginfod.ubuntu.com PS1=(yolov8_env) \[\e]0;\u@\h: \w\a\]${debian_chroot:+($debian_chroot)}\[\033[01;32m\]\u@\h\[\033[00m\]:\[\033[01;34m\]\w\[\033[00m\]\$ VIRTUAL_ENV_PROMPT=(yolov8_env) /usr/bin/cmake --install /home/u3/college/AI_For_robotics/moveit2_obb/build/yolov8_msgs
[2.970s] Level 1:colcon.colcon_core.environment:create_environment_scripts_only(yolov8_msgs)
[2.970s] Level 1:colcon.colcon_core.environment:checking '/home/u3/college/AI_For_robotics/moveit2_obb/install/yolov8_msgs' for CMake module files
[2.971s] Level 1:colcon.colcon_core.environment:checking '/home/u3/college/AI_For_robotics/moveit2_obb/install/yolov8_msgs' for CMake config files
[2.972s] Level 1:colcon.colcon_core.shell:create_environment_hook('yolov8_msgs', 'cmake_prefix_path')
[2.972s] INFO:colcon.colcon_core.shell:Creating environment hook '/home/u3/college/AI_For_robotics/moveit2_obb/install/yolov8_msgs/share/yolov8_msgs/hook/cmake_prefix_path.ps1'
[2.973s] INFO:colcon.colcon_core.shell:Creating environment descriptor '/home/u3/college/AI_For_robotics/moveit2_obb/install/yolov8_msgs/share/yolov8_msgs/hook/cmake_prefix_path.dsv'
[2.973s] INFO:colcon.colcon_core.shell:Creating environment hook '/home/u3/college/AI_For_robotics/moveit2_obb/install/yolov8_msgs/share/yolov8_msgs/hook/cmake_prefix_path.sh'
[2.974s] DEBUG:colcon.colcon_core.event_handler.log_command:Invoked command in '/home/u3/college/AI_For_robotics/moveit2_obb/build/yolov8_msgs' returned '0': CMAKE_PREFIX_PATH=${CMAKE_PREFIX_PATH}:/opt/ros/jazzy DEBUGINFOD_URLS=https://debuginfod.ubuntu.com PS1=(yolov8_env) \[\e]0;\u@\h: \w\a\]${debian_chroot:+($debian_chroot)}\[\033[01;32m\]\u@\h\[\033[00m\]:\[\033[01;34m\]\w\[\033[00m\]\$ VIRTUAL_ENV_PROMPT=(yolov8_env) /usr/bin/cmake --install /home/u3/college/AI_For_robotics/moveit2_obb/build/yolov8_msgs
[2.974s] Level 1:colcon.colcon_core.environment:checking '/home/u3/college/AI_For_robotics/moveit2_obb/install/yolov8_msgs/lib'
[2.974s] Level 1:colcon.colcon_core.shell:create_environment_hook('yolov8_msgs', 'ld_library_path_lib')
[2.975s] INFO:colcon.colcon_core.shell:Creating environment hook '/home/u3/college/AI_For_robotics/moveit2_obb/install/yolov8_msgs/share/yolov8_msgs/hook/ld_library_path_lib.ps1'
[2.975s] INFO:colcon.colcon_core.shell:Creating environment descriptor '/home/u3/college/AI_For_robotics/moveit2_obb/install/yolov8_msgs/share/yolov8_msgs/hook/ld_library_path_lib.dsv'
[2.976s] INFO:colcon.colcon_core.shell:Creating environment hook '/home/u3/college/AI_For_robotics/moveit2_obb/install/yolov8_msgs/share/yolov8_msgs/hook/ld_library_path_lib.sh'
[2.977s] Level 1:colcon.colcon_core.environment:checking '/home/u3/college/AI_For_robotics/moveit2_obb/install/yolov8_msgs/bin'
[2.977s] Level 1:colcon.colcon_core.environment:checking '/home/u3/college/AI_For_robotics/moveit2_obb/install/yolov8_msgs/lib/pkgconfig/yolov8_msgs.pc'
[2.977s] Level 1:colcon.colcon_core.environment:checking '/home/u3/college/AI_For_robotics/moveit2_obb/install/yolov8_msgs/lib/python3.12/site-packages'
[2.978s] Level 1:colcon.colcon_core.shell:create_environment_hook('yolov8_msgs', 'pythonpath')
[2.978s] INFO:colcon.colcon_core.shell:Creating environment hook '/home/u3/college/AI_For_robotics/moveit2_obb/install/yolov8_msgs/share/yolov8_msgs/hook/pythonpath.ps1'
[2.979s] INFO:colcon.colcon_core.shell:Creating environment descriptor '/home/u3/college/AI_For_robotics/moveit2_obb/install/yolov8_msgs/share/yolov8_msgs/hook/pythonpath.dsv'
[2.979s] INFO:colcon.colcon_core.shell:Creating environment hook '/home/u3/college/AI_For_robotics/moveit2_obb/install/yolov8_msgs/share/yolov8_msgs/hook/pythonpath.sh'
[2.980s] Level 1:colcon.colcon_core.environment:checking '/home/u3/college/AI_For_robotics/moveit2_obb/install/yolov8_msgs/bin'
[2.980s] INFO:colcon.colcon_core.shell:Creating package script '/home/u3/college/AI_For_robotics/moveit2_obb/install/yolov8_msgs/share/yolov8_msgs/package.ps1'
[2.981s] INFO:colcon.colcon_core.shell:Creating package descriptor '/home/u3/college/AI_For_robotics/moveit2_obb/install/yolov8_msgs/share/yolov8_msgs/package.dsv'
[2.982s] INFO:colcon.colcon_core.shell:Creating package script '/home/u3/college/AI_For_robotics/moveit2_obb/install/yolov8_msgs/share/yolov8_msgs/package.sh'
[2.983s] INFO:colcon.colcon_core.shell:Creating package script '/home/u3/college/AI_For_robotics/moveit2_obb/install/yolov8_msgs/share/yolov8_msgs/package.bash'
[2.983s] INFO:colcon.colcon_core.shell:Creating package script '/home/u3/college/AI_For_robotics/moveit2_obb/install/yolov8_msgs/share/yolov8_msgs/package.zsh'
[2.984s] Level 1:colcon.colcon_core.environment:create_file_with_runtime_dependencies(/home/u3/college/AI_For_robotics/moveit2_obb/install/yolov8_msgs/share/colcon-core/packages/yolov8_msgs)
[2.984s] Level 1:colcon.colcon_core.environment:create_environment_scripts_only(yolov8_msgs)
[2.984s] Level 1:colcon.colcon_core.environment:checking '/home/u3/college/AI_For_robotics/moveit2_obb/install/yolov8_msgs' for CMake module files
[2.985s] Level 1:colcon.colcon_core.environment:checking '/home/u3/college/AI_For_robotics/moveit2_obb/install/yolov8_msgs' for CMake config files
[2.986s] Level 1:colcon.colcon_core.shell:create_environment_hook('yolov8_msgs', 'cmake_prefix_path')
[2.986s] INFO:colcon.colcon_core.shell:Creating environment hook '/home/u3/college/AI_For_robotics/moveit2_obb/install/yolov8_msgs/share/yolov8_msgs/hook/cmake_prefix_path.ps1'
[2.986s] INFO:colcon.colcon_core.shell:Creating environment descriptor '/home/u3/college/AI_For_robotics/moveit2_obb/install/yolov8_msgs/share/yolov8_msgs/hook/cmake_prefix_path.dsv'
[2.987s] INFO:colcon.colcon_core.shell:Creating environment hook '/home/u3/college/AI_For_robotics/moveit2_obb/install/yolov8_msgs/share/yolov8_msgs/hook/cmake_prefix_path.sh'
[2.987s] Level 1:colcon.colcon_core.environment:checking '/home/u3/college/AI_For_robotics/moveit2_obb/install/yolov8_msgs/lib'
[2.987s] Level 1:colcon.colcon_core.shell:create_environment_hook('yolov8_msgs', 'ld_library_path_lib')
[2.988s] INFO:colcon.colcon_core.shell:Creating environment hook '/home/u3/college/AI_For_robotics/moveit2_obb/install/yolov8_msgs/share/yolov8_msgs/hook/ld_library_path_lib.ps1'
[2.988s] INFO:colcon.colcon_core.shell:Creating environment descriptor '/home/u3/college/AI_For_robotics/moveit2_obb/install/yolov8_msgs/share/yolov8_msgs/hook/ld_library_path_lib.dsv'
[2.989s] INFO:colcon.colcon_core.shell:Creating environment hook '/home/u3/college/AI_For_robotics/moveit2_obb/install/yolov8_msgs/share/yolov8_msgs/hook/ld_library_path_lib.sh'
[2.989s] Level 1:colcon.colcon_core.environment:checking '/home/u3/college/AI_For_robotics/moveit2_obb/install/yolov8_msgs/bin'
[2.989s] Level 1:colcon.colcon_core.environment:checking '/home/u3/college/AI_For_robotics/moveit2_obb/install/yolov8_msgs/lib/pkgconfig/yolov8_msgs.pc'
[2.990s] Level 1:colcon.colcon_core.environment:checking '/home/u3/college/AI_For_robotics/moveit2_obb/install/yolov8_msgs/lib/python3.12/site-packages'
[2.990s] Level 1:colcon.colcon_core.shell:create_environment_hook('yolov8_msgs', 'pythonpath')
[2.990s] INFO:colcon.colcon_core.shell:Creating environment hook '/home/u3/college/AI_For_robotics/moveit2_obb/install/yolov8_msgs/share/yolov8_msgs/hook/pythonpath.ps1'
[2.991s] INFO:colcon.colcon_core.shell:Creating environment descriptor '/home/u3/college/AI_For_robotics/moveit2_obb/install/yolov8_msgs/share/yolov8_msgs/hook/pythonpath.dsv'
[2.991s] INFO:colcon.colcon_core.shell:Creating environment hook '/home/u3/college/AI_For_robotics/moveit2_obb/install/yolov8_msgs/share/yolov8_msgs/hook/pythonpath.sh'
[2.992s] Level 1:colcon.colcon_core.environment:checking '/home/u3/college/AI_For_robotics/moveit2_obb/install/yolov8_msgs/bin'
[2.992s] INFO:colcon.colcon_core.shell:Creating package script '/home/u3/college/AI_For_robotics/moveit2_obb/install/yolov8_msgs/share/yolov8_msgs/package.ps1'
[2.993s] INFO:colcon.colcon_core.shell:Creating package descriptor '/home/u3/college/AI_For_robotics/moveit2_obb/install/yolov8_msgs/share/yolov8_msgs/package.dsv'
[2.993s] INFO:colcon.colcon_core.shell:Creating package script '/home/u3/college/AI_For_robotics/moveit2_obb/install/yolov8_msgs/share/yolov8_msgs/package.sh'
[2.994s] INFO:colcon.colcon_core.shell:Creating package script '/home/u3/college/AI_For_robotics/moveit2_obb/install/yolov8_msgs/share/yolov8_msgs/package.bash'
[2.995s] INFO:colcon.colcon_core.shell:Creating package script '/home/u3/college/AI_For_robotics/moveit2_obb/install/yolov8_msgs/share/yolov8_msgs/package.zsh'
[2.996s] Level 1:colcon.colcon_core.environment:create_file_with_runtime_dependencies(/home/u3/college/AI_For_robotics/moveit2_obb/install/yolov8_msgs/share/colcon-core/packages/yolov8_msgs)
[2.996s] DEBUG:colcon.colcon_parallel_executor.executor.parallel:closing loop
[2.996s] DEBUG:colcon.colcon_parallel_executor.executor.parallel:loop closed
[2.996s] DEBUG:colcon.colcon_parallel_executor.executor.parallel:run_until_complete finished with '0'
[2.996s] DEBUG:colcon.colcon_core.event_reactor:joining thread
[3.008s] INFO:colcon.colcon_core.plugin_system:Skipping extension 'colcon_notification.desktop_notification.terminal_notifier': Not used on non-Darwin systems
[3.008s] INFO:colcon.colcon_core.plugin_system:Skipping extension 'colcon_notification.desktop_notification.win32': Not used on non-Windows systems
[3.008s] INFO:colcon.colcon_notification.desktop_notification:Sending desktop notification using 'notify2'
[3.052s] DEBUG:colcon.colcon_core.event_reactor:joined thread
[3.053s] INFO:colcon.colcon_core.shell:Creating prefix script '/home/u3/college/AI_For_robotics/moveit2_obb/install/local_setup.ps1'
[3.062s] INFO:colcon.colcon_core.shell:Creating prefix util module '/home/u3/college/AI_For_robotics/moveit2_obb/install/_local_setup_util_ps1.py'
[3.077s] INFO:colcon.colcon_core.shell:Creating prefix chain script '/home/u3/college/AI_For_robotics/moveit2_obb/install/setup.ps1'
[3.079s] INFO:colcon.colcon_core.shell:Creating prefix script '/home/u3/college/AI_For_robotics/moveit2_obb/install/local_setup.sh'
[3.080s] INFO:colcon.colcon_core.shell:Creating prefix util module '/home/u3/college/AI_For_robotics/moveit2_obb/install/_local_setup_util_sh.py'
[3.081s] INFO:colcon.colcon_core.shell:Creating prefix chain script '/home/u3/college/AI_For_robotics/moveit2_obb/install/setup.sh'
[3.083s] INFO:colcon.colcon_core.shell:Creating prefix script '/home/u3/college/AI_For_robotics/moveit2_obb/install/local_setup.bash'
[3.084s] INFO:colcon.colcon_core.shell:Creating prefix chain script '/home/u3/college/AI_For_robotics/moveit2_obb/install/setup.bash'
[3.085s] INFO:colcon.colcon_core.shell:Creating prefix script '/home/u3/college/AI_For_robotics/moveit2_obb/install/local_setup.zsh'
[3.086s] INFO:colcon.colcon_core.shell:Creating prefix chain script '/home/u3/college/AI_For_robotics/moveit2_obb/install/setup.zsh'
