[0.016s] Invoking command in '/home/u3/college/AI_For_robotics/moveit2_obb/build/yolov8_obb': CMAKE_PREFIX_PATH=${CMAKE_PREFIX_PATH}:/opt/ros/jazzy DEBUGINFOD_URLS=https://debuginfod.ubuntu.com /usr/bin/cmake --build /home/u3/college/AI_For_robotics/moveit2_obb/build/yolov8_obb -- -j16 -l16
[0.074s] Invoked command in '/home/u3/college/AI_For_robotics/moveit2_obb/build/yolov8_obb' returned '0': CMAKE_PREFIX_PATH=${CMAKE_PREFIX_PATH}:/opt/ros/jazzy DEBUGINFOD_URLS=https://debuginfod.ubuntu.com /usr/bin/cmake --build /home/u3/college/AI_For_robotics/moveit2_obb/build/yolov8_obb -- -j16 -l16
[0.075s] Invoking command in '/home/u3/college/AI_For_robotics/moveit2_obb/build/yolov8_obb': CMAKE_PREFIX_PATH=${CMAKE_PREFIX_PATH}:/opt/ros/jazzy DEBUGINFOD_URLS=https://debuginfod.ubuntu.com /usr/bin/cmake --install /home/u3/college/AI_For_robotics/moveit2_obb/build/yolov8_obb
[0.089s] -- Install configuration: ""
[0.089s] -- Up-to-date: /home/u3/college/AI_For_robotics/moveit2_obb/install/yolov8_obb/share/yolov8_obb//scripts
[0.089s] -- Up-to-date: /home/u3/college/AI_For_robotics/moveit2_obb/install/yolov8_obb/share/yolov8_obb//scripts/yolov8_obb_subscriber.py
[0.089s] -- Up-to-date: /home/u3/college/AI_For_robotics/moveit2_obb/install/yolov8_obb/share/yolov8_obb//scripts/yolov8_obb_publisher.py
[0.089s] -- Up-to-date: /home/u3/college/AI_For_robotics/moveit2_obb/install/yolov8_obb/share/yolov8_obb//scripts/best.pt
[0.089s] -- Up-to-date: /home/u3/college/AI_For_robotics/moveit2_obb/install/yolov8_obb/share/yolov8_obb//launch
[0.090s] -- Up-to-date: /home/u3/college/AI_For_robotics/moveit2_obb/install/yolov8_obb/share/yolov8_obb//launch/yolov8_obb.launch.py
[0.090s] -- Up-to-date: /home/u3/college/AI_For_robotics/moveit2_obb/install/yolov8_obb/lib/yolov8_obb/yolov8_obb_publisher.py
[0.090s] -- Up-to-date: /home/u3/college/AI_For_robotics/moveit2_obb/install/yolov8_obb/lib/yolov8_obb/yolov8_obb_subscriber.py
[0.090s] -- Up-to-date: /home/u3/college/AI_For_robotics/moveit2_obb/install/yolov8_obb/lib/yolov8_obb/yolov8_obb.launch.py
[0.090s] -- Up-to-date: /home/u3/college/AI_For_robotics/moveit2_obb/install/yolov8_obb/share/ament_index/resource_index/package_run_dependencies/yolov8_obb
[0.090s] -- Up-to-date: /home/u3/college/AI_For_robotics/moveit2_obb/install/yolov8_obb/share/ament_index/resource_index/parent_prefix_path/yolov8_obb
[0.090s] -- Up-to-date: /home/u3/college/AI_For_robotics/moveit2_obb/install/yolov8_obb/share/yolov8_obb/environment/ament_prefix_path.sh
[0.090s] -- Up-to-date: /home/u3/college/AI_For_robotics/moveit2_obb/install/yolov8_obb/share/yolov8_obb/environment/ament_prefix_path.dsv
[0.090s] -- Up-to-date: /home/u3/college/AI_For_robotics/moveit2_obb/install/yolov8_obb/share/yolov8_obb/environment/path.sh
[0.090s] -- Up-to-date: /home/u3/college/AI_For_robotics/moveit2_obb/install/yolov8_obb/share/yolov8_obb/environment/path.dsv
[0.090s] -- Up-to-date: /home/u3/college/AI_For_robotics/moveit2_obb/install/yolov8_obb/share/yolov8_obb/local_setup.bash
[0.090s] -- Up-to-date: /home/u3/college/AI_For_robotics/moveit2_obb/install/yolov8_obb/share/yolov8_obb/local_setup.sh
[0.090s] -- Up-to-date: /home/u3/college/AI_For_robotics/moveit2_obb/install/yolov8_obb/share/yolov8_obb/local_setup.zsh
[0.091s] -- Up-to-date: /home/u3/college/AI_For_robotics/moveit2_obb/install/yolov8_obb/share/yolov8_obb/local_setup.dsv
[0.091s] -- Installing: /home/u3/college/AI_For_robotics/moveit2_obb/install/yolov8_obb/share/yolov8_obb/package.dsv
[0.091s] -- Up-to-date: /home/u3/college/AI_For_robotics/moveit2_obb/install/yolov8_obb/share/ament_index/resource_index/packages/yolov8_obb
[0.091s] -- Up-to-date: /home/u3/college/AI_For_robotics/moveit2_obb/install/yolov8_obb/share/yolov8_obb/cmake/yolov8_obbConfig.cmake
[0.091s] -- Up-to-date: /home/u3/college/AI_For_robotics/moveit2_obb/install/yolov8_obb/share/yolov8_obb/cmake/yolov8_obbConfig-version.cmake
[0.091s] -- Up-to-date: /home/u3/college/AI_For_robotics/moveit2_obb/install/yolov8_obb/share/yolov8_obb/package.xml
[0.111s] Invoked command in '/home/u3/college/AI_For_robotics/moveit2_obb/build/yolov8_obb' returned '0': CMAKE_PREFIX_PATH=${CMAKE_PREFIX_PATH}:/opt/ros/jazzy DEBUGINFOD_URLS=https://debuginfod.ubuntu.com /usr/bin/cmake --install /home/u3/college/AI_For_robotics/moveit2_obb/build/yolov8_obb
